# Logfile created on 2026-03-18 10:55:38 +0100 by logger.rb/v1.5.3
2026-03-18 10:55:38 +0100: Memory Usage (437624K) : Starting running IHP-SG13G2 KLayout DRC runset on /foss/designs/adex_neuron/qishen_v2i/ttihp26a-adex-neuron-ncs/xschem/V2I/buffer_final.gds
2026-03-18 10:55:38 +0100: Memory Usage (437624K) : Ruby Version for klayout: 3.2.3
2026-03-18 10:55:38 +0100: Memory Usage (437880K) : Loading database to memory is complete.
2026-03-18 10:55:38 +0100: Memory Usage (437880K) : IHP-SG13G2 KLayout DRC runset output at: /foss/designs/adex_neuron/ttihp26a-adex-neuron-ncs/klayout/drc_run_buffer_final/buffer_final_buffer_final_main.lyrdb
2026-03-18 10:55:38 +0100: Memory Usage (437880K) : Evaluate switches.
2026-03-18 10:55:38 +0100: Memory Usage (437880K) : tables selected: main
2026-03-18 10:55:38 +0100: Memory Usage (437880K) : KLayout will use 1 thread(s) in tiling mode.
2026-03-18 10:55:38 +0100: Memory Usage (437880K) : deep mode is enabled.
2026-03-18 10:55:38 +0100: Memory Usage (437880K) : FEOL enabled: true
2026-03-18 10:55:38 +0100: Memory Usage (437880K) : BEOL enabled: true
2026-03-18 10:55:38 +0100: Memory Usage (437880K) : OFFGRID enabled: true
2026-03-18 10:55:38 +0100: Memory Usage (437880K) : PIN enabled: true
2026-03-18 10:55:38 +0100: Memory Usage (437880K) : FORBIDDEN enabled: true
2026-03-18 10:55:38 +0100: Memory Usage (437880K) : RECOMMENDED enabled: true
2026-03-18 10:55:38 +0100: Memory Usage (437880K) : PreCheck DRC enabled: false
2026-03-18 10:55:38 +0100: Memory Usage (437880K) : CONNECTIVITY_RULES enabled: true.
2026-03-18 10:55:38 +0100: Memory Usage (437880K) : Read in polygons from layers.
2026-03-18 10:55:38 +0100: Memory Usage (439160K) : activ_drw has 347 polygons
2026-03-18 10:55:38 +0100: Memory Usage (439160K) : activ_pin has 0 polygons
2026-03-18 10:55:38 +0100: Memory Usage (439160K) : activ_mask has 0 polygons
2026-03-18 10:55:38 +0100: Memory Usage (439160K) : activ_filler has 0 polygons
2026-03-18 10:55:38 +0100: Memory Usage (439160K) : activ_nofill has 0 polygons
2026-03-18 10:55:38 +0100: Memory Usage (439160K) : activ_opc has 0 polygons
2026-03-18 10:55:38 +0100: Memory Usage (439160K) : activ_iopc has 0 polygons
2026-03-18 10:55:38 +0100: Memory Usage (439160K) : activ_noqrc has 0 polygons
2026-03-18 10:55:38 +0100: Memory Usage (439160K) : biwind_drw has 0 polygons
2026-03-18 10:55:38 +0100: Memory Usage (439160K) : biwind_opc has 0 polygons
2026-03-18 10:55:38 +0100: Memory Usage (439160K) : pemwind_drw has 0 polygons
2026-03-18 10:55:38 +0100: Memory Usage (439160K) : gatpoly_drw has 264 polygons
2026-03-18 10:55:38 +0100: Memory Usage (439160K) : gatpoly_pin has 84 polygons
2026-03-18 10:55:38 +0100: Memory Usage (439160K) : gatpoly_filler has 0 polygons
2026-03-18 10:55:38 +0100: Memory Usage (439160K) : gatpoly_nofill has 0 polygons
2026-03-18 10:55:38 +0100: Memory Usage (439160K) : gatpoly_opc has 0 polygons
2026-03-18 10:55:38 +0100: Memory Usage (439160K) : gatpoly_iopc has 0 polygons
2026-03-18 10:55:38 +0100: Memory Usage (439160K) : gatpoly_noqrc has 0 polygons
2026-03-18 10:55:38 +0100: Memory Usage (439160K) : cont_drw has 2514 polygons
2026-03-18 10:55:38 +0100: Memory Usage (439160K) : cont_opc has 0 polygons
2026-03-18 10:55:38 +0100: Memory Usage (439160K) : nsd_drw has 0 polygons
2026-03-18 10:55:38 +0100: Memory Usage (439160K) : nsd_block has 0 polygons
2026-03-18 10:55:38 +0100: Memory Usage (439416K) : metal1_drw has 732 polygons
2026-03-18 10:55:38 +0100: Memory Usage (439416K) : metal1_pin has 176 polygons
2026-03-18 10:55:38 +0100: Memory Usage (439416K) : metal1_mask has 0 polygons
2026-03-18 10:55:38 +0100: Memory Usage (439416K) : metal1_filler has 0 polygons
2026-03-18 10:55:38 +0100: Memory Usage (439672K) : metal1_nofill has 0 polygons
2026-03-18 10:55:38 +0100: Memory Usage (439672K) : metal1_slit has 0 polygons
2026-03-18 10:55:38 +0100: Memory Usage (439928K) : metal1_text has 2 polygons
2026-03-18 10:55:38 +0100: Memory Usage (439928K) : metal1_opc has 0 polygons
2026-03-18 10:55:38 +0100: Memory Usage (439928K) : metal1_noqrc has 0 polygons
2026-03-18 10:55:38 +0100: Memory Usage (439928K) : metal1_res has 0 polygons
2026-03-18 10:55:38 +0100: Memory Usage (439928K) : metal1_iprobe has 0 polygons
2026-03-18 10:55:38 +0100: Memory Usage (439928K) : metal1_diffprb has 0 polygons
2026-03-18 10:55:38 +0100: Memory Usage (440184K) : passiv_drw has 0 polygons
2026-03-18 10:55:38 +0100: Memory Usage (440184K) : passiv_pin has 0 polygons
2026-03-18 10:55:38 +0100: Memory Usage (440184K) : passiv_sbump has 0 polygons
2026-03-18 10:55:38 +0100: Memory Usage (440184K) : passiv_pillar has 0 polygons
2026-03-18 10:55:38 +0100: Memory Usage (440440K) : passiv_pdl has 0 polygons
2026-03-18 10:55:38 +0100: Memory Usage (440440K) : metal2_drw has 394 polygons
2026-03-18 10:55:38 +0100: Memory Usage (440440K) : metal2_pin has 0 polygons
2026-03-18 10:55:38 +0100: Memory Usage (440440K) : metal2_mask has 0 polygons
2026-03-18 10:55:38 +0100: Memory Usage (440440K) : metal2_filler has 0 polygons
2026-03-18 10:55:38 +0100: Memory Usage (440696K) : metal2_nofill has 0 polygons
2026-03-18 10:55:38 +0100: Memory Usage (440696K) : metal2_slit has 0 polygons
2026-03-18 10:55:38 +0100: Memory Usage (440696K) : metal2_text has 0 polygons
2026-03-18 10:55:38 +0100: Memory Usage (440696K) : metal2_opc has 0 polygons
2026-03-18 10:55:38 +0100: Memory Usage (440696K) : metal2_noqrc has 0 polygons
2026-03-18 10:55:38 +0100: Memory Usage (440952K) : metal2_res has 0 polygons
2026-03-18 10:55:38 +0100: Memory Usage (440952K) : metal2_iprobe has 0 polygons
2026-03-18 10:55:38 +0100: Memory Usage (440952K) : metal2_diffprb has 0 polygons
2026-03-18 10:55:38 +0100: Memory Usage (441208K) : baspoly_drw has 0 polygons
2026-03-18 10:55:38 +0100: Memory Usage (441208K) : baspoly_pin has 0 polygons
2026-03-18 10:55:38 +0100: Memory Usage (441208K) : psd_drw has 79 polygons
2026-03-18 10:55:38 +0100: Memory Usage (441208K) : nldb_drw has 0 polygons
2026-03-18 10:55:38 +0100: Memory Usage (441208K) : digibnd_drw has 0 polygons
2026-03-18 10:55:38 +0100: Memory Usage (441464K) : via1_drw has 349 polygons
2026-03-18 10:55:38 +0100: Memory Usage (441464K) : backmetal1_drw has 0 polygons
2026-03-18 10:55:38 +0100: Memory Usage (441464K) : backmetal1_pin has 0 polygons
2026-03-18 10:55:38 +0100: Memory Usage (441464K) : backmetal1_mask has 0 polygons
2026-03-18 10:55:38 +0100: Memory Usage (441720K) : backmetal1_filler has 0 polygons
2026-03-18 10:55:38 +0100: Memory Usage (441720K) : backmetal1_nofill has 0 polygons
2026-03-18 10:55:38 +0100: Memory Usage (441720K) : backmetal1_slit has 0 polygons
2026-03-18 10:55:38 +0100: Memory Usage (441720K) : backmetal1_text has 0 polygons
2026-03-18 10:55:38 +0100: Memory Usage (441720K) : backmetal1_opc has 0 polygons
2026-03-18 10:55:38 +0100: Memory Usage (441976K) : backmetal1_noqrc has 0 polygons
2026-03-18 10:55:38 +0100: Memory Usage (441976K) : backmetal1_res has 0 polygons
2026-03-18 10:55:38 +0100: Memory Usage (441976K) : backmetal1_iprobe has 0 polygons
2026-03-18 10:55:38 +0100: Memory Usage (441976K) : backmetal1_diffprb has 0 polygons
2026-03-18 10:55:38 +0100: Memory Usage (441976K) : backpassiv_drw has 0 polygons
2026-03-18 10:55:38 +0100: Memory Usage (442232K) : res_drw has 0 polygons
2026-03-18 10:55:38 +0100: Memory Usage (442232K) : sram_drw has 0 polygons
2026-03-18 10:55:38 +0100: Memory Usage (442232K) : trans_drw has 0 polygons
2026-03-18 10:55:38 +0100: Memory Usage (442232K) : ind_drw has 0 polygons
2026-03-18 10:55:38 +0100: Memory Usage (442488K) : ind_pin has 0 polygons
2026-03-18 10:55:38 +0100: Memory Usage (442488K) : ind_text has 0 polygons
2026-03-18 10:55:38 +0100: Memory Usage (442488K) : salblock_drw has 0 polygons
2026-03-18 10:55:38 +0100: Memory Usage (442488K) : via2_drw has 174 polygons
2026-03-18 10:55:38 +0100: Memory Usage (442488K) : metal3_drw has 94 polygons
2026-03-18 10:55:38 +0100: Memory Usage (442488K) : metal3_pin has 8 polygons
2026-03-18 10:55:38 +0100: Memory Usage (442744K) : metal3_mask has 0 polygons
2026-03-18 10:55:38 +0100: Memory Usage (442744K) : metal3_filler has 0 polygons
2026-03-18 10:55:38 +0100: Memory Usage (442744K) : metal3_nofill has 0 polygons
2026-03-18 10:55:38 +0100: Memory Usage (442744K) : metal3_slit has 0 polygons
2026-03-18 10:55:38 +0100: Memory Usage (443000K) : metal3_text has 7 polygons
2026-03-18 10:55:38 +0100: Memory Usage (443000K) : metal3_opc has 0 polygons
2026-03-18 10:55:38 +0100: Memory Usage (443000K) : metal3_noqrc has 0 polygons
2026-03-18 10:55:38 +0100: Memory Usage (443000K) : metal3_res has 0 polygons
2026-03-18 10:55:38 +0100: Memory Usage (443000K) : metal3_iprobe has 0 polygons
2026-03-18 10:55:38 +0100: Memory Usage (443256K) : metal3_diffprb has 0 polygons
2026-03-18 10:55:38 +0100: Memory Usage (443256K) : nwell_drw has 81 polygons
2026-03-18 10:55:38 +0100: Memory Usage (443256K) : nwell_pin has 4 polygons
2026-03-18 10:55:38 +0100: Memory Usage (443256K) : nbulay_drw has 4 polygons
2026-03-18 10:55:38 +0100: Memory Usage (443512K) : nbulay_pin has 0 polygons
2026-03-18 10:55:38 +0100: Memory Usage (443512K) : nbulay_block has 0 polygons
2026-03-18 10:55:38 +0100: Memory Usage (443512K) : emwind_drw has 0 polygons
2026-03-18 10:55:38 +0100: Memory Usage (443768K) : emwind_opc has 0 polygons
2026-03-18 10:55:38 +0100: Memory Usage (443768K) : deepco_drw has 0 polygons
2026-03-18 10:55:38 +0100: Memory Usage (443768K) : deepco_drw has 0 polygons
2026-03-18 10:55:38 +0100: Memory Usage (443768K) : mim_drw has 0 polygons
2026-03-18 10:55:38 +0100: Memory Usage (444024K) : edgeseal_drw has 0 polygons
2026-03-18 10:55:38 +0100: Memory Usage (444024K) : edgeseal_bound has 0 polygons
2026-03-18 10:55:38 +0100: Memory Usage (444024K) : substrate_drw has 79 polygons
2026-03-18 10:55:38 +0100: Memory Usage (444024K) : substrate_text has 0 polygons
2026-03-18 10:55:38 +0100: Memory Usage (444280K) : dfpad_drw has 0 polygons
2026-03-18 10:55:38 +0100: Memory Usage (444280K) : dfpad_pillar has 0 polygons
2026-03-18 10:55:38 +0100: Memory Usage (444280K) : dfpad_sbump has 0 polygons
2026-03-18 10:55:38 +0100: Memory Usage (444280K) : thickgateox_drw has 85 polygons
2026-03-18 10:55:38 +0100: Memory Usage (444280K) : pldb_drw has 0 polygons
2026-03-18 10:55:38 +0100: Memory Usage (444536K) : pwell_drw has 0 polygons
2026-03-18 10:55:38 +0100: Memory Usage (444536K) : pwell_pin has 0 polygons
2026-03-18 10:55:38 +0100: Memory Usage (444536K) : pwell_block has 0 polygons
2026-03-18 10:55:38 +0100: Memory Usage (444536K) : ic_drw has 0 polygons
2026-03-18 10:55:38 +0100: Memory Usage (444536K) : via3_drw has 24 polygons
2026-03-18 10:55:38 +0100: Memory Usage (444792K) : metal4_drw has 8 polygons
2026-03-18 10:55:38 +0100: Memory Usage (444792K) : metal4_pin has 2 polygons
2026-03-18 10:55:38 +0100: Memory Usage (444792K) : metal4_mask has 0 polygons
2026-03-18 10:55:38 +0100: Memory Usage (445048K) : metal4_filler has 0 polygons
2026-03-18 10:55:38 +0100: Memory Usage (445048K) : metal4_nofill has 0 polygons
2026-03-18 10:55:38 +0100: Memory Usage (445048K) : metal4_slit has 0 polygons
2026-03-18 10:55:38 +0100: Memory Usage (445048K) : metal4_text has 2 polygons
2026-03-18 10:55:38 +0100: Memory Usage (445048K) : metal4_opc has 0 polygons
2026-03-18 10:55:38 +0100: Memory Usage (445304K) : metal4_noqrc has 0 polygons
2026-03-18 10:55:38 +0100: Memory Usage (445304K) : metal4_res has 0 polygons
2026-03-18 10:55:38 +0100: Memory Usage (445304K) : metal4_iprobe has 0 polygons
2026-03-18 10:55:38 +0100: Memory Usage (445560K) : metal4_diffprb has 0 polygons
2026-03-18 10:55:38 +0100: Memory Usage (445560K) : heattrans_drw has 168 polygons
2026-03-18 10:55:38 +0100: Memory Usage (445560K) : heatres_drw has 0 polygons
2026-03-18 10:55:38 +0100: Memory Usage (445560K) : pempoly_drw has 0 polygons
2026-03-18 10:55:38 +0100: Memory Usage (445560K) : fbe_drw has 0 polygons
2026-03-18 10:55:38 +0100: Memory Usage (445816K) : empoly_drw has 0 polygons
2026-03-18 10:55:38 +0100: Memory Usage (445816K) : ldmos_drw has 0 polygons
2026-03-18 10:55:38 +0100: Memory Usage (445816K) : pbiwind_drw has 0 polygons
2026-03-18 10:55:38 +0100: Memory Usage (446072K) : digisub_drw has 0 polygons
2026-03-18 10:55:38 +0100: Memory Usage (446072K) : nodrc_drw has 0 polygons
2026-03-18 10:55:38 +0100: Memory Usage (446072K) : text_drw has 89 polygons
2026-03-18 10:55:38 +0100: Memory Usage (446072K) : via4_drw has 0 polygons
2026-03-18 10:55:38 +0100: Memory Usage (446072K) : metal5_drw has 0 polygons
2026-03-18 10:55:38 +0100: Memory Usage (446328K) : metal5_pin has 0 polygons
2026-03-18 10:55:38 +0100: Memory Usage (446328K) : metal5_mask has 0 polygons
2026-03-18 10:55:38 +0100: Memory Usage (446328K) : metal5_filler has 0 polygons
2026-03-18 10:55:38 +0100: Memory Usage (446328K) : metal5_nofill has 0 polygons
2026-03-18 10:55:38 +0100: Memory Usage (446328K) : metal5_slit has 0 polygons
2026-03-18 10:55:38 +0100: Memory Usage (446584K) : metal5_text has 0 polygons
2026-03-18 10:55:38 +0100: Memory Usage (446584K) : metal5_opc has 0 polygons
2026-03-18 10:55:38 +0100: Memory Usage (446584K) : metal5_noqrc has 0 polygons
2026-03-18 10:55:38 +0100: Memory Usage (446584K) : metal5_res has 0 polygons
2026-03-18 10:55:38 +0100: Memory Usage (446840K) : metal5_iprobe has 0 polygons
2026-03-18 10:55:38 +0100: Memory Usage (446840K) : metal5_diffprb has 0 polygons
2026-03-18 10:55:38 +0100: Memory Usage (446840K) : radhard_drw has 0 polygons
2026-03-18 10:55:38 +0100: Memory Usage (446840K) : memcap_drw has 0 polygons
2026-03-18 10:55:38 +0100: Memory Usage (447096K) : varicap_drw has 0 polygons
2026-03-18 10:55:38 +0100: Memory Usage (447096K) : flash_drw has 0 polygons
2026-03-18 10:55:38 +0100: Memory Usage (447096K) : intbondvia_drw has 0 polygons
2026-03-18 10:55:38 +0100: Memory Usage (447352K) : intbondmet_drw has 0 polygons
2026-03-18 10:55:38 +0100: Memory Usage (447352K) : devbondvia_drw has 0 polygons
2026-03-18 10:55:38 +0100: Memory Usage (447352K) : devbondmet_drw has 0 polygons
2026-03-18 10:55:38 +0100: Memory Usage (447352K) : devtrench_drw has 0 polygons
2026-03-18 10:55:38 +0100: Memory Usage (447352K) : redist_drw has 0 polygons
2026-03-18 10:55:38 +0100: Memory Usage (447608K) : graphbot_drw has 0 polygons
2026-03-18 10:55:38 +0100: Memory Usage (447608K) : graphtop_drw has 0 polygons
2026-03-18 10:55:38 +0100: Memory Usage (447608K) : antvia1_drw has 0 polygons
2026-03-18 10:55:38 +0100: Memory Usage (447608K) : antmetal2_drw has 0 polygons
2026-03-18 10:55:38 +0100: Memory Usage (447608K) : graphcont_drw has 0 polygons
2026-03-18 10:55:38 +0100: Memory Usage (447864K) : siwg_drw has 0 polygons
2026-03-18 10:55:38 +0100: Memory Usage (447864K) : siwg_filler has 0 polygons
2026-03-18 10:55:38 +0100: Memory Usage (447864K) : siwg_nofill has 0 polygons
2026-03-18 10:55:38 +0100: Memory Usage (448120K) : sigrating_drw has 0 polygons
2026-03-18 10:55:38 +0100: Memory Usage (448120K) : singrating_drw has 0 polygons
2026-03-18 10:55:38 +0100: Memory Usage (448120K) : graphpas_drw has 0 polygons
2026-03-18 10:55:38 +0100: Memory Usage (448120K) : emwind3_drw has 0 polygons
2026-03-18 10:55:38 +0100: Memory Usage (448120K) : emwihv3_drw has 0 polygons
2026-03-18 10:55:38 +0100: Memory Usage (448376K) : redbulay_drw has 0 polygons
2026-03-18 10:55:38 +0100: Memory Usage (448376K) : smos_drw has 0 polygons
2026-03-18 10:55:38 +0100: Memory Usage (448376K) : graphpad_drw has 0 polygons
2026-03-18 10:55:38 +0100: Memory Usage (448376K) : polimide_drw has 0 polygons
2026-03-18 10:55:38 +0100: Memory Usage (448376K) : polimide_pin has 0 polygons
2026-03-18 10:55:38 +0100: Memory Usage (448632K) : recog_drw has 0 polygons
2026-03-18 10:55:38 +0100: Memory Usage (448632K) : recog_pin has 0 polygons
2026-03-18 10:55:38 +0100: Memory Usage (448632K) : recog_esd has 0 polygons
2026-03-18 10:55:38 +0100: Memory Usage (448888K) : recog_diode has 0 polygons
2026-03-18 10:55:38 +0100: Memory Usage (448888K) : recog_tsv has 0 polygons
2026-03-18 10:55:38 +0100: Memory Usage (448888K) : recog_iprobe has 0 polygons
2026-03-18 10:55:38 +0100: Memory Usage (448888K) : recog_diffprb has 0 polygons
2026-03-18 10:55:38 +0100: Memory Usage (448888K) : recog_pillar has 0 polygons
2026-03-18 10:55:38 +0100: Memory Usage (449144K) : recog_sbump has 0 polygons
2026-03-18 10:55:38 +0100: Memory Usage (449144K) : recog_otp has 0 polygons
2026-03-18 10:55:38 +0100: Memory Usage (449144K) : recog_pdiode has 0 polygons
2026-03-18 10:55:38 +0100: Memory Usage (449144K) : recog_mom has 0 polygons
2026-03-18 10:55:38 +0100: Memory Usage (449144K) : recog_pcm has 0 polygons
2026-03-18 10:55:38 +0100: Memory Usage (449400K) : colopen_drw has 0 polygons
2026-03-18 10:55:38 +0100: Memory Usage (449400K) : graphmetal1_drw has 0 polygons
2026-03-18 10:55:38 +0100: Memory Usage (449400K) : graphmetal1_filler has 0 polygons
2026-03-18 10:55:38 +0100: Memory Usage (449400K) : graphmetal1_nofill has 0 polygons
2026-03-18 10:55:38 +0100: Memory Usage (449400K) : graphmetal1_slit has 0 polygons
2026-03-18 10:55:38 +0100: Memory Usage (449400K) : graphmetal1_opc has 0 polygons
2026-03-18 10:55:38 +0100: Memory Usage (449400K) : graphmet1l_drw has 0 polygons
2026-03-18 10:55:38 +0100: Memory Usage (449656K) : graphmet1l_filler has 0 polygons
2026-03-18 10:55:38 +0100: Memory Usage (449656K) : graphmet1l_nofill has 0 polygons
2026-03-18 10:55:38 +0100: Memory Usage (449656K) : graphmet1l_slit has 0 polygons
2026-03-18 10:55:38 +0100: Memory Usage (449656K) : graphmet1l_opc has 0 polygons
2026-03-18 10:55:38 +0100: Memory Usage (449656K) : extblock_drw has 0 polygons
2026-03-18 10:55:38 +0100: Memory Usage (449656K) : nldd_drw has 0 polygons
2026-03-18 10:55:38 +0100: Memory Usage (449912K) : pldd_drw has 0 polygons
2026-03-18 10:55:38 +0100: Memory Usage (449912K) : next_drw has 0 polygons
2026-03-18 10:55:38 +0100: Memory Usage (449912K) : pext_drw has 0 polygons
2026-03-18 10:55:38 +0100: Memory Usage (449912K) : nexthv_drw has 0 polygons
2026-03-18 10:55:38 +0100: Memory Usage (449912K) : pexthv_drw has 0 polygons
2026-03-18 10:55:38 +0100: Memory Usage (450168K) : graphgate_drw has 0 polygons
2026-03-18 10:55:38 +0100: Memory Usage (450168K) : sinwg_drw has 0 polygons
2026-03-18 10:55:38 +0100: Memory Usage (450168K) : sinwg_filler has 0 polygons
2026-03-18 10:55:38 +0100: Memory Usage (450168K) : sinwg_nofill has 0 polygons
2026-03-18 10:55:38 +0100: Memory Usage (450168K) : mempad_drw has 0 polygons
2026-03-18 10:55:38 +0100: Memory Usage (450424K) : topvia1_drw has 0 polygons
2026-03-18 10:55:38 +0100: Memory Usage (450424K) : topmetal1_drw has 0 polygons
2026-03-18 10:55:38 +0100: Memory Usage (450424K) : topmetal1_pin has 0 polygons
2026-03-18 10:55:38 +0100: Memory Usage (450424K) : topmetal1_mask has 0 polygons
2026-03-18 10:55:38 +0100: Memory Usage (450424K) : topmetal1_filler has 0 polygons
2026-03-18 10:55:38 +0100: Memory Usage (450680K) : topmetal1_nofill has 0 polygons
2026-03-18 10:55:38 +0100: Memory Usage (450680K) : topmetal1_slit has 0 polygons
2026-03-18 10:55:38 +0100: Memory Usage (450680K) : topmetal1_text has 0 polygons
2026-03-18 10:55:38 +0100: Memory Usage (450680K) : topmetal1_noqrc has 0 polygons
2026-03-18 10:55:38 +0100: Memory Usage (450680K) : topmetal1_res has 0 polygons
2026-03-18 10:55:38 +0100: Memory Usage (450680K) : topmetal1_iprobe has 0 polygons
2026-03-18 10:55:38 +0100: Memory Usage (450680K) : topmetal1_diffprb has 0 polygons
2026-03-18 10:55:38 +0100: Memory Usage (450936K) : inldpwl_drw has 0 polygons
2026-03-18 10:55:38 +0100: Memory Usage (450936K) : polyres_drw has 0 polygons
2026-03-18 10:55:38 +0100: Memory Usage (450936K) : polyres_pin has 0 polygons
2026-03-18 10:55:38 +0100: Memory Usage (450936K) : vmim_drw has 0 polygons
2026-03-18 10:55:38 +0100: Memory Usage (450936K) : nbulaycut_drw has 0 polygons
2026-03-18 10:55:38 +0100: Memory Usage (451192K) : antmetal1_drw has 0 polygons
2026-03-18 10:55:38 +0100: Memory Usage (451192K) : topvia2_drw has 0 polygons
2026-03-18 10:55:38 +0100: Memory Usage (451192K) : topmetal2_drw has 0 polygons
2026-03-18 10:55:38 +0100: Memory Usage (451192K) : topmetal2_pin has 0 polygons
2026-03-18 10:55:38 +0100: Memory Usage (451192K) : topmetal2_mask has 0 polygons
2026-03-18 10:55:38 +0100: Memory Usage (451448K) : topmetal2_filler has 0 polygons
2026-03-18 10:55:38 +0100: Memory Usage (451448K) : topmetal2_nofill has 0 polygons
2026-03-18 10:55:38 +0100: Memory Usage (451448K) : topmetal2_slit has 0 polygons
2026-03-18 10:55:38 +0100: Memory Usage (451448K) : topmetal2_text has 0 polygons
2026-03-18 10:55:38 +0100: Memory Usage (451448K) : topmetal2_noqrc has 0 polygons
2026-03-18 10:55:38 +0100: Memory Usage (451704K) : topmetal2_res has 0 polygons
2026-03-18 10:55:38 +0100: Memory Usage (451704K) : topmetal2_iprobe has 0 polygons
2026-03-18 10:55:38 +0100: Memory Usage (451704K) : topmetal2_diffprb has 0 polygons
2026-03-18 10:55:38 +0100: Memory Usage (451704K) : snsring_drw has 0 polygons
2026-03-18 10:55:38 +0100: Memory Usage (451704K) : sensor_drw has 0 polygons
2026-03-18 10:55:38 +0100: Memory Usage (451960K) : snsarms_drw has 0 polygons
2026-03-18 10:55:38 +0100: Memory Usage (451960K) : snscmosvia_drw has 0 polygons
2026-03-18 10:55:38 +0100: Memory Usage (451960K) : colwind_drw has 0 polygons
2026-03-18 10:55:38 +0100: Memory Usage (451960K) : flm_drw has 0 polygons
2026-03-18 10:55:38 +0100: Memory Usage (452216K) : hafniumox_drw has 0 polygons
2026-03-18 10:55:38 +0100: Memory Usage (452216K) : memvia_drw has 0 polygons
2026-03-18 10:55:38 +0100: Memory Usage (452216K) : thinfilmres_drw has 0 polygons
2026-03-18 10:55:38 +0100: Memory Usage (452216K) : rfmem_drw has 0 polygons
2026-03-18 10:55:38 +0100: Memory Usage (452216K) : norcx_drw has 0 polygons
2026-03-18 10:55:38 +0100: Memory Usage (452472K) : norcx_m2m3 has 0 polygons
2026-03-18 10:55:38 +0100: Memory Usage (452472K) : norcx_m2m4 has 0 polygons
2026-03-18 10:55:38 +0100: Memory Usage (452472K) : norcx_m2m5 has 0 polygons
2026-03-18 10:55:38 +0100: Memory Usage (452472K) : norcx_m2tm1 has 0 polygons
2026-03-18 10:55:38 +0100: Memory Usage (452472K) : norcx_m2tm2 has 0 polygons
2026-03-18 10:55:38 +0100: Memory Usage (452728K) : norcx_m3m4 has 0 polygons
2026-03-18 10:55:38 +0100: Memory Usage (452728K) : norcx_m3m5 has 0 polygons
2026-03-18 10:55:38 +0100: Memory Usage (452728K) : norcx_m3tm1 has 0 polygons
2026-03-18 10:55:38 +0100: Memory Usage (452728K) : norcx_m3tm2 has 0 polygons
2026-03-18 10:55:38 +0100: Memory Usage (452984K) : norcx_m4m5 has 0 polygons
2026-03-18 10:55:38 +0100: Memory Usage (452984K) : norcx_m4tm1 has 0 polygons
2026-03-18 10:55:38 +0100: Memory Usage (452984K) : norcx_m4tm2 has 0 polygons
2026-03-18 10:55:38 +0100: Memory Usage (452984K) : norcx_m5tm1 has 0 polygons
2026-03-18 10:55:38 +0100: Memory Usage (452984K) : norcx_m5tm2 has 0 polygons
2026-03-18 10:55:38 +0100: Memory Usage (452984K) : norcx_tm1tm2 has 0 polygons
2026-03-18 10:55:38 +0100: Memory Usage (452984K) : norcx_m1sub has 0 polygons
2026-03-18 10:55:38 +0100: Memory Usage (452984K) : norcx_m2sub has 0 polygons
2026-03-18 10:55:38 +0100: Memory Usage (452984K) : norcx_m3sub has 0 polygons
2026-03-18 10:55:38 +0100: Memory Usage (453240K) : norcx_m4sub has 0 polygons
2026-03-18 10:55:38 +0100: Memory Usage (453240K) : norcx_m5sub has 0 polygons
2026-03-18 10:55:38 +0100: Memory Usage (453240K) : norcx_tm1sub has 0 polygons
2026-03-18 10:55:38 +0100: Memory Usage (453240K) : norcx_tm2sub has 0 polygons
2026-03-18 10:55:38 +0100: Memory Usage (453240K) : snsbotvia_drw has 0 polygons
2026-03-18 10:55:38 +0100: Memory Usage (453240K) : snstopvia_drw has 0 polygons
2026-03-18 10:55:38 +0100: Memory Usage (453240K) : deepvia_drw has 0 polygons
2026-03-18 10:55:38 +0100: Memory Usage (453496K) : fgetch_drw has 0 polygons
2026-03-18 10:55:38 +0100: Memory Usage (453496K) : ctrgat_drw has 0 polygons
2026-03-18 10:55:38 +0100: Memory Usage (453496K) : fgimp_drw has 0 polygons
2026-03-18 10:55:38 +0100: Memory Usage (453496K) : emwihv_drw has 0 polygons
2026-03-18 10:55:38 +0100: Memory Usage (453496K) : lbe_drw has 0 polygons
2026-03-18 10:55:38 +0100: Memory Usage (453496K) : alcustop_drw has 0 polygons
2026-03-18 10:55:38 +0100: Memory Usage (453496K) : nometfiller_drw has 0 polygons
2026-03-18 10:55:38 +0100: Memory Usage (453752K) : prboundary_drw has 0 polygons
2026-03-18 10:55:38 +0100: Memory Usage (453752K) : exchange0_drw has 0 polygons
2026-03-18 10:55:38 +0100: Memory Usage (453752K) : exchange0_pin has 0 polygons
2026-03-18 10:55:38 +0100: Memory Usage (453752K) : exchange0_text has 0 polygons
2026-03-18 10:55:38 +0100: Memory Usage (453752K) : exchange1_drw has 0 polygons
2026-03-18 10:55:38 +0100: Memory Usage (453752K) : exchange1_pin has 0 polygons
2026-03-18 10:55:38 +0100: Memory Usage (453752K) : exchange1_text has 0 polygons
2026-03-18 10:55:38 +0100: Memory Usage (454008K) : exchange2_drw has 0 polygons
2026-03-18 10:55:38 +0100: Memory Usage (454008K) : exchange2_pin has 0 polygons
2026-03-18 10:55:38 +0100: Memory Usage (454008K) : exchange2_text has 0 polygons
2026-03-18 10:55:38 +0100: Memory Usage (454008K) : exchange3_drw has 0 polygons
2026-03-18 10:55:38 +0100: Memory Usage (454008K) : exchange3_pin has 0 polygons
2026-03-18 10:55:38 +0100: Memory Usage (454008K) : exchange3_text has 0 polygons
2026-03-18 10:55:38 +0100: Memory Usage (454264K) : exchange4_drw has 0 polygons
2026-03-18 10:55:38 +0100: Memory Usage (454264K) : exchange4_pin has 0 polygons
2026-03-18 10:55:38 +0100: Memory Usage (454264K) : exchange4_text has 0 polygons
2026-03-18 10:55:38 +0100: Memory Usage (454264K) : isonwell_drw has 0 polygons
2026-03-18 10:55:38 +0100: Memory Usage (454264K) : Total no. of polygons in the design is 5770
2026-03-18 10:55:38 +0100: Memory Usage (454264K) : Loaded TECH DRC rules values from /foss/pdks/ihp-sg13g2/libs.tech/klayout/python/sg13g2_pycell_lib/sg13g2_tech_mod.json
2026-03-18 10:55:38 +0100: Memory Usage (454264K) : Loaded default DRC rules values from /foss/pdks/ihp-sg13g2/libs.tech/klayout/tech/drc/rule_decks/sg13g2_tech_default.json
2026-03-18 10:55:38 +0100: Memory Usage (454264K) : The following rules values were missing in tech json and default values were used:
2026-03-18 10:55:38 +0100: Memory Usage (454264K) :   - Cnt_c_digibnd
2026-03-18 10:55:38 +0100: Memory Usage (455288K) : Total area of the design is 1121.135925 um^2.
2026-03-18 10:55:38 +0100: Memory Usage (455288K) : The design dimensions are 22.785 µm * 49.205000000000005 µm.
2026-03-18 10:55:38 +0100: Memory Usage (455288K) : Starting general IHP-SG13G2 derivations.
2026-03-18 10:55:38 +0100: Memory Usage (455288K) : Starting Pwell derivations
2026-03-18 10:55:38 +0100: Memory Usage (457336K) : Starting n-Activ derivations
2026-03-18 10:55:38 +0100: Memory Usage (457592K) : Starting p-Activ derivations
2026-03-18 10:55:38 +0100: Memory Usage (457592K) : Starting ptap derivations
2026-03-18 10:55:38 +0100: Memory Usage (457592K) : Starting ntap derivations
2026-03-18 10:55:38 +0100: Memory Usage (457592K) : Starting pact FET derivations
2026-03-18 10:55:38 +0100: Memory Usage (457592K) : Starting nact FET derivations
2026-03-18 10:55:38 +0100: Memory Usage (457848K) : Starting Gate derivations
2026-03-18 10:55:38 +0100: Memory Usage (457848K) : Starting cont/contbar general derivations
2026-03-18 10:55:38 +0100: Memory Usage (458360K) : Starting pad general derivations
2026-03-18 10:55:38 +0100: Memory Usage (458360K) : Starting IHP-SG13G2 DRC connectivity related derivations.
2026-03-18 10:55:38 +0100: Memory Usage (459384K) : Starting IHP-SG13G2 DRC connectivity setup
2026-03-18 10:55:38 +0100: Memory Usage (460152K) : Starting IHP-SG13G2 DRC rules.
2026-03-18 10:55:38 +0100: Memory Usage (460152K) : Running all FEOL rules
2026-03-18 10:55:38 +0100: Memory Usage (460152K) : Running all BEOL rules
2026-03-18 10:55:38 +0100: Memory Usage (460152K) : Running all PIN rules
2026-03-18 10:55:38 +0100: Memory Usage (460152K) : Running all FORBIDDEN rules
2026-03-18 10:55:38 +0100: Memory Usage (460152K) : Starting 5.1 NWell table
2026-03-18 10:55:38 +0100: Memory Usage (460152K) : Executing rule NW.b
2026-03-18 10:55:38 +0100: Memory Usage (461176K) : Executing rule NW.b1
2026-03-18 10:55:38 +0100: Memory Usage (461432K) : Starting 5.2 PWell:block
2026-03-18 10:55:38 +0100: Memory Usage (461432K) : Executing rule PWB.e
2026-03-18 10:55:38 +0100: Memory Usage (461688K) : Executing rule PWB.e1
2026-03-18 10:55:38 +0100: Memory Usage (461944K) : Executing rule PWB.f
2026-03-18 10:55:38 +0100: Memory Usage (461944K) : Executing rule PWB.f1
2026-03-18 10:55:38 +0100: Memory Usage (462456K) : Starting 5.3 nBuLay table
2026-03-18 10:55:38 +0100: Memory Usage (462712K) : Executing rule NBL.b
2026-03-18 10:55:38 +0100: Memory Usage (462712K) : Executing rule NBL.c
2026-03-18 10:55:38 +0100: Memory Usage (462712K) : Executing rule NBL.d
2026-03-18 10:55:38 +0100: Memory Usage (462712K) : Executing rule NBL.e
2026-03-18 10:55:38 +0100: Memory Usage (462712K) : Executing rule NBL.f
2026-03-18 10:55:38 +0100: Memory Usage (462712K) : Starting 5.5. Activ table
2026-03-18 10:55:38 +0100: Memory Usage (462712K) : Executing rule Act.a
2026-03-18 10:55:38 +0100: Memory Usage (462712K) : Executing rule Act.b
2026-03-18 10:55:38 +0100: Memory Usage (462712K) : Starting 5.6 Activ:filler table
2026-03-18 10:55:38 +0100: Memory Usage (462968K) : Executing rule AFil.c1
2026-03-18 10:55:38 +0100: Memory Usage (462968K) : Executing rule AFil.c
2026-03-18 10:55:38 +0100: Memory Usage (462968K) : Executing rule AFil.d
2026-03-18 10:55:38 +0100: Memory Usage (462968K) : Executing rule AFil.e
2026-03-18 10:55:38 +0100: Memory Usage (462968K) : Executing rule AFil.j
2026-03-18 10:55:38 +0100: Memory Usage (462968K) : Starting 5.7. ThickGateOx table
2026-03-18 10:55:38 +0100: Memory Usage (462968K) : Executing rule TGO.f
2026-03-18 10:55:38 +0100: Memory Usage (462968K) : Starting 5.8. GatPoly table
2026-03-18 10:55:38 +0100: Memory Usage (462968K) : Executing rule Gat.a
2026-03-18 10:55:38 +0100: Memory Usage (462968K) : Executing rule Gat.b
2026-03-18 10:55:38 +0100: Memory Usage (462968K) : Executing rule Gat.d
2026-03-18 10:55:38 +0100: Memory Usage (462968K) : Executing rule Gat.a1
2026-03-18 10:55:38 +0100: Memory Usage (462968K) : Executing rule Gat.a2
2026-03-18 10:55:38 +0100: Memory Usage (462968K) : Executing rule Gat.g
2026-03-18 10:55:38 +0100: Memory Usage (463224K) : Starting 5.9 GatPoly:filler
2026-03-18 10:55:38 +0100: Memory Usage (463224K) : Executing rule GFil.d
2026-03-18 10:55:38 +0100: Memory Usage (463224K) : Executing rule GFil.e
2026-03-18 10:55:38 +0100: Memory Usage (463224K) : Executing rule GFil.i
2026-03-18 10:55:38 +0100: Memory Usage (463224K) : Starting 5.10 pSD table
2026-03-18 10:55:38 +0100: Memory Usage (463224K) : Executing rule pSD.c1
2026-03-18 10:55:38 +0100: Memory Usage (463224K) : Starting 5.14. Cont table
2026-03-18 10:55:38 +0100: Memory Usage (463224K) : Executing rule Cnt.a
2026-03-18 10:55:38 +0100: Memory Usage (463224K) : Executing rule Cnt.b
2026-03-18 10:55:38 +0100: Memory Usage (463224K) : Executing rule Cnt.c
2026-03-18 10:55:38 +0100: Memory Usage (463224K) : Executing rule Cnt.c
2026-03-18 10:55:38 +0100: Memory Usage (463224K) : Executing rule Cnt.d
2026-03-18 10:55:38 +0100: Memory Usage (463224K) : Executing rule Cnt.e
2026-03-18 10:55:38 +0100: Memory Usage (463224K) : Executing rule Cnt.g1
2026-03-18 10:55:38 +0100: Memory Usage (463224K) : Executing rule Cnt.g2
2026-03-18 10:55:38 +0100: Memory Usage (463224K) : Starting 5.15. ContBar table
2026-03-18 10:55:38 +0100: Memory Usage (463224K) : Executing rule CntB.b1
2026-03-18 10:55:38 +0100: Memory Usage (463224K) : Executing rule CntB.h1
2026-03-18 10:55:38 +0100: Memory Usage (463224K) : Starting 6.1.3 NPN Substrate-Tie table
2026-03-18 10:55:38 +0100: Memory Usage (463224K) : Executing rule npn13G2.bR 
2026-03-18 10:55:38 +0100: Memory Usage (463224K) : Executing rule npn13G2L.cR 
2026-03-18 10:55:38 +0100: Memory Usage (463224K) : Executing rule npn13G2V.cR 
2026-03-18 10:55:38 +0100: Memory Usage (463224K) : Starting 6.7 Schottky diode table
2026-03-18 10:55:38 +0100: Memory Usage (463224K) : Executing rule Sdiod.d
2026-03-18 10:55:38 +0100: Memory Usage (463224K) : Executing rule Sdiod.e
2026-03-18 10:55:38 +0100: Memory Usage (463224K) : Starting 7.2 Latch-up table
2026-03-18 10:55:38 +0100: Memory Usage (463224K) : Executing rule LU.b
2026-03-18 10:55:38 +0100: Memory Usage (463224K) : Starting 5.16. Metal1 table
2026-03-18 10:55:38 +0100: Memory Usage (463224K) : Executing rule M1.a
2026-03-18 10:55:38 +0100: Memory Usage (463224K) : Executing rule M1.b
2026-03-18 10:55:38 +0100: Memory Usage (463224K) : Executing rule M1.e
2026-03-18 10:55:38 +0100: Memory Usage (463224K) : Executing rule M1.f
2026-03-18 10:55:38 +0100: Memory Usage (463480K) : Executing rule M1.g
2026-03-18 10:55:38 +0100: Memory Usage (463736K) : Executing rule M1.i
2026-03-18 10:55:38 +0100: Memory Usage (463992K) : Starting 5.17 Metaln table
2026-03-18 10:55:38 +0100: Memory Usage (463992K) : Executing rule M2.a
2026-03-18 10:55:38 +0100: Memory Usage (464248K) : Executing rule M2.b
2026-03-18 10:55:38 +0100: Memory Usage (464504K) : Executing rule M2.e
2026-03-18 10:55:38 +0100: Memory Usage (464760K) : Executing rule M2.f
2026-03-18 10:55:38 +0100: Memory Usage (464760K) : Executing rule M2.g
2026-03-18 10:55:38 +0100: Memory Usage (465272K) : Executing rule M2.i
2026-03-18 10:55:38 +0100: Memory Usage (465528K) : Executing rule M3.a
2026-03-18 10:55:38 +0100: Memory Usage (465528K) : Executing rule M3.b
2026-03-18 10:55:38 +0100: Memory Usage (465528K) : Executing rule M3.e
2026-03-18 10:55:38 +0100: Memory Usage (465528K) : Executing rule M3.f
2026-03-18 10:55:38 +0100: Memory Usage (465528K) : Executing rule M3.g
2026-03-18 10:55:38 +0100: Memory Usage (465528K) : Executing rule M3.i
2026-03-18 10:55:38 +0100: Memory Usage (465528K) : Executing rule M4.a
2026-03-18 10:55:38 +0100: Memory Usage (465528K) : Executing rule M4.b
2026-03-18 10:55:38 +0100: Memory Usage (465528K) : Executing rule M4.e
2026-03-18 10:55:38 +0100: Memory Usage (465528K) : Executing rule M4.f
2026-03-18 10:55:38 +0100: Memory Usage (465528K) : Executing rule M4.g
2026-03-18 10:55:38 +0100: Memory Usage (465528K) : Executing rule M4.i
2026-03-18 10:55:38 +0100: Memory Usage (465528K) : Executing rule M5.a
2026-03-18 10:55:38 +0100: Memory Usage (465528K) : Executing rule M5.b
2026-03-18 10:55:38 +0100: Memory Usage (465528K) : Executing rule M5.e
2026-03-18 10:55:38 +0100: Memory Usage (465528K) : Executing rule M5.f
2026-03-18 10:55:38 +0100: Memory Usage (465528K) : Executing rule M5.g
2026-03-18 10:55:38 +0100: Memory Usage (465528K) : Executing rule M5.i
2026-03-18 10:55:38 +0100: Memory Usage (465528K) : Starting 5.18 Metaln:filler table
2026-03-18 10:55:38 +0100: Memory Usage (465528K) : Executing rule M1Fil.c
2026-03-18 10:55:38 +0100: Memory Usage (465528K) : Executing rule M1Fil.a2
2026-03-18 10:55:38 +0100: Memory Usage (465528K) : Executing rule M2Fil.c
2026-03-18 10:55:38 +0100: Memory Usage (465528K) : Executing rule M2Fil.a2
2026-03-18 10:55:38 +0100: Memory Usage (465528K) : Executing rule M3Fil.c
2026-03-18 10:55:38 +0100: Memory Usage (465528K) : Executing rule M3Fil.a2
2026-03-18 10:55:38 +0100: Memory Usage (465528K) : Executing rule M4Fil.c
2026-03-18 10:55:38 +0100: Memory Usage (465528K) : Executing rule M4Fil.a2
2026-03-18 10:55:38 +0100: Memory Usage (465528K) : Executing rule M5Fil.c
2026-03-18 10:55:38 +0100: Memory Usage (465528K) : Executing rule M5Fil.a2
2026-03-18 10:55:38 +0100: Memory Usage (465528K) : Starting 5.19. Via1 table
2026-03-18 10:55:38 +0100: Memory Usage (465528K) : Starting 5.19. Via1 table derivations
2026-03-18 10:55:38 +0100: Memory Usage (465528K) : Executing rule V1.a
2026-03-18 10:55:38 +0100: Memory Usage (465528K) : Executing rule V1.b
2026-03-18 10:55:38 +0100: Memory Usage (465528K) : Executing rule V1.c
2026-03-18 10:55:38 +0100: Memory Usage (465528K) : Starting 5.20. Vian table
2026-03-18 10:55:38 +0100: Memory Usage (465528K) : Executing rule V2.a
2026-03-18 10:55:38 +0100: Memory Usage (465528K) : Executing rule V2.b
2026-03-18 10:55:38 +0100: Memory Usage (465528K) : Executing rule V2.c
2026-03-18 10:55:38 +0100: Memory Usage (465528K) : Executing rule V3.a
2026-03-18 10:55:38 +0100: Memory Usage (465528K) : Executing rule V3.b
2026-03-18 10:55:38 +0100: Memory Usage (465528K) : Executing rule V3.c
2026-03-18 10:55:38 +0100: Memory Usage (465528K) : Executing rule V4.a
2026-03-18 10:55:38 +0100: Memory Usage (465528K) : Executing rule V4.b
2026-03-18 10:55:38 +0100: Memory Usage (465528K) : Executing rule V4.c
2026-03-18 10:55:38 +0100: Memory Usage (465528K) : Starting 5.21. TopVia1 table
2026-03-18 10:55:38 +0100: Memory Usage (465528K) : Executing rule TV1.a
2026-03-18 10:55:38 +0100: Memory Usage (465528K) : Executing rule TV1.b
2026-03-18 10:55:38 +0100: Memory Usage (465528K) : Executing rule TV1.c
2026-03-18 10:55:38 +0100: Memory Usage (465528K) : Executing rule TV1.d
2026-03-18 10:55:38 +0100: Memory Usage (465528K) : Starting 5.22. TopMetal1 table
2026-03-18 10:55:38 +0100: Memory Usage (465528K) : Executing rule TM1.a
2026-03-18 10:55:38 +0100: Memory Usage (465528K) : Executing rule TM1.b
2026-03-18 10:55:38 +0100: Memory Usage (465528K) : Starting 5.23 TopMetal1:filler table
2026-03-18 10:55:38 +0100: Memory Usage (465528K) : Executing rule TM1Fil.c
2026-03-18 10:55:38 +0100: Memory Usage (465528K) : Executing rule TM1Fil.a1
2026-03-18 10:55:38 +0100: Memory Usage (465528K) : Starting 5.24. TopVia2 table
2026-03-18 10:55:38 +0100: Memory Usage (465528K) : Executing rule TV2.a
2026-03-18 10:55:38 +0100: Memory Usage (465528K) : Executing rule TV2.b
2026-03-18 10:55:38 +0100: Memory Usage (465528K) : Executing rule TV2.c
2026-03-18 10:55:38 +0100: Memory Usage (465528K) : Executing rule TV2.d
2026-03-18 10:55:38 +0100: Memory Usage (465528K) : Starting 5.25. TopMetal2 table
2026-03-18 10:55:38 +0100: Memory Usage (465528K) : Executing rule TM2.a
2026-03-18 10:55:38 +0100: Memory Usage (465528K) : Executing rule TM2.b
2026-03-18 10:55:38 +0100: Memory Usage (465528K) : Executing rule TM2.bR
2026-03-18 10:55:38 +0100: Memory Usage (465528K) : Starting 5.26 TopMetal2:filler table
2026-03-18 10:55:38 +0100: Memory Usage (465528K) : Executing rule TM2Fil.c
2026-03-18 10:55:38 +0100: Memory Usage (465528K) : Executing rule TM2Fil.a1
2026-03-18 10:55:38 +0100: Memory Usage (465528K) : Starting 5.27. Passiv table
2026-03-18 10:55:38 +0100: Memory Usage (465528K) : Executing rule Pas.a
2026-03-18 10:55:38 +0100: Memory Usage (465528K) : Executing rule Pas.b
2026-03-18 10:55:38 +0100: Memory Usage (465528K) : Executing rule Pas.c
2026-03-18 10:55:38 +0100: Memory Usage (465528K) : Starting 6.9.2 Copper Pillar table
2026-03-18 10:55:38 +0100: Memory Usage (465528K) : Executing rule Padc.a
2026-03-18 10:55:38 +0100: Memory Usage (465528K) : Executing rule Padc.b
2026-03-18 10:55:38 +0100: Memory Usage (465528K) : Executing rule Padc.c
2026-03-18 10:55:38 +0100: Memory Usage (465528K) : Executing rule Padb.f
2026-03-18 10:55:38 +0100: Memory Usage (465528K) : Starting 6.9 Pad table
2026-03-18 10:55:38 +0100: Memory Usage (465528K) : Executing rule Pad.m
2026-03-18 10:55:38 +0100: Memory Usage (465528K) : Executing rule Pad.fR_M1
2026-03-18 10:55:38 +0100: Memory Usage (465528K) : Executing rule Pad.fR_M2
2026-03-18 10:55:38 +0100: Memory Usage (465528K) : Executing rule Pad.fR_M3
2026-03-18 10:55:38 +0100: Memory Usage (465528K) : Executing rule Pad.fR_M4
2026-03-18 10:55:38 +0100: Memory Usage (465528K) : Executing rule Pad.fR_M5
2026-03-18 10:55:38 +0100: Memory Usage (465528K) : Executing rule Pad.fR_TM1
2026-03-18 10:55:38 +0100: Memory Usage (465528K) : Executing rule Pad.fR_TM2
2026-03-18 10:55:38 +0100: Memory Usage (465528K) : Executing rule Pad.i
2026-03-18 10:55:38 +0100: Memory Usage (465528K) : Starting 6.9.1 Solder Bump
2026-03-18 10:55:38 +0100: Memory Usage (465528K) : Executing rule Padb.a
2026-03-18 10:55:38 +0100: Memory Usage (465528K) : Executing rule Padb.b
2026-03-18 10:55:38 +0100: Memory Usage (465528K) : Executing rule Padb.c
2026-03-18 10:55:38 +0100: Memory Usage (465528K) : Executing rule Padb.f
2026-03-18 10:55:38 +0100: Memory Usage (465528K) : Executing rule Padb.d
2026-03-18 10:55:38 +0100: Memory Usage (465528K) : Starting 6.10 Sealring table
2026-03-18 10:55:38 +0100: Memory Usage (465528K) : Executing rule Seal.l
2026-03-18 10:55:38 +0100: Memory Usage (465528K) : Executing rule Seal.n
2026-03-18 10:55:38 +0100: Memory Usage (465528K) : Executing rule seal.b_metal1
2026-03-18 10:55:38 +0100: Memory Usage (465528K) : Executing rule seal.b_metal2
2026-03-18 10:55:38 +0100: Memory Usage (465528K) : Executing rule seal.b_metal3
2026-03-18 10:55:38 +0100: Memory Usage (465528K) : Executing rule seal.b_metal4
2026-03-18 10:55:38 +0100: Memory Usage (465528K) : Executing rule seal.b_metal5
2026-03-18 10:55:38 +0100: Memory Usage (465528K) : Executing rule seal.b_topmetal1
2026-03-18 10:55:38 +0100: Memory Usage (465528K) : Executing rule seal.b_topmetal2
2026-03-18 10:55:38 +0100: Memory Usage (465528K) : Executing rule seal.b_activ
2026-03-18 10:55:38 +0100: Memory Usage (465528K) : Executing rule seal.b_psd
2026-03-18 10:55:38 +0100: Memory Usage (465528K) : Executing rule Seal.k
2026-03-18 10:55:38 +0100: Memory Usage (465528K) : Executing rule Seal.m
2026-03-18 10:55:38 +0100: Memory Usage (465528K) : Starting 6.11 MIM table
2026-03-18 10:55:38 +0100: Memory Usage (465528K) : Executing rule MIM.c
2026-03-18 10:55:38 +0100: Memory Usage (465528K) : Executing rule MIM.d
2026-03-18 10:55:38 +0100: Memory Usage (465528K) : Executing rule MIM.gR
2026-03-18 10:55:38 +0100: Memory Usage (465528K) : Starting 7.3 Metal Slits table
2026-03-18 10:55:38 +0100: Memory Usage (465528K) : Executing rule Slt.e1_M1
2026-03-18 10:55:38 +0100: Memory Usage (465528K) : Executing rule Slt.e1_M2
2026-03-18 10:55:38 +0100: Memory Usage (465528K) : Executing rule Slt.e1_M3
2026-03-18 10:55:38 +0100: Memory Usage (465528K) : Executing rule Slt.e1_M4
2026-03-18 10:55:38 +0100: Memory Usage (465528K) : Executing rule Slt.e1_M5
2026-03-18 10:55:38 +0100: Memory Usage (465528K) : Executing rule Slt.e1_TM1
2026-03-18 10:55:38 +0100: Memory Usage (465528K) : Executing rule Slt.e1_TM2
2026-03-18 10:55:38 +0100: Memory Usage (465528K) : Starting 9.1. LBE table
2026-03-18 10:55:38 +0100: Memory Usage (465528K) : Executing rule LBE.a
2026-03-18 10:55:38 +0100: Memory Usage (465528K) : Executing rule LBE.b
2026-03-18 10:55:38 +0100: Memory Usage (465528K) : Executing rule LBE.b1
2026-03-18 10:55:38 +0100: Memory Usage (465528K) : Executing rule LBE.c
2026-03-18 10:55:38 +0100: Memory Usage (465528K) : Executing rule LBE.d
2026-03-18 10:55:38 +0100: Memory Usage (465528K) : Executing rule LBE.h
2026-03-18 10:55:38 +0100: Memory Usage (465528K) : Starting 7.4. PIN table
2026-03-18 10:55:38 +0100: Memory Usage (465528K) : Executing rule Pin.a
2026-03-18 10:55:38 +0100: Memory Usage (465528K) : Executing rule Pin.b
2026-03-18 10:55:38 +0100: Memory Usage (465528K) : Executing rule Pin.e
2026-03-18 10:55:38 +0100: Memory Usage (465528K) : Executing rule Pin.f_M2
2026-03-18 10:55:38 +0100: Memory Usage (465528K) : Executing rule Pin.f_M3
2026-03-18 10:55:38 +0100: Memory Usage (465528K) : Executing rule Pin.f_M4
2026-03-18 10:55:38 +0100: Memory Usage (465528K) : Executing rule Pin.f_M5
2026-03-18 10:55:38 +0100: Memory Usage (465528K) : Executing rule Pin.g
2026-03-18 10:55:38 +0100: Memory Usage (465528K) : Executing rule Pin.h
2026-03-18 10:55:38 +0100: Memory Usage (465528K) : Starting 3.2. FORBIDDEN table
2026-03-18 10:55:38 +0100: Memory Usage (465528K) : Executing rule forbidden.biwind
2026-03-18 10:55:38 +0100: Memory Usage (465528K) : Executing rule forbidden.pemwind
2026-03-18 10:55:38 +0100: Memory Usage (465528K) : Executing rule forbidden.baspoly
2026-03-18 10:55:38 +0100: Memory Usage (465528K) : Executing rule forbidden.deepco
2026-03-18 10:55:38 +0100: Memory Usage (465528K) : Executing rule forbidden.pempoly
2026-03-18 10:55:38 +0100: Memory Usage (465528K) : Executing rule forbidden.empoly
2026-03-18 10:55:38 +0100: Memory Usage (465528K) : Executing rule forbidden.ldmos
2026-03-18 10:55:38 +0100: Memory Usage (465528K) : Executing rule forbidden.pbiwind
2026-03-18 10:55:38 +0100: Memory Usage (465528K) : Executing rule forbidden.nodrc
2026-03-18 10:55:38 +0100: Memory Usage (465528K) : Executing rule forbidden.flash
2026-03-18 10:55:38 +0100: Memory Usage (465528K) : Executing rule forbidden.colwind
2026-03-18 10:55:38 +0100: Memory Usage (465528K) : KLayout DRC run for tables 'main' completed in 0.7 seconds
