# Logfile created on 2026-03-18 17:57:41 +0100 by logger.rb/v1.5.3
2026-03-18 17:57:41 +0100: Memory Usage (436912K) : Starting running IHP-SG13G2 KLayout DRC runset on /foss/designs/adex_neuron/ttihp26a-adex-neuron-ncs/klayout/chip_top.klay.gds
2026-03-18 17:57:41 +0100: Memory Usage (436912K) : Ruby Version for klayout: 3.2.3
2026-03-18 17:57:41 +0100: Memory Usage (437680K) : Loading database to memory is complete.
2026-03-18 17:57:41 +0100: Memory Usage (437680K) : IHP-SG13G2 KLayout DRC runset output at: /foss/designs/adex_neuron/ttihp26a-adex-neuron-ncs/klayout/drc_run_chip_top/chip_top.klay_chip_top_main.lyrdb
2026-03-18 17:57:41 +0100: Memory Usage (437680K) : Evaluate switches.
2026-03-18 17:57:41 +0100: Memory Usage (437680K) : tables selected: main
2026-03-18 17:57:41 +0100: Memory Usage (437680K) : KLayout will use 1 thread(s) in tiling mode.
2026-03-18 17:57:41 +0100: Memory Usage (437680K) : deep mode is enabled.
2026-03-18 17:57:41 +0100: Memory Usage (437936K) : FEOL enabled: true
2026-03-18 17:57:41 +0100: Memory Usage (437936K) : BEOL enabled: true
2026-03-18 17:57:41 +0100: Memory Usage (437936K) : OFFGRID enabled: true
2026-03-18 17:57:41 +0100: Memory Usage (437936K) : PIN enabled: true
2026-03-18 17:57:41 +0100: Memory Usage (437936K) : FORBIDDEN enabled: true
2026-03-18 17:57:41 +0100: Memory Usage (437936K) : RECOMMENDED enabled: true
2026-03-18 17:57:41 +0100: Memory Usage (437936K) : PreCheck DRC enabled: false
2026-03-18 17:57:41 +0100: Memory Usage (437936K) : CONNECTIVITY_RULES enabled: true.
2026-03-18 17:57:41 +0100: Memory Usage (437936K) : Read in polygons from layers.
2026-03-18 17:57:41 +0100: Memory Usage (439216K) : activ_drw has 6428 polygons
2026-03-18 17:57:41 +0100: Memory Usage (439216K) : activ_pin has 0 polygons
2026-03-18 17:57:41 +0100: Memory Usage (439216K) : activ_mask has 0 polygons
2026-03-18 17:57:41 +0100: Memory Usage (439216K) : activ_filler has 0 polygons
2026-03-18 17:57:41 +0100: Memory Usage (439216K) : activ_nofill has 0 polygons
2026-03-18 17:57:41 +0100: Memory Usage (439216K) : activ_opc has 0 polygons
2026-03-18 17:57:41 +0100: Memory Usage (439216K) : activ_iopc has 0 polygons
2026-03-18 17:57:41 +0100: Memory Usage (439216K) : activ_noqrc has 0 polygons
2026-03-18 17:57:41 +0100: Memory Usage (439216K) : biwind_drw has 0 polygons
2026-03-18 17:57:41 +0100: Memory Usage (439216K) : biwind_opc has 0 polygons
2026-03-18 17:57:41 +0100: Memory Usage (439216K) : pemwind_drw has 0 polygons
2026-03-18 17:57:41 +0100: Memory Usage (439216K) : gatpoly_drw has 5331 polygons
2026-03-18 17:57:41 +0100: Memory Usage (439216K) : gatpoly_pin has 1356 polygons
2026-03-18 17:57:41 +0100: Memory Usage (439216K) : gatpoly_filler has 0 polygons
2026-03-18 17:57:41 +0100: Memory Usage (439472K) : gatpoly_nofill has 0 polygons
2026-03-18 17:57:41 +0100: Memory Usage (439472K) : gatpoly_opc has 0 polygons
2026-03-18 17:57:41 +0100: Memory Usage (439472K) : gatpoly_iopc has 0 polygons
2026-03-18 17:57:41 +0100: Memory Usage (439472K) : gatpoly_noqrc has 0 polygons
2026-03-18 17:57:41 +0100: Memory Usage (439472K) : cont_drw has 40412 polygons
2026-03-18 17:57:41 +0100: Memory Usage (439728K) : cont_opc has 0 polygons
2026-03-18 17:57:41 +0100: Memory Usage (439728K) : nsd_drw has 0 polygons
2026-03-18 17:57:41 +0100: Memory Usage (439728K) : nsd_block has 0 polygons
2026-03-18 17:57:41 +0100: Memory Usage (439728K) : metal1_drw has 15211 polygons
2026-03-18 17:57:41 +0100: Memory Usage (439984K) : metal1_pin has 2899 polygons
2026-03-18 17:57:41 +0100: Memory Usage (439984K) : metal1_mask has 0 polygons
2026-03-18 17:57:41 +0100: Memory Usage (439984K) : metal1_filler has 0 polygons
2026-03-18 17:57:41 +0100: Memory Usage (440240K) : metal1_nofill has 0 polygons
2026-03-18 17:57:41 +0100: Memory Usage (440240K) : metal1_slit has 0 polygons
2026-03-18 17:57:41 +0100: Memory Usage (440496K) : metal1_text has 65 polygons
2026-03-18 17:57:41 +0100: Memory Usage (440496K) : metal1_opc has 0 polygons
2026-03-18 17:57:41 +0100: Memory Usage (440752K) : metal1_noqrc has 0 polygons
2026-03-18 17:57:41 +0100: Memory Usage (440752K) : metal1_res has 0 polygons
2026-03-18 17:57:41 +0100: Memory Usage (440752K) : metal1_iprobe has 0 polygons
2026-03-18 17:57:41 +0100: Memory Usage (440752K) : metal1_diffprb has 0 polygons
2026-03-18 17:57:41 +0100: Memory Usage (440752K) : passiv_drw has 0 polygons
2026-03-18 17:57:41 +0100: Memory Usage (441008K) : passiv_pin has 0 polygons
2026-03-18 17:57:41 +0100: Memory Usage (441008K) : passiv_sbump has 0 polygons
2026-03-18 17:57:41 +0100: Memory Usage (441008K) : passiv_pillar has 0 polygons
2026-03-18 17:57:41 +0100: Memory Usage (441008K) : passiv_pdl has 0 polygons
2026-03-18 17:57:41 +0100: Memory Usage (441008K) : metal2_drw has 7488 polygons
2026-03-18 17:57:41 +0100: Memory Usage (441264K) : metal2_pin has 1 polygons
2026-03-18 17:57:41 +0100: Memory Usage (441264K) : metal2_mask has 0 polygons
2026-03-18 17:57:41 +0100: Memory Usage (441264K) : metal2_filler has 0 polygons
2026-03-18 17:57:41 +0100: Memory Usage (441520K) : metal2_nofill has 0 polygons
2026-03-18 17:57:41 +0100: Memory Usage (441520K) : metal2_slit has 0 polygons
2026-03-18 17:57:41 +0100: Memory Usage (441520K) : metal2_text has 1 polygons
2026-03-18 17:57:41 +0100: Memory Usage (441520K) : metal2_opc has 0 polygons
2026-03-18 17:57:41 +0100: Memory Usage (441520K) : metal2_noqrc has 0 polygons
2026-03-18 17:57:41 +0100: Memory Usage (441776K) : metal2_res has 0 polygons
2026-03-18 17:57:41 +0100: Memory Usage (441776K) : metal2_iprobe has 0 polygons
2026-03-18 17:57:41 +0100: Memory Usage (441776K) : metal2_diffprb has 0 polygons
2026-03-18 17:57:41 +0100: Memory Usage (441776K) : baspoly_drw has 0 polygons
2026-03-18 17:57:41 +0100: Memory Usage (442032K) : baspoly_pin has 0 polygons
2026-03-18 17:57:41 +0100: Memory Usage (442032K) : psd_drw has 1179 polygons
2026-03-18 17:57:41 +0100: Memory Usage (442032K) : nldb_drw has 0 polygons
2026-03-18 17:57:41 +0100: Memory Usage (442032K) : digibnd_drw has 0 polygons
2026-03-18 17:57:41 +0100: Memory Usage (442288K) : via1_drw has 7230 polygons
2026-03-18 17:57:41 +0100: Memory Usage (442288K) : backmetal1_drw has 0 polygons
2026-03-18 17:57:41 +0100: Memory Usage (442288K) : backmetal1_pin has 0 polygons
2026-03-18 17:57:41 +0100: Memory Usage (442288K) : backmetal1_mask has 0 polygons
2026-03-18 17:57:41 +0100: Memory Usage (442544K) : backmetal1_filler has 0 polygons
2026-03-18 17:57:41 +0100: Memory Usage (442544K) : backmetal1_nofill has 0 polygons
2026-03-18 17:57:41 +0100: Memory Usage (442544K) : backmetal1_slit has 0 polygons
2026-03-18 17:57:41 +0100: Memory Usage (442544K) : backmetal1_text has 0 polygons
2026-03-18 17:57:41 +0100: Memory Usage (442544K) : backmetal1_opc has 0 polygons
2026-03-18 17:57:41 +0100: Memory Usage (442800K) : backmetal1_noqrc has 0 polygons
2026-03-18 17:57:41 +0100: Memory Usage (442800K) : backmetal1_res has 0 polygons
2026-03-18 17:57:41 +0100: Memory Usage (442800K) : backmetal1_iprobe has 0 polygons
2026-03-18 17:57:41 +0100: Memory Usage (442800K) : backmetal1_diffprb has 0 polygons
2026-03-18 17:57:41 +0100: Memory Usage (442800K) : backpassiv_drw has 0 polygons
2026-03-18 17:57:41 +0100: Memory Usage (443056K) : res_drw has 0 polygons
2026-03-18 17:57:41 +0100: Memory Usage (443056K) : sram_drw has 0 polygons
2026-03-18 17:57:41 +0100: Memory Usage (443056K) : trans_drw has 0 polygons
2026-03-18 17:57:41 +0100: Memory Usage (443056K) : ind_drw has 0 polygons
2026-03-18 17:57:41 +0100: Memory Usage (443312K) : ind_pin has 0 polygons
2026-03-18 17:57:41 +0100: Memory Usage (443312K) : ind_text has 0 polygons
2026-03-18 17:57:41 +0100: Memory Usage (443312K) : salblock_drw has 0 polygons
2026-03-18 17:57:41 +0100: Memory Usage (443312K) : via2_drw has 3440 polygons
2026-03-18 17:57:41 +0100: Memory Usage (443568K) : metal3_drw has 2016 polygons
2026-03-18 17:57:41 +0100: Memory Usage (443568K) : metal3_pin has 237 polygons
2026-03-18 17:57:41 +0100: Memory Usage (443568K) : metal3_mask has 0 polygons
2026-03-18 17:57:41 +0100: Memory Usage (443824K) : metal3_filler has 0 polygons
2026-03-18 17:57:41 +0100: Memory Usage (443824K) : metal3_nofill has 0 polygons
2026-03-18 17:57:41 +0100: Memory Usage (443824K) : metal3_slit has 0 polygons
2026-03-18 17:57:41 +0100: Memory Usage (443824K) : metal3_text has 235 polygons
2026-03-18 17:57:41 +0100: Memory Usage (443824K) : metal3_opc has 0 polygons
2026-03-18 17:57:41 +0100: Memory Usage (444080K) : metal3_noqrc has 0 polygons
2026-03-18 17:57:41 +0100: Memory Usage (444080K) : metal3_res has 0 polygons
2026-03-18 17:57:41 +0100: Memory Usage (444080K) : metal3_iprobe has 0 polygons
2026-03-18 17:57:41 +0100: Memory Usage (444336K) : metal3_diffprb has 0 polygons
2026-03-18 17:57:41 +0100: Memory Usage (444336K) : nwell_drw has 1114 polygons
2026-03-18 17:57:41 +0100: Memory Usage (444336K) : nwell_pin has 63 polygons
2026-03-18 17:57:41 +0100: Memory Usage (444336K) : nbulay_drw has 272 polygons
2026-03-18 17:57:41 +0100: Memory Usage (444336K) : nbulay_pin has 0 polygons
2026-03-18 17:57:41 +0100: Memory Usage (444592K) : nbulay_block has 0 polygons
2026-03-18 17:57:41 +0100: Memory Usage (444592K) : emwind_drw has 0 polygons
2026-03-18 17:57:41 +0100: Memory Usage (444592K) : emwind_opc has 0 polygons
2026-03-18 17:57:41 +0100: Memory Usage (444848K) : deepco_drw has 0 polygons
2026-03-18 17:57:41 +0100: Memory Usage (444848K) : deepco_drw has 0 polygons
2026-03-18 17:57:41 +0100: Memory Usage (444848K) : mim_drw has 11 polygons
2026-03-18 17:57:41 +0100: Memory Usage (444848K) : edgeseal_drw has 0 polygons
2026-03-18 17:57:41 +0100: Memory Usage (445104K) : edgeseal_bound has 0 polygons
2026-03-18 17:57:41 +0100: Memory Usage (445104K) : substrate_drw has 1137 polygons
2026-03-18 17:57:41 +0100: Memory Usage (445104K) : substrate_text has 0 polygons
2026-03-18 17:57:41 +0100: Memory Usage (445104K) : dfpad_drw has 0 polygons
2026-03-18 17:57:41 +0100: Memory Usage (445360K) : dfpad_pillar has 0 polygons
2026-03-18 17:57:41 +0100: Memory Usage (445360K) : dfpad_sbump has 0 polygons
2026-03-18 17:57:41 +0100: Memory Usage (445360K) : thickgateox_drw has 1424 polygons
2026-03-18 17:57:41 +0100: Memory Usage (445360K) : pldb_drw has 0 polygons
2026-03-18 17:57:41 +0100: Memory Usage (445360K) : pwell_drw has 0 polygons
2026-03-18 17:57:41 +0100: Memory Usage (445616K) : pwell_pin has 0 polygons
2026-03-18 17:57:41 +0100: Memory Usage (445616K) : pwell_block has 0 polygons
2026-03-18 17:57:41 +0100: Memory Usage (445616K) : ic_drw has 0 polygons
2026-03-18 17:57:41 +0100: Memory Usage (445616K) : via3_drw has 944 polygons
2026-03-18 17:57:41 +0100: Memory Usage (445872K) : metal4_drw has 325 polygons
2026-03-18 17:57:41 +0100: Memory Usage (445872K) : metal4_pin has 85 polygons
2026-03-18 17:57:41 +0100: Memory Usage (445872K) : metal4_mask has 0 polygons
2026-03-18 17:57:41 +0100: Memory Usage (445872K) : metal4_filler has 0 polygons
2026-03-18 17:57:41 +0100: Memory Usage (446128K) : metal4_nofill has 0 polygons
2026-03-18 17:57:41 +0100: Memory Usage (446128K) : metal4_slit has 0 polygons
2026-03-18 17:57:41 +0100: Memory Usage (446128K) : metal4_text has 85 polygons
2026-03-18 17:57:41 +0100: Memory Usage (446128K) : metal4_opc has 0 polygons
2026-03-18 17:57:41 +0100: Memory Usage (446384K) : metal4_noqrc has 0 polygons
2026-03-18 17:57:41 +0100: Memory Usage (446384K) : metal4_res has 0 polygons
2026-03-18 17:57:41 +0100: Memory Usage (446384K) : metal4_iprobe has 0 polygons
2026-03-18 17:57:41 +0100: Memory Usage (446384K) : metal4_diffprb has 0 polygons
2026-03-18 17:57:41 +0100: Memory Usage (446640K) : heattrans_drw has 2690 polygons
2026-03-18 17:57:41 +0100: Memory Usage (446640K) : heatres_drw has 0 polygons
2026-03-18 17:57:41 +0100: Memory Usage (446640K) : pempoly_drw has 0 polygons
2026-03-18 17:57:41 +0100: Memory Usage (446640K) : fbe_drw has 0 polygons
2026-03-18 17:57:41 +0100: Memory Usage (446896K) : empoly_drw has 0 polygons
2026-03-18 17:57:41 +0100: Memory Usage (446896K) : ldmos_drw has 0 polygons
2026-03-18 17:57:41 +0100: Memory Usage (446896K) : pbiwind_drw has 0 polygons
2026-03-18 17:57:41 +0100: Memory Usage (447152K) : digisub_drw has 0 polygons
2026-03-18 17:57:41 +0100: Memory Usage (447152K) : nodrc_drw has 0 polygons
2026-03-18 17:57:41 +0100: Memory Usage (447152K) : text_drw has 1498 polygons
2026-03-18 17:57:41 +0100: Memory Usage (447152K) : via4_drw has 704 polygons
2026-03-18 17:57:41 +0100: Memory Usage (447152K) : metal5_drw has 376 polygons
2026-03-18 17:57:41 +0100: Memory Usage (447408K) : metal5_pin has 0 polygons
2026-03-18 17:57:41 +0100: Memory Usage (447408K) : metal5_mask has 0 polygons
2026-03-18 17:57:41 +0100: Memory Usage (447408K) : metal5_filler has 0 polygons
2026-03-18 17:57:41 +0100: Memory Usage (447408K) : metal5_nofill has 0 polygons
2026-03-18 17:57:41 +0100: Memory Usage (447408K) : metal5_slit has 0 polygons
2026-03-18 17:57:41 +0100: Memory Usage (447664K) : metal5_text has 0 polygons
2026-03-18 17:57:41 +0100: Memory Usage (447664K) : metal5_opc has 0 polygons
2026-03-18 17:57:41 +0100: Memory Usage (447664K) : metal5_noqrc has 0 polygons
2026-03-18 17:57:41 +0100: Memory Usage (447664K) : metal5_res has 0 polygons
2026-03-18 17:57:41 +0100: Memory Usage (447664K) : metal5_iprobe has 0 polygons
2026-03-18 17:57:41 +0100: Memory Usage (447920K) : metal5_diffprb has 0 polygons
2026-03-18 17:57:41 +0100: Memory Usage (447920K) : radhard_drw has 0 polygons
2026-03-18 17:57:41 +0100: Memory Usage (447920K) : memcap_drw has 0 polygons
2026-03-18 17:57:41 +0100: Memory Usage (448176K) : varicap_drw has 0 polygons
2026-03-18 17:57:41 +0100: Memory Usage (448176K) : flash_drw has 0 polygons
2026-03-18 17:57:41 +0100: Memory Usage (448176K) : intbondvia_drw has 0 polygons
2026-03-18 17:57:41 +0100: Memory Usage (448432K) : intbondmet_drw has 0 polygons
2026-03-18 17:57:41 +0100: Memory Usage (448432K) : devbondvia_drw has 0 polygons
2026-03-18 17:57:41 +0100: Memory Usage (448432K) : devbondmet_drw has 0 polygons
2026-03-18 17:57:41 +0100: Memory Usage (448432K) : devtrench_drw has 0 polygons
2026-03-18 17:57:41 +0100: Memory Usage (448432K) : redist_drw has 0 polygons
2026-03-18 17:57:41 +0100: Memory Usage (448688K) : graphbot_drw has 0 polygons
2026-03-18 17:57:41 +0100: Memory Usage (448688K) : graphtop_drw has 0 polygons
2026-03-18 17:57:41 +0100: Memory Usage (448688K) : antvia1_drw has 0 polygons
2026-03-18 17:57:41 +0100: Memory Usage (448688K) : antmetal2_drw has 0 polygons
2026-03-18 17:57:41 +0100: Memory Usage (448688K) : graphcont_drw has 0 polygons
2026-03-18 17:57:41 +0100: Memory Usage (448944K) : siwg_drw has 0 polygons
2026-03-18 17:57:41 +0100: Memory Usage (448944K) : siwg_filler has 0 polygons
2026-03-18 17:57:41 +0100: Memory Usage (448944K) : siwg_nofill has 0 polygons
2026-03-18 17:57:41 +0100: Memory Usage (449200K) : sigrating_drw has 0 polygons
2026-03-18 17:57:41 +0100: Memory Usage (449200K) : singrating_drw has 0 polygons
2026-03-18 17:57:41 +0100: Memory Usage (449200K) : graphpas_drw has 0 polygons
2026-03-18 17:57:41 +0100: Memory Usage (449200K) : emwind3_drw has 0 polygons
2026-03-18 17:57:41 +0100: Memory Usage (449200K) : emwihv3_drw has 0 polygons
2026-03-18 17:57:41 +0100: Memory Usage (449456K) : redbulay_drw has 0 polygons
2026-03-18 17:57:41 +0100: Memory Usage (449456K) : smos_drw has 0 polygons
2026-03-18 17:57:41 +0100: Memory Usage (449456K) : graphpad_drw has 0 polygons
2026-03-18 17:57:41 +0100: Memory Usage (449456K) : polimide_drw has 0 polygons
2026-03-18 17:57:41 +0100: Memory Usage (449456K) : polimide_pin has 0 polygons
2026-03-18 17:57:41 +0100: Memory Usage (449712K) : recog_drw has 0 polygons
2026-03-18 17:57:41 +0100: Memory Usage (449712K) : recog_pin has 0 polygons
2026-03-18 17:57:41 +0100: Memory Usage (449712K) : recog_esd has 0 polygons
2026-03-18 17:57:41 +0100: Memory Usage (449968K) : recog_diode has 0 polygons
2026-03-18 17:57:41 +0100: Memory Usage (449968K) : recog_tsv has 0 polygons
2026-03-18 17:57:41 +0100: Memory Usage (449968K) : recog_iprobe has 0 polygons
2026-03-18 17:57:41 +0100: Memory Usage (449968K) : recog_diffprb has 0 polygons
2026-03-18 17:57:41 +0100: Memory Usage (449968K) : recog_pillar has 0 polygons
2026-03-18 17:57:41 +0100: Memory Usage (449968K) : recog_sbump has 0 polygons
2026-03-18 17:57:41 +0100: Memory Usage (450224K) : recog_otp has 0 polygons
2026-03-18 17:57:41 +0100: Memory Usage (450224K) : recog_pdiode has 0 polygons
2026-03-18 17:57:41 +0100: Memory Usage (450224K) : recog_mom has 0 polygons
2026-03-18 17:57:41 +0100: Memory Usage (450224K) : recog_pcm has 0 polygons
2026-03-18 17:57:41 +0100: Memory Usage (450224K) : colopen_drw has 0 polygons
2026-03-18 17:57:41 +0100: Memory Usage (450224K) : graphmetal1_drw has 0 polygons
2026-03-18 17:57:41 +0100: Memory Usage (450480K) : graphmetal1_filler has 0 polygons
2026-03-18 17:57:41 +0100: Memory Usage (450480K) : graphmetal1_nofill has 0 polygons
2026-03-18 17:57:41 +0100: Memory Usage (450480K) : graphmetal1_slit has 0 polygons
2026-03-18 17:57:41 +0100: Memory Usage (450480K) : graphmetal1_opc has 0 polygons
2026-03-18 17:57:41 +0100: Memory Usage (450480K) : graphmet1l_drw has 0 polygons
2026-03-18 17:57:41 +0100: Memory Usage (450480K) : graphmet1l_filler has 0 polygons
2026-03-18 17:57:41 +0100: Memory Usage (450480K) : graphmet1l_nofill has 0 polygons
2026-03-18 17:57:41 +0100: Memory Usage (450736K) : graphmet1l_slit has 0 polygons
2026-03-18 17:57:41 +0100: Memory Usage (450736K) : graphmet1l_opc has 0 polygons
2026-03-18 17:57:41 +0100: Memory Usage (450736K) : extblock_drw has 0 polygons
2026-03-18 17:57:41 +0100: Memory Usage (450736K) : nldd_drw has 0 polygons
2026-03-18 17:57:41 +0100: Memory Usage (450736K) : pldd_drw has 0 polygons
2026-03-18 17:57:41 +0100: Memory Usage (450736K) : next_drw has 0 polygons
2026-03-18 17:57:41 +0100: Memory Usage (450992K) : pext_drw has 0 polygons
2026-03-18 17:57:41 +0100: Memory Usage (450992K) : nexthv_drw has 0 polygons
2026-03-18 17:57:41 +0100: Memory Usage (450992K) : pexthv_drw has 0 polygons
2026-03-18 17:57:41 +0100: Memory Usage (450992K) : graphgate_drw has 0 polygons
2026-03-18 17:57:41 +0100: Memory Usage (451248K) : sinwg_drw has 0 polygons
2026-03-18 17:57:41 +0100: Memory Usage (451248K) : sinwg_filler has 0 polygons
2026-03-18 17:57:41 +0100: Memory Usage (451248K) : sinwg_nofill has 0 polygons
2026-03-18 17:57:41 +0100: Memory Usage (451248K) : mempad_drw has 0 polygons
2026-03-18 17:57:41 +0100: Memory Usage (451248K) : topvia1_drw has 358 polygons
2026-03-18 17:57:41 +0100: Memory Usage (451504K) : topmetal1_drw has 275 polygons
2026-03-18 17:57:41 +0100: Memory Usage (451504K) : topmetal1_pin has 10 polygons
2026-03-18 17:57:41 +0100: Memory Usage (451504K) : topmetal1_mask has 0 polygons
2026-03-18 17:57:41 +0100: Memory Usage (451504K) : topmetal1_filler has 0 polygons
2026-03-18 17:57:41 +0100: Memory Usage (451504K) : topmetal1_nofill has 0 polygons
2026-03-18 17:57:41 +0100: Memory Usage (451504K) : topmetal1_slit has 0 polygons
2026-03-18 17:57:41 +0100: Memory Usage (451760K) : topmetal1_text has 10 polygons
2026-03-18 17:57:41 +0100: Memory Usage (451760K) : topmetal1_noqrc has 0 polygons
2026-03-18 17:57:41 +0100: Memory Usage (451760K) : topmetal1_res has 0 polygons
2026-03-18 17:57:41 +0100: Memory Usage (451760K) : topmetal1_iprobe has 0 polygons
2026-03-18 17:57:41 +0100: Memory Usage (451760K) : topmetal1_diffprb has 0 polygons
2026-03-18 17:57:41 +0100: Memory Usage (451760K) : inldpwl_drw has 0 polygons
2026-03-18 17:57:41 +0100: Memory Usage (452016K) : polyres_drw has 0 polygons
2026-03-18 17:57:41 +0100: Memory Usage (452016K) : polyres_pin has 0 polygons
2026-03-18 17:57:41 +0100: Memory Usage (452016K) : vmim_drw has 4620 polygons
2026-03-18 17:57:41 +0100: Memory Usage (452016K) : nbulaycut_drw has 0 polygons
2026-03-18 17:57:41 +0100: Memory Usage (452016K) : antmetal1_drw has 0 polygons
2026-03-18 17:57:41 +0100: Memory Usage (452272K) : topvia2_drw has 0 polygons
2026-03-18 17:57:41 +0100: Memory Usage (452272K) : topmetal2_drw has 0 polygons
2026-03-18 17:57:41 +0100: Memory Usage (452272K) : topmetal2_pin has 0 polygons
2026-03-18 17:57:41 +0100: Memory Usage (452272K) : topmetal2_mask has 0 polygons
2026-03-18 17:57:41 +0100: Memory Usage (452272K) : topmetal2_filler has 0 polygons
2026-03-18 17:57:41 +0100: Memory Usage (452528K) : topmetal2_nofill has 0 polygons
2026-03-18 17:57:41 +0100: Memory Usage (452528K) : topmetal2_slit has 0 polygons
2026-03-18 17:57:41 +0100: Memory Usage (452528K) : topmetal2_text has 0 polygons
2026-03-18 17:57:41 +0100: Memory Usage (452528K) : topmetal2_noqrc has 0 polygons
2026-03-18 17:57:41 +0100: Memory Usage (452528K) : topmetal2_res has 0 polygons
2026-03-18 17:57:41 +0100: Memory Usage (452784K) : topmetal2_iprobe has 0 polygons
2026-03-18 17:57:41 +0100: Memory Usage (452784K) : topmetal2_diffprb has 0 polygons
2026-03-18 17:57:41 +0100: Memory Usage (452784K) : snsring_drw has 0 polygons
2026-03-18 17:57:41 +0100: Memory Usage (452784K) : sensor_drw has 0 polygons
2026-03-18 17:57:41 +0100: Memory Usage (452784K) : snsarms_drw has 0 polygons
2026-03-18 17:57:41 +0100: Memory Usage (453040K) : snscmosvia_drw has 0 polygons
2026-03-18 17:57:41 +0100: Memory Usage (453040K) : colwind_drw has 0 polygons
2026-03-18 17:57:41 +0100: Memory Usage (453040K) : flm_drw has 0 polygons
2026-03-18 17:57:41 +0100: Memory Usage (453040K) : hafniumox_drw has 0 polygons
2026-03-18 17:57:41 +0100: Memory Usage (453296K) : memvia_drw has 0 polygons
2026-03-18 17:57:41 +0100: Memory Usage (453296K) : thinfilmres_drw has 0 polygons
2026-03-18 17:57:41 +0100: Memory Usage (453296K) : rfmem_drw has 0 polygons
2026-03-18 17:57:41 +0100: Memory Usage (453296K) : norcx_drw has 0 polygons
2026-03-18 17:57:41 +0100: Memory Usage (453296K) : norcx_m2m3 has 0 polygons
2026-03-18 17:57:41 +0100: Memory Usage (453552K) : norcx_m2m4 has 0 polygons
2026-03-18 17:57:41 +0100: Memory Usage (453552K) : norcx_m2m5 has 0 polygons
2026-03-18 17:57:41 +0100: Memory Usage (453552K) : norcx_m2tm1 has 0 polygons
2026-03-18 17:57:41 +0100: Memory Usage (453552K) : norcx_m2tm2 has 0 polygons
2026-03-18 17:57:41 +0100: Memory Usage (453552K) : norcx_m3m4 has 0 polygons
2026-03-18 17:57:41 +0100: Memory Usage (453808K) : norcx_m3m5 has 0 polygons
2026-03-18 17:57:41 +0100: Memory Usage (453808K) : norcx_m3tm1 has 0 polygons
2026-03-18 17:57:41 +0100: Memory Usage (453808K) : norcx_m3tm2 has 0 polygons
2026-03-18 17:57:41 +0100: Memory Usage (453808K) : norcx_m4m5 has 0 polygons
2026-03-18 17:57:41 +0100: Memory Usage (453808K) : norcx_m4tm1 has 0 polygons
2026-03-18 17:57:41 +0100: Memory Usage (453808K) : norcx_m4tm2 has 0 polygons
2026-03-18 17:57:41 +0100: Memory Usage (453808K) : norcx_m5tm1 has 0 polygons
2026-03-18 17:57:41 +0100: Memory Usage (453808K) : norcx_m5tm2 has 0 polygons
2026-03-18 17:57:41 +0100: Memory Usage (454064K) : norcx_tm1tm2 has 0 polygons
2026-03-18 17:57:41 +0100: Memory Usage (454064K) : norcx_m1sub has 0 polygons
2026-03-18 17:57:41 +0100: Memory Usage (454064K) : norcx_m2sub has 0 polygons
2026-03-18 17:57:41 +0100: Memory Usage (454064K) : norcx_m3sub has 0 polygons
2026-03-18 17:57:41 +0100: Memory Usage (454064K) : norcx_m4sub has 0 polygons
2026-03-18 17:57:41 +0100: Memory Usage (454064K) : norcx_m5sub has 0 polygons
2026-03-18 17:57:41 +0100: Memory Usage (454064K) : norcx_tm1sub has 0 polygons
2026-03-18 17:57:41 +0100: Memory Usage (454320K) : norcx_tm2sub has 0 polygons
2026-03-18 17:57:41 +0100: Memory Usage (454320K) : snsbotvia_drw has 0 polygons
2026-03-18 17:57:41 +0100: Memory Usage (454320K) : snstopvia_drw has 0 polygons
2026-03-18 17:57:41 +0100: Memory Usage (454320K) : deepvia_drw has 0 polygons
2026-03-18 17:57:41 +0100: Memory Usage (454320K) : fgetch_drw has 0 polygons
2026-03-18 17:57:41 +0100: Memory Usage (454320K) : ctrgat_drw has 0 polygons
2026-03-18 17:57:41 +0100: Memory Usage (454576K) : fgimp_drw has 0 polygons
2026-03-18 17:57:41 +0100: Memory Usage (454576K) : emwihv_drw has 0 polygons
2026-03-18 17:57:41 +0100: Memory Usage (454576K) : lbe_drw has 0 polygons
2026-03-18 17:57:41 +0100: Memory Usage (454576K) : alcustop_drw has 0 polygons
2026-03-18 17:57:41 +0100: Memory Usage (454576K) : nometfiller_drw has 0 polygons
2026-03-18 17:57:41 +0100: Memory Usage (454576K) : prboundary_drw has 0 polygons
2026-03-18 17:57:41 +0100: Memory Usage (454576K) : exchange0_drw has 0 polygons
2026-03-18 17:57:41 +0100: Memory Usage (454832K) : exchange0_pin has 0 polygons
2026-03-18 17:57:41 +0100: Memory Usage (454832K) : exchange0_text has 0 polygons
2026-03-18 17:57:41 +0100: Memory Usage (454832K) : exchange1_drw has 0 polygons
2026-03-18 17:57:41 +0100: Memory Usage (454832K) : exchange1_pin has 0 polygons
2026-03-18 17:57:41 +0100: Memory Usage (454832K) : exchange1_text has 0 polygons
2026-03-18 17:57:41 +0100: Memory Usage (454832K) : exchange2_drw has 0 polygons
2026-03-18 17:57:41 +0100: Memory Usage (454832K) : exchange2_pin has 0 polygons
2026-03-18 17:57:41 +0100: Memory Usage (455088K) : exchange2_text has 0 polygons
2026-03-18 17:57:41 +0100: Memory Usage (455088K) : exchange3_drw has 0 polygons
2026-03-18 17:57:41 +0100: Memory Usage (455088K) : exchange3_pin has 0 polygons
2026-03-18 17:57:41 +0100: Memory Usage (455088K) : exchange3_text has 0 polygons
2026-03-18 17:57:41 +0100: Memory Usage (455344K) : exchange4_drw has 0 polygons
2026-03-18 17:57:41 +0100: Memory Usage (455344K) : exchange4_pin has 0 polygons
2026-03-18 17:57:41 +0100: Memory Usage (455344K) : exchange4_text has 0 polygons
2026-03-18 17:57:41 +0100: Memory Usage (455344K) : isonwell_drw has 0 polygons
2026-03-18 17:57:41 +0100: Memory Usage (455344K) : Total no. of polygons in the design is 109530
2026-03-18 17:57:41 +0100: Memory Usage (455344K) : Loaded TECH DRC rules values from /foss/pdks/ihp-sg13g2/libs.tech/klayout/python/sg13g2_pycell_lib/sg13g2_tech_mod.json
2026-03-18 17:57:41 +0100: Memory Usage (455344K) : Loaded default DRC rules values from /foss/pdks/ihp-sg13g2/libs.tech/klayout/tech/drc/rule_decks/sg13g2_tech_default.json
2026-03-18 17:57:41 +0100: Memory Usage (455344K) : The following rules values were missing in tech json and default values were used:
2026-03-18 17:57:41 +0100: Memory Usage (455344K) :   - Cnt_c_digibnd
2026-03-18 17:57:41 +0100: Memory Usage (456368K) : Total area of the design is 131620.2048 um^2.
2026-03-18 17:57:41 +0100: Memory Usage (456368K) : The design dimensions are 419.52 µm * 313.74 µm.
2026-03-18 17:57:41 +0100: Memory Usage (456368K) : Starting general IHP-SG13G2 derivations.
2026-03-18 17:57:41 +0100: Memory Usage (456368K) : Starting Pwell derivations
2026-03-18 17:57:41 +0100: Memory Usage (459184K) : Starting n-Activ derivations
2026-03-18 17:57:41 +0100: Memory Usage (459696K) : Starting p-Activ derivations
2026-03-18 17:57:41 +0100: Memory Usage (459696K) : Starting ptap derivations
2026-03-18 17:57:41 +0100: Memory Usage (459952K) : Starting ntap derivations
2026-03-18 17:57:41 +0100: Memory Usage (459952K) : Starting pact FET derivations
2026-03-18 17:57:41 +0100: Memory Usage (459952K) : Starting nact FET derivations
2026-03-18 17:57:41 +0100: Memory Usage (459952K) : Starting Gate derivations
2026-03-18 17:57:41 +0100: Memory Usage (460208K) : Starting cont/contbar general derivations
2026-03-18 17:57:41 +0100: Memory Usage (464560K) : Starting pad general derivations
2026-03-18 17:57:41 +0100: Memory Usage (464560K) : Starting IHP-SG13G2 DRC connectivity related derivations.
2026-03-18 17:57:41 +0100: Memory Usage (464816K) : Starting IHP-SG13G2 DRC connectivity setup
2026-03-18 17:57:41 +0100: Memory Usage (465072K) : Starting IHP-SG13G2 DRC rules.
2026-03-18 17:57:41 +0100: Memory Usage (465072K) : Running all FEOL rules
2026-03-18 17:57:41 +0100: Memory Usage (465072K) : Running all BEOL rules
2026-03-18 17:57:41 +0100: Memory Usage (465072K) : Running all PIN rules
2026-03-18 17:57:41 +0100: Memory Usage (465072K) : Running all FORBIDDEN rules
2026-03-18 17:57:41 +0100: Memory Usage (465072K) : Starting 5.1 NWell table
2026-03-18 17:57:41 +0100: Memory Usage (465072K) : Executing rule NW.b
2026-03-18 17:57:42 +0100: Memory Usage (465584K) : Executing rule NW.b1
2026-03-18 17:57:42 +0100: Memory Usage (465584K) : Starting 5.2 PWell:block
2026-03-18 17:57:42 +0100: Memory Usage (465584K) : Executing rule PWB.e
2026-03-18 17:57:42 +0100: Memory Usage (465584K) : Executing rule PWB.e1
2026-03-18 17:57:42 +0100: Memory Usage (465584K) : Executing rule PWB.f
2026-03-18 17:57:42 +0100: Memory Usage (465584K) : Executing rule PWB.f1
2026-03-18 17:57:42 +0100: Memory Usage (465840K) : Starting 5.3 nBuLay table
2026-03-18 17:57:42 +0100: Memory Usage (465840K) : Executing rule NBL.b
2026-03-18 17:57:42 +0100: Memory Usage (465840K) : Executing rule NBL.c
2026-03-18 17:57:42 +0100: Memory Usage (465840K) : Executing rule NBL.d
2026-03-18 17:57:42 +0100: Memory Usage (465840K) : Executing rule NBL.e
2026-03-18 17:57:42 +0100: Memory Usage (465840K) : Executing rule NBL.f
2026-03-18 17:57:42 +0100: Memory Usage (465840K) : Starting 5.5. Activ table
2026-03-18 17:57:42 +0100: Memory Usage (465840K) : Executing rule Act.a
2026-03-18 17:57:42 +0100: Memory Usage (465840K) : Executing rule Act.b
2026-03-18 17:57:42 +0100: Memory Usage (466096K) : Starting 5.6 Activ:filler table
2026-03-18 17:57:42 +0100: Memory Usage (466096K) : Executing rule AFil.c1
2026-03-18 17:57:42 +0100: Memory Usage (466096K) : Executing rule AFil.c
2026-03-18 17:57:42 +0100: Memory Usage (466096K) : Executing rule AFil.d
2026-03-18 17:57:42 +0100: Memory Usage (466096K) : Executing rule AFil.e
2026-03-18 17:57:42 +0100: Memory Usage (466096K) : Executing rule AFil.j
2026-03-18 17:57:42 +0100: Memory Usage (466096K) : Starting 5.7. ThickGateOx table
2026-03-18 17:57:42 +0100: Memory Usage (466096K) : Executing rule TGO.f
2026-03-18 17:57:42 +0100: Memory Usage (466096K) : Starting 5.8. GatPoly table
2026-03-18 17:57:42 +0100: Memory Usage (466096K) : Executing rule Gat.a
2026-03-18 17:57:42 +0100: Memory Usage (466096K) : Executing rule Gat.b
2026-03-18 17:57:42 +0100: Memory Usage (466096K) : Executing rule Gat.d
2026-03-18 17:57:42 +0100: Memory Usage (466096K) : Executing rule Gat.a1
2026-03-18 17:57:42 +0100: Memory Usage (466352K) : Executing rule Gat.a2
2026-03-18 17:57:42 +0100: Memory Usage (466352K) : Executing rule Gat.g
2026-03-18 17:57:42 +0100: Memory Usage (466352K) : Starting 5.9 GatPoly:filler
2026-03-18 17:57:42 +0100: Memory Usage (466352K) : Executing rule GFil.d
2026-03-18 17:57:42 +0100: Memory Usage (466352K) : Executing rule GFil.e
2026-03-18 17:57:42 +0100: Memory Usage (466352K) : Executing rule GFil.i
2026-03-18 17:57:42 +0100: Memory Usage (466352K) : Starting 5.10 pSD table
2026-03-18 17:57:42 +0100: Memory Usage (466352K) : Executing rule pSD.c1
2026-03-18 17:57:42 +0100: Memory Usage (466352K) : Starting 5.14. Cont table
2026-03-18 17:57:42 +0100: Memory Usage (466352K) : Executing rule Cnt.a
2026-03-18 17:57:42 +0100: Memory Usage (466352K) : Executing rule Cnt.b
2026-03-18 17:57:42 +0100: Memory Usage (466352K) : Executing rule Cnt.c
2026-03-18 17:57:42 +0100: Memory Usage (466352K) : Executing rule Cnt.c
2026-03-18 17:57:42 +0100: Memory Usage (466352K) : Executing rule Cnt.d
2026-03-18 17:57:42 +0100: Memory Usage (466352K) : Executing rule Cnt.e
2026-03-18 17:57:42 +0100: Memory Usage (466352K) : Executing rule Cnt.g1
2026-03-18 17:57:42 +0100: Memory Usage (466352K) : Executing rule Cnt.g2
2026-03-18 17:57:42 +0100: Memory Usage (466352K) : Starting 5.15. ContBar table
2026-03-18 17:57:42 +0100: Memory Usage (466352K) : Executing rule CntB.b1
2026-03-18 17:57:42 +0100: Memory Usage (466352K) : Executing rule CntB.h1
2026-03-18 17:57:42 +0100: Memory Usage (466352K) : Starting 6.1.3 NPN Substrate-Tie table
2026-03-18 17:57:42 +0100: Memory Usage (466352K) : Executing rule npn13G2.bR 
2026-03-18 17:57:42 +0100: Memory Usage (466352K) : Executing rule npn13G2L.cR 
2026-03-18 17:57:42 +0100: Memory Usage (466352K) : Executing rule npn13G2V.cR 
2026-03-18 17:57:42 +0100: Memory Usage (466352K) : Starting 6.7 Schottky diode table
2026-03-18 17:57:42 +0100: Memory Usage (466352K) : Executing rule Sdiod.d
2026-03-18 17:57:42 +0100: Memory Usage (466352K) : Executing rule Sdiod.e
2026-03-18 17:57:42 +0100: Memory Usage (466352K) : Starting 7.2 Latch-up table
2026-03-18 17:57:42 +0100: Memory Usage (466352K) : Executing rule LU.b
2026-03-18 17:57:42 +0100: Memory Usage (466352K) : Starting 5.16. Metal1 table
2026-03-18 17:57:42 +0100: Memory Usage (466352K) : Executing rule M1.a
2026-03-18 17:57:42 +0100: Memory Usage (466352K) : Executing rule M1.b
2026-03-18 17:57:42 +0100: Memory Usage (467120K) : Executing rule M1.e
2026-03-18 17:57:42 +0100: Memory Usage (467120K) : Executing rule M1.f
2026-03-18 17:57:42 +0100: Memory Usage (467120K) : Executing rule M1.g
2026-03-18 17:57:42 +0100: Memory Usage (467120K) : Executing rule M1.i
2026-03-18 17:57:42 +0100: Memory Usage (467120K) : Starting 5.17 Metaln table
2026-03-18 17:57:42 +0100: Memory Usage (467120K) : Executing rule M2.a
2026-03-18 17:57:42 +0100: Memory Usage (467120K) : Executing rule M2.b
2026-03-18 17:57:42 +0100: Memory Usage (467120K) : Executing rule M2.e
2026-03-18 17:57:42 +0100: Memory Usage (467120K) : Executing rule M2.f
2026-03-18 17:57:42 +0100: Memory Usage (467120K) : Executing rule M2.g
2026-03-18 17:57:42 +0100: Memory Usage (467120K) : Executing rule M2.i
2026-03-18 17:57:42 +0100: Memory Usage (467120K) : Executing rule M3.a
2026-03-18 17:57:42 +0100: Memory Usage (467120K) : Executing rule M3.b
2026-03-18 17:57:42 +0100: Memory Usage (467120K) : Executing rule M3.e
2026-03-18 17:57:42 +0100: Memory Usage (467120K) : Executing rule M3.f
2026-03-18 17:57:42 +0100: Memory Usage (467120K) : Executing rule M3.g
2026-03-18 17:57:42 +0100: Memory Usage (467120K) : Executing rule M3.i
2026-03-18 17:57:42 +0100: Memory Usage (467120K) : Executing rule M4.a
2026-03-18 17:57:42 +0100: Memory Usage (467120K) : Executing rule M4.b
2026-03-18 17:57:42 +0100: Memory Usage (467120K) : Executing rule M4.e
2026-03-18 17:57:42 +0100: Memory Usage (467120K) : Executing rule M4.f
2026-03-18 17:57:42 +0100: Memory Usage (467120K) : Executing rule M4.g
2026-03-18 17:57:42 +0100: Memory Usage (467120K) : Executing rule M4.i
2026-03-18 17:57:42 +0100: Memory Usage (467120K) : Executing rule M5.a
2026-03-18 17:57:42 +0100: Memory Usage (467120K) : Executing rule M5.b
2026-03-18 17:57:42 +0100: Memory Usage (467120K) : Executing rule M5.e
2026-03-18 17:57:42 +0100: Memory Usage (467120K) : Executing rule M5.f
2026-03-18 17:57:42 +0100: Memory Usage (467120K) : Executing rule M5.g
2026-03-18 17:57:42 +0100: Memory Usage (467120K) : Executing rule M5.i
2026-03-18 17:57:43 +0100: Memory Usage (467120K) : Starting 5.18 Metaln:filler table
2026-03-18 17:57:43 +0100: Memory Usage (467120K) : Executing rule M1Fil.c
2026-03-18 17:57:43 +0100: Memory Usage (467120K) : Executing rule M1Fil.a2
2026-03-18 17:57:43 +0100: Memory Usage (467120K) : Executing rule M2Fil.c
2026-03-18 17:57:43 +0100: Memory Usage (467120K) : Executing rule M2Fil.a2
2026-03-18 17:57:43 +0100: Memory Usage (467120K) : Executing rule M3Fil.c
2026-03-18 17:57:43 +0100: Memory Usage (467120K) : Executing rule M3Fil.a2
2026-03-18 17:57:43 +0100: Memory Usage (467120K) : Executing rule M4Fil.c
2026-03-18 17:57:43 +0100: Memory Usage (467120K) : Executing rule M4Fil.a2
2026-03-18 17:57:43 +0100: Memory Usage (467120K) : Executing rule M5Fil.c
2026-03-18 17:57:43 +0100: Memory Usage (467120K) : Executing rule M5Fil.a2
2026-03-18 17:57:43 +0100: Memory Usage (467120K) : Starting 5.19. Via1 table
2026-03-18 17:57:43 +0100: Memory Usage (467120K) : Starting 5.19. Via1 table derivations
2026-03-18 17:57:43 +0100: Memory Usage (467120K) : Executing rule V1.a
2026-03-18 17:57:43 +0100: Memory Usage (467120K) : Executing rule V1.b
2026-03-18 17:57:43 +0100: Memory Usage (467120K) : Executing rule V1.c
2026-03-18 17:57:43 +0100: Memory Usage (467120K) : Starting 5.20. Vian table
2026-03-18 17:57:43 +0100: Memory Usage (467120K) : Executing rule V2.a
2026-03-18 17:57:43 +0100: Memory Usage (467120K) : Executing rule V2.b
2026-03-18 17:57:43 +0100: Memory Usage (467120K) : Executing rule V2.c
2026-03-18 17:57:43 +0100: Memory Usage (467120K) : Executing rule V3.a
2026-03-18 17:57:43 +0100: Memory Usage (467120K) : Executing rule V3.b
2026-03-18 17:57:43 +0100: Memory Usage (467120K) : Executing rule V3.c
2026-03-18 17:57:43 +0100: Memory Usage (467120K) : Executing rule V4.a
2026-03-18 17:57:43 +0100: Memory Usage (467120K) : Executing rule V4.b
2026-03-18 17:57:43 +0100: Memory Usage (467120K) : Executing rule V4.c
2026-03-18 17:57:43 +0100: Memory Usage (467120K) : Starting 5.21. TopVia1 table
2026-03-18 17:57:43 +0100: Memory Usage (467120K) : Executing rule TV1.a
2026-03-18 17:57:43 +0100: Memory Usage (467120K) : Executing rule TV1.b
2026-03-18 17:57:43 +0100: Memory Usage (467120K) : Executing rule TV1.c
2026-03-18 17:57:43 +0100: Memory Usage (467120K) : Executing rule TV1.d
2026-03-18 17:57:43 +0100: Memory Usage (467120K) : Starting 5.22. TopMetal1 table
2026-03-18 17:57:43 +0100: Memory Usage (467120K) : Executing rule TM1.a
2026-03-18 17:57:43 +0100: Memory Usage (467120K) : Executing rule TM1.b
2026-03-18 17:57:43 +0100: Memory Usage (467120K) : Starting 5.23 TopMetal1:filler table
2026-03-18 17:57:43 +0100: Memory Usage (467120K) : Executing rule TM1Fil.c
2026-03-18 17:57:43 +0100: Memory Usage (467120K) : Executing rule TM1Fil.a1
2026-03-18 17:57:43 +0100: Memory Usage (467120K) : Starting 5.24. TopVia2 table
2026-03-18 17:57:43 +0100: Memory Usage (467120K) : Executing rule TV2.a
2026-03-18 17:57:43 +0100: Memory Usage (467120K) : Executing rule TV2.b
2026-03-18 17:57:43 +0100: Memory Usage (467120K) : Executing rule TV2.c
2026-03-18 17:57:43 +0100: Memory Usage (467120K) : Executing rule TV2.d
2026-03-18 17:57:43 +0100: Memory Usage (467120K) : Starting 5.25. TopMetal2 table
2026-03-18 17:57:43 +0100: Memory Usage (467120K) : Executing rule TM2.a
2026-03-18 17:57:43 +0100: Memory Usage (467120K) : Executing rule TM2.b
2026-03-18 17:57:43 +0100: Memory Usage (467120K) : Executing rule TM2.bR
2026-03-18 17:57:43 +0100: Memory Usage (467120K) : Starting 5.26 TopMetal2:filler table
2026-03-18 17:57:43 +0100: Memory Usage (467120K) : Executing rule TM2Fil.c
2026-03-18 17:57:43 +0100: Memory Usage (467120K) : Executing rule TM2Fil.a1
2026-03-18 17:57:43 +0100: Memory Usage (467120K) : Starting 5.27. Passiv table
2026-03-18 17:57:43 +0100: Memory Usage (467120K) : Executing rule Pas.a
2026-03-18 17:57:43 +0100: Memory Usage (467120K) : Executing rule Pas.b
2026-03-18 17:57:43 +0100: Memory Usage (467120K) : Executing rule Pas.c
2026-03-18 17:57:43 +0100: Memory Usage (467120K) : Starting 6.9.2 Copper Pillar table
2026-03-18 17:57:43 +0100: Memory Usage (467120K) : Executing rule Padc.a
2026-03-18 17:57:43 +0100: Memory Usage (467120K) : Executing rule Padc.b
2026-03-18 17:57:43 +0100: Memory Usage (467120K) : Executing rule Padc.c
2026-03-18 17:57:43 +0100: Memory Usage (467120K) : Executing rule Padb.f
2026-03-18 17:57:43 +0100: Memory Usage (467120K) : Starting 6.9 Pad table
2026-03-18 17:57:43 +0100: Memory Usage (467120K) : Executing rule Pad.m
2026-03-18 17:57:43 +0100: Memory Usage (467120K) : Executing rule Pad.fR_M1
2026-03-18 17:57:43 +0100: Memory Usage (467120K) : Executing rule Pad.fR_M2
2026-03-18 17:57:43 +0100: Memory Usage (467120K) : Executing rule Pad.fR_M3
2026-03-18 17:57:43 +0100: Memory Usage (467120K) : Executing rule Pad.fR_M4
2026-03-18 17:57:43 +0100: Memory Usage (467120K) : Executing rule Pad.fR_M5
2026-03-18 17:57:43 +0100: Memory Usage (467120K) : Executing rule Pad.fR_TM1
2026-03-18 17:57:43 +0100: Memory Usage (467120K) : Executing rule Pad.fR_TM2
2026-03-18 17:57:43 +0100: Memory Usage (467120K) : Executing rule Pad.i
2026-03-18 17:57:43 +0100: Memory Usage (467120K) : Starting 6.9.1 Solder Bump
2026-03-18 17:57:43 +0100: Memory Usage (467120K) : Executing rule Padb.a
2026-03-18 17:57:43 +0100: Memory Usage (467120K) : Executing rule Padb.b
2026-03-18 17:57:43 +0100: Memory Usage (467120K) : Executing rule Padb.c
2026-03-18 17:57:43 +0100: Memory Usage (467120K) : Executing rule Padb.f
2026-03-18 17:57:43 +0100: Memory Usage (467120K) : Executing rule Padb.d
2026-03-18 17:57:43 +0100: Memory Usage (467120K) : Starting 6.10 Sealring table
2026-03-18 17:57:43 +0100: Memory Usage (467120K) : Executing rule Seal.l
2026-03-18 17:57:43 +0100: Memory Usage (467120K) : Executing rule Seal.n
2026-03-18 17:57:43 +0100: Memory Usage (467120K) : Executing rule seal.b_metal1
2026-03-18 17:57:43 +0100: Memory Usage (467120K) : Executing rule seal.b_metal2
2026-03-18 17:57:43 +0100: Memory Usage (467120K) : Executing rule seal.b_metal3
2026-03-18 17:57:43 +0100: Memory Usage (467120K) : Executing rule seal.b_metal4
2026-03-18 17:57:43 +0100: Memory Usage (467120K) : Executing rule seal.b_metal5
2026-03-18 17:57:43 +0100: Memory Usage (467120K) : Executing rule seal.b_topmetal1
2026-03-18 17:57:43 +0100: Memory Usage (467120K) : Executing rule seal.b_topmetal2
2026-03-18 17:57:43 +0100: Memory Usage (467120K) : Executing rule seal.b_activ
2026-03-18 17:57:43 +0100: Memory Usage (467120K) : Executing rule seal.b_psd
2026-03-18 17:57:43 +0100: Memory Usage (467120K) : Executing rule Seal.k
2026-03-18 17:57:43 +0100: Memory Usage (467120K) : Executing rule Seal.m
2026-03-18 17:57:43 +0100: Memory Usage (467120K) : Starting 6.11 MIM table
2026-03-18 17:57:43 +0100: Memory Usage (467120K) : Executing rule MIM.c
2026-03-18 17:57:43 +0100: Memory Usage (467120K) : Executing rule MIM.d
2026-03-18 17:57:43 +0100: Memory Usage (467120K) : Executing rule MIM.gR
2026-03-18 17:57:43 +0100: Memory Usage (467120K) : Starting 7.3 Metal Slits table
2026-03-18 17:57:43 +0100: Memory Usage (467120K) : Executing rule Slt.e1_M1
2026-03-18 17:57:43 +0100: Memory Usage (467120K) : Executing rule Slt.e1_M2
2026-03-18 17:57:43 +0100: Memory Usage (467120K) : Executing rule Slt.e1_M3
2026-03-18 17:57:43 +0100: Memory Usage (467120K) : Executing rule Slt.e1_M4
2026-03-18 17:57:43 +0100: Memory Usage (467120K) : Executing rule Slt.e1_M5
2026-03-18 17:57:43 +0100: Memory Usage (467120K) : Executing rule Slt.e1_TM1
2026-03-18 17:57:43 +0100: Memory Usage (467120K) : Executing rule Slt.e1_TM2
2026-03-18 17:57:43 +0100: Memory Usage (467120K) : Starting 9.1. LBE table
2026-03-18 17:57:43 +0100: Memory Usage (467120K) : Executing rule LBE.a
2026-03-18 17:57:43 +0100: Memory Usage (467120K) : Executing rule LBE.b
2026-03-18 17:57:43 +0100: Memory Usage (467120K) : Executing rule LBE.b1
2026-03-18 17:57:43 +0100: Memory Usage (467120K) : Executing rule LBE.c
2026-03-18 17:57:43 +0100: Memory Usage (467120K) : Executing rule LBE.d
2026-03-18 17:57:43 +0100: Memory Usage (467120K) : Executing rule LBE.h
2026-03-18 17:57:43 +0100: Memory Usage (467120K) : Starting 7.4. PIN table
2026-03-18 17:57:43 +0100: Memory Usage (467120K) : Executing rule Pin.a
2026-03-18 17:57:43 +0100: Memory Usage (467120K) : Executing rule Pin.b
2026-03-18 17:57:43 +0100: Memory Usage (467120K) : Executing rule Pin.e
2026-03-18 17:57:43 +0100: Memory Usage (467120K) : Executing rule Pin.f_M2
2026-03-18 17:57:43 +0100: Memory Usage (467120K) : Executing rule Pin.f_M3
2026-03-18 17:57:43 +0100: Memory Usage (467120K) : Executing rule Pin.f_M4
2026-03-18 17:57:43 +0100: Memory Usage (467120K) : Executing rule Pin.f_M5
2026-03-18 17:57:43 +0100: Memory Usage (467120K) : Executing rule Pin.g
2026-03-18 17:57:43 +0100: Memory Usage (467120K) : Executing rule Pin.h
2026-03-18 17:57:43 +0100: Memory Usage (467120K) : Starting 3.2. FORBIDDEN table
2026-03-18 17:57:43 +0100: Memory Usage (467120K) : Executing rule forbidden.biwind
2026-03-18 17:57:43 +0100: Memory Usage (467120K) : Executing rule forbidden.pemwind
2026-03-18 17:57:43 +0100: Memory Usage (467120K) : Executing rule forbidden.baspoly
2026-03-18 17:57:43 +0100: Memory Usage (467120K) : Executing rule forbidden.deepco
2026-03-18 17:57:43 +0100: Memory Usage (467120K) : Executing rule forbidden.pempoly
2026-03-18 17:57:43 +0100: Memory Usage (467120K) : Executing rule forbidden.empoly
2026-03-18 17:57:43 +0100: Memory Usage (467376K) : Executing rule forbidden.ldmos
2026-03-18 17:57:43 +0100: Memory Usage (467376K) : Executing rule forbidden.pbiwind
2026-03-18 17:57:43 +0100: Memory Usage (467632K) : Executing rule forbidden.nodrc
2026-03-18 17:57:43 +0100: Memory Usage (467632K) : Executing rule forbidden.flash
2026-03-18 17:57:43 +0100: Memory Usage (467632K) : Executing rule forbidden.colwind
2026-03-18 17:57:43 +0100: Memory Usage (467888K) : KLayout DRC run for tables 'main' completed in 1.76 seconds
