# Logfile created on 2026-03-17 19:34:26 +0100 by logger.rb/v1.5.3
2026-03-17 19:34:26 +0100: Memory Usage (438480K) : Starting running IHP-SG13G2 KLayout DRC runset on /foss/pdks/ihp-sg13g2/libs.ref/sg13g2_stdcell/gds/sg13g2_stdcell.gds
2026-03-17 19:34:26 +0100: Memory Usage (438480K) : Ruby Version for klayout: 3.2.3
2026-03-17 19:34:26 +0100: Memory Usage (438480K) : Loading database to memory is complete.
2026-03-17 19:34:26 +0100: Memory Usage (438480K) : IHP-SG13G2 KLayout DRC runset output at: /foss/designs/adex_neuron/ttihp26a-adex-neuron-ncs/klayout/drc_run_sg13g2_tiehi/sg13g2_stdcell_sg13g2_tiehi_main.lyrdb
2026-03-17 19:34:26 +0100: Memory Usage (438480K) : Evaluate switches.
2026-03-17 19:34:26 +0100: Memory Usage (438480K) : tables selected: main
2026-03-17 19:34:26 +0100: Memory Usage (438480K) : KLayout will use 1 thread(s) in tiling mode.
2026-03-17 19:34:26 +0100: Memory Usage (438480K) : deep mode is enabled.
2026-03-17 19:34:26 +0100: Memory Usage (438480K) : FEOL enabled: true
2026-03-17 19:34:26 +0100: Memory Usage (438480K) : BEOL enabled: true
2026-03-17 19:34:26 +0100: Memory Usage (438480K) : OFFGRID enabled: true
2026-03-17 19:34:26 +0100: Memory Usage (438480K) : PIN enabled: true
2026-03-17 19:34:26 +0100: Memory Usage (438480K) : FORBIDDEN enabled: true
2026-03-17 19:34:26 +0100: Memory Usage (438480K) : RECOMMENDED enabled: true
2026-03-17 19:34:26 +0100: Memory Usage (438480K) : PreCheck DRC enabled: false
2026-03-17 19:34:26 +0100: Memory Usage (438480K) : CONNECTIVITY_RULES enabled: true.
2026-03-17 19:34:26 +0100: Memory Usage (438480K) : Read in polygons from layers.
2026-03-17 19:34:26 +0100: Memory Usage (439248K) : activ_drw has 2 polygons
2026-03-17 19:34:26 +0100: Memory Usage (439248K) : activ_pin has 0 polygons
2026-03-17 19:34:26 +0100: Memory Usage (439248K) : activ_mask has 0 polygons
2026-03-17 19:34:26 +0100: Memory Usage (439248K) : activ_filler has 0 polygons
2026-03-17 19:34:26 +0100: Memory Usage (439248K) : activ_nofill has 0 polygons
2026-03-17 19:34:26 +0100: Memory Usage (439248K) : activ_opc has 0 polygons
2026-03-17 19:34:26 +0100: Memory Usage (439248K) : activ_iopc has 0 polygons
2026-03-17 19:34:26 +0100: Memory Usage (439248K) : activ_noqrc has 0 polygons
2026-03-17 19:34:26 +0100: Memory Usage (439248K) : biwind_drw has 0 polygons
2026-03-17 19:34:26 +0100: Memory Usage (439248K) : biwind_opc has 0 polygons
2026-03-17 19:34:26 +0100: Memory Usage (439248K) : pemwind_drw has 0 polygons
2026-03-17 19:34:26 +0100: Memory Usage (439248K) : gatpoly_drw has 3 polygons
2026-03-17 19:34:26 +0100: Memory Usage (439248K) : gatpoly_pin has 0 polygons
2026-03-17 19:34:26 +0100: Memory Usage (439248K) : gatpoly_filler has 0 polygons
2026-03-17 19:34:26 +0100: Memory Usage (439248K) : gatpoly_nofill has 0 polygons
2026-03-17 19:34:26 +0100: Memory Usage (439504K) : gatpoly_opc has 0 polygons
2026-03-17 19:34:26 +0100: Memory Usage (439504K) : gatpoly_iopc has 0 polygons
2026-03-17 19:34:26 +0100: Memory Usage (439504K) : gatpoly_noqrc has 0 polygons
2026-03-17 19:34:26 +0100: Memory Usage (439760K) : cont_drw has 26 polygons
2026-03-17 19:34:26 +0100: Memory Usage (440016K) : cont_opc has 0 polygons
2026-03-17 19:34:26 +0100: Memory Usage (440016K) : nsd_drw has 0 polygons
2026-03-17 19:34:26 +0100: Memory Usage (440016K) : nsd_block has 0 polygons
2026-03-17 19:34:26 +0100: Memory Usage (440016K) : metal1_drw has 6 polygons
2026-03-17 19:34:26 +0100: Memory Usage (440272K) : metal1_pin has 3 polygons
2026-03-17 19:34:26 +0100: Memory Usage (440272K) : metal1_mask has 0 polygons
2026-03-17 19:34:26 +0100: Memory Usage (440272K) : metal1_filler has 0 polygons
2026-03-17 19:34:26 +0100: Memory Usage (440272K) : metal1_nofill has 0 polygons
2026-03-17 19:34:26 +0100: Memory Usage (440272K) : metal1_slit has 0 polygons
2026-03-17 19:34:26 +0100: Memory Usage (440784K) : metal1_text has 3 polygons
2026-03-17 19:34:26 +0100: Memory Usage (440784K) : metal1_opc has 0 polygons
2026-03-17 19:34:26 +0100: Memory Usage (440784K) : metal1_noqrc has 0 polygons
2026-03-17 19:34:26 +0100: Memory Usage (440784K) : metal1_res has 0 polygons
2026-03-17 19:34:26 +0100: Memory Usage (440784K) : metal1_iprobe has 0 polygons
2026-03-17 19:34:26 +0100: Memory Usage (441040K) : metal1_diffprb has 0 polygons
2026-03-17 19:34:26 +0100: Memory Usage (441040K) : passiv_drw has 0 polygons
2026-03-17 19:34:26 +0100: Memory Usage (441040K) : passiv_pin has 0 polygons
2026-03-17 19:34:26 +0100: Memory Usage (441040K) : passiv_sbump has 0 polygons
2026-03-17 19:34:26 +0100: Memory Usage (441296K) : passiv_pillar has 0 polygons
2026-03-17 19:34:26 +0100: Memory Usage (441296K) : passiv_pdl has 0 polygons
2026-03-17 19:34:26 +0100: Memory Usage (441296K) : metal2_drw has 0 polygons
2026-03-17 19:34:26 +0100: Memory Usage (441296K) : metal2_pin has 0 polygons
2026-03-17 19:34:26 +0100: Memory Usage (441296K) : metal2_mask has 0 polygons
2026-03-17 19:34:26 +0100: Memory Usage (441552K) : metal2_filler has 0 polygons
2026-03-17 19:34:26 +0100: Memory Usage (441552K) : metal2_nofill has 0 polygons
2026-03-17 19:34:26 +0100: Memory Usage (441552K) : metal2_slit has 0 polygons
2026-03-17 19:34:26 +0100: Memory Usage (441552K) : metal2_text has 0 polygons
2026-03-17 19:34:26 +0100: Memory Usage (441552K) : metal2_opc has 0 polygons
2026-03-17 19:34:26 +0100: Memory Usage (441808K) : metal2_noqrc has 0 polygons
2026-03-17 19:34:26 +0100: Memory Usage (441808K) : metal2_res has 0 polygons
2026-03-17 19:34:26 +0100: Memory Usage (441808K) : metal2_iprobe has 0 polygons
2026-03-17 19:34:26 +0100: Memory Usage (442064K) : metal2_diffprb has 0 polygons
2026-03-17 19:34:26 +0100: Memory Usage (442064K) : baspoly_drw has 0 polygons
2026-03-17 19:34:26 +0100: Memory Usage (442064K) : baspoly_pin has 0 polygons
2026-03-17 19:34:26 +0100: Memory Usage (442064K) : psd_drw has 2 polygons
2026-03-17 19:34:26 +0100: Memory Usage (442064K) : nldb_drw has 0 polygons
2026-03-17 19:34:26 +0100: Memory Usage (442320K) : digibnd_drw has 0 polygons
2026-03-17 19:34:26 +0100: Memory Usage (442320K) : via1_drw has 0 polygons
2026-03-17 19:34:26 +0100: Memory Usage (442320K) : backmetal1_drw has 0 polygons
2026-03-17 19:34:26 +0100: Memory Usage (442320K) : backmetal1_pin has 0 polygons
2026-03-17 19:34:26 +0100: Memory Usage (442320K) : backmetal1_mask has 0 polygons
2026-03-17 19:34:26 +0100: Memory Usage (442576K) : backmetal1_filler has 0 polygons
2026-03-17 19:34:26 +0100: Memory Usage (442576K) : backmetal1_nofill has 0 polygons
2026-03-17 19:34:26 +0100: Memory Usage (442576K) : backmetal1_slit has 0 polygons
2026-03-17 19:34:26 +0100: Memory Usage (442576K) : backmetal1_text has 0 polygons
2026-03-17 19:34:26 +0100: Memory Usage (442832K) : backmetal1_opc has 0 polygons
2026-03-17 19:34:26 +0100: Memory Usage (442832K) : backmetal1_noqrc has 0 polygons
2026-03-17 19:34:26 +0100: Memory Usage (442832K) : backmetal1_res has 0 polygons
2026-03-17 19:34:26 +0100: Memory Usage (442832K) : backmetal1_iprobe has 0 polygons
2026-03-17 19:34:26 +0100: Memory Usage (442832K) : backmetal1_diffprb has 0 polygons
2026-03-17 19:34:26 +0100: Memory Usage (443088K) : backpassiv_drw has 0 polygons
2026-03-17 19:34:26 +0100: Memory Usage (443088K) : res_drw has 0 polygons
2026-03-17 19:34:26 +0100: Memory Usage (443088K) : sram_drw has 0 polygons
2026-03-17 19:34:26 +0100: Memory Usage (443088K) : trans_drw has 0 polygons
2026-03-17 19:34:26 +0100: Memory Usage (443088K) : ind_drw has 0 polygons
2026-03-17 19:34:26 +0100: Memory Usage (443088K) : ind_pin has 0 polygons
2026-03-17 19:34:26 +0100: Memory Usage (443344K) : ind_text has 0 polygons
2026-03-17 19:34:26 +0100: Memory Usage (443344K) : salblock_drw has 0 polygons
2026-03-17 19:34:26 +0100: Memory Usage (443344K) : via2_drw has 0 polygons
2026-03-17 19:34:26 +0100: Memory Usage (443344K) : metal3_drw has 0 polygons
2026-03-17 19:34:26 +0100: Memory Usage (443600K) : metal3_pin has 0 polygons
2026-03-17 19:34:26 +0100: Memory Usage (443600K) : metal3_mask has 0 polygons
2026-03-17 19:34:26 +0100: Memory Usage (443600K) : metal3_filler has 0 polygons
2026-03-17 19:34:26 +0100: Memory Usage (443600K) : metal3_nofill has 0 polygons
2026-03-17 19:34:26 +0100: Memory Usage (443856K) : metal3_slit has 0 polygons
2026-03-17 19:34:26 +0100: Memory Usage (443856K) : metal3_text has 0 polygons
2026-03-17 19:34:26 +0100: Memory Usage (443856K) : metal3_opc has 0 polygons
2026-03-17 19:34:26 +0100: Memory Usage (443856K) : metal3_noqrc has 0 polygons
2026-03-17 19:34:26 +0100: Memory Usage (443856K) : metal3_res has 0 polygons
2026-03-17 19:34:26 +0100: Memory Usage (444112K) : metal3_iprobe has 0 polygons
2026-03-17 19:34:26 +0100: Memory Usage (444112K) : metal3_diffprb has 0 polygons
2026-03-17 19:34:26 +0100: Memory Usage (444112K) : nwell_drw has 1 polygons
2026-03-17 19:34:26 +0100: Memory Usage (444368K) : nwell_pin has 0 polygons
2026-03-17 19:34:26 +0100: Memory Usage (444368K) : nbulay_drw has 0 polygons
2026-03-17 19:34:26 +0100: Memory Usage (444368K) : nbulay_pin has 0 polygons
2026-03-17 19:34:26 +0100: Memory Usage (444368K) : nbulay_block has 0 polygons
2026-03-17 19:34:26 +0100: Memory Usage (444368K) : emwind_drw has 0 polygons
2026-03-17 19:34:26 +0100: Memory Usage (444624K) : emwind_opc has 0 polygons
2026-03-17 19:34:26 +0100: Memory Usage (444624K) : deepco_drw has 0 polygons
2026-03-17 19:34:26 +0100: Memory Usage (444624K) : deepco_drw has 0 polygons
2026-03-17 19:34:26 +0100: Memory Usage (444624K) : mim_drw has 0 polygons
2026-03-17 19:34:26 +0100: Memory Usage (444880K) : edgeseal_drw has 0 polygons
2026-03-17 19:34:26 +0100: Memory Usage (444880K) : edgeseal_bound has 0 polygons
2026-03-17 19:34:26 +0100: Memory Usage (444880K) : substrate_drw has 0 polygons
2026-03-17 19:34:26 +0100: Memory Usage (445136K) : substrate_text has 0 polygons
2026-03-17 19:34:26 +0100: Memory Usage (445136K) : dfpad_drw has 0 polygons
2026-03-17 19:34:26 +0100: Memory Usage (445136K) : dfpad_pillar has 0 polygons
2026-03-17 19:34:26 +0100: Memory Usage (445136K) : dfpad_sbump has 0 polygons
2026-03-17 19:34:26 +0100: Memory Usage (445136K) : thickgateox_drw has 0 polygons
2026-03-17 19:34:26 +0100: Memory Usage (445392K) : pldb_drw has 0 polygons
2026-03-17 19:34:26 +0100: Memory Usage (445392K) : pwell_drw has 0 polygons
2026-03-17 19:34:26 +0100: Memory Usage (445392K) : pwell_pin has 0 polygons
2026-03-17 19:34:26 +0100: Memory Usage (445392K) : pwell_block has 0 polygons
2026-03-17 19:34:26 +0100: Memory Usage (445392K) : ic_drw has 0 polygons
2026-03-17 19:34:26 +0100: Memory Usage (445648K) : via3_drw has 0 polygons
2026-03-17 19:34:26 +0100: Memory Usage (445648K) : metal4_drw has 0 polygons
2026-03-17 19:34:26 +0100: Memory Usage (445648K) : metal4_pin has 0 polygons
2026-03-17 19:34:26 +0100: Memory Usage (445904K) : metal4_mask has 0 polygons
2026-03-17 19:34:26 +0100: Memory Usage (445904K) : metal4_filler has 0 polygons
2026-03-17 19:34:26 +0100: Memory Usage (445904K) : metal4_nofill has 0 polygons
2026-03-17 19:34:26 +0100: Memory Usage (445904K) : metal4_slit has 0 polygons
2026-03-17 19:34:26 +0100: Memory Usage (445904K) : metal4_text has 0 polygons
2026-03-17 19:34:26 +0100: Memory Usage (446160K) : metal4_opc has 0 polygons
2026-03-17 19:34:26 +0100: Memory Usage (446160K) : metal4_noqrc has 0 polygons
2026-03-17 19:34:26 +0100: Memory Usage (446160K) : metal4_res has 0 polygons
2026-03-17 19:34:26 +0100: Memory Usage (446160K) : metal4_iprobe has 0 polygons
2026-03-17 19:34:26 +0100: Memory Usage (446416K) : metal4_diffprb has 0 polygons
2026-03-17 19:34:26 +0100: Memory Usage (446416K) : heattrans_drw has 0 polygons
2026-03-17 19:34:26 +0100: Memory Usage (446416K) : heatres_drw has 0 polygons
2026-03-17 19:34:26 +0100: Memory Usage (446416K) : pempoly_drw has 0 polygons
2026-03-17 19:34:26 +0100: Memory Usage (446672K) : fbe_drw has 0 polygons
2026-03-17 19:34:26 +0100: Memory Usage (446672K) : empoly_drw has 0 polygons
2026-03-17 19:34:26 +0100: Memory Usage (446672K) : ldmos_drw has 0 polygons
2026-03-17 19:34:26 +0100: Memory Usage (446928K) : pbiwind_drw has 0 polygons
2026-03-17 19:34:26 +0100: Memory Usage (446928K) : digisub_drw has 0 polygons
2026-03-17 19:34:26 +0100: Memory Usage (446928K) : nodrc_drw has 0 polygons
2026-03-17 19:34:26 +0100: Memory Usage (446928K) : text_drw has 0 polygons
2026-03-17 19:34:26 +0100: Memory Usage (446928K) : via4_drw has 0 polygons
2026-03-17 19:34:26 +0100: Memory Usage (447184K) : metal5_drw has 0 polygons
2026-03-17 19:34:26 +0100: Memory Usage (447184K) : metal5_pin has 0 polygons
2026-03-17 19:34:26 +0100: Memory Usage (447184K) : metal5_mask has 0 polygons
2026-03-17 19:34:26 +0100: Memory Usage (447184K) : metal5_filler has 0 polygons
2026-03-17 19:34:26 +0100: Memory Usage (447184K) : metal5_nofill has 0 polygons
2026-03-17 19:34:26 +0100: Memory Usage (447440K) : metal5_slit has 0 polygons
2026-03-17 19:34:26 +0100: Memory Usage (447440K) : metal5_text has 0 polygons
2026-03-17 19:34:26 +0100: Memory Usage (447440K) : metal5_opc has 0 polygons
2026-03-17 19:34:26 +0100: Memory Usage (447440K) : metal5_noqrc has 0 polygons
2026-03-17 19:34:26 +0100: Memory Usage (447440K) : metal5_res has 0 polygons
2026-03-17 19:34:26 +0100: Memory Usage (447696K) : metal5_iprobe has 0 polygons
2026-03-17 19:34:26 +0100: Memory Usage (447696K) : metal5_diffprb has 0 polygons
2026-03-17 19:34:26 +0100: Memory Usage (447696K) : radhard_drw has 0 polygons
2026-03-17 19:34:26 +0100: Memory Usage (447952K) : memcap_drw has 0 polygons
2026-03-17 19:34:26 +0100: Memory Usage (447952K) : varicap_drw has 0 polygons
2026-03-17 19:34:26 +0100: Memory Usage (447952K) : flash_drw has 0 polygons
2026-03-17 19:34:26 +0100: Memory Usage (448208K) : intbondvia_drw has 0 polygons
2026-03-17 19:34:26 +0100: Memory Usage (448208K) : intbondmet_drw has 0 polygons
2026-03-17 19:34:26 +0100: Memory Usage (448208K) : devbondvia_drw has 0 polygons
2026-03-17 19:34:26 +0100: Memory Usage (448208K) : devbondmet_drw has 0 polygons
2026-03-17 19:34:26 +0100: Memory Usage (448208K) : devtrench_drw has 0 polygons
2026-03-17 19:34:26 +0100: Memory Usage (448464K) : redist_drw has 0 polygons
2026-03-17 19:34:26 +0100: Memory Usage (448464K) : graphbot_drw has 0 polygons
2026-03-17 19:34:26 +0100: Memory Usage (448464K) : graphtop_drw has 0 polygons
2026-03-17 19:34:26 +0100: Memory Usage (448464K) : antvia1_drw has 0 polygons
2026-03-17 19:34:26 +0100: Memory Usage (448464K) : antmetal2_drw has 0 polygons
2026-03-17 19:34:26 +0100: Memory Usage (448720K) : graphcont_drw has 0 polygons
2026-03-17 19:34:26 +0100: Memory Usage (448720K) : siwg_drw has 0 polygons
2026-03-17 19:34:26 +0100: Memory Usage (448720K) : siwg_filler has 0 polygons
2026-03-17 19:34:26 +0100: Memory Usage (448720K) : siwg_nofill has 0 polygons
2026-03-17 19:34:26 +0100: Memory Usage (448976K) : sigrating_drw has 0 polygons
2026-03-17 19:34:26 +0100: Memory Usage (448976K) : singrating_drw has 0 polygons
2026-03-17 19:34:26 +0100: Memory Usage (448976K) : graphpas_drw has 0 polygons
2026-03-17 19:34:26 +0100: Memory Usage (448976K) : emwind3_drw has 0 polygons
2026-03-17 19:34:26 +0100: Memory Usage (449232K) : emwihv3_drw has 0 polygons
2026-03-17 19:34:26 +0100: Memory Usage (449232K) : redbulay_drw has 0 polygons
2026-03-17 19:34:26 +0100: Memory Usage (449232K) : smos_drw has 0 polygons
2026-03-17 19:34:26 +0100: Memory Usage (449232K) : graphpad_drw has 0 polygons
2026-03-17 19:34:26 +0100: Memory Usage (449232K) : polimide_drw has 0 polygons
2026-03-17 19:34:26 +0100: Memory Usage (449488K) : polimide_pin has 0 polygons
2026-03-17 19:34:26 +0100: Memory Usage (449488K) : recog_drw has 0 polygons
2026-03-17 19:34:26 +0100: Memory Usage (449488K) : recog_pin has 0 polygons
2026-03-17 19:34:26 +0100: Memory Usage (449744K) : recog_esd has 0 polygons
2026-03-17 19:34:26 +0100: Memory Usage (449744K) : recog_diode has 0 polygons
2026-03-17 19:34:26 +0100: Memory Usage (449744K) : recog_tsv has 0 polygons
2026-03-17 19:34:26 +0100: Memory Usage (449744K) : recog_iprobe has 0 polygons
2026-03-17 19:34:26 +0100: Memory Usage (449744K) : recog_diffprb has 0 polygons
2026-03-17 19:34:26 +0100: Memory Usage (450000K) : recog_pillar has 0 polygons
2026-03-17 19:34:26 +0100: Memory Usage (450000K) : recog_sbump has 0 polygons
2026-03-17 19:34:26 +0100: Memory Usage (450000K) : recog_otp has 0 polygons
2026-03-17 19:34:26 +0100: Memory Usage (450000K) : recog_pdiode has 0 polygons
2026-03-17 19:34:26 +0100: Memory Usage (450000K) : recog_mom has 0 polygons
2026-03-17 19:34:26 +0100: Memory Usage (450256K) : recog_pcm has 0 polygons
2026-03-17 19:34:26 +0100: Memory Usage (450256K) : colopen_drw has 0 polygons
2026-03-17 19:34:26 +0100: Memory Usage (450256K) : graphmetal1_drw has 0 polygons
2026-03-17 19:34:26 +0100: Memory Usage (450256K) : graphmetal1_filler has 0 polygons
2026-03-17 19:34:26 +0100: Memory Usage (450256K) : graphmetal1_nofill has 0 polygons
2026-03-17 19:34:26 +0100: Memory Usage (450256K) : graphmetal1_slit has 0 polygons
2026-03-17 19:34:26 +0100: Memory Usage (450512K) : graphmetal1_opc has 0 polygons
2026-03-17 19:34:26 +0100: Memory Usage (450512K) : graphmet1l_drw has 0 polygons
2026-03-17 19:34:26 +0100: Memory Usage (450512K) : graphmet1l_filler has 0 polygons
2026-03-17 19:34:26 +0100: Memory Usage (450512K) : graphmet1l_nofill has 0 polygons
2026-03-17 19:34:26 +0100: Memory Usage (450512K) : graphmet1l_slit has 0 polygons
2026-03-17 19:34:26 +0100: Memory Usage (450512K) : graphmet1l_opc has 0 polygons
2026-03-17 19:34:26 +0100: Memory Usage (450512K) : extblock_drw has 0 polygons
2026-03-17 19:34:26 +0100: Memory Usage (450768K) : nldd_drw has 0 polygons
2026-03-17 19:34:26 +0100: Memory Usage (450768K) : pldd_drw has 0 polygons
2026-03-17 19:34:26 +0100: Memory Usage (450768K) : next_drw has 0 polygons
2026-03-17 19:34:26 +0100: Memory Usage (450768K) : pext_drw has 0 polygons
2026-03-17 19:34:26 +0100: Memory Usage (450768K) : nexthv_drw has 0 polygons
2026-03-17 19:34:26 +0100: Memory Usage (451024K) : pexthv_drw has 0 polygons
2026-03-17 19:34:26 +0100: Memory Usage (451024K) : graphgate_drw has 0 polygons
2026-03-17 19:34:26 +0100: Memory Usage (451024K) : sinwg_drw has 0 polygons
2026-03-17 19:34:26 +0100: Memory Usage (451024K) : sinwg_filler has 0 polygons
2026-03-17 19:34:26 +0100: Memory Usage (451024K) : sinwg_nofill has 0 polygons
2026-03-17 19:34:26 +0100: Memory Usage (451280K) : mempad_drw has 0 polygons
2026-03-17 19:34:26 +0100: Memory Usage (451280K) : topvia1_drw has 0 polygons
2026-03-17 19:34:26 +0100: Memory Usage (451280K) : topmetal1_drw has 0 polygons
2026-03-17 19:34:26 +0100: Memory Usage (451280K) : topmetal1_pin has 0 polygons
2026-03-17 19:34:26 +0100: Memory Usage (451280K) : topmetal1_mask has 0 polygons
2026-03-17 19:34:26 +0100: Memory Usage (451536K) : topmetal1_filler has 0 polygons
2026-03-17 19:34:26 +0100: Memory Usage (451536K) : topmetal1_nofill has 0 polygons
2026-03-17 19:34:26 +0100: Memory Usage (451536K) : topmetal1_slit has 0 polygons
2026-03-17 19:34:26 +0100: Memory Usage (451536K) : topmetal1_text has 0 polygons
2026-03-17 19:34:26 +0100: Memory Usage (451536K) : topmetal1_noqrc has 0 polygons
2026-03-17 19:34:26 +0100: Memory Usage (451536K) : topmetal1_res has 0 polygons
2026-03-17 19:34:26 +0100: Memory Usage (451792K) : topmetal1_iprobe has 0 polygons
2026-03-17 19:34:26 +0100: Memory Usage (451792K) : topmetal1_diffprb has 0 polygons
2026-03-17 19:34:26 +0100: Memory Usage (451792K) : inldpwl_drw has 0 polygons
2026-03-17 19:34:26 +0100: Memory Usage (451792K) : polyres_drw has 0 polygons
2026-03-17 19:34:26 +0100: Memory Usage (451792K) : polyres_pin has 0 polygons
2026-03-17 19:34:26 +0100: Memory Usage (451792K) : vmim_drw has 0 polygons
2026-03-17 19:34:26 +0100: Memory Usage (452048K) : nbulaycut_drw has 0 polygons
2026-03-17 19:34:26 +0100: Memory Usage (452048K) : antmetal1_drw has 0 polygons
2026-03-17 19:34:26 +0100: Memory Usage (452048K) : topvia2_drw has 0 polygons
2026-03-17 19:34:26 +0100: Memory Usage (452048K) : topmetal2_drw has 0 polygons
2026-03-17 19:34:26 +0100: Memory Usage (452048K) : topmetal2_pin has 0 polygons
2026-03-17 19:34:26 +0100: Memory Usage (452304K) : topmetal2_mask has 0 polygons
2026-03-17 19:34:26 +0100: Memory Usage (452304K) : topmetal2_filler has 0 polygons
2026-03-17 19:34:26 +0100: Memory Usage (452304K) : topmetal2_nofill has 0 polygons
2026-03-17 19:34:26 +0100: Memory Usage (452304K) : topmetal2_slit has 0 polygons
2026-03-17 19:34:26 +0100: Memory Usage (452304K) : topmetal2_text has 0 polygons
2026-03-17 19:34:26 +0100: Memory Usage (452560K) : topmetal2_noqrc has 0 polygons
2026-03-17 19:34:26 +0100: Memory Usage (452560K) : topmetal2_res has 0 polygons
2026-03-17 19:34:26 +0100: Memory Usage (452560K) : topmetal2_iprobe has 0 polygons
2026-03-17 19:34:26 +0100: Memory Usage (452560K) : topmetal2_diffprb has 0 polygons
2026-03-17 19:34:26 +0100: Memory Usage (452560K) : snsring_drw has 0 polygons
2026-03-17 19:34:26 +0100: Memory Usage (452816K) : sensor_drw has 0 polygons
2026-03-17 19:34:26 +0100: Memory Usage (452816K) : snsarms_drw has 0 polygons
2026-03-17 19:34:26 +0100: Memory Usage (452816K) : snscmosvia_drw has 0 polygons
2026-03-17 19:34:26 +0100: Memory Usage (452816K) : colwind_drw has 0 polygons
2026-03-17 19:34:26 +0100: Memory Usage (453072K) : flm_drw has 0 polygons
2026-03-17 19:34:26 +0100: Memory Usage (453072K) : hafniumox_drw has 0 polygons
2026-03-17 19:34:26 +0100: Memory Usage (453072K) : memvia_drw has 0 polygons
2026-03-17 19:34:26 +0100: Memory Usage (453072K) : thinfilmres_drw has 0 polygons
2026-03-17 19:34:26 +0100: Memory Usage (453072K) : rfmem_drw has 0 polygons
2026-03-17 19:34:26 +0100: Memory Usage (453328K) : norcx_drw has 0 polygons
2026-03-17 19:34:26 +0100: Memory Usage (453328K) : norcx_m2m3 has 0 polygons
2026-03-17 19:34:26 +0100: Memory Usage (453328K) : norcx_m2m4 has 0 polygons
2026-03-17 19:34:26 +0100: Memory Usage (453328K) : norcx_m2m5 has 0 polygons
2026-03-17 19:34:26 +0100: Memory Usage (453584K) : norcx_m2tm1 has 0 polygons
2026-03-17 19:34:26 +0100: Memory Usage (453584K) : norcx_m2tm2 has 0 polygons
2026-03-17 19:34:26 +0100: Memory Usage (453584K) : norcx_m3m4 has 0 polygons
2026-03-17 19:34:26 +0100: Memory Usage (453584K) : norcx_m3m5 has 0 polygons
2026-03-17 19:34:26 +0100: Memory Usage (453584K) : norcx_m3tm1 has 0 polygons
2026-03-17 19:34:26 +0100: Memory Usage (453840K) : norcx_m3tm2 has 0 polygons
2026-03-17 19:34:26 +0100: Memory Usage (453840K) : norcx_m4m5 has 0 polygons
2026-03-17 19:34:26 +0100: Memory Usage (453840K) : norcx_m4tm1 has 0 polygons
2026-03-17 19:34:26 +0100: Memory Usage (453840K) : norcx_m4tm2 has 0 polygons
2026-03-17 19:34:26 +0100: Memory Usage (453840K) : norcx_m5tm1 has 0 polygons
2026-03-17 19:34:26 +0100: Memory Usage (453840K) : norcx_m5tm2 has 0 polygons
2026-03-17 19:34:26 +0100: Memory Usage (453840K) : norcx_tm1tm2 has 0 polygons
2026-03-17 19:34:26 +0100: Memory Usage (453840K) : norcx_m1sub has 0 polygons
2026-03-17 19:34:26 +0100: Memory Usage (453840K) : norcx_m2sub has 0 polygons
2026-03-17 19:34:26 +0100: Memory Usage (454096K) : norcx_m3sub has 0 polygons
2026-03-17 19:34:26 +0100: Memory Usage (454096K) : norcx_m4sub has 0 polygons
2026-03-17 19:34:26 +0100: Memory Usage (454096K) : norcx_m5sub has 0 polygons
2026-03-17 19:34:26 +0100: Memory Usage (454096K) : norcx_tm1sub has 0 polygons
2026-03-17 19:34:26 +0100: Memory Usage (454096K) : norcx_tm2sub has 0 polygons
2026-03-17 19:34:26 +0100: Memory Usage (454096K) : snsbotvia_drw has 0 polygons
2026-03-17 19:34:26 +0100: Memory Usage (454096K) : snstopvia_drw has 0 polygons
2026-03-17 19:34:26 +0100: Memory Usage (454352K) : deepvia_drw has 0 polygons
2026-03-17 19:34:26 +0100: Memory Usage (454352K) : fgetch_drw has 0 polygons
2026-03-17 19:34:26 +0100: Memory Usage (454352K) : ctrgat_drw has 0 polygons
2026-03-17 19:34:26 +0100: Memory Usage (454352K) : fgimp_drw has 0 polygons
2026-03-17 19:34:26 +0100: Memory Usage (454352K) : emwihv_drw has 0 polygons
2026-03-17 19:34:26 +0100: Memory Usage (454352K) : lbe_drw has 0 polygons
2026-03-17 19:34:26 +0100: Memory Usage (454608K) : alcustop_drw has 0 polygons
2026-03-17 19:34:26 +0100: Memory Usage (454608K) : nometfiller_drw has 0 polygons
2026-03-17 19:34:26 +0100: Memory Usage (454608K) : prboundary_drw has 0 polygons
2026-03-17 19:34:26 +0100: Memory Usage (454608K) : exchange0_drw has 0 polygons
2026-03-17 19:34:26 +0100: Memory Usage (454608K) : exchange0_pin has 0 polygons
2026-03-17 19:34:26 +0100: Memory Usage (454608K) : exchange0_text has 0 polygons
2026-03-17 19:34:26 +0100: Memory Usage (454608K) : exchange1_drw has 0 polygons
2026-03-17 19:34:26 +0100: Memory Usage (454864K) : exchange1_pin has 0 polygons
2026-03-17 19:34:26 +0100: Memory Usage (454864K) : exchange1_text has 0 polygons
2026-03-17 19:34:26 +0100: Memory Usage (454864K) : exchange2_drw has 0 polygons
2026-03-17 19:34:26 +0100: Memory Usage (454864K) : exchange2_pin has 0 polygons
2026-03-17 19:34:26 +0100: Memory Usage (454864K) : exchange2_text has 0 polygons
2026-03-17 19:34:26 +0100: Memory Usage (454864K) : exchange3_drw has 0 polygons
2026-03-17 19:34:26 +0100: Memory Usage (454864K) : exchange3_pin has 0 polygons
2026-03-17 19:34:26 +0100: Memory Usage (455120K) : exchange3_text has 0 polygons
2026-03-17 19:34:26 +0100: Memory Usage (455120K) : exchange4_drw has 0 polygons
2026-03-17 19:34:26 +0100: Memory Usage (455120K) : exchange4_pin has 0 polygons
2026-03-17 19:34:26 +0100: Memory Usage (455120K) : exchange4_text has 0 polygons
2026-03-17 19:34:26 +0100: Memory Usage (455376K) : isonwell_drw has 0 polygons
2026-03-17 19:34:26 +0100: Memory Usage (455376K) : Total no. of polygons in the design is 46
2026-03-17 19:34:26 +0100: Memory Usage (455376K) : Loaded TECH DRC rules values from /foss/pdks/ihp-sg13g2/libs.tech/klayout/python/sg13g2_pycell_lib/sg13g2_tech_mod.json
2026-03-17 19:34:26 +0100: Memory Usage (455376K) : Loaded default DRC rules values from /foss/pdks/ihp-sg13g2/libs.tech/klayout/tech/drc/rule_decks/sg13g2_tech_default.json
2026-03-17 19:34:26 +0100: Memory Usage (455376K) : The following rules values were missing in tech json and default values were used:
2026-03-17 19:34:26 +0100: Memory Usage (455376K) :   - Cnt_c_digibnd
2026-03-17 19:34:26 +0100: Memory Usage (456400K) : Total area of the design is 10.536 um^2.
2026-03-17 19:34:26 +0100: Memory Usage (456400K) : The design dimensions are 2.4000000000000004 µm * 4.39 µm.
2026-03-17 19:34:26 +0100: Memory Usage (456400K) : Starting general IHP-SG13G2 derivations.
2026-03-17 19:34:26 +0100: Memory Usage (456400K) : Starting Pwell derivations
2026-03-17 19:34:26 +0100: Memory Usage (458448K) : Starting n-Activ derivations
2026-03-17 19:34:26 +0100: Memory Usage (458704K) : Starting p-Activ derivations
2026-03-17 19:34:26 +0100: Memory Usage (458704K) : Starting ptap derivations
2026-03-17 19:34:26 +0100: Memory Usage (458704K) : Starting ntap derivations
2026-03-17 19:34:26 +0100: Memory Usage (458704K) : Starting pact FET derivations
2026-03-17 19:34:26 +0100: Memory Usage (458960K) : Starting nact FET derivations
2026-03-17 19:34:26 +0100: Memory Usage (458960K) : Starting Gate derivations
2026-03-17 19:34:26 +0100: Memory Usage (458960K) : Starting cont/contbar general derivations
2026-03-17 19:34:26 +0100: Memory Usage (459216K) : Starting pad general derivations
2026-03-17 19:34:26 +0100: Memory Usage (459472K) : Starting IHP-SG13G2 DRC connectivity related derivations.
2026-03-17 19:34:26 +0100: Memory Usage (460496K) : Starting IHP-SG13G2 DRC connectivity setup
2026-03-17 19:34:26 +0100: Memory Usage (460752K) : Starting IHP-SG13G2 DRC rules.
2026-03-17 19:34:26 +0100: Memory Usage (460752K) : Running all FEOL rules
2026-03-17 19:34:26 +0100: Memory Usage (460752K) : Running all BEOL rules
2026-03-17 19:34:26 +0100: Memory Usage (460752K) : Running all PIN rules
2026-03-17 19:34:26 +0100: Memory Usage (460752K) : Running all FORBIDDEN rules
2026-03-17 19:34:26 +0100: Memory Usage (460752K) : Starting 5.1 NWell table
2026-03-17 19:34:26 +0100: Memory Usage (460752K) : Executing rule NW.b
2026-03-17 19:34:26 +0100: Memory Usage (461264K) : Executing rule NW.b1
2026-03-17 19:34:26 +0100: Memory Usage (461520K) : Starting 5.2 PWell:block
2026-03-17 19:34:26 +0100: Memory Usage (461520K) : Executing rule PWB.e
2026-03-17 19:34:26 +0100: Memory Usage (461776K) : Executing rule PWB.e1
2026-03-17 19:34:26 +0100: Memory Usage (461776K) : Executing rule PWB.f
2026-03-17 19:34:26 +0100: Memory Usage (462032K) : Executing rule PWB.f1
2026-03-17 19:34:26 +0100: Memory Usage (462544K) : Starting 5.3 nBuLay table
2026-03-17 19:34:26 +0100: Memory Usage (462800K) : Executing rule NBL.b
2026-03-17 19:34:26 +0100: Memory Usage (462800K) : Executing rule NBL.c
2026-03-17 19:34:26 +0100: Memory Usage (462800K) : Executing rule NBL.d
2026-03-17 19:34:26 +0100: Memory Usage (462800K) : Executing rule NBL.e
2026-03-17 19:34:26 +0100: Memory Usage (462800K) : Executing rule NBL.f
2026-03-17 19:34:26 +0100: Memory Usage (462800K) : Starting 5.5. Activ table
2026-03-17 19:34:26 +0100: Memory Usage (462800K) : Executing rule Act.a
2026-03-17 19:34:26 +0100: Memory Usage (462800K) : Executing rule Act.b
2026-03-17 19:34:26 +0100: Memory Usage (462800K) : Starting 5.6 Activ:filler table
2026-03-17 19:34:26 +0100: Memory Usage (463056K) : Executing rule AFil.c1
2026-03-17 19:34:26 +0100: Memory Usage (463056K) : Executing rule AFil.c
2026-03-17 19:34:26 +0100: Memory Usage (463056K) : Executing rule AFil.d
2026-03-17 19:34:26 +0100: Memory Usage (463056K) : Executing rule AFil.e
2026-03-17 19:34:26 +0100: Memory Usage (463056K) : Executing rule AFil.j
2026-03-17 19:34:26 +0100: Memory Usage (463056K) : Starting 5.7. ThickGateOx table
2026-03-17 19:34:26 +0100: Memory Usage (463056K) : Executing rule TGO.f
2026-03-17 19:34:26 +0100: Memory Usage (463056K) : Starting 5.8. GatPoly table
2026-03-17 19:34:26 +0100: Memory Usage (463056K) : Executing rule Gat.a
2026-03-17 19:34:26 +0100: Memory Usage (463056K) : Executing rule Gat.b
2026-03-17 19:34:26 +0100: Memory Usage (463056K) : Executing rule Gat.d
2026-03-17 19:34:26 +0100: Memory Usage (463056K) : Executing rule Gat.a1
2026-03-17 19:34:26 +0100: Memory Usage (463824K) : Executing rule Gat.a2
2026-03-17 19:34:26 +0100: Memory Usage (463824K) : Executing rule Gat.g
2026-03-17 19:34:26 +0100: Memory Usage (463824K) : Starting 5.9 GatPoly:filler
2026-03-17 19:34:26 +0100: Memory Usage (463824K) : Executing rule GFil.d
2026-03-17 19:34:26 +0100: Memory Usage (463824K) : Executing rule GFil.e
2026-03-17 19:34:26 +0100: Memory Usage (463824K) : Executing rule GFil.i
2026-03-17 19:34:26 +0100: Memory Usage (463824K) : Starting 5.10 pSD table
2026-03-17 19:34:26 +0100: Memory Usage (463824K) : Executing rule pSD.c1
2026-03-17 19:34:26 +0100: Memory Usage (463824K) : Starting 5.14. Cont table
2026-03-17 19:34:26 +0100: Memory Usage (463824K) : Executing rule Cnt.a
2026-03-17 19:34:26 +0100: Memory Usage (463824K) : Executing rule Cnt.b
2026-03-17 19:34:26 +0100: Memory Usage (463824K) : Executing rule Cnt.c
2026-03-17 19:34:26 +0100: Memory Usage (463824K) : Executing rule Cnt.c
2026-03-17 19:34:26 +0100: Memory Usage (463824K) : Executing rule Cnt.d
2026-03-17 19:34:26 +0100: Memory Usage (463824K) : Executing rule Cnt.e
2026-03-17 19:34:26 +0100: Memory Usage (463824K) : Executing rule Cnt.g1
2026-03-17 19:34:26 +0100: Memory Usage (463824K) : Executing rule Cnt.g2
2026-03-17 19:34:26 +0100: Memory Usage (463824K) : Starting 5.15. ContBar table
2026-03-17 19:34:26 +0100: Memory Usage (463824K) : Executing rule CntB.b1
2026-03-17 19:34:26 +0100: Memory Usage (463824K) : Executing rule CntB.h1
2026-03-17 19:34:26 +0100: Memory Usage (463824K) : Starting 6.1.3 NPN Substrate-Tie table
2026-03-17 19:34:26 +0100: Memory Usage (463824K) : Executing rule npn13G2.bR 
2026-03-17 19:34:26 +0100: Memory Usage (463824K) : Executing rule npn13G2L.cR 
2026-03-17 19:34:26 +0100: Memory Usage (463824K) : Executing rule npn13G2V.cR 
2026-03-17 19:34:26 +0100: Memory Usage (463824K) : Starting 6.7 Schottky diode table
2026-03-17 19:34:26 +0100: Memory Usage (463824K) : Executing rule Sdiod.d
2026-03-17 19:34:26 +0100: Memory Usage (463824K) : Executing rule Sdiod.e
2026-03-17 19:34:26 +0100: Memory Usage (463824K) : Starting 7.2 Latch-up table
2026-03-17 19:34:26 +0100: Memory Usage (463824K) : Executing rule LU.b
2026-03-17 19:34:26 +0100: Memory Usage (463824K) : Starting 5.16. Metal1 table
2026-03-17 19:34:26 +0100: Memory Usage (463824K) : Executing rule M1.a
2026-03-17 19:34:26 +0100: Memory Usage (463824K) : Executing rule M1.b
2026-03-17 19:34:26 +0100: Memory Usage (463824K) : Executing rule M1.e
2026-03-17 19:34:26 +0100: Memory Usage (463824K) : Executing rule M1.f
2026-03-17 19:34:26 +0100: Memory Usage (463824K) : Executing rule M1.g
2026-03-17 19:34:26 +0100: Memory Usage (463824K) : Executing rule M1.i
2026-03-17 19:34:26 +0100: Memory Usage (464080K) : Starting 5.17 Metaln table
2026-03-17 19:34:26 +0100: Memory Usage (464080K) : Executing rule M2.a
2026-03-17 19:34:26 +0100: Memory Usage (464080K) : Executing rule M2.b
2026-03-17 19:34:26 +0100: Memory Usage (464336K) : Executing rule M2.e
2026-03-17 19:34:26 +0100: Memory Usage (464592K) : Executing rule M2.f
2026-03-17 19:34:26 +0100: Memory Usage (464848K) : Executing rule M2.g
2026-03-17 19:34:26 +0100: Memory Usage (465104K) : Executing rule M2.i
2026-03-17 19:34:26 +0100: Memory Usage (465360K) : Executing rule M3.a
2026-03-17 19:34:26 +0100: Memory Usage (465616K) : Executing rule M3.b
2026-03-17 19:34:26 +0100: Memory Usage (465616K) : Executing rule M3.e
2026-03-17 19:34:26 +0100: Memory Usage (465872K) : Executing rule M3.f
2026-03-17 19:34:26 +0100: Memory Usage (466128K) : Executing rule M3.g
2026-03-17 19:34:26 +0100: Memory Usage (466384K) : Executing rule M3.i
2026-03-17 19:34:26 +0100: Memory Usage (466896K) : Executing rule M4.a
2026-03-17 19:34:26 +0100: Memory Usage (466896K) : Executing rule M4.b
2026-03-17 19:34:26 +0100: Memory Usage (467152K) : Executing rule M4.e
2026-03-17 19:34:26 +0100: Memory Usage (467152K) : Executing rule M4.f
2026-03-17 19:34:26 +0100: Memory Usage (467408K) : Executing rule M4.g
2026-03-17 19:34:26 +0100: Memory Usage (467920K) : Executing rule M4.i
2026-03-17 19:34:26 +0100: Memory Usage (468176K) : Executing rule M5.a
2026-03-17 19:34:26 +0100: Memory Usage (468432K) : Executing rule M5.b
2026-03-17 19:34:26 +0100: Memory Usage (468432K) : Executing rule M5.e
2026-03-17 19:34:26 +0100: Memory Usage (468688K) : Executing rule M5.f
2026-03-17 19:34:26 +0100: Memory Usage (469200K) : Executing rule M5.g
2026-03-17 19:34:26 +0100: Memory Usage (469456K) : Executing rule M5.i
2026-03-17 19:34:26 +0100: Memory Usage (469712K) : Starting 5.18 Metaln:filler table
2026-03-17 19:34:26 +0100: Memory Usage (469712K) : Executing rule M1Fil.c
2026-03-17 19:34:26 +0100: Memory Usage (469968K) : Executing rule M1Fil.a2
2026-03-17 19:34:26 +0100: Memory Usage (469968K) : Executing rule M2Fil.c
2026-03-17 19:34:26 +0100: Memory Usage (470224K) : Executing rule M2Fil.a2
2026-03-17 19:34:26 +0100: Memory Usage (470480K) : Executing rule M3Fil.c
2026-03-17 19:34:26 +0100: Memory Usage (470480K) : Executing rule M3Fil.a2
2026-03-17 19:34:26 +0100: Memory Usage (470736K) : Executing rule M4Fil.c
2026-03-17 19:34:26 +0100: Memory Usage (470736K) : Executing rule M4Fil.a2
2026-03-17 19:34:26 +0100: Memory Usage (470992K) : Executing rule M5Fil.c
2026-03-17 19:34:26 +0100: Memory Usage (470992K) : Executing rule M5Fil.a2
2026-03-17 19:34:26 +0100: Memory Usage (471248K) : Starting 5.19. Via1 table
2026-03-17 19:34:26 +0100: Memory Usage (471248K) : Starting 5.19. Via1 table derivations
2026-03-17 19:34:26 +0100: Memory Usage (471248K) : Executing rule V1.a
2026-03-17 19:34:26 +0100: Memory Usage (471504K) : Executing rule V1.b
2026-03-17 19:34:26 +0100: Memory Usage (471760K) : Executing rule V1.c
2026-03-17 19:34:26 +0100: Memory Usage (471760K) : Starting 5.20. Vian table
2026-03-17 19:34:26 +0100: Memory Usage (471760K) : Executing rule V2.a
2026-03-17 19:34:26 +0100: Memory Usage (472272K) : Executing rule V2.b
2026-03-17 19:34:26 +0100: Memory Usage (472272K) : Executing rule V2.c
2026-03-17 19:34:26 +0100: Memory Usage (472272K) : Executing rule V3.a
2026-03-17 19:34:26 +0100: Memory Usage (472272K) : Executing rule V3.b
2026-03-17 19:34:26 +0100: Memory Usage (472272K) : Executing rule V3.c
2026-03-17 19:34:26 +0100: Memory Usage (472272K) : Executing rule V4.a
2026-03-17 19:34:26 +0100: Memory Usage (472272K) : Executing rule V4.b
2026-03-17 19:34:26 +0100: Memory Usage (472272K) : Executing rule V4.c
2026-03-17 19:34:26 +0100: Memory Usage (472272K) : Starting 5.21. TopVia1 table
2026-03-17 19:34:26 +0100: Memory Usage (472272K) : Executing rule TV1.a
2026-03-17 19:34:26 +0100: Memory Usage (472272K) : Executing rule TV1.b
2026-03-17 19:34:26 +0100: Memory Usage (472272K) : Executing rule TV1.c
2026-03-17 19:34:26 +0100: Memory Usage (472272K) : Executing rule TV1.d
2026-03-17 19:34:26 +0100: Memory Usage (472272K) : Starting 5.22. TopMetal1 table
2026-03-17 19:34:26 +0100: Memory Usage (472272K) : Executing rule TM1.a
2026-03-17 19:34:26 +0100: Memory Usage (472272K) : Executing rule TM1.b
2026-03-17 19:34:26 +0100: Memory Usage (472272K) : Starting 5.23 TopMetal1:filler table
2026-03-17 19:34:26 +0100: Memory Usage (472272K) : Executing rule TM1Fil.c
2026-03-17 19:34:26 +0100: Memory Usage (472272K) : Executing rule TM1Fil.a1
2026-03-17 19:34:26 +0100: Memory Usage (472272K) : Starting 5.24. TopVia2 table
2026-03-17 19:34:26 +0100: Memory Usage (472272K) : Executing rule TV2.a
2026-03-17 19:34:26 +0100: Memory Usage (472272K) : Executing rule TV2.b
2026-03-17 19:34:26 +0100: Memory Usage (472272K) : Executing rule TV2.c
2026-03-17 19:34:26 +0100: Memory Usage (472272K) : Executing rule TV2.d
2026-03-17 19:34:26 +0100: Memory Usage (472272K) : Starting 5.25. TopMetal2 table
2026-03-17 19:34:26 +0100: Memory Usage (472272K) : Executing rule TM2.a
2026-03-17 19:34:26 +0100: Memory Usage (472272K) : Executing rule TM2.b
2026-03-17 19:34:26 +0100: Memory Usage (472272K) : Executing rule TM2.bR
2026-03-17 19:34:26 +0100: Memory Usage (472272K) : Starting 5.26 TopMetal2:filler table
2026-03-17 19:34:26 +0100: Memory Usage (472272K) : Executing rule TM2Fil.c
2026-03-17 19:34:26 +0100: Memory Usage (472272K) : Executing rule TM2Fil.a1
2026-03-17 19:34:26 +0100: Memory Usage (472272K) : Starting 5.27. Passiv table
2026-03-17 19:34:26 +0100: Memory Usage (472272K) : Executing rule Pas.a
2026-03-17 19:34:26 +0100: Memory Usage (472272K) : Executing rule Pas.b
2026-03-17 19:34:26 +0100: Memory Usage (472272K) : Executing rule Pas.c
2026-03-17 19:34:26 +0100: Memory Usage (472272K) : Starting 6.9.2 Copper Pillar table
2026-03-17 19:34:26 +0100: Memory Usage (472272K) : Executing rule Padc.a
2026-03-17 19:34:26 +0100: Memory Usage (472272K) : Executing rule Padc.b
2026-03-17 19:34:26 +0100: Memory Usage (472272K) : Executing rule Padc.c
2026-03-17 19:34:26 +0100: Memory Usage (472272K) : Executing rule Padb.f
2026-03-17 19:34:26 +0100: Memory Usage (472272K) : Starting 6.9 Pad table
2026-03-17 19:34:26 +0100: Memory Usage (472272K) : Executing rule Pad.m
2026-03-17 19:34:26 +0100: Memory Usage (472272K) : Executing rule Pad.fR_M1
2026-03-17 19:34:26 +0100: Memory Usage (472272K) : Executing rule Pad.fR_M2
2026-03-17 19:34:26 +0100: Memory Usage (472272K) : Executing rule Pad.fR_M3
2026-03-17 19:34:26 +0100: Memory Usage (472272K) : Executing rule Pad.fR_M4
2026-03-17 19:34:26 +0100: Memory Usage (472272K) : Executing rule Pad.fR_M5
2026-03-17 19:34:26 +0100: Memory Usage (472272K) : Executing rule Pad.fR_TM1
2026-03-17 19:34:26 +0100: Memory Usage (472272K) : Executing rule Pad.fR_TM2
2026-03-17 19:34:26 +0100: Memory Usage (472272K) : Executing rule Pad.i
2026-03-17 19:34:26 +0100: Memory Usage (472272K) : Starting 6.9.1 Solder Bump
2026-03-17 19:34:26 +0100: Memory Usage (472272K) : Executing rule Padb.a
2026-03-17 19:34:26 +0100: Memory Usage (472272K) : Executing rule Padb.b
2026-03-17 19:34:26 +0100: Memory Usage (472272K) : Executing rule Padb.c
2026-03-17 19:34:26 +0100: Memory Usage (472272K) : Executing rule Padb.f
2026-03-17 19:34:26 +0100: Memory Usage (472272K) : Executing rule Padb.d
2026-03-17 19:34:26 +0100: Memory Usage (472272K) : Starting 6.10 Sealring table
2026-03-17 19:34:26 +0100: Memory Usage (472272K) : Executing rule Seal.l
2026-03-17 19:34:26 +0100: Memory Usage (472272K) : Executing rule Seal.n
2026-03-17 19:34:26 +0100: Memory Usage (472272K) : Executing rule seal.b_metal1
2026-03-17 19:34:26 +0100: Memory Usage (472272K) : Executing rule seal.b_metal2
2026-03-17 19:34:26 +0100: Memory Usage (472272K) : Executing rule seal.b_metal3
2026-03-17 19:34:26 +0100: Memory Usage (472272K) : Executing rule seal.b_metal4
2026-03-17 19:34:26 +0100: Memory Usage (472272K) : Executing rule seal.b_metal5
2026-03-17 19:34:26 +0100: Memory Usage (472272K) : Executing rule seal.b_topmetal1
2026-03-17 19:34:26 +0100: Memory Usage (472272K) : Executing rule seal.b_topmetal2
2026-03-17 19:34:26 +0100: Memory Usage (472272K) : Executing rule seal.b_activ
2026-03-17 19:34:26 +0100: Memory Usage (472272K) : Executing rule seal.b_psd
2026-03-17 19:34:26 +0100: Memory Usage (472272K) : Executing rule Seal.k
2026-03-17 19:34:26 +0100: Memory Usage (472272K) : Executing rule Seal.m
2026-03-17 19:34:26 +0100: Memory Usage (472272K) : Starting 6.11 MIM table
2026-03-17 19:34:26 +0100: Memory Usage (472272K) : Executing rule MIM.c
2026-03-17 19:34:26 +0100: Memory Usage (472272K) : Executing rule MIM.d
2026-03-17 19:34:26 +0100: Memory Usage (472272K) : Executing rule MIM.gR
2026-03-17 19:34:26 +0100: Memory Usage (472272K) : Starting 7.3 Metal Slits table
2026-03-17 19:34:26 +0100: Memory Usage (472272K) : Executing rule Slt.e1_M1
2026-03-17 19:34:26 +0100: Memory Usage (472272K) : Executing rule Slt.e1_M2
2026-03-17 19:34:26 +0100: Memory Usage (472272K) : Executing rule Slt.e1_M3
2026-03-17 19:34:26 +0100: Memory Usage (472272K) : Executing rule Slt.e1_M4
2026-03-17 19:34:26 +0100: Memory Usage (472272K) : Executing rule Slt.e1_M5
2026-03-17 19:34:26 +0100: Memory Usage (472272K) : Executing rule Slt.e1_TM1
2026-03-17 19:34:26 +0100: Memory Usage (472272K) : Executing rule Slt.e1_TM2
2026-03-17 19:34:26 +0100: Memory Usage (472272K) : Starting 9.1. LBE table
2026-03-17 19:34:26 +0100: Memory Usage (472272K) : Executing rule LBE.a
2026-03-17 19:34:26 +0100: Memory Usage (472272K) : Executing rule LBE.b
2026-03-17 19:34:26 +0100: Memory Usage (472272K) : Executing rule LBE.b1
2026-03-17 19:34:26 +0100: Memory Usage (472272K) : Executing rule LBE.c
2026-03-17 19:34:26 +0100: Memory Usage (472272K) : Executing rule LBE.d
2026-03-17 19:34:26 +0100: Memory Usage (472272K) : Executing rule LBE.h
2026-03-17 19:34:26 +0100: Memory Usage (472272K) : Starting 7.4. PIN table
2026-03-17 19:34:26 +0100: Memory Usage (472272K) : Executing rule Pin.a
2026-03-17 19:34:26 +0100: Memory Usage (472272K) : Executing rule Pin.b
2026-03-17 19:34:26 +0100: Memory Usage (472272K) : Executing rule Pin.e
2026-03-17 19:34:26 +0100: Memory Usage (472272K) : Executing rule Pin.f_M2
2026-03-17 19:34:26 +0100: Memory Usage (472272K) : Executing rule Pin.f_M3
2026-03-17 19:34:26 +0100: Memory Usage (472272K) : Executing rule Pin.f_M4
2026-03-17 19:34:26 +0100: Memory Usage (472272K) : Executing rule Pin.f_M5
2026-03-17 19:34:26 +0100: Memory Usage (472272K) : Executing rule Pin.g
2026-03-17 19:34:26 +0100: Memory Usage (472272K) : Executing rule Pin.h
2026-03-17 19:34:26 +0100: Memory Usage (472272K) : Starting 3.2. FORBIDDEN table
2026-03-17 19:34:26 +0100: Memory Usage (472272K) : Executing rule forbidden.biwind
2026-03-17 19:34:26 +0100: Memory Usage (472272K) : Executing rule forbidden.pemwind
2026-03-17 19:34:26 +0100: Memory Usage (472272K) : Executing rule forbidden.baspoly
2026-03-17 19:34:26 +0100: Memory Usage (472272K) : Executing rule forbidden.deepco
2026-03-17 19:34:26 +0100: Memory Usage (472272K) : Executing rule forbidden.pempoly
2026-03-17 19:34:26 +0100: Memory Usage (472272K) : Executing rule forbidden.empoly
2026-03-17 19:34:26 +0100: Memory Usage (472272K) : Executing rule forbidden.ldmos
2026-03-17 19:34:26 +0100: Memory Usage (472272K) : Executing rule forbidden.pbiwind
2026-03-17 19:34:26 +0100: Memory Usage (472272K) : Executing rule forbidden.nodrc
2026-03-17 19:34:26 +0100: Memory Usage (472272K) : Executing rule forbidden.flash
2026-03-17 19:34:26 +0100: Memory Usage (472272K) : Executing rule forbidden.colwind
2026-03-17 19:34:26 +0100: Memory Usage (472272K) : KLayout DRC run for tables 'main' completed in 0.52 seconds
