# Logfile created on 2026-03-16 18:02:43 +0100 by logger.rb/v1.5.3
2026-03-16 18:02:43 +0100: Memory Usage (436740K) : Starting running IHP-SG13G2 KLayout DRC runset on /foss/designs/adex_neuron/ttihp26a-adex-neuron-ncs/klayout/tg_lv.gds
2026-03-16 18:02:43 +0100: Memory Usage (436740K) : Ruby Version for klayout: 3.2.3
2026-03-16 18:02:43 +0100: Memory Usage (437764K) : Loading database to memory is complete.
2026-03-16 18:02:43 +0100: Memory Usage (437764K) : IHP-SG13G2 KLayout DRC runset output at: /foss/designs/adex_neuron/ttihp26a-adex-neuron-ncs/klayout/drc_run_tg_lv/tg_lv_tg_lv_main.lyrdb
2026-03-16 18:02:43 +0100: Memory Usage (438020K) : Evaluate switches.
2026-03-16 18:02:43 +0100: Memory Usage (438020K) : tables selected: main
2026-03-16 18:02:43 +0100: Memory Usage (438020K) : KLayout will use 1 thread(s) in tiling mode.
2026-03-16 18:02:43 +0100: Memory Usage (438020K) : deep mode is enabled.
2026-03-16 18:02:43 +0100: Memory Usage (438020K) : FEOL enabled: true
2026-03-16 18:02:43 +0100: Memory Usage (438020K) : BEOL enabled: true
2026-03-16 18:02:43 +0100: Memory Usage (438020K) : OFFGRID enabled: true
2026-03-16 18:02:43 +0100: Memory Usage (438020K) : PIN enabled: true
2026-03-16 18:02:43 +0100: Memory Usage (438020K) : FORBIDDEN enabled: true
2026-03-16 18:02:43 +0100: Memory Usage (438020K) : RECOMMENDED enabled: true
2026-03-16 18:02:43 +0100: Memory Usage (438020K) : PreCheck DRC enabled: false
2026-03-16 18:02:43 +0100: Memory Usage (438020K) : CONNECTIVITY_RULES enabled: true.
2026-03-16 18:02:43 +0100: Memory Usage (438020K) : Read in polygons from layers.
2026-03-16 18:02:43 +0100: Memory Usage (439556K) : activ_drw has 258 polygons
2026-03-16 18:02:43 +0100: Memory Usage (439556K) : activ_pin has 0 polygons
2026-03-16 18:02:43 +0100: Memory Usage (439556K) : activ_mask has 0 polygons
2026-03-16 18:02:43 +0100: Memory Usage (439556K) : activ_filler has 0 polygons
2026-03-16 18:02:43 +0100: Memory Usage (439556K) : activ_nofill has 0 polygons
2026-03-16 18:02:43 +0100: Memory Usage (439556K) : activ_opc has 0 polygons
2026-03-16 18:02:43 +0100: Memory Usage (439556K) : activ_iopc has 0 polygons
2026-03-16 18:02:43 +0100: Memory Usage (439556K) : activ_noqrc has 0 polygons
2026-03-16 18:02:43 +0100: Memory Usage (439556K) : biwind_drw has 0 polygons
2026-03-16 18:02:43 +0100: Memory Usage (439556K) : biwind_opc has 0 polygons
2026-03-16 18:02:43 +0100: Memory Usage (439556K) : pemwind_drw has 0 polygons
2026-03-16 18:02:43 +0100: Memory Usage (439556K) : gatpoly_drw has 108 polygons
2026-03-16 18:02:43 +0100: Memory Usage (439556K) : gatpoly_pin has 0 polygons
2026-03-16 18:02:43 +0100: Memory Usage (439556K) : gatpoly_filler has 0 polygons
2026-03-16 18:02:43 +0100: Memory Usage (439556K) : gatpoly_nofill has 0 polygons
2026-03-16 18:02:43 +0100: Memory Usage (439556K) : gatpoly_opc has 0 polygons
2026-03-16 18:02:43 +0100: Memory Usage (439556K) : gatpoly_iopc has 0 polygons
2026-03-16 18:02:43 +0100: Memory Usage (439556K) : gatpoly_noqrc has 0 polygons
2026-03-16 18:02:43 +0100: Memory Usage (439556K) : cont_drw has 300 polygons
2026-03-16 18:02:43 +0100: Memory Usage (439556K) : cont_opc has 0 polygons
2026-03-16 18:02:43 +0100: Memory Usage (439556K) : nsd_drw has 0 polygons
2026-03-16 18:02:43 +0100: Memory Usage (439556K) : nsd_block has 0 polygons
2026-03-16 18:02:43 +0100: Memory Usage (439556K) : metal1_drw has 548 polygons
2026-03-16 18:02:43 +0100: Memory Usage (439556K) : metal1_pin has 0 polygons
2026-03-16 18:02:43 +0100: Memory Usage (439556K) : metal1_mask has 0 polygons
2026-03-16 18:02:43 +0100: Memory Usage (439556K) : metal1_filler has 0 polygons
2026-03-16 18:02:43 +0100: Memory Usage (439812K) : metal1_nofill has 0 polygons
2026-03-16 18:02:43 +0100: Memory Usage (439812K) : metal1_slit has 0 polygons
2026-03-16 18:02:43 +0100: Memory Usage (439812K) : metal1_text has 0 polygons
2026-03-16 18:02:43 +0100: Memory Usage (439812K) : metal1_opc has 0 polygons
2026-03-16 18:02:43 +0100: Memory Usage (439812K) : metal1_noqrc has 0 polygons
2026-03-16 18:02:43 +0100: Memory Usage (439812K) : metal1_res has 0 polygons
2026-03-16 18:02:43 +0100: Memory Usage (439812K) : metal1_iprobe has 0 polygons
2026-03-16 18:02:43 +0100: Memory Usage (439812K) : metal1_diffprb has 0 polygons
2026-03-16 18:02:43 +0100: Memory Usage (440068K) : passiv_drw has 0 polygons
2026-03-16 18:02:43 +0100: Memory Usage (440068K) : passiv_pin has 0 polygons
2026-03-16 18:02:43 +0100: Memory Usage (440068K) : passiv_sbump has 0 polygons
2026-03-16 18:02:43 +0100: Memory Usage (440068K) : passiv_pillar has 0 polygons
2026-03-16 18:02:43 +0100: Memory Usage (440324K) : passiv_pdl has 0 polygons
2026-03-16 18:02:43 +0100: Memory Usage (440324K) : metal2_drw has 347 polygons
2026-03-16 18:02:43 +0100: Memory Usage (440324K) : metal2_pin has 3 polygons
2026-03-16 18:02:43 +0100: Memory Usage (440324K) : metal2_mask has 0 polygons
2026-03-16 18:02:43 +0100: Memory Usage (440324K) : metal2_filler has 0 polygons
2026-03-16 18:02:43 +0100: Memory Usage (440580K) : metal2_nofill has 0 polygons
2026-03-16 18:02:43 +0100: Memory Usage (440580K) : metal2_slit has 0 polygons
2026-03-16 18:02:43 +0100: Memory Usage (440836K) : metal2_text has 3 polygons
2026-03-16 18:02:43 +0100: Memory Usage (440836K) : metal2_opc has 0 polygons
2026-03-16 18:02:43 +0100: Memory Usage (441092K) : metal2_noqrc has 0 polygons
2026-03-16 18:02:43 +0100: Memory Usage (441092K) : metal2_res has 0 polygons
2026-03-16 18:02:43 +0100: Memory Usage (441092K) : metal2_iprobe has 0 polygons
2026-03-16 18:02:43 +0100: Memory Usage (441092K) : metal2_diffprb has 0 polygons
2026-03-16 18:02:43 +0100: Memory Usage (441348K) : baspoly_drw has 0 polygons
2026-03-16 18:02:43 +0100: Memory Usage (441348K) : baspoly_pin has 0 polygons
2026-03-16 18:02:43 +0100: Memory Usage (441348K) : psd_drw has 8 polygons
2026-03-16 18:02:43 +0100: Memory Usage (441348K) : nldb_drw has 0 polygons
2026-03-16 18:02:43 +0100: Memory Usage (441348K) : digibnd_drw has 0 polygons
2026-03-16 18:02:43 +0100: Memory Usage (441604K) : via1_drw has 252 polygons
2026-03-16 18:02:43 +0100: Memory Usage (441604K) : backmetal1_drw has 0 polygons
2026-03-16 18:02:43 +0100: Memory Usage (441604K) : backmetal1_pin has 0 polygons
2026-03-16 18:02:43 +0100: Memory Usage (441604K) : backmetal1_mask has 0 polygons
2026-03-16 18:02:43 +0100: Memory Usage (441860K) : backmetal1_filler has 0 polygons
2026-03-16 18:02:43 +0100: Memory Usage (441860K) : backmetal1_nofill has 0 polygons
2026-03-16 18:02:43 +0100: Memory Usage (441860K) : backmetal1_slit has 0 polygons
2026-03-16 18:02:43 +0100: Memory Usage (441860K) : backmetal1_text has 0 polygons
2026-03-16 18:02:43 +0100: Memory Usage (441860K) : backmetal1_opc has 0 polygons
2026-03-16 18:02:43 +0100: Memory Usage (442116K) : backmetal1_noqrc has 0 polygons
2026-03-16 18:02:43 +0100: Memory Usage (442116K) : backmetal1_res has 0 polygons
2026-03-16 18:02:43 +0100: Memory Usage (442116K) : backmetal1_iprobe has 0 polygons
2026-03-16 18:02:43 +0100: Memory Usage (442116K) : backmetal1_diffprb has 0 polygons
2026-03-16 18:02:43 +0100: Memory Usage (442372K) : backpassiv_drw has 0 polygons
2026-03-16 18:02:43 +0100: Memory Usage (442372K) : res_drw has 0 polygons
2026-03-16 18:02:43 +0100: Memory Usage (442372K) : sram_drw has 0 polygons
2026-03-16 18:02:43 +0100: Memory Usage (442372K) : trans_drw has 0 polygons
2026-03-16 18:02:43 +0100: Memory Usage (442372K) : ind_drw has 0 polygons
2026-03-16 18:02:43 +0100: Memory Usage (442628K) : ind_pin has 0 polygons
2026-03-16 18:02:43 +0100: Memory Usage (442628K) : ind_text has 0 polygons
2026-03-16 18:02:43 +0100: Memory Usage (442628K) : salblock_drw has 0 polygons
2026-03-16 18:02:43 +0100: Memory Usage (442628K) : via2_drw has 24 polygons
2026-03-16 18:02:43 +0100: Memory Usage (442884K) : metal3_drw has 32 polygons
2026-03-16 18:02:43 +0100: Memory Usage (442884K) : metal3_pin has 2 polygons
2026-03-16 18:02:43 +0100: Memory Usage (442884K) : metal3_mask has 0 polygons
2026-03-16 18:02:43 +0100: Memory Usage (443140K) : metal3_filler has 0 polygons
2026-03-16 18:02:43 +0100: Memory Usage (443140K) : metal3_nofill has 0 polygons
2026-03-16 18:02:43 +0100: Memory Usage (443140K) : metal3_slit has 0 polygons
2026-03-16 18:02:43 +0100: Memory Usage (443140K) : metal3_text has 2 polygons
2026-03-16 18:02:43 +0100: Memory Usage (443140K) : metal3_opc has 0 polygons
2026-03-16 18:02:43 +0100: Memory Usage (443396K) : metal3_noqrc has 0 polygons
2026-03-16 18:02:43 +0100: Memory Usage (443396K) : metal3_res has 0 polygons
2026-03-16 18:02:43 +0100: Memory Usage (443396K) : metal3_iprobe has 0 polygons
2026-03-16 18:02:43 +0100: Memory Usage (443652K) : metal3_diffprb has 0 polygons
2026-03-16 18:02:43 +0100: Memory Usage (443652K) : nwell_drw has 2 polygons
2026-03-16 18:02:43 +0100: Memory Usage (443652K) : nwell_pin has 0 polygons
2026-03-16 18:02:43 +0100: Memory Usage (443652K) : nbulay_drw has 0 polygons
2026-03-16 18:02:43 +0100: Memory Usage (443652K) : nbulay_pin has 0 polygons
2026-03-16 18:02:43 +0100: Memory Usage (443908K) : nbulay_block has 0 polygons
2026-03-16 18:02:43 +0100: Memory Usage (443908K) : emwind_drw has 0 polygons
2026-03-16 18:02:43 +0100: Memory Usage (443908K) : emwind_opc has 0 polygons
2026-03-16 18:02:43 +0100: Memory Usage (443908K) : deepco_drw has 0 polygons
2026-03-16 18:02:43 +0100: Memory Usage (444164K) : deepco_drw has 0 polygons
2026-03-16 18:02:43 +0100: Memory Usage (444164K) : mim_drw has 0 polygons
2026-03-16 18:02:43 +0100: Memory Usage (444164K) : edgeseal_drw has 0 polygons
2026-03-16 18:02:43 +0100: Memory Usage (444420K) : edgeseal_bound has 0 polygons
2026-03-16 18:02:43 +0100: Memory Usage (444420K) : substrate_drw has 0 polygons
2026-03-16 18:02:43 +0100: Memory Usage (444420K) : substrate_text has 0 polygons
2026-03-16 18:02:43 +0100: Memory Usage (444420K) : dfpad_drw has 0 polygons
2026-03-16 18:02:43 +0100: Memory Usage (444420K) : dfpad_pillar has 0 polygons
2026-03-16 18:02:43 +0100: Memory Usage (444676K) : dfpad_sbump has 0 polygons
2026-03-16 18:02:43 +0100: Memory Usage (444676K) : thickgateox_drw has 0 polygons
2026-03-16 18:02:43 +0100: Memory Usage (444676K) : pldb_drw has 0 polygons
2026-03-16 18:02:43 +0100: Memory Usage (444676K) : pwell_drw has 2 polygons
2026-03-16 18:02:43 +0100: Memory Usage (444932K) : pwell_pin has 0 polygons
2026-03-16 18:02:43 +0100: Memory Usage (444932K) : pwell_block has 0 polygons
2026-03-16 18:02:43 +0100: Memory Usage (444932K) : ic_drw has 0 polygons
2026-03-16 18:02:43 +0100: Memory Usage (444932K) : via3_drw has 0 polygons
2026-03-16 18:02:43 +0100: Memory Usage (445188K) : metal4_drw has 0 polygons
2026-03-16 18:02:43 +0100: Memory Usage (445188K) : metal4_pin has 0 polygons
2026-03-16 18:02:43 +0100: Memory Usage (445188K) : metal4_mask has 0 polygons
2026-03-16 18:02:43 +0100: Memory Usage (445188K) : metal4_filler has 0 polygons
2026-03-16 18:02:43 +0100: Memory Usage (445188K) : metal4_nofill has 0 polygons
2026-03-16 18:02:43 +0100: Memory Usage (445444K) : metal4_slit has 0 polygons
2026-03-16 18:02:43 +0100: Memory Usage (445444K) : metal4_text has 0 polygons
2026-03-16 18:02:43 +0100: Memory Usage (445444K) : metal4_opc has 0 polygons
2026-03-16 18:02:43 +0100: Memory Usage (445444K) : metal4_noqrc has 0 polygons
2026-03-16 18:02:43 +0100: Memory Usage (445700K) : metal4_res has 0 polygons
2026-03-16 18:02:43 +0100: Memory Usage (445700K) : metal4_iprobe has 0 polygons
2026-03-16 18:02:43 +0100: Memory Usage (445700K) : metal4_diffprb has 0 polygons
2026-03-16 18:02:43 +0100: Memory Usage (445700K) : heattrans_drw has 0 polygons
2026-03-16 18:02:43 +0100: Memory Usage (445956K) : heatres_drw has 0 polygons
2026-03-16 18:02:43 +0100: Memory Usage (445956K) : pempoly_drw has 0 polygons
2026-03-16 18:02:43 +0100: Memory Usage (445956K) : fbe_drw has 0 polygons
2026-03-16 18:02:43 +0100: Memory Usage (445956K) : empoly_drw has 0 polygons
2026-03-16 18:02:43 +0100: Memory Usage (446212K) : ldmos_drw has 0 polygons
2026-03-16 18:02:43 +0100: Memory Usage (446212K) : pbiwind_drw has 0 polygons
2026-03-16 18:02:43 +0100: Memory Usage (446212K) : digisub_drw has 0 polygons
2026-03-16 18:02:43 +0100: Memory Usage (446212K) : nodrc_drw has 0 polygons
2026-03-16 18:02:43 +0100: Memory Usage (446468K) : text_drw has 0 polygons
2026-03-16 18:02:43 +0100: Memory Usage (446468K) : via4_drw has 0 polygons
2026-03-16 18:02:43 +0100: Memory Usage (446468K) : metal5_drw has 0 polygons
2026-03-16 18:02:43 +0100: Memory Usage (446468K) : metal5_pin has 0 polygons
2026-03-16 18:02:43 +0100: Memory Usage (446724K) : metal5_mask has 0 polygons
2026-03-16 18:02:43 +0100: Memory Usage (446724K) : metal5_filler has 0 polygons
2026-03-16 18:02:43 +0100: Memory Usage (446724K) : metal5_nofill has 0 polygons
2026-03-16 18:02:43 +0100: Memory Usage (446724K) : metal5_slit has 0 polygons
2026-03-16 18:02:43 +0100: Memory Usage (446724K) : metal5_text has 0 polygons
2026-03-16 18:02:43 +0100: Memory Usage (446980K) : metal5_opc has 0 polygons
2026-03-16 18:02:43 +0100: Memory Usage (446980K) : metal5_noqrc has 0 polygons
2026-03-16 18:02:43 +0100: Memory Usage (446980K) : metal5_res has 0 polygons
2026-03-16 18:02:43 +0100: Memory Usage (446980K) : metal5_iprobe has 0 polygons
2026-03-16 18:02:43 +0100: Memory Usage (446980K) : metal5_diffprb has 0 polygons
2026-03-16 18:02:43 +0100: Memory Usage (447236K) : radhard_drw has 0 polygons
2026-03-16 18:02:43 +0100: Memory Usage (447236K) : memcap_drw has 0 polygons
2026-03-16 18:02:43 +0100: Memory Usage (447492K) : varicap_drw has 0 polygons
2026-03-16 18:02:43 +0100: Memory Usage (447492K) : flash_drw has 0 polygons
2026-03-16 18:02:43 +0100: Memory Usage (447492K) : intbondvia_drw has 0 polygons
2026-03-16 18:02:43 +0100: Memory Usage (447492K) : intbondmet_drw has 0 polygons
2026-03-16 18:02:43 +0100: Memory Usage (447492K) : devbondvia_drw has 0 polygons
2026-03-16 18:02:43 +0100: Memory Usage (447748K) : devbondmet_drw has 0 polygons
2026-03-16 18:02:43 +0100: Memory Usage (447748K) : devtrench_drw has 0 polygons
2026-03-16 18:02:43 +0100: Memory Usage (447748K) : redist_drw has 0 polygons
2026-03-16 18:02:43 +0100: Memory Usage (447748K) : graphbot_drw has 0 polygons
2026-03-16 18:02:43 +0100: Memory Usage (447748K) : graphtop_drw has 0 polygons
2026-03-16 18:02:43 +0100: Memory Usage (448004K) : antvia1_drw has 0 polygons
2026-03-16 18:02:43 +0100: Memory Usage (448004K) : antmetal2_drw has 0 polygons
2026-03-16 18:02:43 +0100: Memory Usage (448004K) : graphcont_drw has 0 polygons
2026-03-16 18:02:43 +0100: Memory Usage (448004K) : siwg_drw has 0 polygons
2026-03-16 18:02:43 +0100: Memory Usage (448260K) : siwg_filler has 0 polygons
2026-03-16 18:02:43 +0100: Memory Usage (448260K) : siwg_nofill has 0 polygons
2026-03-16 18:02:43 +0100: Memory Usage (448260K) : sigrating_drw has 0 polygons
2026-03-16 18:02:43 +0100: Memory Usage (448260K) : singrating_drw has 0 polygons
2026-03-16 18:02:43 +0100: Memory Usage (448516K) : graphpas_drw has 0 polygons
2026-03-16 18:02:43 +0100: Memory Usage (448516K) : emwind3_drw has 0 polygons
2026-03-16 18:02:43 +0100: Memory Usage (448516K) : emwihv3_drw has 0 polygons
2026-03-16 18:02:43 +0100: Memory Usage (448516K) : redbulay_drw has 0 polygons
2026-03-16 18:02:43 +0100: Memory Usage (448772K) : smos_drw has 0 polygons
2026-03-16 18:02:43 +0100: Memory Usage (448772K) : graphpad_drw has 0 polygons
2026-03-16 18:02:43 +0100: Memory Usage (448772K) : polimide_drw has 0 polygons
2026-03-16 18:02:43 +0100: Memory Usage (448772K) : polimide_pin has 0 polygons
2026-03-16 18:02:43 +0100: Memory Usage (449028K) : recog_drw has 0 polygons
2026-03-16 18:02:43 +0100: Memory Usage (449028K) : recog_pin has 0 polygons
2026-03-16 18:02:43 +0100: Memory Usage (449028K) : recog_esd has 0 polygons
2026-03-16 18:02:43 +0100: Memory Usage (449028K) : recog_diode has 0 polygons
2026-03-16 18:02:43 +0100: Memory Usage (449028K) : recog_tsv has 0 polygons
2026-03-16 18:02:43 +0100: Memory Usage (449284K) : recog_iprobe has 0 polygons
2026-03-16 18:02:43 +0100: Memory Usage (449284K) : recog_diffprb has 0 polygons
2026-03-16 18:02:43 +0100: Memory Usage (449284K) : recog_pillar has 0 polygons
2026-03-16 18:02:43 +0100: Memory Usage (449540K) : recog_sbump has 0 polygons
2026-03-16 18:02:43 +0100: Memory Usage (449540K) : recog_otp has 0 polygons
2026-03-16 18:02:43 +0100: Memory Usage (449540K) : recog_pdiode has 0 polygons
2026-03-16 18:02:43 +0100: Memory Usage (449540K) : recog_mom has 0 polygons
2026-03-16 18:02:43 +0100: Memory Usage (449540K) : recog_pcm has 0 polygons
2026-03-16 18:02:43 +0100: Memory Usage (449540K) : colopen_drw has 0 polygons
2026-03-16 18:02:43 +0100: Memory Usage (449540K) : graphmetal1_drw has 0 polygons
2026-03-16 18:02:43 +0100: Memory Usage (449540K) : graphmetal1_filler has 0 polygons
2026-03-16 18:02:43 +0100: Memory Usage (449796K) : graphmetal1_nofill has 0 polygons
2026-03-16 18:02:43 +0100: Memory Usage (449796K) : graphmetal1_slit has 0 polygons
2026-03-16 18:02:43 +0100: Memory Usage (449796K) : graphmetal1_opc has 0 polygons
2026-03-16 18:02:43 +0100: Memory Usage (449796K) : graphmet1l_drw has 0 polygons
2026-03-16 18:02:43 +0100: Memory Usage (449796K) : graphmet1l_filler has 0 polygons
2026-03-16 18:02:43 +0100: Memory Usage (449796K) : graphmet1l_nofill has 0 polygons
2026-03-16 18:02:43 +0100: Memory Usage (450052K) : graphmet1l_slit has 0 polygons
2026-03-16 18:02:43 +0100: Memory Usage (450052K) : graphmet1l_opc has 0 polygons
2026-03-16 18:02:43 +0100: Memory Usage (450052K) : extblock_drw has 0 polygons
2026-03-16 18:02:43 +0100: Memory Usage (450052K) : nldd_drw has 0 polygons
2026-03-16 18:02:43 +0100: Memory Usage (450052K) : pldd_drw has 0 polygons
2026-03-16 18:02:43 +0100: Memory Usage (450052K) : next_drw has 0 polygons
2026-03-16 18:02:43 +0100: Memory Usage (450308K) : pext_drw has 0 polygons
2026-03-16 18:02:43 +0100: Memory Usage (450308K) : nexthv_drw has 0 polygons
2026-03-16 18:02:43 +0100: Memory Usage (450308K) : pexthv_drw has 0 polygons
2026-03-16 18:02:43 +0100: Memory Usage (450308K) : graphgate_drw has 0 polygons
2026-03-16 18:02:43 +0100: Memory Usage (450308K) : sinwg_drw has 0 polygons
2026-03-16 18:02:43 +0100: Memory Usage (450564K) : sinwg_filler has 0 polygons
2026-03-16 18:02:43 +0100: Memory Usage (450564K) : sinwg_nofill has 0 polygons
2026-03-16 18:02:43 +0100: Memory Usage (450564K) : mempad_drw has 0 polygons
2026-03-16 18:02:43 +0100: Memory Usage (450564K) : topvia1_drw has 0 polygons
2026-03-16 18:02:43 +0100: Memory Usage (450820K) : topmetal1_drw has 0 polygons
2026-03-16 18:02:43 +0100: Memory Usage (450820K) : topmetal1_pin has 0 polygons
2026-03-16 18:02:43 +0100: Memory Usage (450820K) : topmetal1_mask has 0 polygons
2026-03-16 18:02:43 +0100: Memory Usage (450820K) : topmetal1_filler has 0 polygons
2026-03-16 18:02:43 +0100: Memory Usage (450820K) : topmetal1_nofill has 0 polygons
2026-03-16 18:02:43 +0100: Memory Usage (450820K) : topmetal1_slit has 0 polygons
2026-03-16 18:02:43 +0100: Memory Usage (451076K) : topmetal1_text has 0 polygons
2026-03-16 18:02:43 +0100: Memory Usage (451076K) : topmetal1_noqrc has 0 polygons
2026-03-16 18:02:43 +0100: Memory Usage (451076K) : topmetal1_res has 0 polygons
2026-03-16 18:02:43 +0100: Memory Usage (451076K) : topmetal1_iprobe has 0 polygons
2026-03-16 18:02:43 +0100: Memory Usage (451076K) : topmetal1_diffprb has 0 polygons
2026-03-16 18:02:43 +0100: Memory Usage (451076K) : inldpwl_drw has 0 polygons
2026-03-16 18:02:43 +0100: Memory Usage (451076K) : polyres_drw has 0 polygons
2026-03-16 18:02:43 +0100: Memory Usage (451332K) : polyres_pin has 0 polygons
2026-03-16 18:02:43 +0100: Memory Usage (451332K) : vmim_drw has 0 polygons
2026-03-16 18:02:43 +0100: Memory Usage (451332K) : nbulaycut_drw has 0 polygons
2026-03-16 18:02:43 +0100: Memory Usage (451332K) : antmetal1_drw has 0 polygons
2026-03-16 18:02:43 +0100: Memory Usage (451332K) : topvia2_drw has 0 polygons
2026-03-16 18:02:43 +0100: Memory Usage (451588K) : topmetal2_drw has 0 polygons
2026-03-16 18:02:43 +0100: Memory Usage (451588K) : topmetal2_pin has 0 polygons
2026-03-16 18:02:43 +0100: Memory Usage (451588K) : topmetal2_mask has 0 polygons
2026-03-16 18:02:43 +0100: Memory Usage (451588K) : topmetal2_filler has 0 polygons
2026-03-16 18:02:43 +0100: Memory Usage (451588K) : topmetal2_nofill has 0 polygons
2026-03-16 18:02:43 +0100: Memory Usage (451844K) : topmetal2_slit has 0 polygons
2026-03-16 18:02:43 +0100: Memory Usage (451844K) : topmetal2_text has 0 polygons
2026-03-16 18:02:43 +0100: Memory Usage (451844K) : topmetal2_noqrc has 0 polygons
2026-03-16 18:02:43 +0100: Memory Usage (451844K) : topmetal2_res has 0 polygons
2026-03-16 18:02:43 +0100: Memory Usage (452100K) : topmetal2_iprobe has 0 polygons
2026-03-16 18:02:43 +0100: Memory Usage (452100K) : topmetal2_diffprb has 0 polygons
2026-03-16 18:02:43 +0100: Memory Usage (452100K) : snsring_drw has 0 polygons
2026-03-16 18:02:43 +0100: Memory Usage (452100K) : sensor_drw has 0 polygons
2026-03-16 18:02:43 +0100: Memory Usage (452100K) : snsarms_drw has 0 polygons
2026-03-16 18:02:43 +0100: Memory Usage (452356K) : snscmosvia_drw has 0 polygons
2026-03-16 18:02:43 +0100: Memory Usage (452356K) : colwind_drw has 0 polygons
2026-03-16 18:02:43 +0100: Memory Usage (452356K) : flm_drw has 0 polygons
2026-03-16 18:02:43 +0100: Memory Usage (452356K) : hafniumox_drw has 0 polygons
2026-03-16 18:02:43 +0100: Memory Usage (452356K) : memvia_drw has 0 polygons
2026-03-16 18:02:43 +0100: Memory Usage (452612K) : thinfilmres_drw has 0 polygons
2026-03-16 18:02:43 +0100: Memory Usage (452612K) : rfmem_drw has 0 polygons
2026-03-16 18:02:43 +0100: Memory Usage (452612K) : norcx_drw has 0 polygons
2026-03-16 18:02:43 +0100: Memory Usage (452612K) : norcx_m2m3 has 0 polygons
2026-03-16 18:02:43 +0100: Memory Usage (452612K) : norcx_m2m4 has 0 polygons
2026-03-16 18:02:43 +0100: Memory Usage (452868K) : norcx_m2m5 has 0 polygons
2026-03-16 18:02:43 +0100: Memory Usage (452868K) : norcx_m2tm1 has 0 polygons
2026-03-16 18:02:43 +0100: Memory Usage (452868K) : norcx_m2tm2 has 0 polygons
2026-03-16 18:02:43 +0100: Memory Usage (452868K) : norcx_m3m4 has 0 polygons
2026-03-16 18:02:43 +0100: Memory Usage (453124K) : norcx_m3m5 has 0 polygons
2026-03-16 18:02:43 +0100: Memory Usage (453124K) : norcx_m3tm1 has 0 polygons
2026-03-16 18:02:43 +0100: Memory Usage (453124K) : norcx_m3tm2 has 0 polygons
2026-03-16 18:02:43 +0100: Memory Usage (453124K) : norcx_m4m5 has 0 polygons
2026-03-16 18:02:43 +0100: Memory Usage (453124K) : norcx_m4tm1 has 0 polygons
2026-03-16 18:02:43 +0100: Memory Usage (453124K) : norcx_m4tm2 has 0 polygons
2026-03-16 18:02:43 +0100: Memory Usage (453380K) : norcx_m5tm1 has 0 polygons
2026-03-16 18:02:43 +0100: Memory Usage (453380K) : norcx_m5tm2 has 0 polygons
2026-03-16 18:02:43 +0100: Memory Usage (453380K) : norcx_tm1tm2 has 0 polygons
2026-03-16 18:02:43 +0100: Memory Usage (453380K) : norcx_m1sub has 0 polygons
2026-03-16 18:02:43 +0100: Memory Usage (453380K) : norcx_m2sub has 0 polygons
2026-03-16 18:02:43 +0100: Memory Usage (453380K) : norcx_m3sub has 0 polygons
2026-03-16 18:02:43 +0100: Memory Usage (453380K) : norcx_m4sub has 0 polygons
2026-03-16 18:02:43 +0100: Memory Usage (453636K) : norcx_m5sub has 0 polygons
2026-03-16 18:02:43 +0100: Memory Usage (453636K) : norcx_tm1sub has 0 polygons
2026-03-16 18:02:43 +0100: Memory Usage (453636K) : norcx_tm2sub has 0 polygons
2026-03-16 18:02:43 +0100: Memory Usage (453636K) : snsbotvia_drw has 0 polygons
2026-03-16 18:02:43 +0100: Memory Usage (453636K) : snstopvia_drw has 0 polygons
2026-03-16 18:02:43 +0100: Memory Usage (453636K) : deepvia_drw has 0 polygons
2026-03-16 18:02:43 +0100: Memory Usage (453636K) : fgetch_drw has 0 polygons
2026-03-16 18:02:43 +0100: Memory Usage (453892K) : ctrgat_drw has 0 polygons
2026-03-16 18:02:43 +0100: Memory Usage (453892K) : fgimp_drw has 0 polygons
2026-03-16 18:02:43 +0100: Memory Usage (453892K) : emwihv_drw has 0 polygons
2026-03-16 18:02:43 +0100: Memory Usage (453892K) : lbe_drw has 0 polygons
2026-03-16 18:02:43 +0100: Memory Usage (453892K) : alcustop_drw has 0 polygons
2026-03-16 18:02:43 +0100: Memory Usage (453892K) : nometfiller_drw has 0 polygons
2026-03-16 18:02:43 +0100: Memory Usage (453892K) : prboundary_drw has 0 polygons
2026-03-16 18:02:43 +0100: Memory Usage (454148K) : exchange0_drw has 0 polygons
2026-03-16 18:02:43 +0100: Memory Usage (454148K) : exchange0_pin has 0 polygons
2026-03-16 18:02:43 +0100: Memory Usage (454148K) : exchange0_text has 0 polygons
2026-03-16 18:02:43 +0100: Memory Usage (454148K) : exchange1_drw has 0 polygons
2026-03-16 18:02:43 +0100: Memory Usage (454148K) : exchange1_pin has 0 polygons
2026-03-16 18:02:43 +0100: Memory Usage (454148K) : exchange1_text has 0 polygons
2026-03-16 18:02:43 +0100: Memory Usage (454404K) : exchange2_drw has 0 polygons
2026-03-16 18:02:43 +0100: Memory Usage (454404K) : exchange2_pin has 0 polygons
2026-03-16 18:02:43 +0100: Memory Usage (454404K) : exchange2_text has 0 polygons
2026-03-16 18:02:43 +0100: Memory Usage (454404K) : exchange3_drw has 0 polygons
2026-03-16 18:02:43 +0100: Memory Usage (454404K) : exchange3_pin has 0 polygons
2026-03-16 18:02:43 +0100: Memory Usage (454404K) : exchange3_text has 0 polygons
2026-03-16 18:02:43 +0100: Memory Usage (454404K) : exchange4_drw has 0 polygons
2026-03-16 18:02:43 +0100: Memory Usage (454660K) : exchange4_pin has 0 polygons
2026-03-16 18:02:43 +0100: Memory Usage (454660K) : exchange4_text has 0 polygons
2026-03-16 18:02:43 +0100: Memory Usage (454660K) : isonwell_drw has 0 polygons
2026-03-16 18:02:43 +0100: Memory Usage (454660K) : Total no. of polygons in the design is 1891
2026-03-16 18:02:43 +0100: Memory Usage (454660K) : Loaded TECH DRC rules values from /foss/pdks/ihp-sg13g2/libs.tech/klayout/python/sg13g2_pycell_lib/sg13g2_tech_mod.json
2026-03-16 18:02:43 +0100: Memory Usage (454660K) : Loaded default DRC rules values from /foss/pdks/ihp-sg13g2/libs.tech/klayout/tech/drc/rule_decks/sg13g2_tech_default.json
2026-03-16 18:02:43 +0100: Memory Usage (454660K) : The following rules values were missing in tech json and default values were used:
2026-03-16 18:02:43 +0100: Memory Usage (454660K) :   - Cnt_c_digibnd
2026-03-16 18:02:43 +0100: Memory Usage (455684K) : Total area of the design is 247.3014 um^2.
2026-03-16 18:02:43 +0100: Memory Usage (455684K) : The design dimensions are 23.62 µm * 10.47 µm.
2026-03-16 18:02:43 +0100: Memory Usage (455684K) : Starting general IHP-SG13G2 derivations.
2026-03-16 18:02:43 +0100: Memory Usage (455684K) : Starting Pwell derivations
2026-03-16 18:02:43 +0100: Memory Usage (457732K) : Starting n-Activ derivations
2026-03-16 18:02:43 +0100: Memory Usage (457732K) : Starting p-Activ derivations
2026-03-16 18:02:43 +0100: Memory Usage (457732K) : Starting ptap derivations
2026-03-16 18:02:43 +0100: Memory Usage (457988K) : Starting ntap derivations
2026-03-16 18:02:43 +0100: Memory Usage (457988K) : Starting pact FET derivations
2026-03-16 18:02:43 +0100: Memory Usage (457988K) : Starting nact FET derivations
2026-03-16 18:02:43 +0100: Memory Usage (457988K) : Starting Gate derivations
2026-03-16 18:02:43 +0100: Memory Usage (458244K) : Starting cont/contbar general derivations
2026-03-16 18:02:43 +0100: Memory Usage (458244K) : Starting pad general derivations
2026-03-16 18:02:43 +0100: Memory Usage (458500K) : Starting IHP-SG13G2 DRC connectivity related derivations.
2026-03-16 18:02:43 +0100: Memory Usage (459524K) : Starting IHP-SG13G2 DRC connectivity setup
2026-03-16 18:02:43 +0100: Memory Usage (460292K) : Starting IHP-SG13G2 DRC rules.
2026-03-16 18:02:43 +0100: Memory Usage (460292K) : Running all FEOL rules
2026-03-16 18:02:43 +0100: Memory Usage (460292K) : Running all BEOL rules
2026-03-16 18:02:43 +0100: Memory Usage (460292K) : Running all PIN rules
2026-03-16 18:02:43 +0100: Memory Usage (460292K) : Running all FORBIDDEN rules
2026-03-16 18:02:43 +0100: Memory Usage (460292K) : Starting 5.1 NWell table
2026-03-16 18:02:43 +0100: Memory Usage (460292K) : Executing rule NW.b
2026-03-16 18:02:43 +0100: Memory Usage (461060K) : Executing rule NW.b1
2026-03-16 18:02:43 +0100: Memory Usage (461316K) : Starting 5.2 PWell:block
2026-03-16 18:02:43 +0100: Memory Usage (461316K) : Executing rule PWB.e
2026-03-16 18:02:43 +0100: Memory Usage (461316K) : Executing rule PWB.e1
2026-03-16 18:02:43 +0100: Memory Usage (461572K) : Executing rule PWB.f
2026-03-16 18:02:43 +0100: Memory Usage (461572K) : Executing rule PWB.f1
2026-03-16 18:02:43 +0100: Memory Usage (462084K) : Starting 5.3 nBuLay table
2026-03-16 18:02:43 +0100: Memory Usage (462084K) : Executing rule NBL.b
2026-03-16 18:02:43 +0100: Memory Usage (462340K) : Executing rule NBL.c
2026-03-16 18:02:43 +0100: Memory Usage (462340K) : Executing rule NBL.d
2026-03-16 18:02:43 +0100: Memory Usage (462340K) : Executing rule NBL.e
2026-03-16 18:02:43 +0100: Memory Usage (462340K) : Executing rule NBL.f
2026-03-16 18:02:43 +0100: Memory Usage (462340K) : Starting 5.5. Activ table
2026-03-16 18:02:43 +0100: Memory Usage (462340K) : Executing rule Act.a
2026-03-16 18:02:43 +0100: Memory Usage (462340K) : Executing rule Act.b
2026-03-16 18:02:43 +0100: Memory Usage (462340K) : Starting 5.6 Activ:filler table
2026-03-16 18:02:43 +0100: Memory Usage (462340K) : Executing rule AFil.c1
2026-03-16 18:02:43 +0100: Memory Usage (462340K) : Executing rule AFil.c
2026-03-16 18:02:43 +0100: Memory Usage (462340K) : Executing rule AFil.d
2026-03-16 18:02:43 +0100: Memory Usage (462340K) : Executing rule AFil.e
2026-03-16 18:02:43 +0100: Memory Usage (462340K) : Executing rule AFil.j
2026-03-16 18:02:43 +0100: Memory Usage (462340K) : Starting 5.7. ThickGateOx table
2026-03-16 18:02:43 +0100: Memory Usage (462340K) : Executing rule TGO.f
2026-03-16 18:02:43 +0100: Memory Usage (462340K) : Starting 5.8. GatPoly table
2026-03-16 18:02:43 +0100: Memory Usage (462340K) : Executing rule Gat.a
2026-03-16 18:02:43 +0100: Memory Usage (462340K) : Executing rule Gat.b
2026-03-16 18:02:43 +0100: Memory Usage (462340K) : Executing rule Gat.d
2026-03-16 18:02:43 +0100: Memory Usage (462340K) : Executing rule Gat.a1
2026-03-16 18:02:43 +0100: Memory Usage (463108K) : Executing rule Gat.a2
2026-03-16 18:02:43 +0100: Memory Usage (463108K) : Executing rule Gat.g
2026-03-16 18:02:43 +0100: Memory Usage (463108K) : Starting 5.9 GatPoly:filler
2026-03-16 18:02:43 +0100: Memory Usage (463108K) : Executing rule GFil.d
2026-03-16 18:02:43 +0100: Memory Usage (463108K) : Executing rule GFil.e
2026-03-16 18:02:43 +0100: Memory Usage (463108K) : Executing rule GFil.i
2026-03-16 18:02:43 +0100: Memory Usage (463108K) : Starting 5.10 pSD table
2026-03-16 18:02:43 +0100: Memory Usage (463108K) : Executing rule pSD.c1
2026-03-16 18:02:43 +0100: Memory Usage (463108K) : Starting 5.14. Cont table
2026-03-16 18:02:43 +0100: Memory Usage (463108K) : Executing rule Cnt.a
2026-03-16 18:02:43 +0100: Memory Usage (463108K) : Executing rule Cnt.b
2026-03-16 18:02:43 +0100: Memory Usage (463108K) : Executing rule Cnt.c
2026-03-16 18:02:43 +0100: Memory Usage (463108K) : Executing rule Cnt.c
2026-03-16 18:02:43 +0100: Memory Usage (463108K) : Executing rule Cnt.d
2026-03-16 18:02:43 +0100: Memory Usage (463108K) : Executing rule Cnt.e
2026-03-16 18:02:43 +0100: Memory Usage (463108K) : Executing rule Cnt.g1
2026-03-16 18:02:43 +0100: Memory Usage (463108K) : Executing rule Cnt.g2
2026-03-16 18:02:43 +0100: Memory Usage (463108K) : Starting 5.15. ContBar table
2026-03-16 18:02:43 +0100: Memory Usage (463108K) : Executing rule CntB.b1
2026-03-16 18:02:43 +0100: Memory Usage (463108K) : Executing rule CntB.h1
2026-03-16 18:02:43 +0100: Memory Usage (463108K) : Starting 6.1.3 NPN Substrate-Tie table
2026-03-16 18:02:43 +0100: Memory Usage (463108K) : Executing rule npn13G2.bR 
2026-03-16 18:02:43 +0100: Memory Usage (463108K) : Executing rule npn13G2L.cR 
2026-03-16 18:02:43 +0100: Memory Usage (463108K) : Executing rule npn13G2V.cR 
2026-03-16 18:02:43 +0100: Memory Usage (463108K) : Starting 6.7 Schottky diode table
2026-03-16 18:02:43 +0100: Memory Usage (463108K) : Executing rule Sdiod.d
2026-03-16 18:02:43 +0100: Memory Usage (463108K) : Executing rule Sdiod.e
2026-03-16 18:02:43 +0100: Memory Usage (463108K) : Starting 7.2 Latch-up table
2026-03-16 18:02:43 +0100: Memory Usage (463108K) : Executing rule LU.b
2026-03-16 18:02:44 +0100: Memory Usage (463108K) : Starting 5.16. Metal1 table
2026-03-16 18:02:44 +0100: Memory Usage (463108K) : Executing rule M1.a
2026-03-16 18:02:44 +0100: Memory Usage (463108K) : Executing rule M1.b
2026-03-16 18:02:44 +0100: Memory Usage (463364K) : Executing rule M1.e
2026-03-16 18:02:44 +0100: Memory Usage (463364K) : Executing rule M1.f
2026-03-16 18:02:44 +0100: Memory Usage (463364K) : Executing rule M1.g
2026-03-16 18:02:44 +0100: Memory Usage (463364K) : Executing rule M1.i
2026-03-16 18:02:44 +0100: Memory Usage (463364K) : Starting 5.17 Metaln table
2026-03-16 18:02:44 +0100: Memory Usage (463364K) : Executing rule M2.a
2026-03-16 18:02:44 +0100: Memory Usage (463620K) : Executing rule M2.b
2026-03-16 18:02:44 +0100: Memory Usage (463620K) : Executing rule M2.e
2026-03-16 18:02:44 +0100: Memory Usage (463876K) : Executing rule M2.f
2026-03-16 18:02:44 +0100: Memory Usage (464132K) : Executing rule M2.g
2026-03-16 18:02:44 +0100: Memory Usage (464644K) : Executing rule M2.i
2026-03-16 18:02:44 +0100: Memory Usage (464900K) : Executing rule M3.a
2026-03-16 18:02:44 +0100: Memory Usage (464900K) : Executing rule M3.b
2026-03-16 18:02:44 +0100: Memory Usage (465156K) : Executing rule M3.e
2026-03-16 18:02:44 +0100: Memory Usage (465412K) : Executing rule M3.f
2026-03-16 18:02:44 +0100: Memory Usage (465668K) : Executing rule M3.g
2026-03-16 18:02:44 +0100: Memory Usage (465924K) : Executing rule M3.i
2026-03-16 18:02:44 +0100: Memory Usage (466180K) : Executing rule M4.a
2026-03-16 18:02:44 +0100: Memory Usage (466436K) : Executing rule M4.b
2026-03-16 18:02:44 +0100: Memory Usage (466436K) : Executing rule M4.e
2026-03-16 18:02:44 +0100: Memory Usage (466692K) : Executing rule M4.f
2026-03-16 18:02:44 +0100: Memory Usage (466948K) : Executing rule M4.g
2026-03-16 18:02:44 +0100: Memory Usage (467460K) : Executing rule M4.i
2026-03-16 18:02:44 +0100: Memory Usage (467716K) : Executing rule M5.a
2026-03-16 18:02:44 +0100: Memory Usage (467972K) : Executing rule M5.b
2026-03-16 18:02:44 +0100: Memory Usage (467972K) : Executing rule M5.e
2026-03-16 18:02:44 +0100: Memory Usage (468228K) : Executing rule M5.f
2026-03-16 18:02:44 +0100: Memory Usage (468740K) : Executing rule M5.g
2026-03-16 18:02:44 +0100: Memory Usage (468996K) : Executing rule M5.i
2026-03-16 18:02:44 +0100: Memory Usage (469252K) : Starting 5.18 Metaln:filler table
2026-03-16 18:02:44 +0100: Memory Usage (469252K) : Executing rule M1Fil.c
2026-03-16 18:02:44 +0100: Memory Usage (469252K) : Executing rule M1Fil.a2
2026-03-16 18:02:44 +0100: Memory Usage (469508K) : Executing rule M2Fil.c
2026-03-16 18:02:44 +0100: Memory Usage (469764K) : Executing rule M2Fil.a2
2026-03-16 18:02:44 +0100: Memory Usage (469764K) : Executing rule M3Fil.c
2026-03-16 18:02:44 +0100: Memory Usage (470020K) : Executing rule M3Fil.a2
2026-03-16 18:02:44 +0100: Memory Usage (470276K) : Executing rule M4Fil.c
2026-03-16 18:02:44 +0100: Memory Usage (470276K) : Executing rule M4Fil.a2
2026-03-16 18:02:44 +0100: Memory Usage (470532K) : Executing rule M5Fil.c
2026-03-16 18:02:44 +0100: Memory Usage (470532K) : Executing rule M5Fil.a2
2026-03-16 18:02:44 +0100: Memory Usage (470788K) : Starting 5.19. Via1 table
2026-03-16 18:02:44 +0100: Memory Usage (470788K) : Starting 5.19. Via1 table derivations
2026-03-16 18:02:44 +0100: Memory Usage (470788K) : Executing rule V1.a
2026-03-16 18:02:44 +0100: Memory Usage (471044K) : Executing rule V1.b
2026-03-16 18:02:44 +0100: Memory Usage (471300K) : Executing rule V1.c
2026-03-16 18:02:44 +0100: Memory Usage (471300K) : Starting 5.20. Vian table
2026-03-16 18:02:44 +0100: Memory Usage (471300K) : Executing rule V2.a
2026-03-16 18:02:44 +0100: Memory Usage (471556K) : Executing rule V2.b
2026-03-16 18:02:44 +0100: Memory Usage (471812K) : Executing rule V2.c
2026-03-16 18:02:44 +0100: Memory Usage (471812K) : Executing rule V3.a
2026-03-16 18:02:44 +0100: Memory Usage (471812K) : Executing rule V3.b
2026-03-16 18:02:44 +0100: Memory Usage (471812K) : Executing rule V3.c
2026-03-16 18:02:44 +0100: Memory Usage (471812K) : Executing rule V4.a
2026-03-16 18:02:44 +0100: Memory Usage (471812K) : Executing rule V4.b
2026-03-16 18:02:44 +0100: Memory Usage (471812K) : Executing rule V4.c
2026-03-16 18:02:44 +0100: Memory Usage (471812K) : Starting 5.21. TopVia1 table
2026-03-16 18:02:44 +0100: Memory Usage (471812K) : Executing rule TV1.a
2026-03-16 18:02:44 +0100: Memory Usage (471812K) : Executing rule TV1.b
2026-03-16 18:02:44 +0100: Memory Usage (471812K) : Executing rule TV1.c
2026-03-16 18:02:44 +0100: Memory Usage (471812K) : Executing rule TV1.d
2026-03-16 18:02:44 +0100: Memory Usage (471812K) : Starting 5.22. TopMetal1 table
2026-03-16 18:02:44 +0100: Memory Usage (471812K) : Executing rule TM1.a
2026-03-16 18:02:44 +0100: Memory Usage (471812K) : Executing rule TM1.b
2026-03-16 18:02:44 +0100: Memory Usage (471812K) : Starting 5.23 TopMetal1:filler table
2026-03-16 18:02:44 +0100: Memory Usage (471812K) : Executing rule TM1Fil.c
2026-03-16 18:02:44 +0100: Memory Usage (471812K) : Executing rule TM1Fil.a1
2026-03-16 18:02:44 +0100: Memory Usage (471812K) : Starting 5.24. TopVia2 table
2026-03-16 18:02:44 +0100: Memory Usage (471812K) : Executing rule TV2.a
2026-03-16 18:02:44 +0100: Memory Usage (471812K) : Executing rule TV2.b
2026-03-16 18:02:44 +0100: Memory Usage (471812K) : Executing rule TV2.c
2026-03-16 18:02:44 +0100: Memory Usage (471812K) : Executing rule TV2.d
2026-03-16 18:02:44 +0100: Memory Usage (471812K) : Starting 5.25. TopMetal2 table
2026-03-16 18:02:44 +0100: Memory Usage (471812K) : Executing rule TM2.a
2026-03-16 18:02:44 +0100: Memory Usage (471812K) : Executing rule TM2.b
2026-03-16 18:02:44 +0100: Memory Usage (471812K) : Executing rule TM2.bR
2026-03-16 18:02:44 +0100: Memory Usage (471812K) : Starting 5.26 TopMetal2:filler table
2026-03-16 18:02:44 +0100: Memory Usage (471812K) : Executing rule TM2Fil.c
2026-03-16 18:02:44 +0100: Memory Usage (471812K) : Executing rule TM2Fil.a1
2026-03-16 18:02:44 +0100: Memory Usage (471812K) : Starting 5.27. Passiv table
2026-03-16 18:02:44 +0100: Memory Usage (471812K) : Executing rule Pas.a
2026-03-16 18:02:44 +0100: Memory Usage (471812K) : Executing rule Pas.b
2026-03-16 18:02:44 +0100: Memory Usage (471812K) : Executing rule Pas.c
2026-03-16 18:02:44 +0100: Memory Usage (471812K) : Starting 6.9.2 Copper Pillar table
2026-03-16 18:02:44 +0100: Memory Usage (471812K) : Executing rule Padc.a
2026-03-16 18:02:44 +0100: Memory Usage (471812K) : Executing rule Padc.b
2026-03-16 18:02:44 +0100: Memory Usage (471812K) : Executing rule Padc.c
2026-03-16 18:02:44 +0100: Memory Usage (471812K) : Executing rule Padb.f
2026-03-16 18:02:44 +0100: Memory Usage (471812K) : Starting 6.9 Pad table
2026-03-16 18:02:44 +0100: Memory Usage (471812K) : Executing rule Pad.m
2026-03-16 18:02:44 +0100: Memory Usage (471812K) : Executing rule Pad.fR_M1
2026-03-16 18:02:44 +0100: Memory Usage (471812K) : Executing rule Pad.fR_M2
2026-03-16 18:02:44 +0100: Memory Usage (471812K) : Executing rule Pad.fR_M3
2026-03-16 18:02:44 +0100: Memory Usage (471812K) : Executing rule Pad.fR_M4
2026-03-16 18:02:44 +0100: Memory Usage (471812K) : Executing rule Pad.fR_M5
2026-03-16 18:02:44 +0100: Memory Usage (471812K) : Executing rule Pad.fR_TM1
2026-03-16 18:02:44 +0100: Memory Usage (471812K) : Executing rule Pad.fR_TM2
2026-03-16 18:02:44 +0100: Memory Usage (471812K) : Executing rule Pad.i
2026-03-16 18:02:44 +0100: Memory Usage (471812K) : Starting 6.9.1 Solder Bump
2026-03-16 18:02:44 +0100: Memory Usage (471812K) : Executing rule Padb.a
2026-03-16 18:02:44 +0100: Memory Usage (471812K) : Executing rule Padb.b
2026-03-16 18:02:44 +0100: Memory Usage (471812K) : Executing rule Padb.c
2026-03-16 18:02:44 +0100: Memory Usage (471812K) : Executing rule Padb.f
2026-03-16 18:02:44 +0100: Memory Usage (471812K) : Executing rule Padb.d
2026-03-16 18:02:44 +0100: Memory Usage (471812K) : Starting 6.10 Sealring table
2026-03-16 18:02:44 +0100: Memory Usage (471812K) : Executing rule Seal.l
2026-03-16 18:02:44 +0100: Memory Usage (471812K) : Executing rule Seal.n
2026-03-16 18:02:44 +0100: Memory Usage (471812K) : Executing rule seal.b_metal1
2026-03-16 18:02:44 +0100: Memory Usage (471812K) : Executing rule seal.b_metal2
2026-03-16 18:02:44 +0100: Memory Usage (471812K) : Executing rule seal.b_metal3
2026-03-16 18:02:44 +0100: Memory Usage (471812K) : Executing rule seal.b_metal4
2026-03-16 18:02:44 +0100: Memory Usage (471812K) : Executing rule seal.b_metal5
2026-03-16 18:02:44 +0100: Memory Usage (471812K) : Executing rule seal.b_topmetal1
2026-03-16 18:02:44 +0100: Memory Usage (471812K) : Executing rule seal.b_topmetal2
2026-03-16 18:02:44 +0100: Memory Usage (471812K) : Executing rule seal.b_activ
2026-03-16 18:02:44 +0100: Memory Usage (471812K) : Executing rule seal.b_psd
2026-03-16 18:02:44 +0100: Memory Usage (471812K) : Executing rule Seal.k
2026-03-16 18:02:44 +0100: Memory Usage (471812K) : Executing rule Seal.m
2026-03-16 18:02:44 +0100: Memory Usage (471812K) : Starting 6.11 MIM table
2026-03-16 18:02:44 +0100: Memory Usage (471812K) : Executing rule MIM.c
2026-03-16 18:02:44 +0100: Memory Usage (471812K) : Executing rule MIM.d
2026-03-16 18:02:44 +0100: Memory Usage (471812K) : Executing rule MIM.gR
2026-03-16 18:02:44 +0100: Memory Usage (471812K) : Starting 7.3 Metal Slits table
2026-03-16 18:02:44 +0100: Memory Usage (471812K) : Executing rule Slt.e1_M1
2026-03-16 18:02:44 +0100: Memory Usage (471812K) : Executing rule Slt.e1_M2
2026-03-16 18:02:44 +0100: Memory Usage (471812K) : Executing rule Slt.e1_M3
2026-03-16 18:02:44 +0100: Memory Usage (471812K) : Executing rule Slt.e1_M4
2026-03-16 18:02:44 +0100: Memory Usage (471812K) : Executing rule Slt.e1_M5
2026-03-16 18:02:44 +0100: Memory Usage (471812K) : Executing rule Slt.e1_TM1
2026-03-16 18:02:44 +0100: Memory Usage (471812K) : Executing rule Slt.e1_TM2
2026-03-16 18:02:44 +0100: Memory Usage (471812K) : Starting 9.1. LBE table
2026-03-16 18:02:44 +0100: Memory Usage (471812K) : Executing rule LBE.a
2026-03-16 18:02:44 +0100: Memory Usage (471812K) : Executing rule LBE.b
2026-03-16 18:02:44 +0100: Memory Usage (471812K) : Executing rule LBE.b1
2026-03-16 18:02:44 +0100: Memory Usage (471812K) : Executing rule LBE.c
2026-03-16 18:02:44 +0100: Memory Usage (471812K) : Executing rule LBE.d
2026-03-16 18:02:44 +0100: Memory Usage (471812K) : Executing rule LBE.h
2026-03-16 18:02:44 +0100: Memory Usage (471812K) : Starting 7.4. PIN table
2026-03-16 18:02:44 +0100: Memory Usage (471812K) : Executing rule Pin.a
2026-03-16 18:02:44 +0100: Memory Usage (471812K) : Executing rule Pin.b
2026-03-16 18:02:44 +0100: Memory Usage (471812K) : Executing rule Pin.e
2026-03-16 18:02:44 +0100: Memory Usage (471812K) : Executing rule Pin.f_M2
2026-03-16 18:02:44 +0100: Memory Usage (471812K) : Executing rule Pin.f_M3
2026-03-16 18:02:44 +0100: Memory Usage (471812K) : Executing rule Pin.f_M4
2026-03-16 18:02:44 +0100: Memory Usage (471812K) : Executing rule Pin.f_M5
2026-03-16 18:02:44 +0100: Memory Usage (471812K) : Executing rule Pin.g
2026-03-16 18:02:44 +0100: Memory Usage (471812K) : Executing rule Pin.h
2026-03-16 18:02:44 +0100: Memory Usage (471812K) : Starting 3.2. FORBIDDEN table
2026-03-16 18:02:44 +0100: Memory Usage (471812K) : Executing rule forbidden.biwind
2026-03-16 18:02:44 +0100: Memory Usage (471812K) : Executing rule forbidden.pemwind
2026-03-16 18:02:44 +0100: Memory Usage (471812K) : Executing rule forbidden.baspoly
2026-03-16 18:02:44 +0100: Memory Usage (471812K) : Executing rule forbidden.deepco
2026-03-16 18:02:44 +0100: Memory Usage (471812K) : Executing rule forbidden.pempoly
2026-03-16 18:02:44 +0100: Memory Usage (471812K) : Executing rule forbidden.empoly
2026-03-16 18:02:44 +0100: Memory Usage (471812K) : Executing rule forbidden.ldmos
2026-03-16 18:02:44 +0100: Memory Usage (471812K) : Executing rule forbidden.pbiwind
2026-03-16 18:02:44 +0100: Memory Usage (471812K) : Executing rule forbidden.nodrc
2026-03-16 18:02:44 +0100: Memory Usage (471812K) : Executing rule forbidden.flash
2026-03-16 18:02:44 +0100: Memory Usage (471812K) : Executing rule forbidden.colwind
2026-03-16 18:02:44 +0100: Memory Usage (471812K) : KLayout DRC run for tables 'main' completed in 0.57 seconds
