# Logfile created on 2026-03-12 23:33:21 +0100 by logger.rb/v1.5.3
2026-03-12 23:33:21 +0100: Memory Usage (435308K) : Starting running IHP-SG13G2 KLayout DRC runset on /foss/designs/adex_neuron/thomas_dev/ttihp26a-adex-neuron-ncs/gds/TOP_v2.klay.gds
2026-03-12 23:33:21 +0100: Memory Usage (435308K) : Ruby Version for klayout: 3.2.3
2026-03-12 23:33:21 +0100: Memory Usage (436332K) : Loading database to memory is complete.
2026-03-12 23:33:21 +0100: Memory Usage (436332K) : IHP-SG13G2 KLayout DRC runset output at: /foss/designs/adex_neuron/chenxi_working/ttihp26a-adex-neuron-ncs/klayout/drc_run_TOP/TOP_v2.klay_TOP_main.lyrdb
2026-03-12 23:33:21 +0100: Memory Usage (436332K) : Evaluate switches.
2026-03-12 23:33:21 +0100: Memory Usage (436332K) : tables selected: main
2026-03-12 23:33:21 +0100: Memory Usage (436332K) : KLayout will use 1 thread(s) in tiling mode.
2026-03-12 23:33:21 +0100: Memory Usage (436332K) : deep mode is enabled.
2026-03-12 23:33:21 +0100: Memory Usage (436460K) : FEOL enabled: true
2026-03-12 23:33:21 +0100: Memory Usage (436460K) : BEOL enabled: true
2026-03-12 23:33:21 +0100: Memory Usage (436460K) : OFFGRID enabled: true
2026-03-12 23:33:21 +0100: Memory Usage (436460K) : PIN enabled: true
2026-03-12 23:33:21 +0100: Memory Usage (436460K) : FORBIDDEN enabled: true
2026-03-12 23:33:21 +0100: Memory Usage (436460K) : RECOMMENDED enabled: true
2026-03-12 23:33:21 +0100: Memory Usage (436460K) : PreCheck DRC enabled: false
2026-03-12 23:33:21 +0100: Memory Usage (436460K) : CONNECTIVITY_RULES enabled: true.
2026-03-12 23:33:21 +0100: Memory Usage (436460K) : Read in polygons from layers.
2026-03-12 23:33:21 +0100: Memory Usage (437228K) : activ_drw has 8 polygons
2026-03-12 23:33:21 +0100: Memory Usage (437228K) : activ_pin has 0 polygons
2026-03-12 23:33:21 +0100: Memory Usage (437228K) : activ_mask has 0 polygons
2026-03-12 23:33:21 +0100: Memory Usage (437228K) : activ_filler has 0 polygons
2026-03-12 23:33:21 +0100: Memory Usage (437228K) : activ_nofill has 0 polygons
2026-03-12 23:33:21 +0100: Memory Usage (437228K) : activ_opc has 0 polygons
2026-03-12 23:33:21 +0100: Memory Usage (437228K) : activ_iopc has 0 polygons
2026-03-12 23:33:21 +0100: Memory Usage (437228K) : activ_noqrc has 0 polygons
2026-03-12 23:33:21 +0100: Memory Usage (437228K) : biwind_drw has 0 polygons
2026-03-12 23:33:21 +0100: Memory Usage (437228K) : biwind_opc has 0 polygons
2026-03-12 23:33:21 +0100: Memory Usage (437228K) : pemwind_drw has 0 polygons
2026-03-12 23:33:21 +0100: Memory Usage (437228K) : gatpoly_drw has 4 polygons
2026-03-12 23:33:21 +0100: Memory Usage (437228K) : gatpoly_pin has 2 polygons
2026-03-12 23:33:21 +0100: Memory Usage (437228K) : gatpoly_filler has 0 polygons
2026-03-12 23:33:21 +0100: Memory Usage (437228K) : gatpoly_nofill has 0 polygons
2026-03-12 23:33:21 +0100: Memory Usage (437228K) : gatpoly_opc has 0 polygons
2026-03-12 23:33:21 +0100: Memory Usage (437228K) : gatpoly_iopc has 0 polygons
2026-03-12 23:33:21 +0100: Memory Usage (437228K) : gatpoly_noqrc has 0 polygons
2026-03-12 23:33:21 +0100: Memory Usage (437228K) : cont_drw has 73 polygons
2026-03-12 23:33:21 +0100: Memory Usage (437228K) : cont_opc has 0 polygons
2026-03-12 23:33:21 +0100: Memory Usage (437228K) : nsd_drw has 0 polygons
2026-03-12 23:33:21 +0100: Memory Usage (437228K) : nsd_block has 0 polygons
2026-03-12 23:33:21 +0100: Memory Usage (437356K) : metal1_drw has 17 polygons
2026-03-12 23:33:21 +0100: Memory Usage (437356K) : metal1_pin has 6 polygons
2026-03-12 23:33:21 +0100: Memory Usage (437356K) : metal1_mask has 0 polygons
2026-03-12 23:33:21 +0100: Memory Usage (437356K) : metal1_filler has 0 polygons
2026-03-12 23:33:21 +0100: Memory Usage (437356K) : metal1_nofill has 0 polygons
2026-03-12 23:33:21 +0100: Memory Usage (437612K) : metal1_slit has 0 polygons
2026-03-12 23:33:21 +0100: Memory Usage (437868K) : metal1_text has 2 polygons
2026-03-12 23:33:21 +0100: Memory Usage (437868K) : metal1_opc has 0 polygons
2026-03-12 23:33:21 +0100: Memory Usage (437868K) : metal1_noqrc has 0 polygons
2026-03-12 23:33:21 +0100: Memory Usage (437868K) : metal1_res has 0 polygons
2026-03-12 23:33:21 +0100: Memory Usage (437868K) : metal1_iprobe has 0 polygons
2026-03-12 23:33:21 +0100: Memory Usage (437996K) : metal1_diffprb has 0 polygons
2026-03-12 23:33:21 +0100: Memory Usage (437996K) : passiv_drw has 0 polygons
2026-03-12 23:33:21 +0100: Memory Usage (438124K) : passiv_pin has 0 polygons
2026-03-12 23:33:21 +0100: Memory Usage (438124K) : passiv_sbump has 0 polygons
2026-03-12 23:33:21 +0100: Memory Usage (438252K) : passiv_pillar has 0 polygons
2026-03-12 23:33:21 +0100: Memory Usage (438252K) : passiv_pdl has 0 polygons
2026-03-12 23:33:21 +0100: Memory Usage (438252K) : metal2_drw has 8 polygons
2026-03-12 23:33:21 +0100: Memory Usage (438380K) : metal2_pin has 0 polygons
2026-03-12 23:33:21 +0100: Memory Usage (438380K) : metal2_mask has 0 polygons
2026-03-12 23:33:21 +0100: Memory Usage (438508K) : metal2_filler has 0 polygons
2026-03-12 23:33:21 +0100: Memory Usage (438508K) : metal2_nofill has 0 polygons
2026-03-12 23:33:21 +0100: Memory Usage (438636K) : metal2_slit has 0 polygons
2026-03-12 23:33:21 +0100: Memory Usage (438636K) : metal2_text has 0 polygons
2026-03-12 23:33:21 +0100: Memory Usage (438636K) : metal2_opc has 0 polygons
2026-03-12 23:33:21 +0100: Memory Usage (438764K) : metal2_noqrc has 0 polygons
2026-03-12 23:33:21 +0100: Memory Usage (438892K) : metal2_res has 0 polygons
2026-03-12 23:33:21 +0100: Memory Usage (438892K) : metal2_iprobe has 0 polygons
2026-03-12 23:33:21 +0100: Memory Usage (439020K) : metal2_diffprb has 0 polygons
2026-03-12 23:33:21 +0100: Memory Usage (439020K) : baspoly_drw has 0 polygons
2026-03-12 23:33:21 +0100: Memory Usage (439020K) : baspoly_pin has 0 polygons
2026-03-12 23:33:21 +0100: Memory Usage (439148K) : psd_drw has 2 polygons
2026-03-12 23:33:21 +0100: Memory Usage (439148K) : nldb_drw has 0 polygons
2026-03-12 23:33:21 +0100: Memory Usage (439276K) : digibnd_drw has 0 polygons
2026-03-12 23:33:21 +0100: Memory Usage (439276K) : via1_drw has 8 polygons
2026-03-12 23:33:21 +0100: Memory Usage (439404K) : backmetal1_drw has 0 polygons
2026-03-12 23:33:21 +0100: Memory Usage (439404K) : backmetal1_pin has 0 polygons
2026-03-12 23:33:21 +0100: Memory Usage (439404K) : backmetal1_mask has 0 polygons
2026-03-12 23:33:21 +0100: Memory Usage (439532K) : backmetal1_filler has 0 polygons
2026-03-12 23:33:21 +0100: Memory Usage (439532K) : backmetal1_nofill has 0 polygons
2026-03-12 23:33:21 +0100: Memory Usage (439660K) : backmetal1_slit has 0 polygons
2026-03-12 23:33:21 +0100: Memory Usage (439660K) : backmetal1_text has 0 polygons
2026-03-12 23:33:21 +0100: Memory Usage (439788K) : backmetal1_opc has 0 polygons
2026-03-12 23:33:21 +0100: Memory Usage (439788K) : backmetal1_noqrc has 0 polygons
2026-03-12 23:33:21 +0100: Memory Usage (439788K) : backmetal1_res has 0 polygons
2026-03-12 23:33:21 +0100: Memory Usage (439916K) : backmetal1_iprobe has 0 polygons
2026-03-12 23:33:21 +0100: Memory Usage (439916K) : backmetal1_diffprb has 0 polygons
2026-03-12 23:33:21 +0100: Memory Usage (440044K) : backpassiv_drw has 0 polygons
2026-03-12 23:33:21 +0100: Memory Usage (440044K) : res_drw has 0 polygons
2026-03-12 23:33:21 +0100: Memory Usage (440172K) : sram_drw has 0 polygons
2026-03-12 23:33:21 +0100: Memory Usage (440172K) : trans_drw has 0 polygons
2026-03-12 23:33:21 +0100: Memory Usage (440172K) : ind_drw has 0 polygons
2026-03-12 23:33:21 +0100: Memory Usage (440300K) : ind_pin has 0 polygons
2026-03-12 23:33:21 +0100: Memory Usage (440428K) : ind_text has 0 polygons
2026-03-12 23:33:21 +0100: Memory Usage (440428K) : salblock_drw has 0 polygons
2026-03-12 23:33:21 +0100: Memory Usage (440556K) : via2_drw has 8 polygons
2026-03-12 23:33:21 +0100: Memory Usage (440684K) : metal3_drw has 8 polygons
2026-03-12 23:33:21 +0100: Memory Usage (440684K) : metal3_pin has 4 polygons
2026-03-12 23:33:21 +0100: Memory Usage (440684K) : metal3_mask has 0 polygons
2026-03-12 23:33:21 +0100: Memory Usage (440812K) : metal3_filler has 0 polygons
2026-03-12 23:33:21 +0100: Memory Usage (440812K) : metal3_nofill has 0 polygons
2026-03-12 23:33:21 +0100: Memory Usage (440940K) : metal3_slit has 0 polygons
2026-03-12 23:33:21 +0100: Memory Usage (440940K) : metal3_text has 4 polygons
2026-03-12 23:33:21 +0100: Memory Usage (441068K) : metal3_opc has 0 polygons
2026-03-12 23:33:21 +0100: Memory Usage (441068K) : metal3_noqrc has 0 polygons
2026-03-12 23:33:21 +0100: Memory Usage (441068K) : metal3_res has 0 polygons
2026-03-12 23:33:21 +0100: Memory Usage (441196K) : metal3_iprobe has 0 polygons
2026-03-12 23:33:21 +0100: Memory Usage (441324K) : metal3_diffprb has 0 polygons
2026-03-12 23:33:21 +0100: Memory Usage (441324K) : nwell_drw has 3 polygons
2026-03-12 23:33:21 +0100: Memory Usage (441452K) : nwell_pin has 0 polygons
2026-03-12 23:33:21 +0100: Memory Usage (441452K) : nbulay_drw has 0 polygons
2026-03-12 23:33:21 +0100: Memory Usage (441452K) : nbulay_pin has 0 polygons
2026-03-12 23:33:21 +0100: Memory Usage (441580K) : nbulay_block has 0 polygons
2026-03-12 23:33:21 +0100: Memory Usage (441580K) : emwind_drw has 0 polygons
2026-03-12 23:33:21 +0100: Memory Usage (441708K) : emwind_opc has 0 polygons
2026-03-12 23:33:21 +0100: Memory Usage (441836K) : deepco_drw has 0 polygons
2026-03-12 23:33:21 +0100: Memory Usage (441836K) : deepco_drw has 0 polygons
2026-03-12 23:33:21 +0100: Memory Usage (441964K) : mim_drw has 0 polygons
2026-03-12 23:33:21 +0100: Memory Usage (441964K) : edgeseal_drw has 0 polygons
2026-03-12 23:33:21 +0100: Memory Usage (442092K) : edgeseal_bound has 0 polygons
2026-03-12 23:33:21 +0100: Memory Usage (442092K) : substrate_drw has 1 polygons
2026-03-12 23:33:21 +0100: Memory Usage (442220K) : substrate_text has 0 polygons
2026-03-12 23:33:21 +0100: Memory Usage (442220K) : dfpad_drw has 0 polygons
2026-03-12 23:33:21 +0100: Memory Usage (442348K) : dfpad_pillar has 0 polygons
2026-03-12 23:33:21 +0100: Memory Usage (442348K) : dfpad_sbump has 0 polygons
2026-03-12 23:33:21 +0100: Memory Usage (442348K) : thickgateox_drw has 2 polygons
2026-03-12 23:33:21 +0100: Memory Usage (442476K) : pldb_drw has 0 polygons
2026-03-12 23:33:21 +0100: Memory Usage (442476K) : pwell_drw has 0 polygons
2026-03-12 23:33:21 +0100: Memory Usage (442604K) : pwell_pin has 0 polygons
2026-03-12 23:33:21 +0100: Memory Usage (442604K) : pwell_block has 0 polygons
2026-03-12 23:33:21 +0100: Memory Usage (442732K) : ic_drw has 0 polygons
2026-03-12 23:33:21 +0100: Memory Usage (442732K) : via3_drw has 0 polygons
2026-03-12 23:33:21 +0100: Memory Usage (442860K) : metal4_drw has 0 polygons
2026-03-12 23:33:21 +0100: Memory Usage (442860K) : metal4_pin has 0 polygons
2026-03-12 23:33:21 +0100: Memory Usage (442988K) : metal4_mask has 0 polygons
2026-03-12 23:33:21 +0100: Memory Usage (442988K) : metal4_filler has 0 polygons
2026-03-12 23:33:21 +0100: Memory Usage (443116K) : metal4_nofill has 0 polygons
2026-03-12 23:33:21 +0100: Memory Usage (443116K) : metal4_slit has 0 polygons
2026-03-12 23:33:21 +0100: Memory Usage (443244K) : metal4_text has 0 polygons
2026-03-12 23:33:21 +0100: Memory Usage (443244K) : metal4_opc has 0 polygons
2026-03-12 23:33:21 +0100: Memory Usage (443244K) : metal4_noqrc has 0 polygons
2026-03-12 23:33:21 +0100: Memory Usage (443372K) : metal4_res has 0 polygons
2026-03-12 23:33:21 +0100: Memory Usage (443372K) : metal4_iprobe has 0 polygons
2026-03-12 23:33:21 +0100: Memory Usage (443500K) : metal4_diffprb has 0 polygons
2026-03-12 23:33:21 +0100: Memory Usage (443628K) : heattrans_drw has 2 polygons
2026-03-12 23:33:21 +0100: Memory Usage (443628K) : heatres_drw has 0 polygons
2026-03-12 23:33:21 +0100: Memory Usage (443628K) : pempoly_drw has 0 polygons
2026-03-12 23:33:21 +0100: Memory Usage (443756K) : fbe_drw has 0 polygons
2026-03-12 23:33:21 +0100: Memory Usage (443756K) : empoly_drw has 0 polygons
2026-03-12 23:33:21 +0100: Memory Usage (443884K) : ldmos_drw has 0 polygons
2026-03-12 23:33:21 +0100: Memory Usage (444012K) : pbiwind_drw has 0 polygons
2026-03-12 23:33:21 +0100: Memory Usage (444012K) : digisub_drw has 0 polygons
2026-03-12 23:33:21 +0100: Memory Usage (444140K) : nodrc_drw has 0 polygons
2026-03-12 23:33:21 +0100: Memory Usage (444140K) : text_drw has 2 polygons
2026-03-12 23:33:21 +0100: Memory Usage (444140K) : via4_drw has 0 polygons
2026-03-12 23:33:21 +0100: Memory Usage (444268K) : metal5_drw has 0 polygons
2026-03-12 23:33:21 +0100: Memory Usage (444268K) : metal5_pin has 0 polygons
2026-03-12 23:33:21 +0100: Memory Usage (444396K) : metal5_mask has 0 polygons
2026-03-12 23:33:21 +0100: Memory Usage (444396K) : metal5_filler has 0 polygons
2026-03-12 23:33:21 +0100: Memory Usage (444524K) : metal5_nofill has 0 polygons
2026-03-12 23:33:21 +0100: Memory Usage (444524K) : metal5_slit has 0 polygons
2026-03-12 23:33:21 +0100: Memory Usage (444524K) : metal5_text has 0 polygons
2026-03-12 23:33:21 +0100: Memory Usage (444652K) : metal5_opc has 0 polygons
2026-03-12 23:33:21 +0100: Memory Usage (444652K) : metal5_noqrc has 0 polygons
2026-03-12 23:33:21 +0100: Memory Usage (444780K) : metal5_res has 0 polygons
2026-03-12 23:33:21 +0100: Memory Usage (444780K) : metal5_iprobe has 0 polygons
2026-03-12 23:33:21 +0100: Memory Usage (444908K) : metal5_diffprb has 0 polygons
2026-03-12 23:33:21 +0100: Memory Usage (444908K) : radhard_drw has 0 polygons
2026-03-12 23:33:21 +0100: Memory Usage (445036K) : memcap_drw has 0 polygons
2026-03-12 23:33:21 +0100: Memory Usage (445164K) : varicap_drw has 0 polygons
2026-03-12 23:33:21 +0100: Memory Usage (445164K) : flash_drw has 0 polygons
2026-03-12 23:33:21 +0100: Memory Usage (445292K) : intbondvia_drw has 0 polygons
2026-03-12 23:33:21 +0100: Memory Usage (445292K) : intbondmet_drw has 0 polygons
2026-03-12 23:33:21 +0100: Memory Usage (445420K) : devbondvia_drw has 0 polygons
2026-03-12 23:33:21 +0100: Memory Usage (445420K) : devbondmet_drw has 0 polygons
2026-03-12 23:33:21 +0100: Memory Usage (445420K) : devtrench_drw has 0 polygons
2026-03-12 23:33:21 +0100: Memory Usage (445548K) : redist_drw has 0 polygons
2026-03-12 23:33:21 +0100: Memory Usage (445548K) : graphbot_drw has 0 polygons
2026-03-12 23:33:21 +0100: Memory Usage (445676K) : graphtop_drw has 0 polygons
2026-03-12 23:33:21 +0100: Memory Usage (445676K) : antvia1_drw has 0 polygons
2026-03-12 23:33:21 +0100: Memory Usage (445804K) : antmetal2_drw has 0 polygons
2026-03-12 23:33:21 +0100: Memory Usage (445804K) : graphcont_drw has 0 polygons
2026-03-12 23:33:21 +0100: Memory Usage (445804K) : siwg_drw has 0 polygons
2026-03-12 23:33:21 +0100: Memory Usage (445932K) : siwg_filler has 0 polygons
2026-03-12 23:33:21 +0100: Memory Usage (445932K) : siwg_nofill has 0 polygons
2026-03-12 23:33:21 +0100: Memory Usage (446060K) : sigrating_drw has 0 polygons
2026-03-12 23:33:21 +0100: Memory Usage (446188K) : singrating_drw has 0 polygons
2026-03-12 23:33:21 +0100: Memory Usage (446188K) : graphpas_drw has 0 polygons
2026-03-12 23:33:21 +0100: Memory Usage (446316K) : emwind3_drw has 0 polygons
2026-03-12 23:33:21 +0100: Memory Usage (446316K) : emwihv3_drw has 0 polygons
2026-03-12 23:33:21 +0100: Memory Usage (446316K) : redbulay_drw has 0 polygons
2026-03-12 23:33:21 +0100: Memory Usage (446444K) : smos_drw has 0 polygons
2026-03-12 23:33:21 +0100: Memory Usage (446444K) : graphpad_drw has 0 polygons
2026-03-12 23:33:21 +0100: Memory Usage (446572K) : polimide_drw has 0 polygons
2026-03-12 23:33:21 +0100: Memory Usage (446572K) : polimide_pin has 0 polygons
2026-03-12 23:33:21 +0100: Memory Usage (446700K) : recog_drw has 0 polygons
2026-03-12 23:33:21 +0100: Memory Usage (446700K) : recog_pin has 0 polygons
2026-03-12 23:33:21 +0100: Memory Usage (446828K) : recog_esd has 0 polygons
2026-03-12 23:33:21 +0100: Memory Usage (446828K) : recog_diode has 0 polygons
2026-03-12 23:33:21 +0100: Memory Usage (446956K) : recog_tsv has 0 polygons
2026-03-12 23:33:21 +0100: Memory Usage (446956K) : recog_iprobe has 0 polygons
2026-03-12 23:33:21 +0100: Memory Usage (447084K) : recog_diffprb has 0 polygons
2026-03-12 23:33:21 +0100: Memory Usage (447084K) : recog_pillar has 0 polygons
2026-03-12 23:33:21 +0100: Memory Usage (447084K) : recog_sbump has 0 polygons
2026-03-12 23:33:21 +0100: Memory Usage (447084K) : recog_otp has 0 polygons
2026-03-12 23:33:21 +0100: Memory Usage (447212K) : recog_pdiode has 0 polygons
2026-03-12 23:33:21 +0100: Memory Usage (447212K) : recog_mom has 0 polygons
2026-03-12 23:33:21 +0100: Memory Usage (447212K) : recog_pcm has 0 polygons
2026-03-12 23:33:21 +0100: Memory Usage (447212K) : colopen_drw has 0 polygons
2026-03-12 23:33:21 +0100: Memory Usage (447340K) : graphmetal1_drw has 0 polygons
2026-03-12 23:33:21 +0100: Memory Usage (447340K) : graphmetal1_filler has 0 polygons
2026-03-12 23:33:21 +0100: Memory Usage (447340K) : graphmetal1_nofill has 0 polygons
2026-03-12 23:33:21 +0100: Memory Usage (447468K) : graphmetal1_slit has 0 polygons
2026-03-12 23:33:21 +0100: Memory Usage (447468K) : graphmetal1_opc has 0 polygons
2026-03-12 23:33:21 +0100: Memory Usage (447468K) : graphmet1l_drw has 0 polygons
2026-03-12 23:33:21 +0100: Memory Usage (447596K) : graphmet1l_filler has 0 polygons
2026-03-12 23:33:21 +0100: Memory Usage (447596K) : graphmet1l_nofill has 0 polygons
2026-03-12 23:33:21 +0100: Memory Usage (447596K) : graphmet1l_slit has 0 polygons
2026-03-12 23:33:21 +0100: Memory Usage (447596K) : graphmet1l_opc has 0 polygons
2026-03-12 23:33:21 +0100: Memory Usage (447724K) : extblock_drw has 0 polygons
2026-03-12 23:33:21 +0100: Memory Usage (447724K) : nldd_drw has 0 polygons
2026-03-12 23:33:21 +0100: Memory Usage (447852K) : pldd_drw has 0 polygons
2026-03-12 23:33:21 +0100: Memory Usage (447852K) : next_drw has 0 polygons
2026-03-12 23:33:21 +0100: Memory Usage (447852K) : pext_drw has 0 polygons
2026-03-12 23:33:21 +0100: Memory Usage (447980K) : nexthv_drw has 0 polygons
2026-03-12 23:33:21 +0100: Memory Usage (447980K) : pexthv_drw has 0 polygons
2026-03-12 23:33:21 +0100: Memory Usage (448108K) : graphgate_drw has 0 polygons
2026-03-12 23:33:21 +0100: Memory Usage (448108K) : sinwg_drw has 0 polygons
2026-03-12 23:33:21 +0100: Memory Usage (448236K) : sinwg_filler has 0 polygons
2026-03-12 23:33:21 +0100: Memory Usage (448236K) : sinwg_nofill has 0 polygons
2026-03-12 23:33:21 +0100: Memory Usage (448236K) : mempad_drw has 0 polygons
2026-03-12 23:33:21 +0100: Memory Usage (448364K) : topvia1_drw has 0 polygons
2026-03-12 23:33:21 +0100: Memory Usage (448364K) : topmetal1_drw has 0 polygons
2026-03-12 23:33:21 +0100: Memory Usage (448364K) : topmetal1_pin has 0 polygons
2026-03-12 23:33:21 +0100: Memory Usage (448492K) : topmetal1_mask has 0 polygons
2026-03-12 23:33:21 +0100: Memory Usage (448492K) : topmetal1_filler has 0 polygons
2026-03-12 23:33:21 +0100: Memory Usage (448492K) : topmetal1_nofill has 0 polygons
2026-03-12 23:33:21 +0100: Memory Usage (448620K) : topmetal1_slit has 0 polygons
2026-03-12 23:33:21 +0100: Memory Usage (448620K) : topmetal1_text has 0 polygons
2026-03-12 23:33:21 +0100: Memory Usage (448620K) : topmetal1_noqrc has 0 polygons
2026-03-12 23:33:21 +0100: Memory Usage (448620K) : topmetal1_res has 0 polygons
2026-03-12 23:33:21 +0100: Memory Usage (448748K) : topmetal1_iprobe has 0 polygons
2026-03-12 23:33:21 +0100: Memory Usage (448748K) : topmetal1_diffprb has 0 polygons
2026-03-12 23:33:21 +0100: Memory Usage (448748K) : inldpwl_drw has 0 polygons
2026-03-12 23:33:21 +0100: Memory Usage (448876K) : polyres_drw has 0 polygons
2026-03-12 23:33:21 +0100: Memory Usage (448876K) : polyres_pin has 0 polygons
2026-03-12 23:33:21 +0100: Memory Usage (449004K) : vmim_drw has 0 polygons
2026-03-12 23:33:21 +0100: Memory Usage (449004K) : nbulaycut_drw has 0 polygons
2026-03-12 23:33:21 +0100: Memory Usage (449004K) : antmetal1_drw has 0 polygons
2026-03-12 23:33:21 +0100: Memory Usage (449132K) : topvia2_drw has 0 polygons
2026-03-12 23:33:21 +0100: Memory Usage (449132K) : topmetal2_drw has 0 polygons
2026-03-12 23:33:21 +0100: Memory Usage (449260K) : topmetal2_pin has 0 polygons
2026-03-12 23:33:21 +0100: Memory Usage (449260K) : topmetal2_mask has 0 polygons
2026-03-12 23:33:21 +0100: Memory Usage (449260K) : topmetal2_filler has 0 polygons
2026-03-12 23:33:21 +0100: Memory Usage (449388K) : topmetal2_nofill has 0 polygons
2026-03-12 23:33:21 +0100: Memory Usage (449388K) : topmetal2_slit has 0 polygons
2026-03-12 23:33:21 +0100: Memory Usage (449516K) : topmetal2_text has 0 polygons
2026-03-12 23:33:21 +0100: Memory Usage (449516K) : topmetal2_noqrc has 0 polygons
2026-03-12 23:33:21 +0100: Memory Usage (449516K) : topmetal2_res has 0 polygons
2026-03-12 23:33:21 +0100: Memory Usage (449644K) : topmetal2_iprobe has 0 polygons
2026-03-12 23:33:21 +0100: Memory Usage (449644K) : topmetal2_diffprb has 0 polygons
2026-03-12 23:33:21 +0100: Memory Usage (449772K) : snsring_drw has 0 polygons
2026-03-12 23:33:21 +0100: Memory Usage (449772K) : sensor_drw has 0 polygons
2026-03-12 23:33:21 +0100: Memory Usage (449900K) : snsarms_drw has 0 polygons
2026-03-12 23:33:21 +0100: Memory Usage (449900K) : snscmosvia_drw has 0 polygons
2026-03-12 23:33:21 +0100: Memory Usage (449900K) : colwind_drw has 0 polygons
2026-03-12 23:33:21 +0100: Memory Usage (450028K) : flm_drw has 0 polygons
2026-03-12 23:33:21 +0100: Memory Usage (450028K) : hafniumox_drw has 0 polygons
2026-03-12 23:33:21 +0100: Memory Usage (450156K) : memvia_drw has 0 polygons
2026-03-12 23:33:21 +0100: Memory Usage (450156K) : thinfilmres_drw has 0 polygons
2026-03-12 23:33:21 +0100: Memory Usage (450284K) : rfmem_drw has 0 polygons
2026-03-12 23:33:21 +0100: Memory Usage (450284K) : norcx_drw has 0 polygons
2026-03-12 23:33:21 +0100: Memory Usage (450284K) : norcx_m2m3 has 0 polygons
2026-03-12 23:33:21 +0100: Memory Usage (450412K) : norcx_m2m4 has 0 polygons
2026-03-12 23:33:21 +0100: Memory Usage (450412K) : norcx_m2m5 has 0 polygons
2026-03-12 23:33:21 +0100: Memory Usage (450540K) : norcx_m2tm1 has 0 polygons
2026-03-12 23:33:21 +0100: Memory Usage (450540K) : norcx_m2tm2 has 0 polygons
2026-03-12 23:33:21 +0100: Memory Usage (450668K) : norcx_m3m4 has 0 polygons
2026-03-12 23:33:21 +0100: Memory Usage (450668K) : norcx_m3m5 has 0 polygons
2026-03-12 23:33:21 +0100: Memory Usage (450668K) : norcx_m3tm1 has 0 polygons
2026-03-12 23:33:21 +0100: Memory Usage (450796K) : norcx_m3tm2 has 0 polygons
2026-03-12 23:33:21 +0100: Memory Usage (450796K) : norcx_m4m5 has 0 polygons
2026-03-12 23:33:21 +0100: Memory Usage (450796K) : norcx_m4tm1 has 0 polygons
2026-03-12 23:33:21 +0100: Memory Usage (450796K) : norcx_m4tm2 has 0 polygons
2026-03-12 23:33:21 +0100: Memory Usage (450796K) : norcx_m5tm1 has 0 polygons
2026-03-12 23:33:21 +0100: Memory Usage (450924K) : norcx_m5tm2 has 0 polygons
2026-03-12 23:33:21 +0100: Memory Usage (450924K) : norcx_tm1tm2 has 0 polygons
2026-03-12 23:33:21 +0100: Memory Usage (450924K) : norcx_m1sub has 0 polygons
2026-03-12 23:33:21 +0100: Memory Usage (450924K) : norcx_m2sub has 0 polygons
2026-03-12 23:33:21 +0100: Memory Usage (451052K) : norcx_m3sub has 0 polygons
2026-03-12 23:33:21 +0100: Memory Usage (451052K) : norcx_m4sub has 0 polygons
2026-03-12 23:33:21 +0100: Memory Usage (451052K) : norcx_m5sub has 0 polygons
2026-03-12 23:33:21 +0100: Memory Usage (451180K) : norcx_tm1sub has 0 polygons
2026-03-12 23:33:21 +0100: Memory Usage (451180K) : norcx_tm2sub has 0 polygons
2026-03-12 23:33:21 +0100: Memory Usage (451180K) : snsbotvia_drw has 0 polygons
2026-03-12 23:33:21 +0100: Memory Usage (451308K) : snstopvia_drw has 0 polygons
2026-03-12 23:33:21 +0100: Memory Usage (451308K) : deepvia_drw has 0 polygons
2026-03-12 23:33:21 +0100: Memory Usage (451308K) : fgetch_drw has 0 polygons
2026-03-12 23:33:21 +0100: Memory Usage (451308K) : ctrgat_drw has 0 polygons
2026-03-12 23:33:21 +0100: Memory Usage (451436K) : fgimp_drw has 0 polygons
2026-03-12 23:33:21 +0100: Memory Usage (451436K) : emwihv_drw has 0 polygons
2026-03-12 23:33:21 +0100: Memory Usage (451436K) : lbe_drw has 0 polygons
2026-03-12 23:33:21 +0100: Memory Usage (451564K) : alcustop_drw has 0 polygons
2026-03-12 23:33:21 +0100: Memory Usage (451564K) : nometfiller_drw has 0 polygons
2026-03-12 23:33:21 +0100: Memory Usage (451564K) : prboundary_drw has 0 polygons
2026-03-12 23:33:21 +0100: Memory Usage (451692K) : exchange0_drw has 0 polygons
2026-03-12 23:33:21 +0100: Memory Usage (451692K) : exchange0_pin has 0 polygons
2026-03-12 23:33:21 +0100: Memory Usage (451692K) : exchange0_text has 0 polygons
2026-03-12 23:33:21 +0100: Memory Usage (451692K) : exchange1_drw has 0 polygons
2026-03-12 23:33:21 +0100: Memory Usage (451820K) : exchange1_pin has 0 polygons
2026-03-12 23:33:21 +0100: Memory Usage (451820K) : exchange1_text has 0 polygons
2026-03-12 23:33:21 +0100: Memory Usage (451820K) : exchange2_drw has 0 polygons
2026-03-12 23:33:21 +0100: Memory Usage (451948K) : exchange2_pin has 0 polygons
2026-03-12 23:33:21 +0100: Memory Usage (451948K) : exchange2_text has 0 polygons
2026-03-12 23:33:21 +0100: Memory Usage (451948K) : exchange3_drw has 0 polygons
2026-03-12 23:33:21 +0100: Memory Usage (452076K) : exchange3_pin has 0 polygons
2026-03-12 23:33:21 +0100: Memory Usage (452076K) : exchange3_text has 0 polygons
2026-03-12 23:33:21 +0100: Memory Usage (452204K) : exchange4_drw has 0 polygons
2026-03-12 23:33:21 +0100: Memory Usage (452204K) : exchange4_pin has 0 polygons
2026-03-12 23:33:21 +0100: Memory Usage (452204K) : exchange4_text has 0 polygons
2026-03-12 23:33:21 +0100: Memory Usage (452204K) : isonwell_drw has 0 polygons
2026-03-12 23:33:21 +0100: Memory Usage (452204K) : Total no. of polygons in the design is 164
2026-03-12 23:33:21 +0100: Memory Usage (452204K) : Loaded TECH DRC rules values from /foss/pdks/ihp-sg13g2/libs.tech/klayout/python/sg13g2_pycell_lib/sg13g2_tech_mod.json
2026-03-12 23:33:21 +0100: Memory Usage (452204K) : Loaded default DRC rules values from /foss/pdks/ihp-sg13g2/libs.tech/klayout/tech/drc/rule_decks/sg13g2_tech_default.json
2026-03-12 23:33:21 +0100: Memory Usage (452204K) : The following rules values were missing in tech json and default values were used:
2026-03-12 23:33:21 +0100: Memory Usage (452204K) :   - Cnt_c_digibnd
2026-03-12 23:33:21 +0100: Memory Usage (453484K) : Total area of the design is 99.75 um^2.
2026-03-12 23:33:21 +0100: Memory Usage (453484K) : The design dimensions are 4.75 µm * 21.0 µm.
2026-03-12 23:33:21 +0100: Memory Usage (453484K) : Starting general IHP-SG13G2 derivations.
2026-03-12 23:33:21 +0100: Memory Usage (453484K) : Starting Pwell derivations
2026-03-12 23:33:21 +0100: Memory Usage (455532K) : Starting n-Activ derivations
2026-03-12 23:33:21 +0100: Memory Usage (456172K) : Starting p-Activ derivations
2026-03-12 23:33:21 +0100: Memory Usage (456172K) : Starting ptap derivations
2026-03-12 23:33:21 +0100: Memory Usage (456300K) : Starting ntap derivations
2026-03-12 23:33:21 +0100: Memory Usage (456300K) : Starting pact FET derivations
2026-03-12 23:33:21 +0100: Memory Usage (456300K) : Starting nact FET derivations
2026-03-12 23:33:21 +0100: Memory Usage (456428K) : Starting Gate derivations
2026-03-12 23:33:21 +0100: Memory Usage (456556K) : Starting cont/contbar general derivations
2026-03-12 23:33:21 +0100: Memory Usage (456684K) : Starting pad general derivations
2026-03-12 23:33:21 +0100: Memory Usage (456940K) : Starting IHP-SG13G2 DRC connectivity related derivations.
2026-03-12 23:33:21 +0100: Memory Usage (457964K) : Starting IHP-SG13G2 DRC connectivity setup
2026-03-12 23:33:21 +0100: Memory Usage (458348K) : Starting IHP-SG13G2 DRC rules.
2026-03-12 23:33:21 +0100: Memory Usage (458348K) : Running all FEOL rules
2026-03-12 23:33:21 +0100: Memory Usage (458348K) : Running all BEOL rules
2026-03-12 23:33:21 +0100: Memory Usage (458348K) : Running all PIN rules
2026-03-12 23:33:21 +0100: Memory Usage (458348K) : Running all FORBIDDEN rules
2026-03-12 23:33:21 +0100: Memory Usage (458348K) : Starting 5.1 NWell table
2026-03-12 23:33:21 +0100: Memory Usage (458348K) : Executing rule NW.b
2026-03-12 23:33:21 +0100: Memory Usage (459116K) : Executing rule NW.b1
2026-03-12 23:33:21 +0100: Memory Usage (459372K) : Starting 5.2 PWell:block
2026-03-12 23:33:21 +0100: Memory Usage (459372K) : Executing rule PWB.e
2026-03-12 23:33:21 +0100: Memory Usage (459500K) : Executing rule PWB.e1
2026-03-12 23:33:21 +0100: Memory Usage (459628K) : Executing rule PWB.f
2026-03-12 23:33:21 +0100: Memory Usage (459756K) : Executing rule PWB.f1
2026-03-12 23:33:21 +0100: Memory Usage (460268K) : Starting 5.3 nBuLay table
2026-03-12 23:33:21 +0100: Memory Usage (460524K) : Executing rule NBL.b
2026-03-12 23:33:21 +0100: Memory Usage (460524K) : Executing rule NBL.c
2026-03-12 23:33:21 +0100: Memory Usage (460524K) : Executing rule NBL.d
2026-03-12 23:33:21 +0100: Memory Usage (460524K) : Executing rule NBL.e
2026-03-12 23:33:21 +0100: Memory Usage (460524K) : Executing rule NBL.f
2026-03-12 23:33:21 +0100: Memory Usage (460524K) : Starting 5.5. Activ table
2026-03-12 23:33:21 +0100: Memory Usage (460524K) : Executing rule Act.a
2026-03-12 23:33:21 +0100: Memory Usage (460524K) : Executing rule Act.b
2026-03-12 23:33:21 +0100: Memory Usage (460652K) : Starting 5.6 Activ:filler table
2026-03-12 23:33:21 +0100: Memory Usage (460780K) : Executing rule AFil.c1
2026-03-12 23:33:21 +0100: Memory Usage (460780K) : Executing rule AFil.c
2026-03-12 23:33:21 +0100: Memory Usage (460780K) : Executing rule AFil.d
2026-03-12 23:33:21 +0100: Memory Usage (460780K) : Executing rule AFil.e
2026-03-12 23:33:21 +0100: Memory Usage (460780K) : Executing rule AFil.j
2026-03-12 23:33:21 +0100: Memory Usage (460780K) : Starting 5.7. ThickGateOx table
2026-03-12 23:33:21 +0100: Memory Usage (460780K) : Executing rule TGO.f
2026-03-12 23:33:21 +0100: Memory Usage (460780K) : Starting 5.8. GatPoly table
2026-03-12 23:33:21 +0100: Memory Usage (460780K) : Executing rule Gat.a
2026-03-12 23:33:21 +0100: Memory Usage (460780K) : Executing rule Gat.b
2026-03-12 23:33:21 +0100: Memory Usage (460780K) : Executing rule Gat.d
2026-03-12 23:33:21 +0100: Memory Usage (460780K) : Executing rule Gat.a1
2026-03-12 23:33:21 +0100: Memory Usage (461036K) : Executing rule Gat.a2
2026-03-12 23:33:21 +0100: Memory Usage (461036K) : Executing rule Gat.g
2026-03-12 23:33:21 +0100: Memory Usage (461036K) : Starting 5.9 GatPoly:filler
2026-03-12 23:33:21 +0100: Memory Usage (461036K) : Executing rule GFil.d
2026-03-12 23:33:21 +0100: Memory Usage (461036K) : Executing rule GFil.e
2026-03-12 23:33:21 +0100: Memory Usage (461036K) : Executing rule GFil.i
2026-03-12 23:33:21 +0100: Memory Usage (461036K) : Starting 5.10 pSD table
2026-03-12 23:33:21 +0100: Memory Usage (461036K) : Executing rule pSD.c1
2026-03-12 23:33:21 +0100: Memory Usage (461036K) : Starting 5.14. Cont table
2026-03-12 23:33:21 +0100: Memory Usage (461036K) : Executing rule Cnt.a
2026-03-12 23:33:21 +0100: Memory Usage (461036K) : Executing rule Cnt.b
2026-03-12 23:33:21 +0100: Memory Usage (461036K) : Executing rule Cnt.c
2026-03-12 23:33:21 +0100: Memory Usage (461036K) : Executing rule Cnt.c
2026-03-12 23:33:21 +0100: Memory Usage (461036K) : Executing rule Cnt.d
2026-03-12 23:33:21 +0100: Memory Usage (461036K) : Executing rule Cnt.e
2026-03-12 23:33:21 +0100: Memory Usage (461036K) : Executing rule Cnt.g1
2026-03-12 23:33:21 +0100: Memory Usage (461036K) : Executing rule Cnt.g2
2026-03-12 23:33:21 +0100: Memory Usage (461036K) : Starting 5.15. ContBar table
2026-03-12 23:33:21 +0100: Memory Usage (461036K) : Executing rule CntB.b1
2026-03-12 23:33:21 +0100: Memory Usage (461036K) : Executing rule CntB.h1
2026-03-12 23:33:21 +0100: Memory Usage (461036K) : Starting 6.1.3 NPN Substrate-Tie table
2026-03-12 23:33:21 +0100: Memory Usage (461036K) : Executing rule npn13G2.bR 
2026-03-12 23:33:21 +0100: Memory Usage (461036K) : Executing rule npn13G2L.cR 
2026-03-12 23:33:21 +0100: Memory Usage (461036K) : Executing rule npn13G2V.cR 
2026-03-12 23:33:21 +0100: Memory Usage (461036K) : Starting 6.7 Schottky diode table
2026-03-12 23:33:21 +0100: Memory Usage (461036K) : Executing rule Sdiod.d
2026-03-12 23:33:21 +0100: Memory Usage (461036K) : Executing rule Sdiod.e
2026-03-12 23:33:21 +0100: Memory Usage (461036K) : Starting 7.2 Latch-up table
2026-03-12 23:33:21 +0100: Memory Usage (461036K) : Executing rule LU.b
2026-03-12 23:33:21 +0100: Memory Usage (461036K) : Starting 5.16. Metal1 table
2026-03-12 23:33:21 +0100: Memory Usage (461036K) : Executing rule M1.a
2026-03-12 23:33:21 +0100: Memory Usage (461036K) : Executing rule M1.b
2026-03-12 23:33:21 +0100: Memory Usage (461164K) : Executing rule M1.e
2026-03-12 23:33:21 +0100: Memory Usage (461164K) : Executing rule M1.f
2026-03-12 23:33:21 +0100: Memory Usage (461164K) : Executing rule M1.g
2026-03-12 23:33:21 +0100: Memory Usage (461164K) : Executing rule M1.i
2026-03-12 23:33:21 +0100: Memory Usage (461420K) : Starting 5.17 Metaln table
2026-03-12 23:33:21 +0100: Memory Usage (461420K) : Executing rule M2.a
2026-03-12 23:33:21 +0100: Memory Usage (461548K) : Executing rule M2.b
2026-03-12 23:33:21 +0100: Memory Usage (461804K) : Executing rule M2.e
2026-03-12 23:33:21 +0100: Memory Usage (462060K) : Executing rule M2.f
2026-03-12 23:33:21 +0100: Memory Usage (462316K) : Executing rule M2.g
2026-03-12 23:33:21 +0100: Memory Usage (462572K) : Executing rule M2.i
2026-03-12 23:33:21 +0100: Memory Usage (462956K) : Executing rule M3.a
2026-03-12 23:33:21 +0100: Memory Usage (463084K) : Executing rule M3.b
2026-03-12 23:33:21 +0100: Memory Usage (463212K) : Executing rule M3.e
2026-03-12 23:33:21 +0100: Memory Usage (463468K) : Executing rule M3.f
2026-03-12 23:33:21 +0100: Memory Usage (463724K) : Executing rule M3.g
2026-03-12 23:33:21 +0100: Memory Usage (463980K) : Executing rule M3.i
2026-03-12 23:33:21 +0100: Memory Usage (464364K) : Executing rule M4.a
2026-03-12 23:33:21 +0100: Memory Usage (464492K) : Executing rule M4.b
2026-03-12 23:33:21 +0100: Memory Usage (464620K) : Executing rule M4.e
2026-03-12 23:33:21 +0100: Memory Usage (464876K) : Executing rule M4.f
2026-03-12 23:33:21 +0100: Memory Usage (465132K) : Executing rule M4.g
2026-03-12 23:33:21 +0100: Memory Usage (465516K) : Executing rule M4.i
2026-03-12 23:33:21 +0100: Memory Usage (465772K) : Executing rule M5.a
2026-03-12 23:33:21 +0100: Memory Usage (466028K) : Executing rule M5.b
2026-03-12 23:33:21 +0100: Memory Usage (466156K) : Executing rule M5.e
2026-03-12 23:33:21 +0100: Memory Usage (466412K) : Executing rule M5.f
2026-03-12 23:33:21 +0100: Memory Usage (466796K) : Executing rule M5.g
2026-03-12 23:33:21 +0100: Memory Usage (467052K) : Executing rule M5.i
2026-03-12 23:33:21 +0100: Memory Usage (467308K) : Starting 5.18 Metaln:filler table
2026-03-12 23:33:21 +0100: Memory Usage (467308K) : Executing rule M1Fil.c
2026-03-12 23:33:21 +0100: Memory Usage (467308K) : Executing rule M1Fil.a2
2026-03-12 23:33:21 +0100: Memory Usage (467308K) : Executing rule M2Fil.c
2026-03-12 23:33:21 +0100: Memory Usage (467308K) : Executing rule M2Fil.a2
2026-03-12 23:33:21 +0100: Memory Usage (467308K) : Executing rule M3Fil.c
2026-03-12 23:33:21 +0100: Memory Usage (467308K) : Executing rule M3Fil.a2
2026-03-12 23:33:21 +0100: Memory Usage (467308K) : Executing rule M4Fil.c
2026-03-12 23:33:21 +0100: Memory Usage (467308K) : Executing rule M4Fil.a2
2026-03-12 23:33:21 +0100: Memory Usage (467308K) : Executing rule M5Fil.c
2026-03-12 23:33:21 +0100: Memory Usage (467308K) : Executing rule M5Fil.a2
2026-03-12 23:33:21 +0100: Memory Usage (467308K) : Starting 5.19. Via1 table
2026-03-12 23:33:21 +0100: Memory Usage (467308K) : Starting 5.19. Via1 table derivations
2026-03-12 23:33:21 +0100: Memory Usage (467308K) : Executing rule V1.a
2026-03-12 23:33:21 +0100: Memory Usage (467308K) : Executing rule V1.b
2026-03-12 23:33:21 +0100: Memory Usage (467308K) : Executing rule V1.c
2026-03-12 23:33:21 +0100: Memory Usage (467308K) : Starting 5.20. Vian table
2026-03-12 23:33:21 +0100: Memory Usage (467308K) : Executing rule V2.a
2026-03-12 23:33:21 +0100: Memory Usage (467308K) : Executing rule V2.b
2026-03-12 23:33:21 +0100: Memory Usage (467308K) : Executing rule V2.c
2026-03-12 23:33:21 +0100: Memory Usage (467308K) : Executing rule V3.a
2026-03-12 23:33:21 +0100: Memory Usage (467308K) : Executing rule V3.b
2026-03-12 23:33:21 +0100: Memory Usage (467308K) : Executing rule V3.c
2026-03-12 23:33:21 +0100: Memory Usage (467308K) : Executing rule V4.a
2026-03-12 23:33:21 +0100: Memory Usage (467308K) : Executing rule V4.b
2026-03-12 23:33:21 +0100: Memory Usage (467308K) : Executing rule V4.c
2026-03-12 23:33:21 +0100: Memory Usage (467308K) : Starting 5.21. TopVia1 table
2026-03-12 23:33:21 +0100: Memory Usage (467308K) : Executing rule TV1.a
2026-03-12 23:33:21 +0100: Memory Usage (467308K) : Executing rule TV1.b
2026-03-12 23:33:21 +0100: Memory Usage (467308K) : Executing rule TV1.c
2026-03-12 23:33:21 +0100: Memory Usage (467308K) : Executing rule TV1.d
2026-03-12 23:33:21 +0100: Memory Usage (467308K) : Starting 5.22. TopMetal1 table
2026-03-12 23:33:21 +0100: Memory Usage (467308K) : Executing rule TM1.a
2026-03-12 23:33:21 +0100: Memory Usage (467308K) : Executing rule TM1.b
2026-03-12 23:33:21 +0100: Memory Usage (467308K) : Starting 5.23 TopMetal1:filler table
2026-03-12 23:33:21 +0100: Memory Usage (467308K) : Executing rule TM1Fil.c
2026-03-12 23:33:21 +0100: Memory Usage (467308K) : Executing rule TM1Fil.a1
2026-03-12 23:33:21 +0100: Memory Usage (467308K) : Starting 5.24. TopVia2 table
2026-03-12 23:33:21 +0100: Memory Usage (467308K) : Executing rule TV2.a
2026-03-12 23:33:21 +0100: Memory Usage (467308K) : Executing rule TV2.b
2026-03-12 23:33:21 +0100: Memory Usage (467308K) : Executing rule TV2.c
2026-03-12 23:33:21 +0100: Memory Usage (467308K) : Executing rule TV2.d
2026-03-12 23:33:21 +0100: Memory Usage (467308K) : Starting 5.25. TopMetal2 table
2026-03-12 23:33:21 +0100: Memory Usage (467308K) : Executing rule TM2.a
2026-03-12 23:33:21 +0100: Memory Usage (467308K) : Executing rule TM2.b
2026-03-12 23:33:21 +0100: Memory Usage (467308K) : Executing rule TM2.bR
2026-03-12 23:33:21 +0100: Memory Usage (467308K) : Starting 5.26 TopMetal2:filler table
2026-03-12 23:33:21 +0100: Memory Usage (467308K) : Executing rule TM2Fil.c
2026-03-12 23:33:21 +0100: Memory Usage (467308K) : Executing rule TM2Fil.a1
2026-03-12 23:33:21 +0100: Memory Usage (467308K) : Starting 5.27. Passiv table
2026-03-12 23:33:21 +0100: Memory Usage (467308K) : Executing rule Pas.a
2026-03-12 23:33:21 +0100: Memory Usage (467308K) : Executing rule Pas.b
2026-03-12 23:33:21 +0100: Memory Usage (467308K) : Executing rule Pas.c
2026-03-12 23:33:21 +0100: Memory Usage (467308K) : Starting 6.9.2 Copper Pillar table
2026-03-12 23:33:21 +0100: Memory Usage (467308K) : Executing rule Padc.a
2026-03-12 23:33:21 +0100: Memory Usage (467308K) : Executing rule Padc.b
2026-03-12 23:33:21 +0100: Memory Usage (467308K) : Executing rule Padc.c
2026-03-12 23:33:21 +0100: Memory Usage (467308K) : Executing rule Padb.f
2026-03-12 23:33:21 +0100: Memory Usage (467308K) : Starting 6.9 Pad table
2026-03-12 23:33:21 +0100: Memory Usage (467308K) : Executing rule Pad.m
2026-03-12 23:33:21 +0100: Memory Usage (467308K) : Executing rule Pad.fR_M1
2026-03-12 23:33:21 +0100: Memory Usage (467308K) : Executing rule Pad.fR_M2
2026-03-12 23:33:21 +0100: Memory Usage (467308K) : Executing rule Pad.fR_M3
2026-03-12 23:33:21 +0100: Memory Usage (467308K) : Executing rule Pad.fR_M4
2026-03-12 23:33:21 +0100: Memory Usage (467308K) : Executing rule Pad.fR_M5
2026-03-12 23:33:21 +0100: Memory Usage (467308K) : Executing rule Pad.fR_TM1
2026-03-12 23:33:21 +0100: Memory Usage (467308K) : Executing rule Pad.fR_TM2
2026-03-12 23:33:21 +0100: Memory Usage (467308K) : Executing rule Pad.i
2026-03-12 23:33:21 +0100: Memory Usage (467308K) : Starting 6.9.1 Solder Bump
2026-03-12 23:33:21 +0100: Memory Usage (467308K) : Executing rule Padb.a
2026-03-12 23:33:21 +0100: Memory Usage (467308K) : Executing rule Padb.b
2026-03-12 23:33:21 +0100: Memory Usage (467308K) : Executing rule Padb.c
2026-03-12 23:33:21 +0100: Memory Usage (467308K) : Executing rule Padb.f
2026-03-12 23:33:21 +0100: Memory Usage (467308K) : Executing rule Padb.d
2026-03-12 23:33:21 +0100: Memory Usage (467308K) : Starting 6.10 Sealring table
2026-03-12 23:33:21 +0100: Memory Usage (467308K) : Executing rule Seal.l
2026-03-12 23:33:21 +0100: Memory Usage (467308K) : Executing rule Seal.n
2026-03-12 23:33:21 +0100: Memory Usage (467308K) : Executing rule seal.b_metal1
2026-03-12 23:33:21 +0100: Memory Usage (467308K) : Executing rule seal.b_metal2
2026-03-12 23:33:21 +0100: Memory Usage (467308K) : Executing rule seal.b_metal3
2026-03-12 23:33:21 +0100: Memory Usage (467308K) : Executing rule seal.b_metal4
2026-03-12 23:33:21 +0100: Memory Usage (467308K) : Executing rule seal.b_metal5
2026-03-12 23:33:21 +0100: Memory Usage (467308K) : Executing rule seal.b_topmetal1
2026-03-12 23:33:21 +0100: Memory Usage (467308K) : Executing rule seal.b_topmetal2
2026-03-12 23:33:21 +0100: Memory Usage (467308K) : Executing rule seal.b_activ
2026-03-12 23:33:21 +0100: Memory Usage (467308K) : Executing rule seal.b_psd
2026-03-12 23:33:21 +0100: Memory Usage (467308K) : Executing rule Seal.k
2026-03-12 23:33:21 +0100: Memory Usage (467308K) : Executing rule Seal.m
2026-03-12 23:33:21 +0100: Memory Usage (467308K) : Starting 6.11 MIM table
2026-03-12 23:33:21 +0100: Memory Usage (467308K) : Executing rule MIM.c
2026-03-12 23:33:21 +0100: Memory Usage (467308K) : Executing rule MIM.d
2026-03-12 23:33:21 +0100: Memory Usage (467308K) : Executing rule MIM.gR
2026-03-12 23:33:21 +0100: Memory Usage (467308K) : Starting 7.3 Metal Slits table
2026-03-12 23:33:21 +0100: Memory Usage (467308K) : Executing rule Slt.e1_M1
2026-03-12 23:33:21 +0100: Memory Usage (467308K) : Executing rule Slt.e1_M2
2026-03-12 23:33:21 +0100: Memory Usage (467308K) : Executing rule Slt.e1_M3
2026-03-12 23:33:21 +0100: Memory Usage (467308K) : Executing rule Slt.e1_M4
2026-03-12 23:33:21 +0100: Memory Usage (467308K) : Executing rule Slt.e1_M5
2026-03-12 23:33:21 +0100: Memory Usage (467308K) : Executing rule Slt.e1_TM1
2026-03-12 23:33:21 +0100: Memory Usage (467308K) : Executing rule Slt.e1_TM2
2026-03-12 23:33:21 +0100: Memory Usage (467308K) : Starting 9.1. LBE table
2026-03-12 23:33:21 +0100: Memory Usage (467308K) : Executing rule LBE.a
2026-03-12 23:33:21 +0100: Memory Usage (467308K) : Executing rule LBE.b
2026-03-12 23:33:21 +0100: Memory Usage (467308K) : Executing rule LBE.b1
2026-03-12 23:33:21 +0100: Memory Usage (467308K) : Executing rule LBE.c
2026-03-12 23:33:21 +0100: Memory Usage (467308K) : Executing rule LBE.d
2026-03-12 23:33:21 +0100: Memory Usage (467308K) : Executing rule LBE.h
2026-03-12 23:33:21 +0100: Memory Usage (467308K) : Starting 7.4. PIN table
2026-03-12 23:33:21 +0100: Memory Usage (467308K) : Executing rule Pin.a
2026-03-12 23:33:21 +0100: Memory Usage (467308K) : Executing rule Pin.b
2026-03-12 23:33:21 +0100: Memory Usage (467308K) : Executing rule Pin.e
2026-03-12 23:33:21 +0100: Memory Usage (467308K) : Executing rule Pin.f_M2
2026-03-12 23:33:21 +0100: Memory Usage (467308K) : Executing rule Pin.f_M3
2026-03-12 23:33:21 +0100: Memory Usage (467308K) : Executing rule Pin.f_M4
2026-03-12 23:33:21 +0100: Memory Usage (467308K) : Executing rule Pin.f_M5
2026-03-12 23:33:21 +0100: Memory Usage (467308K) : Executing rule Pin.g
2026-03-12 23:33:21 +0100: Memory Usage (467308K) : Executing rule Pin.h
2026-03-12 23:33:21 +0100: Memory Usage (467308K) : Starting 3.2. FORBIDDEN table
2026-03-12 23:33:21 +0100: Memory Usage (467308K) : Executing rule forbidden.biwind
2026-03-12 23:33:21 +0100: Memory Usage (467308K) : Executing rule forbidden.pemwind
2026-03-12 23:33:21 +0100: Memory Usage (467308K) : Executing rule forbidden.baspoly
2026-03-12 23:33:21 +0100: Memory Usage (467308K) : Executing rule forbidden.deepco
2026-03-12 23:33:21 +0100: Memory Usage (467308K) : Executing rule forbidden.pempoly
2026-03-12 23:33:21 +0100: Memory Usage (467308K) : Executing rule forbidden.empoly
2026-03-12 23:33:21 +0100: Memory Usage (467308K) : Executing rule forbidden.ldmos
2026-03-12 23:33:21 +0100: Memory Usage (467308K) : Executing rule forbidden.pbiwind
2026-03-12 23:33:21 +0100: Memory Usage (467308K) : Executing rule forbidden.nodrc
2026-03-12 23:33:21 +0100: Memory Usage (467308K) : Executing rule forbidden.flash
2026-03-12 23:33:21 +0100: Memory Usage (467308K) : Executing rule forbidden.colwind
2026-03-12 23:33:21 +0100: Memory Usage (467308K) : KLayout DRC run for tables 'main' completed in 0.68 seconds
