# Logfile created on 2026-03-18 18:24:44 +0100 by logger.rb/v1.5.3
2026-03-18 18:24:44 +0100: Memory Usage (434940K) : Starting running IHP-SG13G2 KLayout DRC runset on /foss/designs/adex_neuron/ttihp26a-adex-neuron-ncs/klayout/analog_buffer.gds
2026-03-18 18:24:44 +0100: Memory Usage (434940K) : Ruby Version for klayout: 3.2.3
2026-03-18 18:24:44 +0100: Memory Usage (436220K) : Loading database to memory is complete.
2026-03-18 18:24:44 +0100: Memory Usage (436220K) : IHP-SG13G2 KLayout DRC runset output at: /foss/designs/adex_neuron/ttihp26a-adex-neuron-ncs/klayout/drc_run_analog_buffer/analog_buffer_analog_buffer_main.lyrdb
2026-03-18 18:24:44 +0100: Memory Usage (436220K) : Evaluate switches.
2026-03-18 18:24:44 +0100: Memory Usage (436220K) : tables selected: main
2026-03-18 18:24:44 +0100: Memory Usage (436220K) : KLayout will use 1 thread(s) in tiling mode.
2026-03-18 18:24:44 +0100: Memory Usage (436220K) : deep mode is enabled.
2026-03-18 18:24:44 +0100: Memory Usage (436220K) : FEOL enabled: true
2026-03-18 18:24:44 +0100: Memory Usage (436220K) : BEOL enabled: true
2026-03-18 18:24:44 +0100: Memory Usage (436220K) : OFFGRID enabled: true
2026-03-18 18:24:44 +0100: Memory Usage (436220K) : PIN enabled: true
2026-03-18 18:24:44 +0100: Memory Usage (436220K) : FORBIDDEN enabled: true
2026-03-18 18:24:44 +0100: Memory Usage (436220K) : RECOMMENDED enabled: true
2026-03-18 18:24:44 +0100: Memory Usage (436220K) : PreCheck DRC enabled: false
2026-03-18 18:24:44 +0100: Memory Usage (436220K) : CONNECTIVITY_RULES enabled: true.
2026-03-18 18:24:44 +0100: Memory Usage (436220K) : Read in polygons from layers.
2026-03-18 18:24:44 +0100: Memory Usage (437500K) : activ_drw has 347 polygons
2026-03-18 18:24:44 +0100: Memory Usage (437500K) : activ_pin has 0 polygons
2026-03-18 18:24:44 +0100: Memory Usage (437500K) : activ_mask has 0 polygons
2026-03-18 18:24:44 +0100: Memory Usage (437500K) : activ_filler has 0 polygons
2026-03-18 18:24:44 +0100: Memory Usage (437500K) : activ_nofill has 0 polygons
2026-03-18 18:24:44 +0100: Memory Usage (437500K) : activ_opc has 0 polygons
2026-03-18 18:24:44 +0100: Memory Usage (437500K) : activ_iopc has 0 polygons
2026-03-18 18:24:44 +0100: Memory Usage (437500K) : activ_noqrc has 0 polygons
2026-03-18 18:24:44 +0100: Memory Usage (437500K) : biwind_drw has 0 polygons
2026-03-18 18:24:44 +0100: Memory Usage (437500K) : biwind_opc has 0 polygons
2026-03-18 18:24:44 +0100: Memory Usage (437500K) : pemwind_drw has 0 polygons
2026-03-18 18:24:44 +0100: Memory Usage (437500K) : gatpoly_drw has 264 polygons
2026-03-18 18:24:44 +0100: Memory Usage (437500K) : gatpoly_pin has 84 polygons
2026-03-18 18:24:44 +0100: Memory Usage (437500K) : gatpoly_filler has 0 polygons
2026-03-18 18:24:44 +0100: Memory Usage (437500K) : gatpoly_nofill has 0 polygons
2026-03-18 18:24:44 +0100: Memory Usage (437500K) : gatpoly_opc has 0 polygons
2026-03-18 18:24:44 +0100: Memory Usage (437500K) : gatpoly_iopc has 0 polygons
2026-03-18 18:24:44 +0100: Memory Usage (437500K) : gatpoly_noqrc has 0 polygons
2026-03-18 18:24:44 +0100: Memory Usage (437756K) : cont_drw has 2506 polygons
2026-03-18 18:24:44 +0100: Memory Usage (437756K) : cont_opc has 0 polygons
2026-03-18 18:24:44 +0100: Memory Usage (437756K) : nsd_drw has 0 polygons
2026-03-18 18:24:44 +0100: Memory Usage (437756K) : nsd_block has 0 polygons
2026-03-18 18:24:44 +0100: Memory Usage (437756K) : metal1_drw has 732 polygons
2026-03-18 18:24:44 +0100: Memory Usage (437756K) : metal1_pin has 176 polygons
2026-03-18 18:24:44 +0100: Memory Usage (437756K) : metal1_mask has 0 polygons
2026-03-18 18:24:44 +0100: Memory Usage (438012K) : metal1_filler has 0 polygons
2026-03-18 18:24:44 +0100: Memory Usage (438012K) : metal1_nofill has 0 polygons
2026-03-18 18:24:44 +0100: Memory Usage (438012K) : metal1_slit has 0 polygons
2026-03-18 18:24:44 +0100: Memory Usage (438268K) : metal1_text has 2 polygons
2026-03-18 18:24:44 +0100: Memory Usage (438268K) : metal1_opc has 0 polygons
2026-03-18 18:24:44 +0100: Memory Usage (438268K) : metal1_noqrc has 0 polygons
2026-03-18 18:24:44 +0100: Memory Usage (438524K) : metal1_res has 0 polygons
2026-03-18 18:24:44 +0100: Memory Usage (438524K) : metal1_iprobe has 0 polygons
2026-03-18 18:24:44 +0100: Memory Usage (438524K) : metal1_diffprb has 0 polygons
2026-03-18 18:24:44 +0100: Memory Usage (438524K) : passiv_drw has 0 polygons
2026-03-18 18:24:44 +0100: Memory Usage (438524K) : passiv_pin has 0 polygons
2026-03-18 18:24:44 +0100: Memory Usage (438780K) : passiv_sbump has 0 polygons
2026-03-18 18:24:44 +0100: Memory Usage (438780K) : passiv_pillar has 0 polygons
2026-03-18 18:24:44 +0100: Memory Usage (438780K) : passiv_pdl has 0 polygons
2026-03-18 18:24:44 +0100: Memory Usage (438780K) : metal2_drw has 394 polygons
2026-03-18 18:24:44 +0100: Memory Usage (438780K) : metal2_pin has 0 polygons
2026-03-18 18:24:44 +0100: Memory Usage (439036K) : metal2_mask has 0 polygons
2026-03-18 18:24:44 +0100: Memory Usage (439036K) : metal2_filler has 0 polygons
2026-03-18 18:24:44 +0100: Memory Usage (439036K) : metal2_nofill has 0 polygons
2026-03-18 18:24:44 +0100: Memory Usage (439036K) : metal2_slit has 0 polygons
2026-03-18 18:24:44 +0100: Memory Usage (439292K) : metal2_text has 0 polygons
2026-03-18 18:24:44 +0100: Memory Usage (439292K) : metal2_opc has 0 polygons
2026-03-18 18:24:44 +0100: Memory Usage (439292K) : metal2_noqrc has 0 polygons
2026-03-18 18:24:44 +0100: Memory Usage (439292K) : metal2_res has 0 polygons
2026-03-18 18:24:44 +0100: Memory Usage (439548K) : metal2_iprobe has 0 polygons
2026-03-18 18:24:44 +0100: Memory Usage (439548K) : metal2_diffprb has 0 polygons
2026-03-18 18:24:44 +0100: Memory Usage (439548K) : baspoly_drw has 0 polygons
2026-03-18 18:24:44 +0100: Memory Usage (439548K) : baspoly_pin has 0 polygons
2026-03-18 18:24:44 +0100: Memory Usage (439548K) : psd_drw has 79 polygons
2026-03-18 18:24:44 +0100: Memory Usage (439804K) : nldb_drw has 0 polygons
2026-03-18 18:24:44 +0100: Memory Usage (439804K) : digibnd_drw has 0 polygons
2026-03-18 18:24:44 +0100: Memory Usage (439804K) : via1_drw has 349 polygons
2026-03-18 18:24:44 +0100: Memory Usage (439804K) : backmetal1_drw has 0 polygons
2026-03-18 18:24:44 +0100: Memory Usage (440060K) : backmetal1_pin has 0 polygons
2026-03-18 18:24:44 +0100: Memory Usage (440060K) : backmetal1_mask has 0 polygons
2026-03-18 18:24:44 +0100: Memory Usage (440060K) : backmetal1_filler has 0 polygons
2026-03-18 18:24:44 +0100: Memory Usage (440060K) : backmetal1_nofill has 0 polygons
2026-03-18 18:24:44 +0100: Memory Usage (440060K) : backmetal1_slit has 0 polygons
2026-03-18 18:24:44 +0100: Memory Usage (440316K) : backmetal1_text has 0 polygons
2026-03-18 18:24:44 +0100: Memory Usage (440316K) : backmetal1_opc has 0 polygons
2026-03-18 18:24:44 +0100: Memory Usage (440316K) : backmetal1_noqrc has 0 polygons
2026-03-18 18:24:44 +0100: Memory Usage (440316K) : backmetal1_res has 0 polygons
2026-03-18 18:24:44 +0100: Memory Usage (440316K) : backmetal1_iprobe has 0 polygons
2026-03-18 18:24:44 +0100: Memory Usage (440572K) : backmetal1_diffprb has 0 polygons
2026-03-18 18:24:44 +0100: Memory Usage (440572K) : backpassiv_drw has 0 polygons
2026-03-18 18:24:44 +0100: Memory Usage (440572K) : res_drw has 0 polygons
2026-03-18 18:24:44 +0100: Memory Usage (440572K) : sram_drw has 0 polygons
2026-03-18 18:24:44 +0100: Memory Usage (440828K) : trans_drw has 0 polygons
2026-03-18 18:24:44 +0100: Memory Usage (440828K) : ind_drw has 0 polygons
2026-03-18 18:24:44 +0100: Memory Usage (440828K) : ind_pin has 0 polygons
2026-03-18 18:24:44 +0100: Memory Usage (440828K) : ind_text has 0 polygons
2026-03-18 18:24:44 +0100: Memory Usage (441084K) : salblock_drw has 0 polygons
2026-03-18 18:24:44 +0100: Memory Usage (441084K) : via2_drw has 174 polygons
2026-03-18 18:24:44 +0100: Memory Usage (441084K) : metal3_drw has 94 polygons
2026-03-18 18:24:44 +0100: Memory Usage (441340K) : metal3_pin has 8 polygons
2026-03-18 18:24:44 +0100: Memory Usage (441340K) : metal3_mask has 0 polygons
2026-03-18 18:24:44 +0100: Memory Usage (441340K) : metal3_filler has 0 polygons
2026-03-18 18:24:44 +0100: Memory Usage (441340K) : metal3_nofill has 0 polygons
2026-03-18 18:24:44 +0100: Memory Usage (441340K) : metal3_slit has 0 polygons
2026-03-18 18:24:44 +0100: Memory Usage (441596K) : metal3_text has 7 polygons
2026-03-18 18:24:44 +0100: Memory Usage (441596K) : metal3_opc has 0 polygons
2026-03-18 18:24:44 +0100: Memory Usage (441596K) : metal3_noqrc has 0 polygons
2026-03-18 18:24:44 +0100: Memory Usage (441596K) : metal3_res has 0 polygons
2026-03-18 18:24:44 +0100: Memory Usage (441852K) : metal3_iprobe has 0 polygons
2026-03-18 18:24:44 +0100: Memory Usage (441852K) : metal3_diffprb has 0 polygons
2026-03-18 18:24:44 +0100: Memory Usage (441852K) : nwell_drw has 81 polygons
2026-03-18 18:24:44 +0100: Memory Usage (441852K) : nwell_pin has 4 polygons
2026-03-18 18:24:44 +0100: Memory Usage (441852K) : nbulay_drw has 4 polygons
2026-03-18 18:24:44 +0100: Memory Usage (442108K) : nbulay_pin has 0 polygons
2026-03-18 18:24:44 +0100: Memory Usage (442108K) : nbulay_block has 0 polygons
2026-03-18 18:24:44 +0100: Memory Usage (442108K) : emwind_drw has 0 polygons
2026-03-18 18:24:44 +0100: Memory Usage (442364K) : emwind_opc has 0 polygons
2026-03-18 18:24:44 +0100: Memory Usage (442364K) : deepco_drw has 0 polygons
2026-03-18 18:24:44 +0100: Memory Usage (442364K) : deepco_drw has 0 polygons
2026-03-18 18:24:44 +0100: Memory Usage (442620K) : mim_drw has 0 polygons
2026-03-18 18:24:44 +0100: Memory Usage (442620K) : edgeseal_drw has 0 polygons
2026-03-18 18:24:44 +0100: Memory Usage (442620K) : edgeseal_bound has 0 polygons
2026-03-18 18:24:44 +0100: Memory Usage (442620K) : substrate_drw has 79 polygons
2026-03-18 18:24:44 +0100: Memory Usage (442620K) : substrate_text has 0 polygons
2026-03-18 18:24:44 +0100: Memory Usage (442876K) : dfpad_drw has 0 polygons
2026-03-18 18:24:44 +0100: Memory Usage (442876K) : dfpad_pillar has 0 polygons
2026-03-18 18:24:44 +0100: Memory Usage (442876K) : dfpad_sbump has 0 polygons
2026-03-18 18:24:44 +0100: Memory Usage (442876K) : thickgateox_drw has 85 polygons
2026-03-18 18:24:44 +0100: Memory Usage (442876K) : pldb_drw has 0 polygons
2026-03-18 18:24:44 +0100: Memory Usage (443132K) : pwell_drw has 0 polygons
2026-03-18 18:24:44 +0100: Memory Usage (443132K) : pwell_pin has 0 polygons
2026-03-18 18:24:44 +0100: Memory Usage (443132K) : pwell_block has 0 polygons
2026-03-18 18:24:44 +0100: Memory Usage (443132K) : ic_drw has 0 polygons
2026-03-18 18:24:44 +0100: Memory Usage (443388K) : via3_drw has 24 polygons
2026-03-18 18:24:44 +0100: Memory Usage (443388K) : metal4_drw has 8 polygons
2026-03-18 18:24:44 +0100: Memory Usage (443388K) : metal4_pin has 2 polygons
2026-03-18 18:24:44 +0100: Memory Usage (443388K) : metal4_mask has 0 polygons
2026-03-18 18:24:44 +0100: Memory Usage (443644K) : metal4_filler has 0 polygons
2026-03-18 18:24:44 +0100: Memory Usage (443644K) : metal4_nofill has 0 polygons
2026-03-18 18:24:44 +0100: Memory Usage (443644K) : metal4_slit has 0 polygons
2026-03-18 18:24:44 +0100: Memory Usage (443644K) : metal4_text has 2 polygons
2026-03-18 18:24:44 +0100: Memory Usage (443644K) : metal4_opc has 0 polygons
2026-03-18 18:24:44 +0100: Memory Usage (443900K) : metal4_noqrc has 0 polygons
2026-03-18 18:24:44 +0100: Memory Usage (443900K) : metal4_res has 0 polygons
2026-03-18 18:24:44 +0100: Memory Usage (443900K) : metal4_iprobe has 0 polygons
2026-03-18 18:24:44 +0100: Memory Usage (444156K) : metal4_diffprb has 0 polygons
2026-03-18 18:24:44 +0100: Memory Usage (444156K) : heattrans_drw has 168 polygons
2026-03-18 18:24:44 +0100: Memory Usage (444156K) : heatres_drw has 0 polygons
2026-03-18 18:24:44 +0100: Memory Usage (444156K) : pempoly_drw has 0 polygons
2026-03-18 18:24:44 +0100: Memory Usage (444156K) : fbe_drw has 0 polygons
2026-03-18 18:24:44 +0100: Memory Usage (444412K) : empoly_drw has 0 polygons
2026-03-18 18:24:44 +0100: Memory Usage (444412K) : ldmos_drw has 0 polygons
2026-03-18 18:24:44 +0100: Memory Usage (444412K) : pbiwind_drw has 0 polygons
2026-03-18 18:24:44 +0100: Memory Usage (444668K) : digisub_drw has 0 polygons
2026-03-18 18:24:44 +0100: Memory Usage (444668K) : nodrc_drw has 0 polygons
2026-03-18 18:24:44 +0100: Memory Usage (444668K) : text_drw has 89 polygons
2026-03-18 18:24:44 +0100: Memory Usage (444668K) : via4_drw has 0 polygons
2026-03-18 18:24:44 +0100: Memory Usage (444668K) : metal5_drw has 0 polygons
2026-03-18 18:24:44 +0100: Memory Usage (444924K) : metal5_pin has 0 polygons
2026-03-18 18:24:44 +0100: Memory Usage (444924K) : metal5_mask has 0 polygons
2026-03-18 18:24:44 +0100: Memory Usage (444924K) : metal5_filler has 0 polygons
2026-03-18 18:24:44 +0100: Memory Usage (444924K) : metal5_nofill has 0 polygons
2026-03-18 18:24:44 +0100: Memory Usage (444924K) : metal5_slit has 0 polygons
2026-03-18 18:24:44 +0100: Memory Usage (445180K) : metal5_text has 0 polygons
2026-03-18 18:24:44 +0100: Memory Usage (445180K) : metal5_opc has 0 polygons
2026-03-18 18:24:44 +0100: Memory Usage (445180K) : metal5_noqrc has 0 polygons
2026-03-18 18:24:44 +0100: Memory Usage (445180K) : metal5_res has 0 polygons
2026-03-18 18:24:44 +0100: Memory Usage (445436K) : metal5_iprobe has 0 polygons
2026-03-18 18:24:44 +0100: Memory Usage (445436K) : metal5_diffprb has 0 polygons
2026-03-18 18:24:44 +0100: Memory Usage (445436K) : radhard_drw has 0 polygons
2026-03-18 18:24:44 +0100: Memory Usage (445436K) : memcap_drw has 0 polygons
2026-03-18 18:24:44 +0100: Memory Usage (445692K) : varicap_drw has 0 polygons
2026-03-18 18:24:44 +0100: Memory Usage (445692K) : flash_drw has 0 polygons
2026-03-18 18:24:44 +0100: Memory Usage (445692K) : intbondvia_drw has 0 polygons
2026-03-18 18:24:44 +0100: Memory Usage (445948K) : intbondmet_drw has 0 polygons
2026-03-18 18:24:44 +0100: Memory Usage (445948K) : devbondvia_drw has 0 polygons
2026-03-18 18:24:44 +0100: Memory Usage (445948K) : devbondmet_drw has 0 polygons
2026-03-18 18:24:44 +0100: Memory Usage (445948K) : devtrench_drw has 0 polygons
2026-03-18 18:24:44 +0100: Memory Usage (445948K) : redist_drw has 0 polygons
2026-03-18 18:24:44 +0100: Memory Usage (446204K) : graphbot_drw has 0 polygons
2026-03-18 18:24:44 +0100: Memory Usage (446204K) : graphtop_drw has 0 polygons
2026-03-18 18:24:44 +0100: Memory Usage (446204K) : antvia1_drw has 0 polygons
2026-03-18 18:24:44 +0100: Memory Usage (446204K) : antmetal2_drw has 0 polygons
2026-03-18 18:24:44 +0100: Memory Usage (446204K) : graphcont_drw has 0 polygons
2026-03-18 18:24:44 +0100: Memory Usage (446460K) : siwg_drw has 0 polygons
2026-03-18 18:24:44 +0100: Memory Usage (446460K) : siwg_filler has 0 polygons
2026-03-18 18:24:44 +0100: Memory Usage (446460K) : siwg_nofill has 0 polygons
2026-03-18 18:24:44 +0100: Memory Usage (446460K) : sigrating_drw has 0 polygons
2026-03-18 18:24:44 +0100: Memory Usage (446716K) : singrating_drw has 0 polygons
2026-03-18 18:24:44 +0100: Memory Usage (446716K) : graphpas_drw has 0 polygons
2026-03-18 18:24:44 +0100: Memory Usage (446716K) : emwind3_drw has 0 polygons
2026-03-18 18:24:44 +0100: Memory Usage (446716K) : emwihv3_drw has 0 polygons
2026-03-18 18:24:44 +0100: Memory Usage (446972K) : redbulay_drw has 0 polygons
2026-03-18 18:24:44 +0100: Memory Usage (446972K) : smos_drw has 0 polygons
2026-03-18 18:24:44 +0100: Memory Usage (446972K) : graphpad_drw has 0 polygons
2026-03-18 18:24:44 +0100: Memory Usage (446972K) : polimide_drw has 0 polygons
2026-03-18 18:24:44 +0100: Memory Usage (446972K) : polimide_pin has 0 polygons
2026-03-18 18:24:44 +0100: Memory Usage (447228K) : recog_drw has 0 polygons
2026-03-18 18:24:44 +0100: Memory Usage (447228K) : recog_pin has 0 polygons
2026-03-18 18:24:44 +0100: Memory Usage (447228K) : recog_esd has 0 polygons
2026-03-18 18:24:44 +0100: Memory Usage (447228K) : recog_diode has 0 polygons
2026-03-18 18:24:44 +0100: Memory Usage (447484K) : recog_tsv has 0 polygons
2026-03-18 18:24:44 +0100: Memory Usage (447484K) : recog_iprobe has 0 polygons
2026-03-18 18:24:44 +0100: Memory Usage (447484K) : recog_diffprb has 0 polygons
2026-03-18 18:24:44 +0100: Memory Usage (447484K) : recog_pillar has 0 polygons
2026-03-18 18:24:44 +0100: Memory Usage (447484K) : recog_sbump has 0 polygons
2026-03-18 18:24:44 +0100: Memory Usage (447484K) : recog_otp has 0 polygons
2026-03-18 18:24:44 +0100: Memory Usage (447740K) : recog_pdiode has 0 polygons
2026-03-18 18:24:44 +0100: Memory Usage (447740K) : recog_mom has 0 polygons
2026-03-18 18:24:44 +0100: Memory Usage (447740K) : recog_pcm has 0 polygons
2026-03-18 18:24:44 +0100: Memory Usage (447740K) : colopen_drw has 0 polygons
2026-03-18 18:24:44 +0100: Memory Usage (447740K) : graphmetal1_drw has 0 polygons
2026-03-18 18:24:44 +0100: Memory Usage (447740K) : graphmetal1_filler has 0 polygons
2026-03-18 18:24:44 +0100: Memory Usage (447740K) : graphmetal1_nofill has 0 polygons
2026-03-18 18:24:44 +0100: Memory Usage (447996K) : graphmetal1_slit has 0 polygons
2026-03-18 18:24:44 +0100: Memory Usage (447996K) : graphmetal1_opc has 0 polygons
2026-03-18 18:24:44 +0100: Memory Usage (447996K) : graphmet1l_drw has 0 polygons
2026-03-18 18:24:44 +0100: Memory Usage (447996K) : graphmet1l_filler has 0 polygons
2026-03-18 18:24:44 +0100: Memory Usage (447996K) : graphmet1l_nofill has 0 polygons
2026-03-18 18:24:44 +0100: Memory Usage (447996K) : graphmet1l_slit has 0 polygons
2026-03-18 18:24:44 +0100: Memory Usage (447996K) : graphmet1l_opc has 0 polygons
2026-03-18 18:24:44 +0100: Memory Usage (448252K) : extblock_drw has 0 polygons
2026-03-18 18:24:44 +0100: Memory Usage (448252K) : nldd_drw has 0 polygons
2026-03-18 18:24:44 +0100: Memory Usage (448252K) : pldd_drw has 0 polygons
2026-03-18 18:24:44 +0100: Memory Usage (448252K) : next_drw has 0 polygons
2026-03-18 18:24:44 +0100: Memory Usage (448508K) : pext_drw has 0 polygons
2026-03-18 18:24:44 +0100: Memory Usage (448508K) : nexthv_drw has 0 polygons
2026-03-18 18:24:44 +0100: Memory Usage (448508K) : pexthv_drw has 0 polygons
2026-03-18 18:24:44 +0100: Memory Usage (448508K) : graphgate_drw has 0 polygons
2026-03-18 18:24:44 +0100: Memory Usage (448508K) : sinwg_drw has 0 polygons
2026-03-18 18:24:44 +0100: Memory Usage (448508K) : sinwg_filler has 0 polygons
2026-03-18 18:24:44 +0100: Memory Usage (448508K) : sinwg_nofill has 0 polygons
2026-03-18 18:24:44 +0100: Memory Usage (448764K) : mempad_drw has 0 polygons
2026-03-18 18:24:44 +0100: Memory Usage (448764K) : topvia1_drw has 0 polygons
2026-03-18 18:24:44 +0100: Memory Usage (448764K) : topmetal1_drw has 0 polygons
2026-03-18 18:24:44 +0100: Memory Usage (448764K) : topmetal1_pin has 0 polygons
2026-03-18 18:24:44 +0100: Memory Usage (448764K) : topmetal1_mask has 0 polygons
2026-03-18 18:24:44 +0100: Memory Usage (448764K) : topmetal1_filler has 0 polygons
2026-03-18 18:24:44 +0100: Memory Usage (449020K) : topmetal1_nofill has 0 polygons
2026-03-18 18:24:44 +0100: Memory Usage (449020K) : topmetal1_slit has 0 polygons
2026-03-18 18:24:44 +0100: Memory Usage (449020K) : topmetal1_text has 0 polygons
2026-03-18 18:24:44 +0100: Memory Usage (449020K) : topmetal1_noqrc has 0 polygons
2026-03-18 18:24:44 +0100: Memory Usage (449020K) : topmetal1_res has 0 polygons
2026-03-18 18:24:44 +0100: Memory Usage (449020K) : topmetal1_iprobe has 0 polygons
2026-03-18 18:24:44 +0100: Memory Usage (449020K) : topmetal1_diffprb has 0 polygons
2026-03-18 18:24:44 +0100: Memory Usage (449276K) : inldpwl_drw has 0 polygons
2026-03-18 18:24:44 +0100: Memory Usage (449276K) : polyres_drw has 0 polygons
2026-03-18 18:24:44 +0100: Memory Usage (449276K) : polyres_pin has 0 polygons
2026-03-18 18:24:44 +0100: Memory Usage (449276K) : vmim_drw has 0 polygons
2026-03-18 18:24:44 +0100: Memory Usage (449276K) : nbulaycut_drw has 0 polygons
2026-03-18 18:24:44 +0100: Memory Usage (449532K) : antmetal1_drw has 0 polygons
2026-03-18 18:24:44 +0100: Memory Usage (449532K) : topvia2_drw has 0 polygons
2026-03-18 18:24:44 +0100: Memory Usage (449532K) : topmetal2_drw has 0 polygons
2026-03-18 18:24:44 +0100: Memory Usage (449532K) : topmetal2_pin has 0 polygons
2026-03-18 18:24:44 +0100: Memory Usage (449532K) : topmetal2_mask has 0 polygons
2026-03-18 18:24:44 +0100: Memory Usage (449788K) : topmetal2_filler has 0 polygons
2026-03-18 18:24:44 +0100: Memory Usage (449788K) : topmetal2_nofill has 0 polygons
2026-03-18 18:24:44 +0100: Memory Usage (449788K) : topmetal2_slit has 0 polygons
2026-03-18 18:24:44 +0100: Memory Usage (449788K) : topmetal2_text has 0 polygons
2026-03-18 18:24:44 +0100: Memory Usage (450044K) : topmetal2_noqrc has 0 polygons
2026-03-18 18:24:44 +0100: Memory Usage (450044K) : topmetal2_res has 0 polygons
2026-03-18 18:24:44 +0100: Memory Usage (450044K) : topmetal2_iprobe has 0 polygons
2026-03-18 18:24:44 +0100: Memory Usage (450044K) : topmetal2_diffprb has 0 polygons
2026-03-18 18:24:44 +0100: Memory Usage (450044K) : snsring_drw has 0 polygons
2026-03-18 18:24:44 +0100: Memory Usage (450300K) : sensor_drw has 0 polygons
2026-03-18 18:24:44 +0100: Memory Usage (450300K) : snsarms_drw has 0 polygons
2026-03-18 18:24:44 +0100: Memory Usage (450300K) : snscmosvia_drw has 0 polygons
2026-03-18 18:24:44 +0100: Memory Usage (450300K) : colwind_drw has 0 polygons
2026-03-18 18:24:44 +0100: Memory Usage (450300K) : flm_drw has 0 polygons
2026-03-18 18:24:44 +0100: Memory Usage (450556K) : hafniumox_drw has 0 polygons
2026-03-18 18:24:44 +0100: Memory Usage (450556K) : memvia_drw has 0 polygons
2026-03-18 18:24:44 +0100: Memory Usage (450556K) : thinfilmres_drw has 0 polygons
2026-03-18 18:24:44 +0100: Memory Usage (450556K) : rfmem_drw has 0 polygons
2026-03-18 18:24:44 +0100: Memory Usage (450812K) : norcx_drw has 0 polygons
2026-03-18 18:24:44 +0100: Memory Usage (450812K) : norcx_m2m3 has 0 polygons
2026-03-18 18:24:44 +0100: Memory Usage (450812K) : norcx_m2m4 has 0 polygons
2026-03-18 18:24:44 +0100: Memory Usage (450812K) : norcx_m2m5 has 0 polygons
2026-03-18 18:24:44 +0100: Memory Usage (450812K) : norcx_m2tm1 has 0 polygons
2026-03-18 18:24:44 +0100: Memory Usage (451068K) : norcx_m2tm2 has 0 polygons
2026-03-18 18:24:44 +0100: Memory Usage (451068K) : norcx_m3m4 has 0 polygons
2026-03-18 18:24:44 +0100: Memory Usage (451068K) : norcx_m3m5 has 0 polygons
2026-03-18 18:24:44 +0100: Memory Usage (451068K) : norcx_m3tm1 has 0 polygons
2026-03-18 18:24:44 +0100: Memory Usage (451068K) : norcx_m3tm2 has 0 polygons
2026-03-18 18:24:44 +0100: Memory Usage (451068K) : norcx_m4m5 has 0 polygons
2026-03-18 18:24:44 +0100: Memory Usage (451068K) : norcx_m4tm1 has 0 polygons
2026-03-18 18:24:44 +0100: Memory Usage (451324K) : norcx_m4tm2 has 0 polygons
2026-03-18 18:24:44 +0100: Memory Usage (451324K) : norcx_m5tm1 has 0 polygons
2026-03-18 18:24:44 +0100: Memory Usage (451324K) : norcx_m5tm2 has 0 polygons
2026-03-18 18:24:44 +0100: Memory Usage (451324K) : norcx_tm1tm2 has 0 polygons
2026-03-18 18:24:44 +0100: Memory Usage (451324K) : norcx_m1sub has 0 polygons
2026-03-18 18:24:44 +0100: Memory Usage (451324K) : norcx_m2sub has 0 polygons
2026-03-18 18:24:44 +0100: Memory Usage (451324K) : norcx_m3sub has 0 polygons
2026-03-18 18:24:44 +0100: Memory Usage (451580K) : norcx_m4sub has 0 polygons
2026-03-18 18:24:44 +0100: Memory Usage (451580K) : norcx_m5sub has 0 polygons
2026-03-18 18:24:44 +0100: Memory Usage (451580K) : norcx_tm1sub has 0 polygons
2026-03-18 18:24:44 +0100: Memory Usage (451580K) : norcx_tm2sub has 0 polygons
2026-03-18 18:24:44 +0100: Memory Usage (451580K) : snsbotvia_drw has 0 polygons
2026-03-18 18:24:44 +0100: Memory Usage (451580K) : snstopvia_drw has 0 polygons
2026-03-18 18:24:44 +0100: Memory Usage (451836K) : deepvia_drw has 0 polygons
2026-03-18 18:24:44 +0100: Memory Usage (451836K) : fgetch_drw has 0 polygons
2026-03-18 18:24:44 +0100: Memory Usage (451836K) : ctrgat_drw has 0 polygons
2026-03-18 18:24:44 +0100: Memory Usage (451836K) : fgimp_drw has 0 polygons
2026-03-18 18:24:44 +0100: Memory Usage (451836K) : emwihv_drw has 0 polygons
2026-03-18 18:24:44 +0100: Memory Usage (451836K) : lbe_drw has 0 polygons
2026-03-18 18:24:44 +0100: Memory Usage (451836K) : alcustop_drw has 0 polygons
2026-03-18 18:24:44 +0100: Memory Usage (452092K) : nometfiller_drw has 0 polygons
2026-03-18 18:24:44 +0100: Memory Usage (452092K) : prboundary_drw has 0 polygons
2026-03-18 18:24:44 +0100: Memory Usage (452092K) : exchange0_drw has 0 polygons
2026-03-18 18:24:44 +0100: Memory Usage (452092K) : exchange0_pin has 0 polygons
2026-03-18 18:24:44 +0100: Memory Usage (452092K) : exchange0_text has 0 polygons
2026-03-18 18:24:44 +0100: Memory Usage (452092K) : exchange1_drw has 0 polygons
2026-03-18 18:24:44 +0100: Memory Usage (452092K) : exchange1_pin has 0 polygons
2026-03-18 18:24:44 +0100: Memory Usage (452348K) : exchange1_text has 0 polygons
2026-03-18 18:24:44 +0100: Memory Usage (452348K) : exchange2_drw has 0 polygons
2026-03-18 18:24:44 +0100: Memory Usage (452348K) : exchange2_pin has 0 polygons
2026-03-18 18:24:44 +0100: Memory Usage (452348K) : exchange2_text has 0 polygons
2026-03-18 18:24:44 +0100: Memory Usage (452348K) : exchange3_drw has 0 polygons
2026-03-18 18:24:44 +0100: Memory Usage (452348K) : exchange3_pin has 0 polygons
2026-03-18 18:24:44 +0100: Memory Usage (452604K) : exchange3_text has 0 polygons
2026-03-18 18:24:44 +0100: Memory Usage (452604K) : exchange4_drw has 0 polygons
2026-03-18 18:24:44 +0100: Memory Usage (452604K) : exchange4_pin has 0 polygons
2026-03-18 18:24:44 +0100: Memory Usage (452604K) : exchange4_text has 0 polygons
2026-03-18 18:24:44 +0100: Memory Usage (452604K) : isonwell_drw has 0 polygons
2026-03-18 18:24:44 +0100: Memory Usage (452604K) : Total no. of polygons in the design is 5762
2026-03-18 18:24:44 +0100: Memory Usage (452860K) : Loaded TECH DRC rules values from /foss/pdks/ihp-sg13g2/libs.tech/klayout/python/sg13g2_pycell_lib/sg13g2_tech_mod.json
2026-03-18 18:24:44 +0100: Memory Usage (452860K) : Loaded default DRC rules values from /foss/pdks/ihp-sg13g2/libs.tech/klayout/tech/drc/rule_decks/sg13g2_tech_default.json
2026-03-18 18:24:44 +0100: Memory Usage (452860K) : The following rules values were missing in tech json and default values were used:
2026-03-18 18:24:44 +0100: Memory Usage (452860K) :   - Cnt_c_digibnd
2026-03-18 18:24:44 +0100: Memory Usage (453628K) : Total area of the design is 1121.135925 um^2.
2026-03-18 18:24:44 +0100: Memory Usage (453628K) : The design dimensions are 22.785 µm * 49.205000000000005 µm.
2026-03-18 18:24:44 +0100: Memory Usage (453628K) : Starting general IHP-SG13G2 derivations.
2026-03-18 18:24:44 +0100: Memory Usage (453628K) : Starting Pwell derivations
2026-03-18 18:24:44 +0100: Memory Usage (455932K) : Starting n-Activ derivations
2026-03-18 18:24:44 +0100: Memory Usage (456444K) : Starting p-Activ derivations
2026-03-18 18:24:44 +0100: Memory Usage (456444K) : Starting ptap derivations
2026-03-18 18:24:44 +0100: Memory Usage (456444K) : Starting ntap derivations
2026-03-18 18:24:44 +0100: Memory Usage (456444K) : Starting pact FET derivations
2026-03-18 18:24:44 +0100: Memory Usage (456444K) : Starting nact FET derivations
2026-03-18 18:24:44 +0100: Memory Usage (456700K) : Starting Gate derivations
2026-03-18 18:24:44 +0100: Memory Usage (456700K) : Starting cont/contbar general derivations
2026-03-18 18:24:44 +0100: Memory Usage (457468K) : Starting pad general derivations
2026-03-18 18:24:44 +0100: Memory Usage (457468K) : Starting IHP-SG13G2 DRC connectivity related derivations.
2026-03-18 18:24:44 +0100: Memory Usage (458236K) : Starting IHP-SG13G2 DRC connectivity setup
2026-03-18 18:24:44 +0100: Memory Usage (459260K) : Starting IHP-SG13G2 DRC rules.
2026-03-18 18:24:44 +0100: Memory Usage (459260K) : Running all FEOL rules
2026-03-18 18:24:44 +0100: Memory Usage (459260K) : Running all BEOL rules
2026-03-18 18:24:44 +0100: Memory Usage (459260K) : Running all PIN rules
2026-03-18 18:24:44 +0100: Memory Usage (459260K) : Running all FORBIDDEN rules
2026-03-18 18:24:44 +0100: Memory Usage (459260K) : Starting 5.1 NWell table
2026-03-18 18:24:44 +0100: Memory Usage (459260K) : Executing rule NW.b
2026-03-18 18:24:44 +0100: Memory Usage (460028K) : Executing rule NW.b1
2026-03-18 18:24:44 +0100: Memory Usage (460284K) : Starting 5.2 PWell:block
2026-03-18 18:24:44 +0100: Memory Usage (460284K) : Executing rule PWB.e
2026-03-18 18:24:44 +0100: Memory Usage (460284K) : Executing rule PWB.e1
2026-03-18 18:24:44 +0100: Memory Usage (460540K) : Executing rule PWB.f
2026-03-18 18:24:44 +0100: Memory Usage (460540K) : Executing rule PWB.f1
2026-03-18 18:24:44 +0100: Memory Usage (461052K) : Starting 5.3 nBuLay table
2026-03-18 18:24:44 +0100: Memory Usage (461052K) : Executing rule NBL.b
2026-03-18 18:24:44 +0100: Memory Usage (461052K) : Executing rule NBL.c
2026-03-18 18:24:44 +0100: Memory Usage (461052K) : Executing rule NBL.d
2026-03-18 18:24:44 +0100: Memory Usage (461052K) : Executing rule NBL.e
2026-03-18 18:24:44 +0100: Memory Usage (461052K) : Executing rule NBL.f
2026-03-18 18:24:44 +0100: Memory Usage (461052K) : Starting 5.5. Activ table
2026-03-18 18:24:44 +0100: Memory Usage (461052K) : Executing rule Act.a
2026-03-18 18:24:44 +0100: Memory Usage (461052K) : Executing rule Act.b
2026-03-18 18:24:44 +0100: Memory Usage (461052K) : Starting 5.6 Activ:filler table
2026-03-18 18:24:44 +0100: Memory Usage (461052K) : Executing rule AFil.c1
2026-03-18 18:24:44 +0100: Memory Usage (461052K) : Executing rule AFil.c
2026-03-18 18:24:44 +0100: Memory Usage (461052K) : Executing rule AFil.d
2026-03-18 18:24:44 +0100: Memory Usage (461052K) : Executing rule AFil.e
2026-03-18 18:24:44 +0100: Memory Usage (461052K) : Executing rule AFil.j
2026-03-18 18:24:44 +0100: Memory Usage (461052K) : Starting 5.7. ThickGateOx table
2026-03-18 18:24:44 +0100: Memory Usage (461052K) : Executing rule TGO.f
2026-03-18 18:24:44 +0100: Memory Usage (461052K) : Starting 5.8. GatPoly table
2026-03-18 18:24:44 +0100: Memory Usage (461052K) : Executing rule Gat.a
2026-03-18 18:24:44 +0100: Memory Usage (461052K) : Executing rule Gat.b
2026-03-18 18:24:44 +0100: Memory Usage (461052K) : Executing rule Gat.d
2026-03-18 18:24:44 +0100: Memory Usage (461052K) : Executing rule Gat.a1
2026-03-18 18:24:44 +0100: Memory Usage (461308K) : Executing rule Gat.a2
2026-03-18 18:24:44 +0100: Memory Usage (461308K) : Executing rule Gat.g
2026-03-18 18:24:44 +0100: Memory Usage (461308K) : Starting 5.9 GatPoly:filler
2026-03-18 18:24:44 +0100: Memory Usage (461308K) : Executing rule GFil.d
2026-03-18 18:24:44 +0100: Memory Usage (461308K) : Executing rule GFil.e
2026-03-18 18:24:44 +0100: Memory Usage (461308K) : Executing rule GFil.i
2026-03-18 18:24:44 +0100: Memory Usage (461308K) : Starting 5.10 pSD table
2026-03-18 18:24:44 +0100: Memory Usage (461308K) : Executing rule pSD.c1
2026-03-18 18:24:44 +0100: Memory Usage (461308K) : Starting 5.14. Cont table
2026-03-18 18:24:44 +0100: Memory Usage (461308K) : Executing rule Cnt.a
2026-03-18 18:24:44 +0100: Memory Usage (461308K) : Executing rule Cnt.b
2026-03-18 18:24:44 +0100: Memory Usage (461308K) : Executing rule Cnt.c
2026-03-18 18:24:44 +0100: Memory Usage (461308K) : Executing rule Cnt.c
2026-03-18 18:24:44 +0100: Memory Usage (461308K) : Executing rule Cnt.d
2026-03-18 18:24:44 +0100: Memory Usage (461308K) : Executing rule Cnt.e
2026-03-18 18:24:44 +0100: Memory Usage (461308K) : Executing rule Cnt.g1
2026-03-18 18:24:44 +0100: Memory Usage (461308K) : Executing rule Cnt.g2
2026-03-18 18:24:44 +0100: Memory Usage (461308K) : Starting 5.15. ContBar table
2026-03-18 18:24:44 +0100: Memory Usage (461308K) : Executing rule CntB.b1
2026-03-18 18:24:44 +0100: Memory Usage (461308K) : Executing rule CntB.h1
2026-03-18 18:24:44 +0100: Memory Usage (461308K) : Starting 6.1.3 NPN Substrate-Tie table
2026-03-18 18:24:44 +0100: Memory Usage (461308K) : Executing rule npn13G2.bR 
2026-03-18 18:24:44 +0100: Memory Usage (461308K) : Executing rule npn13G2L.cR 
2026-03-18 18:24:44 +0100: Memory Usage (461308K) : Executing rule npn13G2V.cR 
2026-03-18 18:24:44 +0100: Memory Usage (461308K) : Starting 6.7 Schottky diode table
2026-03-18 18:24:44 +0100: Memory Usage (461308K) : Executing rule Sdiod.d
2026-03-18 18:24:44 +0100: Memory Usage (461308K) : Executing rule Sdiod.e
2026-03-18 18:24:44 +0100: Memory Usage (461308K) : Starting 7.2 Latch-up table
2026-03-18 18:24:44 +0100: Memory Usage (461308K) : Executing rule LU.b
2026-03-18 18:24:44 +0100: Memory Usage (461308K) : Starting 5.16. Metal1 table
2026-03-18 18:24:44 +0100: Memory Usage (461308K) : Executing rule M1.a
2026-03-18 18:24:44 +0100: Memory Usage (461308K) : Executing rule M1.b
2026-03-18 18:24:44 +0100: Memory Usage (461308K) : Executing rule M1.e
2026-03-18 18:24:44 +0100: Memory Usage (461308K) : Executing rule M1.f
2026-03-18 18:24:44 +0100: Memory Usage (461308K) : Executing rule M1.g
2026-03-18 18:24:44 +0100: Memory Usage (461308K) : Executing rule M1.i
2026-03-18 18:24:44 +0100: Memory Usage (461308K) : Starting 5.17 Metaln table
2026-03-18 18:24:44 +0100: Memory Usage (461308K) : Executing rule M2.a
2026-03-18 18:24:44 +0100: Memory Usage (461308K) : Executing rule M2.b
2026-03-18 18:24:44 +0100: Memory Usage (461308K) : Executing rule M2.e
2026-03-18 18:24:44 +0100: Memory Usage (461308K) : Executing rule M2.f
2026-03-18 18:24:44 +0100: Memory Usage (461308K) : Executing rule M2.g
2026-03-18 18:24:44 +0100: Memory Usage (461308K) : Executing rule M2.i
2026-03-18 18:24:44 +0100: Memory Usage (461308K) : Executing rule M3.a
2026-03-18 18:24:44 +0100: Memory Usage (461308K) : Executing rule M3.b
2026-03-18 18:24:44 +0100: Memory Usage (461308K) : Executing rule M3.e
2026-03-18 18:24:44 +0100: Memory Usage (461308K) : Executing rule M3.f
2026-03-18 18:24:44 +0100: Memory Usage (461308K) : Executing rule M3.g
2026-03-18 18:24:44 +0100: Memory Usage (461308K) : Executing rule M3.i
2026-03-18 18:24:44 +0100: Memory Usage (461308K) : Executing rule M4.a
2026-03-18 18:24:44 +0100: Memory Usage (461308K) : Executing rule M4.b
2026-03-18 18:24:44 +0100: Memory Usage (461308K) : Executing rule M4.e
2026-03-18 18:24:44 +0100: Memory Usage (461308K) : Executing rule M4.f
2026-03-18 18:24:44 +0100: Memory Usage (461308K) : Executing rule M4.g
2026-03-18 18:24:44 +0100: Memory Usage (461308K) : Executing rule M4.i
2026-03-18 18:24:44 +0100: Memory Usage (461308K) : Executing rule M5.a
2026-03-18 18:24:44 +0100: Memory Usage (461308K) : Executing rule M5.b
2026-03-18 18:24:44 +0100: Memory Usage (461308K) : Executing rule M5.e
2026-03-18 18:24:44 +0100: Memory Usage (461308K) : Executing rule M5.f
2026-03-18 18:24:44 +0100: Memory Usage (461308K) : Executing rule M5.g
2026-03-18 18:24:44 +0100: Memory Usage (461308K) : Executing rule M5.i
2026-03-18 18:24:44 +0100: Memory Usage (461308K) : Starting 5.18 Metaln:filler table
2026-03-18 18:24:44 +0100: Memory Usage (461308K) : Executing rule M1Fil.c
2026-03-18 18:24:44 +0100: Memory Usage (461308K) : Executing rule M1Fil.a2
2026-03-18 18:24:44 +0100: Memory Usage (461308K) : Executing rule M2Fil.c
2026-03-18 18:24:44 +0100: Memory Usage (461308K) : Executing rule M2Fil.a2
2026-03-18 18:24:44 +0100: Memory Usage (461308K) : Executing rule M3Fil.c
2026-03-18 18:24:44 +0100: Memory Usage (461308K) : Executing rule M3Fil.a2
2026-03-18 18:24:44 +0100: Memory Usage (461308K) : Executing rule M4Fil.c
2026-03-18 18:24:44 +0100: Memory Usage (461308K) : Executing rule M4Fil.a2
2026-03-18 18:24:44 +0100: Memory Usage (461308K) : Executing rule M5Fil.c
2026-03-18 18:24:44 +0100: Memory Usage (461308K) : Executing rule M5Fil.a2
2026-03-18 18:24:44 +0100: Memory Usage (461308K) : Starting 5.19. Via1 table
2026-03-18 18:24:44 +0100: Memory Usage (461308K) : Starting 5.19. Via1 table derivations
2026-03-18 18:24:44 +0100: Memory Usage (461308K) : Executing rule V1.a
2026-03-18 18:24:44 +0100: Memory Usage (461308K) : Executing rule V1.b
2026-03-18 18:24:44 +0100: Memory Usage (461308K) : Executing rule V1.c
2026-03-18 18:24:44 +0100: Memory Usage (461308K) : Starting 5.20. Vian table
2026-03-18 18:24:44 +0100: Memory Usage (461308K) : Executing rule V2.a
2026-03-18 18:24:44 +0100: Memory Usage (461308K) : Executing rule V2.b
2026-03-18 18:24:44 +0100: Memory Usage (461308K) : Executing rule V2.c
2026-03-18 18:24:44 +0100: Memory Usage (461308K) : Executing rule V3.a
2026-03-18 18:24:44 +0100: Memory Usage (461308K) : Executing rule V3.b
2026-03-18 18:24:44 +0100: Memory Usage (461308K) : Executing rule V3.c
2026-03-18 18:24:44 +0100: Memory Usage (461308K) : Executing rule V4.a
2026-03-18 18:24:44 +0100: Memory Usage (461308K) : Executing rule V4.b
2026-03-18 18:24:44 +0100: Memory Usage (461308K) : Executing rule V4.c
2026-03-18 18:24:44 +0100: Memory Usage (461308K) : Starting 5.21. TopVia1 table
2026-03-18 18:24:44 +0100: Memory Usage (461308K) : Executing rule TV1.a
2026-03-18 18:24:44 +0100: Memory Usage (461308K) : Executing rule TV1.b
2026-03-18 18:24:44 +0100: Memory Usage (461308K) : Executing rule TV1.c
2026-03-18 18:24:44 +0100: Memory Usage (461308K) : Executing rule TV1.d
2026-03-18 18:24:44 +0100: Memory Usage (461308K) : Starting 5.22. TopMetal1 table
2026-03-18 18:24:44 +0100: Memory Usage (461308K) : Executing rule TM1.a
2026-03-18 18:24:44 +0100: Memory Usage (461308K) : Executing rule TM1.b
2026-03-18 18:24:44 +0100: Memory Usage (461308K) : Starting 5.23 TopMetal1:filler table
2026-03-18 18:24:44 +0100: Memory Usage (461308K) : Executing rule TM1Fil.c
2026-03-18 18:24:44 +0100: Memory Usage (461308K) : Executing rule TM1Fil.a1
2026-03-18 18:24:44 +0100: Memory Usage (461308K) : Starting 5.24. TopVia2 table
2026-03-18 18:24:44 +0100: Memory Usage (461308K) : Executing rule TV2.a
2026-03-18 18:24:44 +0100: Memory Usage (461308K) : Executing rule TV2.b
2026-03-18 18:24:44 +0100: Memory Usage (461308K) : Executing rule TV2.c
2026-03-18 18:24:44 +0100: Memory Usage (461308K) : Executing rule TV2.d
2026-03-18 18:24:44 +0100: Memory Usage (461308K) : Starting 5.25. TopMetal2 table
2026-03-18 18:24:44 +0100: Memory Usage (461308K) : Executing rule TM2.a
2026-03-18 18:24:44 +0100: Memory Usage (461308K) : Executing rule TM2.b
2026-03-18 18:24:44 +0100: Memory Usage (461308K) : Executing rule TM2.bR
2026-03-18 18:24:44 +0100: Memory Usage (461308K) : Starting 5.26 TopMetal2:filler table
2026-03-18 18:24:44 +0100: Memory Usage (461308K) : Executing rule TM2Fil.c
2026-03-18 18:24:44 +0100: Memory Usage (461308K) : Executing rule TM2Fil.a1
2026-03-18 18:24:44 +0100: Memory Usage (461308K) : Starting 5.27. Passiv table
2026-03-18 18:24:44 +0100: Memory Usage (461308K) : Executing rule Pas.a
2026-03-18 18:24:44 +0100: Memory Usage (461308K) : Executing rule Pas.b
2026-03-18 18:24:44 +0100: Memory Usage (461308K) : Executing rule Pas.c
2026-03-18 18:24:44 +0100: Memory Usage (461308K) : Starting 6.9.2 Copper Pillar table
2026-03-18 18:24:44 +0100: Memory Usage (461308K) : Executing rule Padc.a
2026-03-18 18:24:44 +0100: Memory Usage (461308K) : Executing rule Padc.b
2026-03-18 18:24:44 +0100: Memory Usage (461308K) : Executing rule Padc.c
2026-03-18 18:24:44 +0100: Memory Usage (461308K) : Executing rule Padb.f
2026-03-18 18:24:44 +0100: Memory Usage (461308K) : Starting 6.9 Pad table
2026-03-18 18:24:44 +0100: Memory Usage (461308K) : Executing rule Pad.m
2026-03-18 18:24:44 +0100: Memory Usage (461308K) : Executing rule Pad.fR_M1
2026-03-18 18:24:44 +0100: Memory Usage (461308K) : Executing rule Pad.fR_M2
2026-03-18 18:24:44 +0100: Memory Usage (461308K) : Executing rule Pad.fR_M3
2026-03-18 18:24:44 +0100: Memory Usage (461308K) : Executing rule Pad.fR_M4
2026-03-18 18:24:44 +0100: Memory Usage (461308K) : Executing rule Pad.fR_M5
2026-03-18 18:24:44 +0100: Memory Usage (461308K) : Executing rule Pad.fR_TM1
2026-03-18 18:24:44 +0100: Memory Usage (461308K) : Executing rule Pad.fR_TM2
2026-03-18 18:24:45 +0100: Memory Usage (461308K) : Executing rule Pad.i
2026-03-18 18:24:45 +0100: Memory Usage (461308K) : Starting 6.9.1 Solder Bump
2026-03-18 18:24:45 +0100: Memory Usage (461308K) : Executing rule Padb.a
2026-03-18 18:24:45 +0100: Memory Usage (461308K) : Executing rule Padb.b
2026-03-18 18:24:45 +0100: Memory Usage (461308K) : Executing rule Padb.c
2026-03-18 18:24:45 +0100: Memory Usage (461308K) : Executing rule Padb.f
2026-03-18 18:24:45 +0100: Memory Usage (461308K) : Executing rule Padb.d
2026-03-18 18:24:45 +0100: Memory Usage (461308K) : Starting 6.10 Sealring table
2026-03-18 18:24:45 +0100: Memory Usage (461308K) : Executing rule Seal.l
2026-03-18 18:24:45 +0100: Memory Usage (461308K) : Executing rule Seal.n
2026-03-18 18:24:45 +0100: Memory Usage (461308K) : Executing rule seal.b_metal1
2026-03-18 18:24:45 +0100: Memory Usage (461308K) : Executing rule seal.b_metal2
2026-03-18 18:24:45 +0100: Memory Usage (461308K) : Executing rule seal.b_metal3
2026-03-18 18:24:45 +0100: Memory Usage (461308K) : Executing rule seal.b_metal4
2026-03-18 18:24:45 +0100: Memory Usage (461308K) : Executing rule seal.b_metal5
2026-03-18 18:24:45 +0100: Memory Usage (461308K) : Executing rule seal.b_topmetal1
2026-03-18 18:24:45 +0100: Memory Usage (461308K) : Executing rule seal.b_topmetal2
2026-03-18 18:24:45 +0100: Memory Usage (461308K) : Executing rule seal.b_activ
2026-03-18 18:24:45 +0100: Memory Usage (461308K) : Executing rule seal.b_psd
2026-03-18 18:24:45 +0100: Memory Usage (461308K) : Executing rule Seal.k
2026-03-18 18:24:45 +0100: Memory Usage (461308K) : Executing rule Seal.m
2026-03-18 18:24:45 +0100: Memory Usage (461308K) : Starting 6.11 MIM table
2026-03-18 18:24:45 +0100: Memory Usage (461308K) : Executing rule MIM.c
2026-03-18 18:24:45 +0100: Memory Usage (461308K) : Executing rule MIM.d
2026-03-18 18:24:45 +0100: Memory Usage (461308K) : Executing rule MIM.gR
2026-03-18 18:24:45 +0100: Memory Usage (461308K) : Starting 7.3 Metal Slits table
2026-03-18 18:24:45 +0100: Memory Usage (461308K) : Executing rule Slt.e1_M1
2026-03-18 18:24:45 +0100: Memory Usage (461308K) : Executing rule Slt.e1_M2
2026-03-18 18:24:45 +0100: Memory Usage (461308K) : Executing rule Slt.e1_M3
2026-03-18 18:24:45 +0100: Memory Usage (461308K) : Executing rule Slt.e1_M4
2026-03-18 18:24:45 +0100: Memory Usage (461308K) : Executing rule Slt.e1_M5
2026-03-18 18:24:45 +0100: Memory Usage (461308K) : Executing rule Slt.e1_TM1
2026-03-18 18:24:45 +0100: Memory Usage (461308K) : Executing rule Slt.e1_TM2
2026-03-18 18:24:45 +0100: Memory Usage (461308K) : Starting 9.1. LBE table
2026-03-18 18:24:45 +0100: Memory Usage (461308K) : Executing rule LBE.a
2026-03-18 18:24:45 +0100: Memory Usage (461308K) : Executing rule LBE.b
2026-03-18 18:24:45 +0100: Memory Usage (461308K) : Executing rule LBE.b1
2026-03-18 18:24:45 +0100: Memory Usage (461308K) : Executing rule LBE.c
2026-03-18 18:24:45 +0100: Memory Usage (461308K) : Executing rule LBE.d
2026-03-18 18:24:45 +0100: Memory Usage (461308K) : Executing rule LBE.h
2026-03-18 18:24:45 +0100: Memory Usage (461308K) : Starting 7.4. PIN table
2026-03-18 18:24:45 +0100: Memory Usage (461308K) : Executing rule Pin.a
2026-03-18 18:24:45 +0100: Memory Usage (461308K) : Executing rule Pin.b
2026-03-18 18:24:45 +0100: Memory Usage (461308K) : Executing rule Pin.e
2026-03-18 18:24:45 +0100: Memory Usage (461308K) : Executing rule Pin.f_M2
2026-03-18 18:24:45 +0100: Memory Usage (461308K) : Executing rule Pin.f_M3
2026-03-18 18:24:45 +0100: Memory Usage (461308K) : Executing rule Pin.f_M4
2026-03-18 18:24:45 +0100: Memory Usage (461308K) : Executing rule Pin.f_M5
2026-03-18 18:24:45 +0100: Memory Usage (461308K) : Executing rule Pin.g
2026-03-18 18:24:45 +0100: Memory Usage (461308K) : Executing rule Pin.h
2026-03-18 18:24:45 +0100: Memory Usage (461308K) : Starting 3.2. FORBIDDEN table
2026-03-18 18:24:45 +0100: Memory Usage (461308K) : Executing rule forbidden.biwind
2026-03-18 18:24:45 +0100: Memory Usage (461308K) : Executing rule forbidden.pemwind
2026-03-18 18:24:45 +0100: Memory Usage (461308K) : Executing rule forbidden.baspoly
2026-03-18 18:24:45 +0100: Memory Usage (461308K) : Executing rule forbidden.deepco
2026-03-18 18:24:45 +0100: Memory Usage (461308K) : Executing rule forbidden.pempoly
2026-03-18 18:24:45 +0100: Memory Usage (461308K) : Executing rule forbidden.empoly
2026-03-18 18:24:45 +0100: Memory Usage (461308K) : Executing rule forbidden.ldmos
2026-03-18 18:24:45 +0100: Memory Usage (461308K) : Executing rule forbidden.pbiwind
2026-03-18 18:24:45 +0100: Memory Usage (461308K) : Executing rule forbidden.nodrc
2026-03-18 18:24:45 +0100: Memory Usage (461308K) : Executing rule forbidden.flash
2026-03-18 18:24:45 +0100: Memory Usage (461308K) : Executing rule forbidden.colwind
2026-03-18 18:24:45 +0100: Memory Usage (461308K) : KLayout DRC run for tables 'main' completed in 0.78 seconds
