# Logfile created on 2026-03-18 15:47:24 +0100 by logger.rb/v1.5.3
2026-03-18 15:47:24 +0100: Memory Usage (436540K) : Starting running IHP-SG13G2 KLayout DRC runset on /foss/designs/adex_neuron/ttihp26a-adex-neuron-ncs/klayout/neuron_row.gds
2026-03-18 15:47:24 +0100: Memory Usage (436540K) : Ruby Version for klayout: 3.2.3
2026-03-18 15:47:24 +0100: Memory Usage (436796K) : Loading database to memory is complete.
2026-03-18 15:47:24 +0100: Memory Usage (436796K) : IHP-SG13G2 KLayout DRC runset output at: /foss/designs/adex_neuron/ttihp26a-adex-neuron-ncs/klayout/drc_run_neuron_row/neuron_row_neuron_row_main.lyrdb
2026-03-18 15:47:24 +0100: Memory Usage (436796K) : Evaluate switches.
2026-03-18 15:47:24 +0100: Memory Usage (436796K) : tables selected: main
2026-03-18 15:47:24 +0100: Memory Usage (436796K) : KLayout will use 1 thread(s) in tiling mode.
2026-03-18 15:47:24 +0100: Memory Usage (436796K) : deep mode is enabled.
2026-03-18 15:47:24 +0100: Memory Usage (436796K) : FEOL enabled: true
2026-03-18 15:47:24 +0100: Memory Usage (436796K) : BEOL enabled: true
2026-03-18 15:47:24 +0100: Memory Usage (436796K) : OFFGRID enabled: true
2026-03-18 15:47:24 +0100: Memory Usage (436796K) : PIN enabled: true
2026-03-18 15:47:24 +0100: Memory Usage (436796K) : FORBIDDEN enabled: true
2026-03-18 15:47:24 +0100: Memory Usage (436796K) : RECOMMENDED enabled: true
2026-03-18 15:47:24 +0100: Memory Usage (436796K) : PreCheck DRC enabled: false
2026-03-18 15:47:24 +0100: Memory Usage (436796K) : CONNECTIVITY_RULES enabled: true.
2026-03-18 15:47:24 +0100: Memory Usage (436796K) : Read in polygons from layers.
2026-03-18 15:47:24 +0100: Memory Usage (438076K) : activ_drw has 472 polygons
2026-03-18 15:47:24 +0100: Memory Usage (438076K) : activ_pin has 0 polygons
2026-03-18 15:47:24 +0100: Memory Usage (438076K) : activ_mask has 0 polygons
2026-03-18 15:47:24 +0100: Memory Usage (438076K) : activ_filler has 0 polygons
2026-03-18 15:47:24 +0100: Memory Usage (438076K) : activ_nofill has 0 polygons
2026-03-18 15:47:24 +0100: Memory Usage (438076K) : activ_opc has 0 polygons
2026-03-18 15:47:24 +0100: Memory Usage (438076K) : activ_iopc has 0 polygons
2026-03-18 15:47:24 +0100: Memory Usage (438076K) : activ_noqrc has 0 polygons
2026-03-18 15:47:24 +0100: Memory Usage (438076K) : biwind_drw has 0 polygons
2026-03-18 15:47:24 +0100: Memory Usage (438076K) : biwind_opc has 0 polygons
2026-03-18 15:47:24 +0100: Memory Usage (438076K) : pemwind_drw has 0 polygons
2026-03-18 15:47:24 +0100: Memory Usage (438076K) : gatpoly_drw has 408 polygons
2026-03-18 15:47:24 +0100: Memory Usage (438076K) : gatpoly_pin has 108 polygons
2026-03-18 15:47:24 +0100: Memory Usage (438076K) : gatpoly_filler has 0 polygons
2026-03-18 15:47:24 +0100: Memory Usage (438076K) : gatpoly_nofill has 0 polygons
2026-03-18 15:47:24 +0100: Memory Usage (438332K) : gatpoly_opc has 0 polygons
2026-03-18 15:47:24 +0100: Memory Usage (438332K) : gatpoly_iopc has 0 polygons
2026-03-18 15:47:24 +0100: Memory Usage (438332K) : gatpoly_noqrc has 0 polygons
2026-03-18 15:47:24 +0100: Memory Usage (438332K) : cont_drw has 3132 polygons
2026-03-18 15:47:24 +0100: Memory Usage (438332K) : cont_opc has 0 polygons
2026-03-18 15:47:24 +0100: Memory Usage (438332K) : nsd_drw has 0 polygons
2026-03-18 15:47:24 +0100: Memory Usage (438588K) : nsd_block has 0 polygons
2026-03-18 15:47:24 +0100: Memory Usage (438588K) : metal1_drw has 1143 polygons
2026-03-18 15:47:24 +0100: Memory Usage (438588K) : metal1_pin has 228 polygons
2026-03-18 15:47:24 +0100: Memory Usage (438588K) : metal1_mask has 0 polygons
2026-03-18 15:47:24 +0100: Memory Usage (438588K) : metal1_filler has 0 polygons
2026-03-18 15:47:24 +0100: Memory Usage (438844K) : metal1_nofill has 0 polygons
2026-03-18 15:47:24 +0100: Memory Usage (438844K) : metal1_slit has 0 polygons
2026-03-18 15:47:24 +0100: Memory Usage (439100K) : metal1_text has 2 polygons
2026-03-18 15:47:24 +0100: Memory Usage (439100K) : metal1_opc has 0 polygons
2026-03-18 15:47:24 +0100: Memory Usage (439100K) : metal1_noqrc has 0 polygons
2026-03-18 15:47:24 +0100: Memory Usage (439356K) : metal1_res has 0 polygons
2026-03-18 15:47:24 +0100: Memory Usage (439356K) : metal1_iprobe has 0 polygons
2026-03-18 15:47:24 +0100: Memory Usage (439356K) : metal1_diffprb has 0 polygons
2026-03-18 15:47:24 +0100: Memory Usage (439356K) : passiv_drw has 0 polygons
2026-03-18 15:47:24 +0100: Memory Usage (439356K) : passiv_pin has 0 polygons
2026-03-18 15:47:24 +0100: Memory Usage (439612K) : passiv_sbump has 0 polygons
2026-03-18 15:47:24 +0100: Memory Usage (439612K) : passiv_pillar has 0 polygons
2026-03-18 15:47:24 +0100: Memory Usage (439612K) : passiv_pdl has 0 polygons
2026-03-18 15:47:24 +0100: Memory Usage (439612K) : metal2_drw has 545 polygons
2026-03-18 15:47:24 +0100: Memory Usage (439868K) : metal2_pin has 0 polygons
2026-03-18 15:47:24 +0100: Memory Usage (439868K) : metal2_mask has 0 polygons
2026-03-18 15:47:24 +0100: Memory Usage (439868K) : metal2_filler has 0 polygons
2026-03-18 15:47:24 +0100: Memory Usage (439868K) : metal2_nofill has 0 polygons
2026-03-18 15:47:24 +0100: Memory Usage (439868K) : metal2_slit has 0 polygons
2026-03-18 15:47:24 +0100: Memory Usage (440124K) : metal2_text has 0 polygons
2026-03-18 15:47:24 +0100: Memory Usage (440124K) : metal2_opc has 0 polygons
2026-03-18 15:47:24 +0100: Memory Usage (440124K) : metal2_noqrc has 0 polygons
2026-03-18 15:47:24 +0100: Memory Usage (440380K) : metal2_res has 0 polygons
2026-03-18 15:47:24 +0100: Memory Usage (440380K) : metal2_iprobe has 0 polygons
2026-03-18 15:47:24 +0100: Memory Usage (440380K) : metal2_diffprb has 0 polygons
2026-03-18 15:47:24 +0100: Memory Usage (440380K) : baspoly_drw has 0 polygons
2026-03-18 15:47:24 +0100: Memory Usage (440380K) : baspoly_pin has 0 polygons
2026-03-18 15:47:24 +0100: Memory Usage (440636K) : psd_drw has 89 polygons
2026-03-18 15:47:24 +0100: Memory Usage (440636K) : nldb_drw has 0 polygons
2026-03-18 15:47:24 +0100: Memory Usage (440636K) : digibnd_drw has 0 polygons
2026-03-18 15:47:24 +0100: Memory Usage (440636K) : via1_drw has 548 polygons
2026-03-18 15:47:24 +0100: Memory Usage (440892K) : backmetal1_drw has 0 polygons
2026-03-18 15:47:24 +0100: Memory Usage (440892K) : backmetal1_pin has 0 polygons
2026-03-18 15:47:24 +0100: Memory Usage (440892K) : backmetal1_mask has 0 polygons
2026-03-18 15:47:24 +0100: Memory Usage (440892K) : backmetal1_filler has 0 polygons
2026-03-18 15:47:24 +0100: Memory Usage (440892K) : backmetal1_nofill has 0 polygons
2026-03-18 15:47:24 +0100: Memory Usage (441148K) : backmetal1_slit has 0 polygons
2026-03-18 15:47:24 +0100: Memory Usage (441148K) : backmetal1_text has 0 polygons
2026-03-18 15:47:24 +0100: Memory Usage (441148K) : backmetal1_opc has 0 polygons
2026-03-18 15:47:24 +0100: Memory Usage (441148K) : backmetal1_noqrc has 0 polygons
2026-03-18 15:47:24 +0100: Memory Usage (441148K) : backmetal1_res has 0 polygons
2026-03-18 15:47:24 +0100: Memory Usage (441404K) : backmetal1_iprobe has 0 polygons
2026-03-18 15:47:24 +0100: Memory Usage (441404K) : backmetal1_diffprb has 0 polygons
2026-03-18 15:47:24 +0100: Memory Usage (441404K) : backpassiv_drw has 0 polygons
2026-03-18 15:47:24 +0100: Memory Usage (441404K) : res_drw has 0 polygons
2026-03-18 15:47:24 +0100: Memory Usage (441660K) : sram_drw has 0 polygons
2026-03-18 15:47:24 +0100: Memory Usage (441660K) : trans_drw has 0 polygons
2026-03-18 15:47:24 +0100: Memory Usage (441660K) : ind_drw has 0 polygons
2026-03-18 15:47:24 +0100: Memory Usage (441660K) : ind_pin has 0 polygons
2026-03-18 15:47:24 +0100: Memory Usage (441916K) : ind_text has 0 polygons
2026-03-18 15:47:24 +0100: Memory Usage (441916K) : salblock_drw has 0 polygons
2026-03-18 15:47:24 +0100: Memory Usage (441916K) : via2_drw has 276 polygons
2026-03-18 15:47:24 +0100: Memory Usage (442172K) : metal3_drw has 159 polygons
2026-03-18 15:47:24 +0100: Memory Usage (442172K) : metal3_pin has 20 polygons
2026-03-18 15:47:24 +0100: Memory Usage (442172K) : metal3_mask has 0 polygons
2026-03-18 15:47:24 +0100: Memory Usage (442172K) : metal3_filler has 0 polygons
2026-03-18 15:47:24 +0100: Memory Usage (442172K) : metal3_nofill has 0 polygons
2026-03-18 15:47:24 +0100: Memory Usage (442428K) : metal3_slit has 0 polygons
2026-03-18 15:47:24 +0100: Memory Usage (442428K) : metal3_text has 20 polygons
2026-03-18 15:47:24 +0100: Memory Usage (442428K) : metal3_opc has 0 polygons
2026-03-18 15:47:24 +0100: Memory Usage (442428K) : metal3_noqrc has 0 polygons
2026-03-18 15:47:24 +0100: Memory Usage (442684K) : metal3_res has 0 polygons
2026-03-18 15:47:24 +0100: Memory Usage (442684K) : metal3_iprobe has 0 polygons
2026-03-18 15:47:24 +0100: Memory Usage (442684K) : metal3_diffprb has 0 polygons
2026-03-18 15:47:24 +0100: Memory Usage (442684K) : nwell_drw has 85 polygons
2026-03-18 15:47:24 +0100: Memory Usage (442940K) : nwell_pin has 5 polygons
2026-03-18 15:47:24 +0100: Memory Usage (442940K) : nbulay_drw has 24 polygons
2026-03-18 15:47:24 +0100: Memory Usage (442940K) : nbulay_pin has 0 polygons
2026-03-18 15:47:24 +0100: Memory Usage (442940K) : nbulay_block has 0 polygons
2026-03-18 15:47:24 +0100: Memory Usage (443196K) : emwind_drw has 0 polygons
2026-03-18 15:47:24 +0100: Memory Usage (443196K) : emwind_opc has 0 polygons
2026-03-18 15:47:24 +0100: Memory Usage (443196K) : deepco_drw has 0 polygons
2026-03-18 15:47:24 +0100: Memory Usage (443196K) : deepco_drw has 0 polygons
2026-03-18 15:47:24 +0100: Memory Usage (443452K) : mim_drw has 1 polygons
2026-03-18 15:47:24 +0100: Memory Usage (443452K) : edgeseal_drw has 0 polygons
2026-03-18 15:47:24 +0100: Memory Usage (443452K) : edgeseal_bound has 0 polygons
2026-03-18 15:47:24 +0100: Memory Usage (443708K) : substrate_drw has 89 polygons
2026-03-18 15:47:24 +0100: Memory Usage (443708K) : substrate_text has 0 polygons
2026-03-18 15:47:24 +0100: Memory Usage (443708K) : dfpad_drw has 0 polygons
2026-03-18 15:47:24 +0100: Memory Usage (443708K) : dfpad_pillar has 0 polygons
2026-03-18 15:47:24 +0100: Memory Usage (443708K) : dfpad_sbump has 0 polygons
2026-03-18 15:47:24 +0100: Memory Usage (443964K) : thickgateox_drw has 114 polygons
2026-03-18 15:47:24 +0100: Memory Usage (443964K) : pldb_drw has 0 polygons
2026-03-18 15:47:24 +0100: Memory Usage (443964K) : pwell_drw has 0 polygons
2026-03-18 15:47:24 +0100: Memory Usage (443964K) : pwell_pin has 0 polygons
2026-03-18 15:47:24 +0100: Memory Usage (444220K) : pwell_block has 0 polygons
2026-03-18 15:47:24 +0100: Memory Usage (444220K) : ic_drw has 0 polygons
2026-03-18 15:47:24 +0100: Memory Usage (444220K) : via3_drw has 80 polygons
2026-03-18 15:47:24 +0100: Memory Usage (444220K) : metal4_drw has 23 polygons
2026-03-18 15:47:24 +0100: Memory Usage (444476K) : metal4_pin has 3 polygons
2026-03-18 15:47:24 +0100: Memory Usage (444476K) : metal4_mask has 0 polygons
2026-03-18 15:47:24 +0100: Memory Usage (444476K) : metal4_filler has 0 polygons
2026-03-18 15:47:24 +0100: Memory Usage (444476K) : metal4_nofill has 0 polygons
2026-03-18 15:47:24 +0100: Memory Usage (444476K) : metal4_slit has 0 polygons
2026-03-18 15:47:24 +0100: Memory Usage (444732K) : metal4_text has 3 polygons
2026-03-18 15:47:24 +0100: Memory Usage (444732K) : metal4_opc has 0 polygons
2026-03-18 15:47:24 +0100: Memory Usage (444732K) : metal4_noqrc has 0 polygons
2026-03-18 15:47:24 +0100: Memory Usage (444732K) : metal4_res has 0 polygons
2026-03-18 15:47:24 +0100: Memory Usage (444988K) : metal4_iprobe has 0 polygons
2026-03-18 15:47:24 +0100: Memory Usage (444988K) : metal4_diffprb has 0 polygons
2026-03-18 15:47:24 +0100: Memory Usage (444988K) : heattrans_drw has 214 polygons
2026-03-18 15:47:24 +0100: Memory Usage (444988K) : heatres_drw has 0 polygons
2026-03-18 15:47:24 +0100: Memory Usage (445244K) : pempoly_drw has 0 polygons
2026-03-18 15:47:24 +0100: Memory Usage (445244K) : fbe_drw has 0 polygons
2026-03-18 15:47:24 +0100: Memory Usage (445244K) : empoly_drw has 0 polygons
2026-03-18 15:47:24 +0100: Memory Usage (445500K) : ldmos_drw has 0 polygons
2026-03-18 15:47:24 +0100: Memory Usage (445500K) : pbiwind_drw has 0 polygons
2026-03-18 15:47:24 +0100: Memory Usage (445500K) : digisub_drw has 0 polygons
2026-03-18 15:47:24 +0100: Memory Usage (445500K) : nodrc_drw has 0 polygons
2026-03-18 15:47:24 +0100: Memory Usage (445500K) : text_drw has 120 polygons
2026-03-18 15:47:24 +0100: Memory Usage (445756K) : via4_drw has 64 polygons
2026-03-18 15:47:24 +0100: Memory Usage (445756K) : metal5_drw has 33 polygons
2026-03-18 15:47:24 +0100: Memory Usage (445756K) : metal5_pin has 0 polygons
2026-03-18 15:47:24 +0100: Memory Usage (445756K) : metal5_mask has 0 polygons
2026-03-18 15:47:24 +0100: Memory Usage (446012K) : metal5_filler has 0 polygons
2026-03-18 15:47:24 +0100: Memory Usage (446012K) : metal5_nofill has 0 polygons
2026-03-18 15:47:24 +0100: Memory Usage (446012K) : metal5_slit has 0 polygons
2026-03-18 15:47:24 +0100: Memory Usage (446012K) : metal5_text has 0 polygons
2026-03-18 15:47:24 +0100: Memory Usage (446012K) : metal5_opc has 0 polygons
2026-03-18 15:47:24 +0100: Memory Usage (446268K) : metal5_noqrc has 0 polygons
2026-03-18 15:47:24 +0100: Memory Usage (446268K) : metal5_res has 0 polygons
2026-03-18 15:47:24 +0100: Memory Usage (446268K) : metal5_iprobe has 0 polygons
2026-03-18 15:47:24 +0100: Memory Usage (446268K) : metal5_diffprb has 0 polygons
2026-03-18 15:47:24 +0100: Memory Usage (446524K) : radhard_drw has 0 polygons
2026-03-18 15:47:24 +0100: Memory Usage (446524K) : memcap_drw has 0 polygons
2026-03-18 15:47:24 +0100: Memory Usage (446524K) : varicap_drw has 0 polygons
2026-03-18 15:47:24 +0100: Memory Usage (446780K) : flash_drw has 0 polygons
2026-03-18 15:47:24 +0100: Memory Usage (446780K) : intbondvia_drw has 0 polygons
2026-03-18 15:47:24 +0100: Memory Usage (446780K) : intbondmet_drw has 0 polygons
2026-03-18 15:47:24 +0100: Memory Usage (446780K) : devbondvia_drw has 0 polygons
2026-03-18 15:47:24 +0100: Memory Usage (446780K) : devbondmet_drw has 0 polygons
2026-03-18 15:47:24 +0100: Memory Usage (447036K) : devtrench_drw has 0 polygons
2026-03-18 15:47:24 +0100: Memory Usage (447036K) : redist_drw has 0 polygons
2026-03-18 15:47:24 +0100: Memory Usage (447036K) : graphbot_drw has 0 polygons
2026-03-18 15:47:24 +0100: Memory Usage (447036K) : graphtop_drw has 0 polygons
2026-03-18 15:47:24 +0100: Memory Usage (447292K) : antvia1_drw has 0 polygons
2026-03-18 15:47:24 +0100: Memory Usage (447292K) : antmetal2_drw has 0 polygons
2026-03-18 15:47:24 +0100: Memory Usage (447292K) : graphcont_drw has 0 polygons
2026-03-18 15:47:24 +0100: Memory Usage (447292K) : siwg_drw has 0 polygons
2026-03-18 15:47:24 +0100: Memory Usage (447292K) : siwg_filler has 0 polygons
2026-03-18 15:47:24 +0100: Memory Usage (447548K) : siwg_nofill has 0 polygons
2026-03-18 15:47:24 +0100: Memory Usage (447548K) : sigrating_drw has 0 polygons
2026-03-18 15:47:24 +0100: Memory Usage (447548K) : singrating_drw has 0 polygons
2026-03-18 15:47:24 +0100: Memory Usage (447804K) : graphpas_drw has 0 polygons
2026-03-18 15:47:24 +0100: Memory Usage (447804K) : emwind3_drw has 0 polygons
2026-03-18 15:47:24 +0100: Memory Usage (447804K) : emwihv3_drw has 0 polygons
2026-03-18 15:47:24 +0100: Memory Usage (447804K) : redbulay_drw has 0 polygons
2026-03-18 15:47:24 +0100: Memory Usage (447804K) : smos_drw has 0 polygons
2026-03-18 15:47:24 +0100: Memory Usage (448060K) : graphpad_drw has 0 polygons
2026-03-18 15:47:24 +0100: Memory Usage (448060K) : polimide_drw has 0 polygons
2026-03-18 15:47:24 +0100: Memory Usage (448060K) : polimide_pin has 0 polygons
2026-03-18 15:47:24 +0100: Memory Usage (448060K) : recog_drw has 0 polygons
2026-03-18 15:47:24 +0100: Memory Usage (448316K) : recog_pin has 0 polygons
2026-03-18 15:47:24 +0100: Memory Usage (448316K) : recog_esd has 0 polygons
2026-03-18 15:47:24 +0100: Memory Usage (448316K) : recog_diode has 0 polygons
2026-03-18 15:47:24 +0100: Memory Usage (448316K) : recog_tsv has 0 polygons
2026-03-18 15:47:24 +0100: Memory Usage (448572K) : recog_iprobe has 0 polygons
2026-03-18 15:47:24 +0100: Memory Usage (448572K) : recog_diffprb has 0 polygons
2026-03-18 15:47:24 +0100: Memory Usage (448572K) : recog_pillar has 0 polygons
2026-03-18 15:47:24 +0100: Memory Usage (448572K) : recog_sbump has 0 polygons
2026-03-18 15:47:24 +0100: Memory Usage (448828K) : recog_otp has 0 polygons
2026-03-18 15:47:24 +0100: Memory Usage (448828K) : recog_pdiode has 0 polygons
2026-03-18 15:47:24 +0100: Memory Usage (448828K) : recog_mom has 0 polygons
2026-03-18 15:47:24 +0100: Memory Usage (448828K) : recog_pcm has 0 polygons
2026-03-18 15:47:24 +0100: Memory Usage (448828K) : colopen_drw has 0 polygons
2026-03-18 15:47:24 +0100: Memory Usage (448828K) : graphmetal1_drw has 0 polygons
2026-03-18 15:47:24 +0100: Memory Usage (448828K) : graphmetal1_filler has 0 polygons
2026-03-18 15:47:24 +0100: Memory Usage (449084K) : graphmetal1_nofill has 0 polygons
2026-03-18 15:47:24 +0100: Memory Usage (449084K) : graphmetal1_slit has 0 polygons
2026-03-18 15:47:24 +0100: Memory Usage (449084K) : graphmetal1_opc has 0 polygons
2026-03-18 15:47:24 +0100: Memory Usage (449084K) : graphmet1l_drw has 0 polygons
2026-03-18 15:47:24 +0100: Memory Usage (449084K) : graphmet1l_filler has 0 polygons
2026-03-18 15:47:24 +0100: Memory Usage (449084K) : graphmet1l_nofill has 0 polygons
2026-03-18 15:47:24 +0100: Memory Usage (449084K) : graphmet1l_slit has 0 polygons
2026-03-18 15:47:24 +0100: Memory Usage (449340K) : graphmet1l_opc has 0 polygons
2026-03-18 15:47:24 +0100: Memory Usage (449340K) : extblock_drw has 0 polygons
2026-03-18 15:47:24 +0100: Memory Usage (449340K) : nldd_drw has 0 polygons
2026-03-18 15:47:24 +0100: Memory Usage (449340K) : pldd_drw has 0 polygons
2026-03-18 15:47:24 +0100: Memory Usage (449340K) : next_drw has 0 polygons
2026-03-18 15:47:24 +0100: Memory Usage (449340K) : pext_drw has 0 polygons
2026-03-18 15:47:24 +0100: Memory Usage (449596K) : nexthv_drw has 0 polygons
2026-03-18 15:47:24 +0100: Memory Usage (449596K) : pexthv_drw has 0 polygons
2026-03-18 15:47:24 +0100: Memory Usage (449596K) : graphgate_drw has 0 polygons
2026-03-18 15:47:24 +0100: Memory Usage (449596K) : sinwg_drw has 0 polygons
2026-03-18 15:47:24 +0100: Memory Usage (449852K) : sinwg_filler has 0 polygons
2026-03-18 15:47:24 +0100: Memory Usage (449852K) : sinwg_nofill has 0 polygons
2026-03-18 15:47:24 +0100: Memory Usage (449852K) : mempad_drw has 0 polygons
2026-03-18 15:47:24 +0100: Memory Usage (449852K) : topvia1_drw has 32 polygons
2026-03-18 15:47:24 +0100: Memory Usage (449852K) : topmetal1_drw has 24 polygons
2026-03-18 15:47:24 +0100: Memory Usage (450108K) : topmetal1_pin has 0 polygons
2026-03-18 15:47:24 +0100: Memory Usage (450108K) : topmetal1_mask has 0 polygons
2026-03-18 15:47:24 +0100: Memory Usage (450108K) : topmetal1_filler has 0 polygons
2026-03-18 15:47:24 +0100: Memory Usage (450108K) : topmetal1_nofill has 0 polygons
2026-03-18 15:47:24 +0100: Memory Usage (450108K) : topmetal1_slit has 0 polygons
2026-03-18 15:47:24 +0100: Memory Usage (450108K) : topmetal1_text has 0 polygons
2026-03-18 15:47:24 +0100: Memory Usage (450364K) : topmetal1_noqrc has 0 polygons
2026-03-18 15:47:24 +0100: Memory Usage (450364K) : topmetal1_res has 0 polygons
2026-03-18 15:47:24 +0100: Memory Usage (450364K) : topmetal1_iprobe has 0 polygons
2026-03-18 15:47:24 +0100: Memory Usage (450364K) : topmetal1_diffprb has 0 polygons
2026-03-18 15:47:24 +0100: Memory Usage (450364K) : inldpwl_drw has 0 polygons
2026-03-18 15:47:24 +0100: Memory Usage (450364K) : polyres_drw has 0 polygons
2026-03-18 15:47:24 +0100: Memory Usage (450620K) : polyres_pin has 0 polygons
2026-03-18 15:47:24 +0100: Memory Usage (450620K) : vmim_drw has 420 polygons
2026-03-18 15:47:24 +0100: Memory Usage (450620K) : nbulaycut_drw has 0 polygons
2026-03-18 15:47:24 +0100: Memory Usage (450620K) : antmetal1_drw has 0 polygons
2026-03-18 15:47:24 +0100: Memory Usage (450620K) : topvia2_drw has 0 polygons
2026-03-18 15:47:24 +0100: Memory Usage (450876K) : topmetal2_drw has 0 polygons
2026-03-18 15:47:24 +0100: Memory Usage (450876K) : topmetal2_pin has 0 polygons
2026-03-18 15:47:24 +0100: Memory Usage (450876K) : topmetal2_mask has 0 polygons
2026-03-18 15:47:24 +0100: Memory Usage (450876K) : topmetal2_filler has 0 polygons
2026-03-18 15:47:24 +0100: Memory Usage (450876K) : topmetal2_nofill has 0 polygons
2026-03-18 15:47:24 +0100: Memory Usage (451132K) : topmetal2_slit has 0 polygons
2026-03-18 15:47:24 +0100: Memory Usage (451132K) : topmetal2_text has 0 polygons
2026-03-18 15:47:24 +0100: Memory Usage (451132K) : topmetal2_noqrc has 0 polygons
2026-03-18 15:47:24 +0100: Memory Usage (451132K) : topmetal2_res has 0 polygons
2026-03-18 15:47:24 +0100: Memory Usage (451132K) : topmetal2_iprobe has 0 polygons
2026-03-18 15:47:24 +0100: Memory Usage (451388K) : topmetal2_diffprb has 0 polygons
2026-03-18 15:47:24 +0100: Memory Usage (451388K) : snsring_drw has 0 polygons
2026-03-18 15:47:24 +0100: Memory Usage (451388K) : sensor_drw has 0 polygons
2026-03-18 15:47:24 +0100: Memory Usage (451388K) : snsarms_drw has 0 polygons
2026-03-18 15:47:24 +0100: Memory Usage (451388K) : snscmosvia_drw has 0 polygons
2026-03-18 15:47:24 +0100: Memory Usage (451644K) : colwind_drw has 0 polygons
2026-03-18 15:47:24 +0100: Memory Usage (451644K) : flm_drw has 0 polygons
2026-03-18 15:47:24 +0100: Memory Usage (451644K) : hafniumox_drw has 0 polygons
2026-03-18 15:47:24 +0100: Memory Usage (451644K) : memvia_drw has 0 polygons
2026-03-18 15:47:24 +0100: Memory Usage (451900K) : thinfilmres_drw has 0 polygons
2026-03-18 15:47:24 +0100: Memory Usage (451900K) : rfmem_drw has 0 polygons
2026-03-18 15:47:24 +0100: Memory Usage (451900K) : norcx_drw has 0 polygons
2026-03-18 15:47:24 +0100: Memory Usage (451900K) : norcx_m2m3 has 0 polygons
2026-03-18 15:47:24 +0100: Memory Usage (451900K) : norcx_m2m4 has 0 polygons
2026-03-18 15:47:24 +0100: Memory Usage (452156K) : norcx_m2m5 has 0 polygons
2026-03-18 15:47:24 +0100: Memory Usage (452156K) : norcx_m2tm1 has 0 polygons
2026-03-18 15:47:24 +0100: Memory Usage (452156K) : norcx_m2tm2 has 0 polygons
2026-03-18 15:47:24 +0100: Memory Usage (452156K) : norcx_m3m4 has 0 polygons
2026-03-18 15:47:24 +0100: Memory Usage (452412K) : norcx_m3m5 has 0 polygons
2026-03-18 15:47:24 +0100: Memory Usage (452412K) : norcx_m3tm1 has 0 polygons
2026-03-18 15:47:24 +0100: Memory Usage (452412K) : norcx_m3tm2 has 0 polygons
2026-03-18 15:47:24 +0100: Memory Usage (452412K) : norcx_m4m5 has 0 polygons
2026-03-18 15:47:24 +0100: Memory Usage (452412K) : norcx_m4tm1 has 0 polygons
2026-03-18 15:47:24 +0100: Memory Usage (452412K) : norcx_m4tm2 has 0 polygons
2026-03-18 15:47:24 +0100: Memory Usage (452412K) : norcx_m5tm1 has 0 polygons
2026-03-18 15:47:24 +0100: Memory Usage (452412K) : norcx_m5tm2 has 0 polygons
2026-03-18 15:47:24 +0100: Memory Usage (452412K) : norcx_tm1tm2 has 0 polygons
2026-03-18 15:47:24 +0100: Memory Usage (452668K) : norcx_m1sub has 0 polygons
2026-03-18 15:47:24 +0100: Memory Usage (452668K) : norcx_m2sub has 0 polygons
2026-03-18 15:47:24 +0100: Memory Usage (452668K) : norcx_m3sub has 0 polygons
2026-03-18 15:47:24 +0100: Memory Usage (452668K) : norcx_m4sub has 0 polygons
2026-03-18 15:47:24 +0100: Memory Usage (452668K) : norcx_m5sub has 0 polygons
2026-03-18 15:47:24 +0100: Memory Usage (452668K) : norcx_tm1sub has 0 polygons
2026-03-18 15:47:24 +0100: Memory Usage (452668K) : norcx_tm2sub has 0 polygons
2026-03-18 15:47:24 +0100: Memory Usage (452924K) : snsbotvia_drw has 0 polygons
2026-03-18 15:47:24 +0100: Memory Usage (452924K) : snstopvia_drw has 0 polygons
2026-03-18 15:47:24 +0100: Memory Usage (452924K) : deepvia_drw has 0 polygons
2026-03-18 15:47:24 +0100: Memory Usage (452924K) : fgetch_drw has 0 polygons
2026-03-18 15:47:24 +0100: Memory Usage (452924K) : ctrgat_drw has 0 polygons
2026-03-18 15:47:24 +0100: Memory Usage (452924K) : fgimp_drw has 0 polygons
2026-03-18 15:47:24 +0100: Memory Usage (453180K) : emwihv_drw has 0 polygons
2026-03-18 15:47:24 +0100: Memory Usage (453180K) : lbe_drw has 0 polygons
2026-03-18 15:47:24 +0100: Memory Usage (453180K) : alcustop_drw has 0 polygons
2026-03-18 15:47:24 +0100: Memory Usage (453180K) : nometfiller_drw has 0 polygons
2026-03-18 15:47:24 +0100: Memory Usage (453180K) : prboundary_drw has 0 polygons
2026-03-18 15:47:24 +0100: Memory Usage (453180K) : exchange0_drw has 0 polygons
2026-03-18 15:47:24 +0100: Memory Usage (453180K) : exchange0_pin has 0 polygons
2026-03-18 15:47:24 +0100: Memory Usage (453436K) : exchange0_text has 0 polygons
2026-03-18 15:47:24 +0100: Memory Usage (453436K) : exchange1_drw has 0 polygons
2026-03-18 15:47:24 +0100: Memory Usage (453436K) : exchange1_pin has 0 polygons
2026-03-18 15:47:24 +0100: Memory Usage (453436K) : exchange1_text has 0 polygons
2026-03-18 15:47:24 +0100: Memory Usage (453436K) : exchange2_drw has 0 polygons
2026-03-18 15:47:24 +0100: Memory Usage (453436K) : exchange2_pin has 0 polygons
2026-03-18 15:47:24 +0100: Memory Usage (453436K) : exchange2_text has 0 polygons
2026-03-18 15:47:24 +0100: Memory Usage (453692K) : exchange3_drw has 0 polygons
2026-03-18 15:47:24 +0100: Memory Usage (453692K) : exchange3_pin has 0 polygons
2026-03-18 15:47:24 +0100: Memory Usage (453692K) : exchange3_text has 0 polygons
2026-03-18 15:47:24 +0100: Memory Usage (453692K) : exchange4_drw has 0 polygons
2026-03-18 15:47:24 +0100: Memory Usage (453692K) : exchange4_pin has 0 polygons
2026-03-18 15:47:24 +0100: Memory Usage (453948K) : exchange4_text has 0 polygons
2026-03-18 15:47:24 +0100: Memory Usage (453948K) : isonwell_drw has 0 polygons
2026-03-18 15:47:24 +0100: Memory Usage (453948K) : Total no. of polygons in the design is 8484
2026-03-18 15:47:24 +0100: Memory Usage (453948K) : Loaded TECH DRC rules values from /foss/pdks/ihp-sg13g2/libs.tech/klayout/python/sg13g2_pycell_lib/sg13g2_tech_mod.json
2026-03-18 15:47:24 +0100: Memory Usage (453948K) : Loaded default DRC rules values from /foss/pdks/ihp-sg13g2/libs.tech/klayout/tech/drc/rule_decks/sg13g2_tech_default.json
2026-03-18 15:47:24 +0100: Memory Usage (453948K) : The following rules values were missing in tech json and default values were used:
2026-03-18 15:47:24 +0100: Memory Usage (453948K) :   - Cnt_c_digibnd
2026-03-18 15:47:24 +0100: Memory Usage (454972K) : Total area of the design is 1582.421625 um^2.
2026-03-18 15:47:24 +0100: Memory Usage (454972K) : The design dimensions are 72.505 µm * 21.825000000000003 µm.
2026-03-18 15:47:24 +0100: Memory Usage (454972K) : Starting general IHP-SG13G2 derivations.
2026-03-18 15:47:24 +0100: Memory Usage (454972K) : Starting Pwell derivations
2026-03-18 15:47:24 +0100: Memory Usage (457020K) : Starting n-Activ derivations
2026-03-18 15:47:24 +0100: Memory Usage (457276K) : Starting p-Activ derivations
2026-03-18 15:47:24 +0100: Memory Usage (457276K) : Starting ptap derivations
2026-03-18 15:47:24 +0100: Memory Usage (457276K) : Starting ntap derivations
2026-03-18 15:47:24 +0100: Memory Usage (457276K) : Starting pact FET derivations
2026-03-18 15:47:24 +0100: Memory Usage (457276K) : Starting nact FET derivations
2026-03-18 15:47:24 +0100: Memory Usage (457532K) : Starting Gate derivations
2026-03-18 15:47:25 +0100: Memory Usage (457532K) : Starting cont/contbar general derivations
2026-03-18 15:47:25 +0100: Memory Usage (458556K) : Starting pad general derivations
2026-03-18 15:47:25 +0100: Memory Usage (458556K) : Starting IHP-SG13G2 DRC connectivity related derivations.
2026-03-18 15:47:25 +0100: Memory Usage (459324K) : Starting IHP-SG13G2 DRC connectivity setup
2026-03-18 15:47:25 +0100: Memory Usage (460604K) : Starting IHP-SG13G2 DRC rules.
2026-03-18 15:47:25 +0100: Memory Usage (460604K) : Running all FEOL rules
2026-03-18 15:47:25 +0100: Memory Usage (460604K) : Running all BEOL rules
2026-03-18 15:47:25 +0100: Memory Usage (460604K) : Running all PIN rules
2026-03-18 15:47:25 +0100: Memory Usage (460604K) : Running all FORBIDDEN rules
2026-03-18 15:47:25 +0100: Memory Usage (460604K) : Starting 5.1 NWell table
2026-03-18 15:47:25 +0100: Memory Usage (460604K) : Executing rule NW.b
2026-03-18 15:47:25 +0100: Memory Usage (461372K) : Executing rule NW.b1
2026-03-18 15:47:25 +0100: Memory Usage (461884K) : Starting 5.2 PWell:block
2026-03-18 15:47:25 +0100: Memory Usage (461884K) : Executing rule PWB.e
2026-03-18 15:47:25 +0100: Memory Usage (462140K) : Executing rule PWB.e1
2026-03-18 15:47:25 +0100: Memory Usage (462140K) : Executing rule PWB.f
2026-03-18 15:47:25 +0100: Memory Usage (462396K) : Executing rule PWB.f1
2026-03-18 15:47:25 +0100: Memory Usage (462908K) : Starting 5.3 nBuLay table
2026-03-18 15:47:25 +0100: Memory Usage (463164K) : Executing rule NBL.b
2026-03-18 15:47:25 +0100: Memory Usage (463164K) : Executing rule NBL.c
2026-03-18 15:47:25 +0100: Memory Usage (463164K) : Executing rule NBL.d
2026-03-18 15:47:25 +0100: Memory Usage (463164K) : Executing rule NBL.e
2026-03-18 15:47:25 +0100: Memory Usage (463164K) : Executing rule NBL.f
2026-03-18 15:47:25 +0100: Memory Usage (463164K) : Starting 5.5. Activ table
2026-03-18 15:47:25 +0100: Memory Usage (463164K) : Executing rule Act.a
2026-03-18 15:47:25 +0100: Memory Usage (463164K) : Executing rule Act.b
2026-03-18 15:47:25 +0100: Memory Usage (463164K) : Starting 5.6 Activ:filler table
2026-03-18 15:47:25 +0100: Memory Usage (463164K) : Executing rule AFil.c1
2026-03-18 15:47:25 +0100: Memory Usage (463164K) : Executing rule AFil.c
2026-03-18 15:47:25 +0100: Memory Usage (463164K) : Executing rule AFil.d
2026-03-18 15:47:25 +0100: Memory Usage (463164K) : Executing rule AFil.e
2026-03-18 15:47:25 +0100: Memory Usage (463164K) : Executing rule AFil.j
2026-03-18 15:47:25 +0100: Memory Usage (463164K) : Starting 5.7. ThickGateOx table
2026-03-18 15:47:25 +0100: Memory Usage (463164K) : Executing rule TGO.f
2026-03-18 15:47:25 +0100: Memory Usage (463164K) : Starting 5.8. GatPoly table
2026-03-18 15:47:25 +0100: Memory Usage (463164K) : Executing rule Gat.a
2026-03-18 15:47:25 +0100: Memory Usage (463164K) : Executing rule Gat.b
2026-03-18 15:47:25 +0100: Memory Usage (463420K) : Executing rule Gat.d
2026-03-18 15:47:25 +0100: Memory Usage (463420K) : Executing rule Gat.a1
2026-03-18 15:47:25 +0100: Memory Usage (463420K) : Executing rule Gat.a2
2026-03-18 15:47:25 +0100: Memory Usage (463420K) : Executing rule Gat.g
2026-03-18 15:47:25 +0100: Memory Usage (463676K) : Starting 5.9 GatPoly:filler
2026-03-18 15:47:25 +0100: Memory Usage (463676K) : Executing rule GFil.d
2026-03-18 15:47:25 +0100: Memory Usage (463676K) : Executing rule GFil.e
2026-03-18 15:47:25 +0100: Memory Usage (463676K) : Executing rule GFil.i
2026-03-18 15:47:25 +0100: Memory Usage (463676K) : Starting 5.10 pSD table
2026-03-18 15:47:25 +0100: Memory Usage (463676K) : Executing rule pSD.c1
2026-03-18 15:47:25 +0100: Memory Usage (463676K) : Starting 5.14. Cont table
2026-03-18 15:47:25 +0100: Memory Usage (463676K) : Executing rule Cnt.a
2026-03-18 15:47:25 +0100: Memory Usage (463676K) : Executing rule Cnt.b
2026-03-18 15:47:25 +0100: Memory Usage (463676K) : Executing rule Cnt.c
2026-03-18 15:47:25 +0100: Memory Usage (463676K) : Executing rule Cnt.c
2026-03-18 15:47:25 +0100: Memory Usage (463676K) : Executing rule Cnt.d
2026-03-18 15:47:25 +0100: Memory Usage (463676K) : Executing rule Cnt.e
2026-03-18 15:47:25 +0100: Memory Usage (463676K) : Executing rule Cnt.g1
2026-03-18 15:47:25 +0100: Memory Usage (463676K) : Executing rule Cnt.g2
2026-03-18 15:47:25 +0100: Memory Usage (463676K) : Starting 5.15. ContBar table
2026-03-18 15:47:25 +0100: Memory Usage (463676K) : Executing rule CntB.b1
2026-03-18 15:47:25 +0100: Memory Usage (463676K) : Executing rule CntB.h1
2026-03-18 15:47:25 +0100: Memory Usage (463676K) : Starting 6.1.3 NPN Substrate-Tie table
2026-03-18 15:47:25 +0100: Memory Usage (463676K) : Executing rule npn13G2.bR 
2026-03-18 15:47:25 +0100: Memory Usage (463676K) : Executing rule npn13G2L.cR 
2026-03-18 15:47:25 +0100: Memory Usage (463676K) : Executing rule npn13G2V.cR 
2026-03-18 15:47:25 +0100: Memory Usage (463676K) : Starting 6.7 Schottky diode table
2026-03-18 15:47:25 +0100: Memory Usage (463676K) : Executing rule Sdiod.d
2026-03-18 15:47:25 +0100: Memory Usage (463676K) : Executing rule Sdiod.e
2026-03-18 15:47:25 +0100: Memory Usage (463676K) : Starting 7.2 Latch-up table
2026-03-18 15:47:25 +0100: Memory Usage (463676K) : Executing rule LU.b
2026-03-18 15:47:25 +0100: Memory Usage (463676K) : Starting 5.16. Metal1 table
2026-03-18 15:47:25 +0100: Memory Usage (463676K) : Executing rule M1.a
2026-03-18 15:47:25 +0100: Memory Usage (463676K) : Executing rule M1.b
2026-03-18 15:47:25 +0100: Memory Usage (463932K) : Executing rule M1.e
2026-03-18 15:47:25 +0100: Memory Usage (463932K) : Executing rule M1.f
2026-03-18 15:47:25 +0100: Memory Usage (463932K) : Executing rule M1.g
2026-03-18 15:47:25 +0100: Memory Usage (463932K) : Executing rule M1.i
2026-03-18 15:47:25 +0100: Memory Usage (463932K) : Starting 5.17 Metaln table
2026-03-18 15:47:25 +0100: Memory Usage (463932K) : Executing rule M2.a
2026-03-18 15:47:25 +0100: Memory Usage (463932K) : Executing rule M2.b
2026-03-18 15:47:25 +0100: Memory Usage (463932K) : Executing rule M2.e
2026-03-18 15:47:25 +0100: Memory Usage (463932K) : Executing rule M2.f
2026-03-18 15:47:25 +0100: Memory Usage (463932K) : Executing rule M2.g
2026-03-18 15:47:25 +0100: Memory Usage (463932K) : Executing rule M2.i
2026-03-18 15:47:25 +0100: Memory Usage (463932K) : Executing rule M3.a
2026-03-18 15:47:25 +0100: Memory Usage (463932K) : Executing rule M3.b
2026-03-18 15:47:25 +0100: Memory Usage (463932K) : Executing rule M3.e
2026-03-18 15:47:25 +0100: Memory Usage (463932K) : Executing rule M3.f
2026-03-18 15:47:25 +0100: Memory Usage (463932K) : Executing rule M3.g
2026-03-18 15:47:25 +0100: Memory Usage (463932K) : Executing rule M3.i
2026-03-18 15:47:25 +0100: Memory Usage (463932K) : Executing rule M4.a
2026-03-18 15:47:25 +0100: Memory Usage (463932K) : Executing rule M4.b
2026-03-18 15:47:25 +0100: Memory Usage (463932K) : Executing rule M4.e
2026-03-18 15:47:25 +0100: Memory Usage (463932K) : Executing rule M4.f
2026-03-18 15:47:25 +0100: Memory Usage (463932K) : Executing rule M4.g
2026-03-18 15:47:25 +0100: Memory Usage (463932K) : Executing rule M4.i
2026-03-18 15:47:25 +0100: Memory Usage (463932K) : Executing rule M5.a
2026-03-18 15:47:25 +0100: Memory Usage (463932K) : Executing rule M5.b
2026-03-18 15:47:25 +0100: Memory Usage (463932K) : Executing rule M5.e
2026-03-18 15:47:25 +0100: Memory Usage (463932K) : Executing rule M5.f
2026-03-18 15:47:25 +0100: Memory Usage (463932K) : Executing rule M5.g
2026-03-18 15:47:25 +0100: Memory Usage (463932K) : Executing rule M5.i
2026-03-18 15:47:25 +0100: Memory Usage (463932K) : Starting 5.18 Metaln:filler table
2026-03-18 15:47:25 +0100: Memory Usage (463932K) : Executing rule M1Fil.c
2026-03-18 15:47:25 +0100: Memory Usage (463932K) : Executing rule M1Fil.a2
2026-03-18 15:47:25 +0100: Memory Usage (463932K) : Executing rule M2Fil.c
2026-03-18 15:47:25 +0100: Memory Usage (463932K) : Executing rule M2Fil.a2
2026-03-18 15:47:25 +0100: Memory Usage (463932K) : Executing rule M3Fil.c
2026-03-18 15:47:25 +0100: Memory Usage (463932K) : Executing rule M3Fil.a2
2026-03-18 15:47:25 +0100: Memory Usage (463932K) : Executing rule M4Fil.c
2026-03-18 15:47:25 +0100: Memory Usage (463932K) : Executing rule M4Fil.a2
2026-03-18 15:47:25 +0100: Memory Usage (463932K) : Executing rule M5Fil.c
2026-03-18 15:47:25 +0100: Memory Usage (463932K) : Executing rule M5Fil.a2
2026-03-18 15:47:25 +0100: Memory Usage (463932K) : Starting 5.19. Via1 table
2026-03-18 15:47:25 +0100: Memory Usage (463932K) : Starting 5.19. Via1 table derivations
2026-03-18 15:47:25 +0100: Memory Usage (463932K) : Executing rule V1.a
2026-03-18 15:47:25 +0100: Memory Usage (463932K) : Executing rule V1.b
2026-03-18 15:47:25 +0100: Memory Usage (463932K) : Executing rule V1.c
2026-03-18 15:47:25 +0100: Memory Usage (463932K) : Starting 5.20. Vian table
2026-03-18 15:47:25 +0100: Memory Usage (463932K) : Executing rule V2.a
2026-03-18 15:47:25 +0100: Memory Usage (463932K) : Executing rule V2.b
2026-03-18 15:47:25 +0100: Memory Usage (463932K) : Executing rule V2.c
2026-03-18 15:47:25 +0100: Memory Usage (463932K) : Executing rule V3.a
2026-03-18 15:47:25 +0100: Memory Usage (463932K) : Executing rule V3.b
2026-03-18 15:47:25 +0100: Memory Usage (463932K) : Executing rule V3.c
2026-03-18 15:47:25 +0100: Memory Usage (463932K) : Executing rule V4.a
2026-03-18 15:47:25 +0100: Memory Usage (463932K) : Executing rule V4.b
2026-03-18 15:47:25 +0100: Memory Usage (463932K) : Executing rule V4.c
2026-03-18 15:47:25 +0100: Memory Usage (463932K) : Starting 5.21. TopVia1 table
2026-03-18 15:47:25 +0100: Memory Usage (463932K) : Executing rule TV1.a
2026-03-18 15:47:25 +0100: Memory Usage (463932K) : Executing rule TV1.b
2026-03-18 15:47:25 +0100: Memory Usage (463932K) : Executing rule TV1.c
2026-03-18 15:47:25 +0100: Memory Usage (463932K) : Executing rule TV1.d
2026-03-18 15:47:25 +0100: Memory Usage (463932K) : Starting 5.22. TopMetal1 table
2026-03-18 15:47:25 +0100: Memory Usage (463932K) : Executing rule TM1.a
2026-03-18 15:47:25 +0100: Memory Usage (463932K) : Executing rule TM1.b
2026-03-18 15:47:25 +0100: Memory Usage (463932K) : Starting 5.23 TopMetal1:filler table
2026-03-18 15:47:25 +0100: Memory Usage (463932K) : Executing rule TM1Fil.c
2026-03-18 15:47:25 +0100: Memory Usage (463932K) : Executing rule TM1Fil.a1
2026-03-18 15:47:25 +0100: Memory Usage (463932K) : Starting 5.24. TopVia2 table
2026-03-18 15:47:25 +0100: Memory Usage (463932K) : Executing rule TV2.a
2026-03-18 15:47:25 +0100: Memory Usage (463932K) : Executing rule TV2.b
2026-03-18 15:47:25 +0100: Memory Usage (463932K) : Executing rule TV2.c
2026-03-18 15:47:25 +0100: Memory Usage (463932K) : Executing rule TV2.d
2026-03-18 15:47:25 +0100: Memory Usage (463932K) : Starting 5.25. TopMetal2 table
2026-03-18 15:47:25 +0100: Memory Usage (463932K) : Executing rule TM2.a
2026-03-18 15:47:25 +0100: Memory Usage (463932K) : Executing rule TM2.b
2026-03-18 15:47:25 +0100: Memory Usage (463932K) : Executing rule TM2.bR
2026-03-18 15:47:25 +0100: Memory Usage (463932K) : Starting 5.26 TopMetal2:filler table
2026-03-18 15:47:25 +0100: Memory Usage (463932K) : Executing rule TM2Fil.c
2026-03-18 15:47:25 +0100: Memory Usage (463932K) : Executing rule TM2Fil.a1
2026-03-18 15:47:25 +0100: Memory Usage (463932K) : Starting 5.27. Passiv table
2026-03-18 15:47:25 +0100: Memory Usage (463932K) : Executing rule Pas.a
2026-03-18 15:47:25 +0100: Memory Usage (463932K) : Executing rule Pas.b
2026-03-18 15:47:25 +0100: Memory Usage (463932K) : Executing rule Pas.c
2026-03-18 15:47:25 +0100: Memory Usage (463932K) : Starting 6.9.2 Copper Pillar table
2026-03-18 15:47:25 +0100: Memory Usage (463932K) : Executing rule Padc.a
2026-03-18 15:47:25 +0100: Memory Usage (463932K) : Executing rule Padc.b
2026-03-18 15:47:25 +0100: Memory Usage (463932K) : Executing rule Padc.c
2026-03-18 15:47:25 +0100: Memory Usage (463932K) : Executing rule Padb.f
2026-03-18 15:47:25 +0100: Memory Usage (463932K) : Starting 6.9 Pad table
2026-03-18 15:47:25 +0100: Memory Usage (463932K) : Executing rule Pad.m
2026-03-18 15:47:25 +0100: Memory Usage (463932K) : Executing rule Pad.fR_M1
2026-03-18 15:47:25 +0100: Memory Usage (463932K) : Executing rule Pad.fR_M2
2026-03-18 15:47:25 +0100: Memory Usage (463932K) : Executing rule Pad.fR_M3
2026-03-18 15:47:25 +0100: Memory Usage (463932K) : Executing rule Pad.fR_M4
2026-03-18 15:47:25 +0100: Memory Usage (463932K) : Executing rule Pad.fR_M5
2026-03-18 15:47:25 +0100: Memory Usage (463932K) : Executing rule Pad.fR_TM1
2026-03-18 15:47:25 +0100: Memory Usage (463932K) : Executing rule Pad.fR_TM2
2026-03-18 15:47:25 +0100: Memory Usage (463932K) : Executing rule Pad.i
2026-03-18 15:47:25 +0100: Memory Usage (463932K) : Starting 6.9.1 Solder Bump
2026-03-18 15:47:25 +0100: Memory Usage (463932K) : Executing rule Padb.a
2026-03-18 15:47:25 +0100: Memory Usage (463932K) : Executing rule Padb.b
2026-03-18 15:47:25 +0100: Memory Usage (463932K) : Executing rule Padb.c
2026-03-18 15:47:25 +0100: Memory Usage (463932K) : Executing rule Padb.f
2026-03-18 15:47:25 +0100: Memory Usage (463932K) : Executing rule Padb.d
2026-03-18 15:47:25 +0100: Memory Usage (463932K) : Starting 6.10 Sealring table
2026-03-18 15:47:25 +0100: Memory Usage (463932K) : Executing rule Seal.l
2026-03-18 15:47:25 +0100: Memory Usage (463932K) : Executing rule Seal.n
2026-03-18 15:47:25 +0100: Memory Usage (463932K) : Executing rule seal.b_metal1
2026-03-18 15:47:25 +0100: Memory Usage (463932K) : Executing rule seal.b_metal2
2026-03-18 15:47:25 +0100: Memory Usage (463932K) : Executing rule seal.b_metal3
2026-03-18 15:47:25 +0100: Memory Usage (463932K) : Executing rule seal.b_metal4
2026-03-18 15:47:25 +0100: Memory Usage (463932K) : Executing rule seal.b_metal5
2026-03-18 15:47:25 +0100: Memory Usage (463932K) : Executing rule seal.b_topmetal1
2026-03-18 15:47:25 +0100: Memory Usage (463932K) : Executing rule seal.b_topmetal2
2026-03-18 15:47:25 +0100: Memory Usage (463932K) : Executing rule seal.b_activ
2026-03-18 15:47:25 +0100: Memory Usage (463932K) : Executing rule seal.b_psd
2026-03-18 15:47:25 +0100: Memory Usage (463932K) : Executing rule Seal.k
2026-03-18 15:47:25 +0100: Memory Usage (463932K) : Executing rule Seal.m
2026-03-18 15:47:25 +0100: Memory Usage (463932K) : Starting 6.11 MIM table
2026-03-18 15:47:25 +0100: Memory Usage (463932K) : Executing rule MIM.c
2026-03-18 15:47:25 +0100: Memory Usage (463932K) : Executing rule MIM.d
2026-03-18 15:47:25 +0100: Memory Usage (463932K) : Executing rule MIM.gR
2026-03-18 15:47:25 +0100: Memory Usage (463932K) : Starting 7.3 Metal Slits table
2026-03-18 15:47:25 +0100: Memory Usage (463932K) : Executing rule Slt.e1_M1
2026-03-18 15:47:25 +0100: Memory Usage (463932K) : Executing rule Slt.e1_M2
2026-03-18 15:47:25 +0100: Memory Usage (463932K) : Executing rule Slt.e1_M3
2026-03-18 15:47:25 +0100: Memory Usage (463932K) : Executing rule Slt.e1_M4
2026-03-18 15:47:25 +0100: Memory Usage (463932K) : Executing rule Slt.e1_M5
2026-03-18 15:47:25 +0100: Memory Usage (463932K) : Executing rule Slt.e1_TM1
2026-03-18 15:47:25 +0100: Memory Usage (463932K) : Executing rule Slt.e1_TM2
2026-03-18 15:47:25 +0100: Memory Usage (463932K) : Starting 9.1. LBE table
2026-03-18 15:47:25 +0100: Memory Usage (463932K) : Executing rule LBE.a
2026-03-18 15:47:25 +0100: Memory Usage (463932K) : Executing rule LBE.b
2026-03-18 15:47:25 +0100: Memory Usage (463932K) : Executing rule LBE.b1
2026-03-18 15:47:25 +0100: Memory Usage (463932K) : Executing rule LBE.c
2026-03-18 15:47:25 +0100: Memory Usage (463932K) : Executing rule LBE.d
2026-03-18 15:47:25 +0100: Memory Usage (463932K) : Executing rule LBE.h
2026-03-18 15:47:25 +0100: Memory Usage (463932K) : Starting 7.4. PIN table
2026-03-18 15:47:25 +0100: Memory Usage (463932K) : Executing rule Pin.a
2026-03-18 15:47:25 +0100: Memory Usage (463932K) : Executing rule Pin.b
2026-03-18 15:47:25 +0100: Memory Usage (463932K) : Executing rule Pin.e
2026-03-18 15:47:25 +0100: Memory Usage (463932K) : Executing rule Pin.f_M2
2026-03-18 15:47:25 +0100: Memory Usage (463932K) : Executing rule Pin.f_M3
2026-03-18 15:47:25 +0100: Memory Usage (463932K) : Executing rule Pin.f_M4
2026-03-18 15:47:25 +0100: Memory Usage (463932K) : Executing rule Pin.f_M5
2026-03-18 15:47:25 +0100: Memory Usage (463932K) : Executing rule Pin.g
2026-03-18 15:47:25 +0100: Memory Usage (463932K) : Executing rule Pin.h
2026-03-18 15:47:25 +0100: Memory Usage (463932K) : Starting 3.2. FORBIDDEN table
2026-03-18 15:47:25 +0100: Memory Usage (463932K) : Executing rule forbidden.biwind
2026-03-18 15:47:25 +0100: Memory Usage (463932K) : Executing rule forbidden.pemwind
2026-03-18 15:47:25 +0100: Memory Usage (463932K) : Executing rule forbidden.baspoly
2026-03-18 15:47:25 +0100: Memory Usage (463932K) : Executing rule forbidden.deepco
2026-03-18 15:47:25 +0100: Memory Usage (463932K) : Executing rule forbidden.pempoly
2026-03-18 15:47:25 +0100: Memory Usage (463932K) : Executing rule forbidden.empoly
2026-03-18 15:47:25 +0100: Memory Usage (463932K) : Executing rule forbidden.ldmos
2026-03-18 15:47:25 +0100: Memory Usage (463932K) : Executing rule forbidden.pbiwind
2026-03-18 15:47:25 +0100: Memory Usage (463932K) : Executing rule forbidden.nodrc
2026-03-18 15:47:25 +0100: Memory Usage (463932K) : Executing rule forbidden.flash
2026-03-18 15:47:25 +0100: Memory Usage (463932K) : Executing rule forbidden.colwind
2026-03-18 15:47:25 +0100: Memory Usage (463932K) : KLayout DRC run for tables 'main' completed in 0.86 seconds
