# Logfile created on 2026-03-19 18:17:21 +0100 by logger.rb/v1.5.3
2026-03-19 18:17:21 +0100: Memory Usage (436552K) : Starting running IHP-SG13G2 KLayout DRC runset on /foss/designs/adex_neuron/chenxi_working/ttihp26a-adex-neuron-ncs/klayout/neuron_row.klay.gds
2026-03-19 18:17:21 +0100: Memory Usage (436552K) : Ruby Version for klayout: 3.2.3
2026-03-19 18:17:21 +0100: Memory Usage (438344K) : Loading database to memory is complete.
2026-03-19 18:17:21 +0100: Memory Usage (438344K) : IHP-SG13G2 KLayout DRC runset output at: /foss/designs/adex_neuron/chenxi_working/ttihp26a-adex-neuron-ncs/klayout/drc_run_neuron_row/neuron_row.klay_neuron_row_main.lyrdb
2026-03-19 18:17:21 +0100: Memory Usage (438472K) : Evaluate switches.
2026-03-19 18:17:21 +0100: Memory Usage (438472K) : tables selected: main
2026-03-19 18:17:21 +0100: Memory Usage (438472K) : KLayout will use 1 thread(s) in tiling mode.
2026-03-19 18:17:21 +0100: Memory Usage (438472K) : deep mode is enabled.
2026-03-19 18:17:21 +0100: Memory Usage (438472K) : FEOL enabled: true
2026-03-19 18:17:21 +0100: Memory Usage (438472K) : BEOL enabled: true
2026-03-19 18:17:21 +0100: Memory Usage (438472K) : OFFGRID enabled: true
2026-03-19 18:17:21 +0100: Memory Usage (438472K) : PIN enabled: true
2026-03-19 18:17:21 +0100: Memory Usage (438472K) : FORBIDDEN enabled: true
2026-03-19 18:17:21 +0100: Memory Usage (438472K) : RECOMMENDED enabled: true
2026-03-19 18:17:21 +0100: Memory Usage (438472K) : PreCheck DRC enabled: false
2026-03-19 18:17:21 +0100: Memory Usage (438472K) : CONNECTIVITY_RULES enabled: true.
2026-03-19 18:17:21 +0100: Memory Usage (438472K) : Read in polygons from layers.
2026-03-19 18:17:21 +0100: Memory Usage (439496K) : activ_drw has 563 polygons
2026-03-19 18:17:21 +0100: Memory Usage (439496K) : activ_pin has 0 polygons
2026-03-19 18:17:21 +0100: Memory Usage (439496K) : activ_mask has 0 polygons
2026-03-19 18:17:21 +0100: Memory Usage (439496K) : activ_filler has 0 polygons
2026-03-19 18:17:21 +0100: Memory Usage (439496K) : activ_nofill has 0 polygons
2026-03-19 18:17:21 +0100: Memory Usage (439496K) : activ_opc has 0 polygons
2026-03-19 18:17:21 +0100: Memory Usage (439496K) : activ_iopc has 0 polygons
2026-03-19 18:17:21 +0100: Memory Usage (439496K) : activ_noqrc has 0 polygons
2026-03-19 18:17:21 +0100: Memory Usage (439496K) : biwind_drw has 0 polygons
2026-03-19 18:17:21 +0100: Memory Usage (439496K) : biwind_opc has 0 polygons
2026-03-19 18:17:21 +0100: Memory Usage (439496K) : pemwind_drw has 0 polygons
2026-03-19 18:17:21 +0100: Memory Usage (439496K) : gatpoly_drw has 492 polygons
2026-03-19 18:17:21 +0100: Memory Usage (439496K) : gatpoly_pin has 129 polygons
2026-03-19 18:17:21 +0100: Memory Usage (439496K) : gatpoly_filler has 0 polygons
2026-03-19 18:17:21 +0100: Memory Usage (439496K) : gatpoly_nofill has 0 polygons
2026-03-19 18:17:21 +0100: Memory Usage (439496K) : gatpoly_opc has 0 polygons
2026-03-19 18:17:21 +0100: Memory Usage (439496K) : gatpoly_iopc has 0 polygons
2026-03-19 18:17:21 +0100: Memory Usage (439752K) : gatpoly_noqrc has 0 polygons
2026-03-19 18:17:21 +0100: Memory Usage (439880K) : cont_drw has 3900 polygons
2026-03-19 18:17:21 +0100: Memory Usage (439880K) : cont_opc has 0 polygons
2026-03-19 18:17:21 +0100: Memory Usage (440008K) : nsd_drw has 0 polygons
2026-03-19 18:17:21 +0100: Memory Usage (440008K) : nsd_block has 0 polygons
2026-03-19 18:17:21 +0100: Memory Usage (440136K) : metal1_drw has 1372 polygons
2026-03-19 18:17:21 +0100: Memory Usage (440264K) : metal1_pin has 270 polygons
2026-03-19 18:17:21 +0100: Memory Usage (440392K) : metal1_mask has 0 polygons
2026-03-19 18:17:21 +0100: Memory Usage (440392K) : metal1_filler has 0 polygons
2026-03-19 18:17:21 +0100: Memory Usage (440520K) : metal1_nofill has 0 polygons
2026-03-19 18:17:21 +0100: Memory Usage (440520K) : metal1_slit has 0 polygons
2026-03-19 18:17:21 +0100: Memory Usage (440776K) : metal1_text has 2 polygons
2026-03-19 18:17:21 +0100: Memory Usage (440776K) : metal1_opc has 0 polygons
2026-03-19 18:17:21 +0100: Memory Usage (440776K) : metal1_noqrc has 0 polygons
2026-03-19 18:17:21 +0100: Memory Usage (440904K) : metal1_res has 0 polygons
2026-03-19 18:17:21 +0100: Memory Usage (440904K) : metal1_iprobe has 0 polygons
2026-03-19 18:17:21 +0100: Memory Usage (441032K) : metal1_diffprb has 0 polygons
2026-03-19 18:17:21 +0100: Memory Usage (441032K) : passiv_drw has 0 polygons
2026-03-19 18:17:21 +0100: Memory Usage (441160K) : passiv_pin has 0 polygons
2026-03-19 18:17:21 +0100: Memory Usage (441160K) : passiv_sbump has 0 polygons
2026-03-19 18:17:21 +0100: Memory Usage (441288K) : passiv_pillar has 0 polygons
2026-03-19 18:17:21 +0100: Memory Usage (441288K) : passiv_pdl has 0 polygons
2026-03-19 18:17:21 +0100: Memory Usage (441288K) : metal2_drw has 659 polygons
2026-03-19 18:17:21 +0100: Memory Usage (441416K) : metal2_pin has 0 polygons
2026-03-19 18:17:21 +0100: Memory Usage (441416K) : metal2_mask has 0 polygons
2026-03-19 18:17:21 +0100: Memory Usage (441544K) : metal2_filler has 0 polygons
2026-03-19 18:17:21 +0100: Memory Usage (441544K) : metal2_nofill has 0 polygons
2026-03-19 18:17:21 +0100: Memory Usage (441672K) : metal2_slit has 0 polygons
2026-03-19 18:17:21 +0100: Memory Usage (441672K) : metal2_text has 0 polygons
2026-03-19 18:17:21 +0100: Memory Usage (441800K) : metal2_opc has 0 polygons
2026-03-19 18:17:21 +0100: Memory Usage (441800K) : metal2_noqrc has 0 polygons
2026-03-19 18:17:21 +0100: Memory Usage (441928K) : metal2_res has 0 polygons
2026-03-19 18:17:21 +0100: Memory Usage (441928K) : metal2_iprobe has 0 polygons
2026-03-19 18:17:21 +0100: Memory Usage (442056K) : metal2_diffprb has 0 polygons
2026-03-19 18:17:21 +0100: Memory Usage (442056K) : baspoly_drw has 0 polygons
2026-03-19 18:17:21 +0100: Memory Usage (442184K) : baspoly_pin has 0 polygons
2026-03-19 18:17:21 +0100: Memory Usage (442184K) : psd_drw has 98 polygons
2026-03-19 18:17:21 +0100: Memory Usage (442184K) : nldb_drw has 0 polygons
2026-03-19 18:17:21 +0100: Memory Usage (442312K) : digibnd_drw has 0 polygons
2026-03-19 18:17:21 +0100: Memory Usage (442312K) : via1_drw has 729 polygons
2026-03-19 18:17:21 +0100: Memory Usage (442440K) : backmetal1_drw has 0 polygons
2026-03-19 18:17:21 +0100: Memory Usage (442440K) : backmetal1_pin has 0 polygons
2026-03-19 18:17:21 +0100: Memory Usage (442568K) : backmetal1_mask has 0 polygons
2026-03-19 18:17:21 +0100: Memory Usage (442568K) : backmetal1_filler has 0 polygons
2026-03-19 18:17:21 +0100: Memory Usage (442696K) : backmetal1_nofill has 0 polygons
2026-03-19 18:17:21 +0100: Memory Usage (442696K) : backmetal1_slit has 0 polygons
2026-03-19 18:17:21 +0100: Memory Usage (442696K) : backmetal1_text has 0 polygons
2026-03-19 18:17:21 +0100: Memory Usage (442824K) : backmetal1_opc has 0 polygons
2026-03-19 18:17:21 +0100: Memory Usage (442824K) : backmetal1_noqrc has 0 polygons
2026-03-19 18:17:21 +0100: Memory Usage (442952K) : backmetal1_res has 0 polygons
2026-03-19 18:17:21 +0100: Memory Usage (442952K) : backmetal1_iprobe has 0 polygons
2026-03-19 18:17:21 +0100: Memory Usage (443080K) : backmetal1_diffprb has 0 polygons
2026-03-19 18:17:21 +0100: Memory Usage (443080K) : backpassiv_drw has 0 polygons
2026-03-19 18:17:21 +0100: Memory Usage (443080K) : res_drw has 0 polygons
2026-03-19 18:17:21 +0100: Memory Usage (443208K) : sram_drw has 0 polygons
2026-03-19 18:17:21 +0100: Memory Usage (443208K) : trans_drw has 0 polygons
2026-03-19 18:17:21 +0100: Memory Usage (443336K) : ind_drw has 0 polygons
2026-03-19 18:17:21 +0100: Memory Usage (443464K) : ind_pin has 0 polygons
2026-03-19 18:17:21 +0100: Memory Usage (443464K) : ind_text has 0 polygons
2026-03-19 18:17:21 +0100: Memory Usage (443464K) : salblock_drw has 0 polygons
2026-03-19 18:17:21 +0100: Memory Usage (443592K) : via2_drw has 379 polygons
2026-03-19 18:17:21 +0100: Memory Usage (443720K) : metal3_drw has 212 polygons
2026-03-19 18:17:21 +0100: Memory Usage (443720K) : metal3_pin has 26 polygons
2026-03-19 18:17:21 +0100: Memory Usage (443848K) : metal3_mask has 0 polygons
2026-03-19 18:17:21 +0100: Memory Usage (443848K) : metal3_filler has 0 polygons
2026-03-19 18:17:21 +0100: Memory Usage (443976K) : metal3_nofill has 0 polygons
2026-03-19 18:17:21 +0100: Memory Usage (443976K) : metal3_slit has 0 polygons
2026-03-19 18:17:21 +0100: Memory Usage (444104K) : metal3_text has 27 polygons
2026-03-19 18:17:21 +0100: Memory Usage (444104K) : metal3_opc has 0 polygons
2026-03-19 18:17:21 +0100: Memory Usage (444104K) : metal3_noqrc has 0 polygons
2026-03-19 18:17:21 +0100: Memory Usage (444232K) : metal3_res has 0 polygons
2026-03-19 18:17:21 +0100: Memory Usage (444232K) : metal3_iprobe has 0 polygons
2026-03-19 18:17:21 +0100: Memory Usage (444360K) : metal3_diffprb has 0 polygons
2026-03-19 18:17:21 +0100: Memory Usage (444360K) : nwell_drw has 91 polygons
2026-03-19 18:17:21 +0100: Memory Usage (444488K) : nwell_pin has 5 polygons
2026-03-19 18:17:21 +0100: Memory Usage (444616K) : nbulay_drw has 35 polygons
2026-03-19 18:17:21 +0100: Memory Usage (444616K) : nbulay_pin has 0 polygons
2026-03-19 18:17:21 +0100: Memory Usage (444616K) : nbulay_block has 0 polygons
2026-03-19 18:17:21 +0100: Memory Usage (444744K) : emwind_drw has 0 polygons
2026-03-19 18:17:21 +0100: Memory Usage (444872K) : emwind_opc has 0 polygons
2026-03-19 18:17:21 +0100: Memory Usage (444872K) : deepco_drw has 0 polygons
2026-03-19 18:17:21 +0100: Memory Usage (445000K) : deepco_drw has 0 polygons
2026-03-19 18:17:21 +0100: Memory Usage (445000K) : mim_drw has 2 polygons
2026-03-19 18:17:21 +0100: Memory Usage (445128K) : edgeseal_drw has 0 polygons
2026-03-19 18:17:21 +0100: Memory Usage (445128K) : edgeseal_bound has 0 polygons
2026-03-19 18:17:21 +0100: Memory Usage (445256K) : substrate_drw has 98 polygons
2026-03-19 18:17:21 +0100: Memory Usage (445256K) : substrate_text has 0 polygons
2026-03-19 18:17:21 +0100: Memory Usage (445384K) : dfpad_drw has 0 polygons
2026-03-19 18:17:21 +0100: Memory Usage (445384K) : dfpad_pillar has 0 polygons
2026-03-19 18:17:21 +0100: Memory Usage (445512K) : dfpad_sbump has 0 polygons
2026-03-19 18:17:21 +0100: Memory Usage (445512K) : thickgateox_drw has 138 polygons
2026-03-19 18:17:21 +0100: Memory Usage (445640K) : pldb_drw has 0 polygons
2026-03-19 18:17:21 +0100: Memory Usage (445640K) : pwell_drw has 0 polygons
2026-03-19 18:17:21 +0100: Memory Usage (445640K) : pwell_pin has 0 polygons
2026-03-19 18:17:21 +0100: Memory Usage (445768K) : pwell_block has 0 polygons
2026-03-19 18:17:21 +0100: Memory Usage (445768K) : ic_drw has 0 polygons
2026-03-19 18:17:21 +0100: Memory Usage (445896K) : via3_drw has 116 polygons
2026-03-19 18:17:21 +0100: Memory Usage (446024K) : metal4_drw has 33 polygons
2026-03-19 18:17:21 +0100: Memory Usage (446024K) : metal4_pin has 4 polygons
2026-03-19 18:17:21 +0100: Memory Usage (446024K) : metal4_mask has 0 polygons
2026-03-19 18:17:21 +0100: Memory Usage (446152K) : metal4_filler has 0 polygons
2026-03-19 18:17:21 +0100: Memory Usage (446152K) : metal4_nofill has 0 polygons
2026-03-19 18:17:21 +0100: Memory Usage (446280K) : metal4_slit has 0 polygons
2026-03-19 18:17:21 +0100: Memory Usage (446280K) : metal4_text has 4 polygons
2026-03-19 18:17:21 +0100: Memory Usage (446408K) : metal4_opc has 0 polygons
2026-03-19 18:17:21 +0100: Memory Usage (446408K) : metal4_noqrc has 0 polygons
2026-03-19 18:17:21 +0100: Memory Usage (446536K) : metal4_res has 0 polygons
2026-03-19 18:17:21 +0100: Memory Usage (446536K) : metal4_iprobe has 0 polygons
2026-03-19 18:17:21 +0100: Memory Usage (446536K) : metal4_diffprb has 0 polygons
2026-03-19 18:17:21 +0100: Memory Usage (446664K) : heattrans_drw has 248 polygons
2026-03-19 18:17:21 +0100: Memory Usage (446792K) : heatres_drw has 0 polygons
2026-03-19 18:17:21 +0100: Memory Usage (446792K) : pempoly_drw has 0 polygons
2026-03-19 18:17:21 +0100: Memory Usage (446920K) : fbe_drw has 0 polygons
2026-03-19 18:17:21 +0100: Memory Usage (446920K) : empoly_drw has 0 polygons
2026-03-19 18:17:21 +0100: Memory Usage (447048K) : ldmos_drw has 0 polygons
2026-03-19 18:17:21 +0100: Memory Usage (447048K) : pbiwind_drw has 0 polygons
2026-03-19 18:17:21 +0100: Memory Usage (447176K) : digisub_drw has 0 polygons
2026-03-19 18:17:21 +0100: Memory Usage (447176K) : nodrc_drw has 0 polygons
2026-03-19 18:17:21 +0100: Memory Usage (447304K) : text_drw has 143 polygons
2026-03-19 18:17:21 +0100: Memory Usage (447304K) : via4_drw has 96 polygons
2026-03-19 18:17:21 +0100: Memory Usage (447432K) : metal5_drw has 42 polygons
2026-03-19 18:17:21 +0100: Memory Usage (447432K) : metal5_pin has 0 polygons
2026-03-19 18:17:21 +0100: Memory Usage (447560K) : metal5_mask has 0 polygons
2026-03-19 18:17:21 +0100: Memory Usage (447560K) : metal5_filler has 0 polygons
2026-03-19 18:17:21 +0100: Memory Usage (447560K) : metal5_nofill has 0 polygons
2026-03-19 18:17:21 +0100: Memory Usage (447688K) : metal5_slit has 0 polygons
2026-03-19 18:17:21 +0100: Memory Usage (447688K) : metal5_text has 0 polygons
2026-03-19 18:17:21 +0100: Memory Usage (447816K) : metal5_opc has 0 polygons
2026-03-19 18:17:21 +0100: Memory Usage (447816K) : metal5_noqrc has 0 polygons
2026-03-19 18:17:21 +0100: Memory Usage (447944K) : metal5_res has 0 polygons
2026-03-19 18:17:21 +0100: Memory Usage (447944K) : metal5_iprobe has 0 polygons
2026-03-19 18:17:21 +0100: Memory Usage (447944K) : metal5_diffprb has 0 polygons
2026-03-19 18:17:21 +0100: Memory Usage (448072K) : radhard_drw has 0 polygons
2026-03-19 18:17:21 +0100: Memory Usage (448200K) : memcap_drw has 0 polygons
2026-03-19 18:17:21 +0100: Memory Usage (448328K) : varicap_drw has 0 polygons
2026-03-19 18:17:21 +0100: Memory Usage (448328K) : flash_drw has 0 polygons
2026-03-19 18:17:21 +0100: Memory Usage (448456K) : intbondvia_drw has 0 polygons
2026-03-19 18:17:21 +0100: Memory Usage (448456K) : intbondmet_drw has 0 polygons
2026-03-19 18:17:21 +0100: Memory Usage (448456K) : devbondvia_drw has 0 polygons
2026-03-19 18:17:21 +0100: Memory Usage (448584K) : devbondmet_drw has 0 polygons
2026-03-19 18:17:21 +0100: Memory Usage (448584K) : devtrench_drw has 0 polygons
2026-03-19 18:17:21 +0100: Memory Usage (448712K) : redist_drw has 0 polygons
2026-03-19 18:17:21 +0100: Memory Usage (448712K) : graphbot_drw has 0 polygons
2026-03-19 18:17:21 +0100: Memory Usage (448840K) : graphtop_drw has 0 polygons
2026-03-19 18:17:21 +0100: Memory Usage (448840K) : antvia1_drw has 0 polygons
2026-03-19 18:17:21 +0100: Memory Usage (448840K) : antmetal2_drw has 0 polygons
2026-03-19 18:17:21 +0100: Memory Usage (448968K) : graphcont_drw has 0 polygons
2026-03-19 18:17:21 +0100: Memory Usage (448968K) : siwg_drw has 0 polygons
2026-03-19 18:17:21 +0100: Memory Usage (449096K) : siwg_filler has 0 polygons
2026-03-19 18:17:21 +0100: Memory Usage (449096K) : siwg_nofill has 0 polygons
2026-03-19 18:17:21 +0100: Memory Usage (449224K) : sigrating_drw has 0 polygons
2026-03-19 18:17:21 +0100: Memory Usage (449224K) : singrating_drw has 0 polygons
2026-03-19 18:17:21 +0100: Memory Usage (449352K) : graphpas_drw has 0 polygons
2026-03-19 18:17:21 +0100: Memory Usage (449352K) : emwind3_drw has 0 polygons
2026-03-19 18:17:21 +0100: Memory Usage (449480K) : emwihv3_drw has 0 polygons
2026-03-19 18:17:21 +0100: Memory Usage (449480K) : redbulay_drw has 0 polygons
2026-03-19 18:17:21 +0100: Memory Usage (449608K) : smos_drw has 0 polygons
2026-03-19 18:17:21 +0100: Memory Usage (449608K) : graphpad_drw has 0 polygons
2026-03-19 18:17:21 +0100: Memory Usage (449608K) : polimide_drw has 0 polygons
2026-03-19 18:17:21 +0100: Memory Usage (449736K) : polimide_pin has 0 polygons
2026-03-19 18:17:21 +0100: Memory Usage (449864K) : recog_drw has 0 polygons
2026-03-19 18:17:21 +0100: Memory Usage (449864K) : recog_pin has 0 polygons
2026-03-19 18:17:21 +0100: Memory Usage (449992K) : recog_esd has 0 polygons
2026-03-19 18:17:21 +0100: Memory Usage (449992K) : recog_diode has 0 polygons
2026-03-19 18:17:21 +0100: Memory Usage (449992K) : recog_tsv has 0 polygons
2026-03-19 18:17:21 +0100: Memory Usage (450120K) : recog_iprobe has 0 polygons
2026-03-19 18:17:21 +0100: Memory Usage (450120K) : recog_diffprb has 0 polygons
2026-03-19 18:17:21 +0100: Memory Usage (450248K) : recog_pillar has 0 polygons
2026-03-19 18:17:21 +0100: Memory Usage (450376K) : recog_sbump has 0 polygons
2026-03-19 18:17:21 +0100: Memory Usage (450376K) : recog_otp has 0 polygons
2026-03-19 18:17:21 +0100: Memory Usage (450376K) : recog_pdiode has 0 polygons
2026-03-19 18:17:21 +0100: Memory Usage (450504K) : recog_mom has 0 polygons
2026-03-19 18:17:21 +0100: Memory Usage (450504K) : recog_pcm has 0 polygons
2026-03-19 18:17:21 +0100: Memory Usage (450504K) : colopen_drw has 0 polygons
2026-03-19 18:17:21 +0100: Memory Usage (450504K) : graphmetal1_drw has 0 polygons
2026-03-19 18:17:21 +0100: Memory Usage (450632K) : graphmetal1_filler has 0 polygons
2026-03-19 18:17:21 +0100: Memory Usage (450632K) : graphmetal1_nofill has 0 polygons
2026-03-19 18:17:21 +0100: Memory Usage (450632K) : graphmetal1_slit has 0 polygons
2026-03-19 18:17:21 +0100: Memory Usage (450760K) : graphmetal1_opc has 0 polygons
2026-03-19 18:17:21 +0100: Memory Usage (450760K) : graphmet1l_drw has 0 polygons
2026-03-19 18:17:21 +0100: Memory Usage (450760K) : graphmet1l_filler has 0 polygons
2026-03-19 18:17:21 +0100: Memory Usage (450888K) : graphmet1l_nofill has 0 polygons
2026-03-19 18:17:21 +0100: Memory Usage (450888K) : graphmet1l_slit has 0 polygons
2026-03-19 18:17:21 +0100: Memory Usage (450888K) : graphmet1l_opc has 0 polygons
2026-03-19 18:17:21 +0100: Memory Usage (450888K) : extblock_drw has 0 polygons
2026-03-19 18:17:21 +0100: Memory Usage (451016K) : nldd_drw has 0 polygons
2026-03-19 18:17:21 +0100: Memory Usage (451016K) : pldd_drw has 0 polygons
2026-03-19 18:17:21 +0100: Memory Usage (451016K) : next_drw has 0 polygons
2026-03-19 18:17:21 +0100: Memory Usage (451144K) : pext_drw has 0 polygons
2026-03-19 18:17:21 +0100: Memory Usage (451144K) : nexthv_drw has 0 polygons
2026-03-19 18:17:21 +0100: Memory Usage (451272K) : pexthv_drw has 0 polygons
2026-03-19 18:17:21 +0100: Memory Usage (451272K) : graphgate_drw has 0 polygons
2026-03-19 18:17:21 +0100: Memory Usage (451272K) : sinwg_drw has 0 polygons
2026-03-19 18:17:21 +0100: Memory Usage (451400K) : sinwg_filler has 0 polygons
2026-03-19 18:17:21 +0100: Memory Usage (451400K) : sinwg_nofill has 0 polygons
2026-03-19 18:17:21 +0100: Memory Usage (451528K) : mempad_drw has 0 polygons
2026-03-19 18:17:21 +0100: Memory Usage (451528K) : topvia1_drw has 48 polygons
2026-03-19 18:17:21 +0100: Memory Usage (451528K) : topmetal1_drw has 33 polygons
2026-03-19 18:17:21 +0100: Memory Usage (451656K) : topmetal1_pin has 0 polygons
2026-03-19 18:17:21 +0100: Memory Usage (451656K) : topmetal1_mask has 0 polygons
2026-03-19 18:17:21 +0100: Memory Usage (451784K) : topmetal1_filler has 0 polygons
2026-03-19 18:17:21 +0100: Memory Usage (451784K) : topmetal1_nofill has 0 polygons
2026-03-19 18:17:21 +0100: Memory Usage (451784K) : topmetal1_slit has 0 polygons
2026-03-19 18:17:21 +0100: Memory Usage (451912K) : topmetal1_text has 0 polygons
2026-03-19 18:17:21 +0100: Memory Usage (451912K) : topmetal1_noqrc has 0 polygons
2026-03-19 18:17:21 +0100: Memory Usage (451912K) : topmetal1_res has 0 polygons
2026-03-19 18:17:21 +0100: Memory Usage (452040K) : topmetal1_iprobe has 0 polygons
2026-03-19 18:17:21 +0100: Memory Usage (452040K) : topmetal1_diffprb has 0 polygons
2026-03-19 18:17:21 +0100: Memory Usage (452040K) : inldpwl_drw has 0 polygons
2026-03-19 18:17:21 +0100: Memory Usage (452040K) : polyres_drw has 0 polygons
2026-03-19 18:17:21 +0100: Memory Usage (452168K) : polyres_pin has 0 polygons
2026-03-19 18:17:21 +0100: Memory Usage (452168K) : vmim_drw has 624 polygons
2026-03-19 18:17:21 +0100: Memory Usage (452168K) : nbulaycut_drw has 0 polygons
2026-03-19 18:17:21 +0100: Memory Usage (452296K) : antmetal1_drw has 0 polygons
2026-03-19 18:17:21 +0100: Memory Usage (452296K) : topvia2_drw has 0 polygons
2026-03-19 18:17:21 +0100: Memory Usage (452424K) : topmetal2_drw has 0 polygons
2026-03-19 18:17:21 +0100: Memory Usage (452424K) : topmetal2_pin has 0 polygons
2026-03-19 18:17:21 +0100: Memory Usage (452552K) : topmetal2_mask has 0 polygons
2026-03-19 18:17:21 +0100: Memory Usage (452552K) : topmetal2_filler has 0 polygons
2026-03-19 18:17:21 +0100: Memory Usage (452552K) : topmetal2_nofill has 0 polygons
2026-03-19 18:17:21 +0100: Memory Usage (452680K) : topmetal2_slit has 0 polygons
2026-03-19 18:17:21 +0100: Memory Usage (452680K) : topmetal2_text has 0 polygons
2026-03-19 18:17:21 +0100: Memory Usage (452808K) : topmetal2_noqrc has 0 polygons
2026-03-19 18:17:21 +0100: Memory Usage (452808K) : topmetal2_res has 0 polygons
2026-03-19 18:17:21 +0100: Memory Usage (452808K) : topmetal2_iprobe has 0 polygons
2026-03-19 18:17:21 +0100: Memory Usage (452936K) : topmetal2_diffprb has 0 polygons
2026-03-19 18:17:21 +0100: Memory Usage (452936K) : snsring_drw has 0 polygons
2026-03-19 18:17:21 +0100: Memory Usage (453064K) : sensor_drw has 0 polygons
2026-03-19 18:17:21 +0100: Memory Usage (453064K) : snsarms_drw has 0 polygons
2026-03-19 18:17:21 +0100: Memory Usage (453192K) : snscmosvia_drw has 0 polygons
2026-03-19 18:17:21 +0100: Memory Usage (453192K) : colwind_drw has 0 polygons
2026-03-19 18:17:21 +0100: Memory Usage (453192K) : flm_drw has 0 polygons
2026-03-19 18:17:21 +0100: Memory Usage (453320K) : hafniumox_drw has 0 polygons
2026-03-19 18:17:21 +0100: Memory Usage (453320K) : memvia_drw has 0 polygons
2026-03-19 18:17:21 +0100: Memory Usage (453448K) : thinfilmres_drw has 0 polygons
2026-03-19 18:17:21 +0100: Memory Usage (453448K) : rfmem_drw has 0 polygons
2026-03-19 18:17:21 +0100: Memory Usage (453576K) : norcx_drw has 0 polygons
2026-03-19 18:17:21 +0100: Memory Usage (453576K) : norcx_m2m3 has 0 polygons
2026-03-19 18:17:21 +0100: Memory Usage (453576K) : norcx_m2m4 has 0 polygons
2026-03-19 18:17:21 +0100: Memory Usage (453704K) : norcx_m2m5 has 0 polygons
2026-03-19 18:17:21 +0100: Memory Usage (453704K) : norcx_m2tm1 has 0 polygons
2026-03-19 18:17:21 +0100: Memory Usage (453832K) : norcx_m2tm2 has 0 polygons
2026-03-19 18:17:21 +0100: Memory Usage (453832K) : norcx_m3m4 has 0 polygons
2026-03-19 18:17:21 +0100: Memory Usage (453960K) : norcx_m3m5 has 0 polygons
2026-03-19 18:17:21 +0100: Memory Usage (453960K) : norcx_m3tm1 has 0 polygons
2026-03-19 18:17:21 +0100: Memory Usage (453960K) : norcx_m3tm2 has 0 polygons
2026-03-19 18:17:21 +0100: Memory Usage (454088K) : norcx_m4m5 has 0 polygons
2026-03-19 18:17:21 +0100: Memory Usage (454088K) : norcx_m4tm1 has 0 polygons
2026-03-19 18:17:21 +0100: Memory Usage (454216K) : norcx_m4tm2 has 0 polygons
2026-03-19 18:17:21 +0100: Memory Usage (454216K) : norcx_m5tm1 has 0 polygons
2026-03-19 18:17:21 +0100: Memory Usage (454216K) : norcx_m5tm2 has 0 polygons
2026-03-19 18:17:21 +0100: Memory Usage (454216K) : norcx_tm1tm2 has 0 polygons
2026-03-19 18:17:21 +0100: Memory Usage (454216K) : norcx_m1sub has 0 polygons
2026-03-19 18:17:21 +0100: Memory Usage (454216K) : norcx_m2sub has 0 polygons
2026-03-19 18:17:21 +0100: Memory Usage (454344K) : norcx_m3sub has 0 polygons
2026-03-19 18:17:21 +0100: Memory Usage (454344K) : norcx_m4sub has 0 polygons
2026-03-19 18:17:21 +0100: Memory Usage (454344K) : norcx_m5sub has 0 polygons
2026-03-19 18:17:21 +0100: Memory Usage (454472K) : norcx_tm1sub has 0 polygons
2026-03-19 18:17:21 +0100: Memory Usage (454472K) : norcx_tm2sub has 0 polygons
2026-03-19 18:17:21 +0100: Memory Usage (454472K) : snsbotvia_drw has 0 polygons
2026-03-19 18:17:21 +0100: Memory Usage (454472K) : snstopvia_drw has 0 polygons
2026-03-19 18:17:21 +0100: Memory Usage (454600K) : deepvia_drw has 0 polygons
2026-03-19 18:17:21 +0100: Memory Usage (454600K) : fgetch_drw has 0 polygons
2026-03-19 18:17:21 +0100: Memory Usage (454600K) : ctrgat_drw has 0 polygons
2026-03-19 18:17:21 +0100: Memory Usage (454728K) : fgimp_drw has 0 polygons
2026-03-19 18:17:21 +0100: Memory Usage (454728K) : emwihv_drw has 0 polygons
2026-03-19 18:17:21 +0100: Memory Usage (454728K) : lbe_drw has 0 polygons
2026-03-19 18:17:21 +0100: Memory Usage (454856K) : alcustop_drw has 0 polygons
2026-03-19 18:17:21 +0100: Memory Usage (454856K) : nometfiller_drw has 0 polygons
2026-03-19 18:17:21 +0100: Memory Usage (454856K) : prboundary_drw has 0 polygons
2026-03-19 18:17:21 +0100: Memory Usage (454856K) : exchange0_drw has 0 polygons
2026-03-19 18:17:21 +0100: Memory Usage (454984K) : exchange0_pin has 0 polygons
2026-03-19 18:17:21 +0100: Memory Usage (454984K) : exchange0_text has 0 polygons
2026-03-19 18:17:21 +0100: Memory Usage (454984K) : exchange1_drw has 0 polygons
2026-03-19 18:17:21 +0100: Memory Usage (455112K) : exchange1_pin has 0 polygons
2026-03-19 18:17:21 +0100: Memory Usage (455112K) : exchange1_text has 0 polygons
2026-03-19 18:17:21 +0100: Memory Usage (455112K) : exchange2_drw has 0 polygons
2026-03-19 18:17:21 +0100: Memory Usage (455240K) : exchange2_pin has 0 polygons
2026-03-19 18:17:21 +0100: Memory Usage (455240K) : exchange2_text has 0 polygons
2026-03-19 18:17:21 +0100: Memory Usage (455240K) : exchange3_drw has 0 polygons
2026-03-19 18:17:21 +0100: Memory Usage (455240K) : exchange3_pin has 0 polygons
2026-03-19 18:17:21 +0100: Memory Usage (455368K) : exchange3_text has 0 polygons
2026-03-19 18:17:21 +0100: Memory Usage (455368K) : exchange4_drw has 0 polygons
2026-03-19 18:17:21 +0100: Memory Usage (455496K) : exchange4_pin has 0 polygons
2026-03-19 18:17:21 +0100: Memory Usage (455496K) : exchange4_text has 0 polygons
2026-03-19 18:17:21 +0100: Memory Usage (455496K) : isonwell_drw has 0 polygons
2026-03-19 18:17:21 +0100: Memory Usage (455496K) : Total no. of polygons in the design is 10618
2026-03-19 18:17:21 +0100: Memory Usage (455496K) : Loaded TECH DRC rules values from /foss/pdks/ihp-sg13g2/libs.tech/klayout/python/sg13g2_pycell_lib/sg13g2_tech_mod.json
2026-03-19 18:17:21 +0100: Memory Usage (455496K) : Loaded default DRC rules values from /foss/pdks/ihp-sg13g2/libs.tech/klayout/tech/drc/rule_decks/sg13g2_tech_default.json
2026-03-19 18:17:21 +0100: Memory Usage (455496K) : The following rules values were missing in tech json and default values were used:
2026-03-19 18:17:21 +0100: Memory Usage (455496K) :   - Cnt_c_digibnd
2026-03-19 18:17:21 +0100: Memory Usage (456520K) : Total area of the design is 2172.990575 um^2.
2026-03-19 18:17:21 +0100: Memory Usage (456520K) : The design dimensions are 98.705 µm * 22.015 µm.
2026-03-19 18:17:21 +0100: Memory Usage (456520K) : Starting general IHP-SG13G2 derivations.
2026-03-19 18:17:21 +0100: Memory Usage (456520K) : Starting Pwell derivations
2026-03-19 18:17:21 +0100: Memory Usage (458824K) : Starting n-Activ derivations
2026-03-19 18:17:21 +0100: Memory Usage (459464K) : Starting p-Activ derivations
2026-03-19 18:17:21 +0100: Memory Usage (459464K) : Starting ptap derivations
2026-03-19 18:17:21 +0100: Memory Usage (459592K) : Starting ntap derivations
2026-03-19 18:17:21 +0100: Memory Usage (459592K) : Starting pact FET derivations
2026-03-19 18:17:21 +0100: Memory Usage (459720K) : Starting nact FET derivations
2026-03-19 18:17:21 +0100: Memory Usage (459720K) : Starting Gate derivations
2026-03-19 18:17:21 +0100: Memory Usage (459848K) : Starting cont/contbar general derivations
2026-03-19 18:17:21 +0100: Memory Usage (461000K) : Starting pad general derivations
2026-03-19 18:17:21 +0100: Memory Usage (461000K) : Starting IHP-SG13G2 DRC connectivity related derivations.
2026-03-19 18:17:21 +0100: Memory Usage (461896K) : Starting IHP-SG13G2 DRC connectivity setup
2026-03-19 18:17:21 +0100: Memory Usage (463432K) : Starting IHP-SG13G2 DRC rules.
2026-03-19 18:17:21 +0100: Memory Usage (463432K) : Running all FEOL rules
2026-03-19 18:17:21 +0100: Memory Usage (463432K) : Running all BEOL rules
2026-03-19 18:17:21 +0100: Memory Usage (463432K) : Running all PIN rules
2026-03-19 18:17:21 +0100: Memory Usage (463432K) : Running all FORBIDDEN rules
2026-03-19 18:17:21 +0100: Memory Usage (463432K) : Starting 5.1 NWell table
2026-03-19 18:17:21 +0100: Memory Usage (463432K) : Executing rule NW.b
2026-03-19 18:17:21 +0100: Memory Usage (464200K) : Executing rule NW.b1
2026-03-19 18:17:21 +0100: Memory Usage (464456K) : Starting 5.2 PWell:block
2026-03-19 18:17:21 +0100: Memory Usage (464456K) : Executing rule PWB.e
2026-03-19 18:17:21 +0100: Memory Usage (464584K) : Executing rule PWB.e1
2026-03-19 18:17:21 +0100: Memory Usage (464840K) : Executing rule PWB.f
2026-03-19 18:17:21 +0100: Memory Usage (464968K) : Executing rule PWB.f1
2026-03-19 18:17:21 +0100: Memory Usage (465480K) : Starting 5.3 nBuLay table
2026-03-19 18:17:21 +0100: Memory Usage (465736K) : Executing rule NBL.b
2026-03-19 18:17:21 +0100: Memory Usage (465864K) : Executing rule NBL.c
2026-03-19 18:17:21 +0100: Memory Usage (465864K) : Executing rule NBL.d
2026-03-19 18:17:21 +0100: Memory Usage (465864K) : Executing rule NBL.e
2026-03-19 18:17:21 +0100: Memory Usage (465864K) : Executing rule NBL.f
2026-03-19 18:17:21 +0100: Memory Usage (465864K) : Starting 5.5. Activ table
2026-03-19 18:17:21 +0100: Memory Usage (465864K) : Executing rule Act.a
2026-03-19 18:17:21 +0100: Memory Usage (465864K) : Executing rule Act.b
2026-03-19 18:17:21 +0100: Memory Usage (465992K) : Starting 5.6 Activ:filler table
2026-03-19 18:17:21 +0100: Memory Usage (465992K) : Executing rule AFil.c1
2026-03-19 18:17:21 +0100: Memory Usage (465992K) : Executing rule AFil.c
2026-03-19 18:17:21 +0100: Memory Usage (465992K) : Executing rule AFil.d
2026-03-19 18:17:21 +0100: Memory Usage (465992K) : Executing rule AFil.e
2026-03-19 18:17:21 +0100: Memory Usage (465992K) : Executing rule AFil.j
2026-03-19 18:17:21 +0100: Memory Usage (465992K) : Starting 5.7. ThickGateOx table
2026-03-19 18:17:21 +0100: Memory Usage (465992K) : Executing rule TGO.f
2026-03-19 18:17:21 +0100: Memory Usage (465992K) : Starting 5.8. GatPoly table
2026-03-19 18:17:21 +0100: Memory Usage (465992K) : Executing rule Gat.a
2026-03-19 18:17:21 +0100: Memory Usage (465992K) : Executing rule Gat.b
2026-03-19 18:17:21 +0100: Memory Usage (466120K) : Executing rule Gat.d
2026-03-19 18:17:21 +0100: Memory Usage (466120K) : Executing rule Gat.a1
2026-03-19 18:17:21 +0100: Memory Usage (466248K) : Executing rule Gat.a2
2026-03-19 18:17:21 +0100: Memory Usage (466248K) : Executing rule Gat.g
2026-03-19 18:17:21 +0100: Memory Usage (466248K) : Starting 5.9 GatPoly:filler
2026-03-19 18:17:21 +0100: Memory Usage (466248K) : Executing rule GFil.d
2026-03-19 18:17:21 +0100: Memory Usage (466248K) : Executing rule GFil.e
2026-03-19 18:17:21 +0100: Memory Usage (466248K) : Executing rule GFil.i
2026-03-19 18:17:21 +0100: Memory Usage (466248K) : Starting 5.10 pSD table
2026-03-19 18:17:21 +0100: Memory Usage (466248K) : Executing rule pSD.c1
2026-03-19 18:17:21 +0100: Memory Usage (466248K) : Starting 5.14. Cont table
2026-03-19 18:17:21 +0100: Memory Usage (466248K) : Executing rule Cnt.a
2026-03-19 18:17:21 +0100: Memory Usage (466248K) : Executing rule Cnt.b
2026-03-19 18:17:21 +0100: Memory Usage (466248K) : Executing rule Cnt.c
2026-03-19 18:17:21 +0100: Memory Usage (466248K) : Executing rule Cnt.c
2026-03-19 18:17:21 +0100: Memory Usage (466248K) : Executing rule Cnt.d
2026-03-19 18:17:21 +0100: Memory Usage (466248K) : Executing rule Cnt.e
2026-03-19 18:17:21 +0100: Memory Usage (466248K) : Executing rule Cnt.g1
2026-03-19 18:17:21 +0100: Memory Usage (466248K) : Executing rule Cnt.g2
2026-03-19 18:17:21 +0100: Memory Usage (466248K) : Starting 5.15. ContBar table
2026-03-19 18:17:21 +0100: Memory Usage (466248K) : Executing rule CntB.b1
2026-03-19 18:17:21 +0100: Memory Usage (466248K) : Executing rule CntB.h1
2026-03-19 18:17:21 +0100: Memory Usage (466248K) : Starting 6.1.3 NPN Substrate-Tie table
2026-03-19 18:17:21 +0100: Memory Usage (466248K) : Executing rule npn13G2.bR 
2026-03-19 18:17:21 +0100: Memory Usage (466248K) : Executing rule npn13G2L.cR 
2026-03-19 18:17:21 +0100: Memory Usage (466248K) : Executing rule npn13G2V.cR 
2026-03-19 18:17:21 +0100: Memory Usage (466248K) : Starting 6.7 Schottky diode table
2026-03-19 18:17:21 +0100: Memory Usage (466248K) : Executing rule Sdiod.d
2026-03-19 18:17:21 +0100: Memory Usage (466248K) : Executing rule Sdiod.e
2026-03-19 18:17:21 +0100: Memory Usage (466248K) : Starting 7.2 Latch-up table
2026-03-19 18:17:21 +0100: Memory Usage (466248K) : Executing rule LU.b
2026-03-19 18:17:21 +0100: Memory Usage (466248K) : Starting 5.16. Metal1 table
2026-03-19 18:17:21 +0100: Memory Usage (466248K) : Executing rule M1.a
2026-03-19 18:17:21 +0100: Memory Usage (466248K) : Executing rule M1.b
2026-03-19 18:17:22 +0100: Memory Usage (466504K) : Executing rule M1.e
2026-03-19 18:17:22 +0100: Memory Usage (466504K) : Executing rule M1.f
2026-03-19 18:17:22 +0100: Memory Usage (466504K) : Executing rule M1.g
2026-03-19 18:17:22 +0100: Memory Usage (466504K) : Executing rule M1.i
2026-03-19 18:17:22 +0100: Memory Usage (466504K) : Starting 5.17 Metaln table
2026-03-19 18:17:22 +0100: Memory Usage (466504K) : Executing rule M2.a
2026-03-19 18:17:22 +0100: Memory Usage (466504K) : Executing rule M2.b
2026-03-19 18:17:22 +0100: Memory Usage (466504K) : Executing rule M2.e
2026-03-19 18:17:22 +0100: Memory Usage (466504K) : Executing rule M2.f
2026-03-19 18:17:22 +0100: Memory Usage (466504K) : Executing rule M2.g
2026-03-19 18:17:22 +0100: Memory Usage (466504K) : Executing rule M2.i
2026-03-19 18:17:22 +0100: Memory Usage (466504K) : Executing rule M3.a
2026-03-19 18:17:22 +0100: Memory Usage (466504K) : Executing rule M3.b
2026-03-19 18:17:22 +0100: Memory Usage (466504K) : Executing rule M3.e
2026-03-19 18:17:22 +0100: Memory Usage (466504K) : Executing rule M3.f
2026-03-19 18:17:22 +0100: Memory Usage (466504K) : Executing rule M3.g
2026-03-19 18:17:22 +0100: Memory Usage (466504K) : Executing rule M3.i
2026-03-19 18:17:22 +0100: Memory Usage (466504K) : Executing rule M4.a
2026-03-19 18:17:22 +0100: Memory Usage (466504K) : Executing rule M4.b
2026-03-19 18:17:22 +0100: Memory Usage (466504K) : Executing rule M4.e
2026-03-19 18:17:22 +0100: Memory Usage (466504K) : Executing rule M4.f
2026-03-19 18:17:22 +0100: Memory Usage (466504K) : Executing rule M4.g
2026-03-19 18:17:22 +0100: Memory Usage (466504K) : Executing rule M4.i
2026-03-19 18:17:22 +0100: Memory Usage (466504K) : Executing rule M5.a
2026-03-19 18:17:22 +0100: Memory Usage (466504K) : Executing rule M5.b
2026-03-19 18:17:22 +0100: Memory Usage (466504K) : Executing rule M5.e
2026-03-19 18:17:22 +0100: Memory Usage (466504K) : Executing rule M5.f
2026-03-19 18:17:22 +0100: Memory Usage (466504K) : Executing rule M5.g
2026-03-19 18:17:22 +0100: Memory Usage (466504K) : Executing rule M5.i
2026-03-19 18:17:22 +0100: Memory Usage (466504K) : Starting 5.18 Metaln:filler table
2026-03-19 18:17:22 +0100: Memory Usage (466504K) : Executing rule M1Fil.c
2026-03-19 18:17:22 +0100: Memory Usage (466504K) : Executing rule M1Fil.a2
2026-03-19 18:17:22 +0100: Memory Usage (466504K) : Executing rule M2Fil.c
2026-03-19 18:17:22 +0100: Memory Usage (466504K) : Executing rule M2Fil.a2
2026-03-19 18:17:22 +0100: Memory Usage (466504K) : Executing rule M3Fil.c
2026-03-19 18:17:22 +0100: Memory Usage (466504K) : Executing rule M3Fil.a2
2026-03-19 18:17:22 +0100: Memory Usage (466504K) : Executing rule M4Fil.c
2026-03-19 18:17:22 +0100: Memory Usage (466504K) : Executing rule M4Fil.a2
2026-03-19 18:17:22 +0100: Memory Usage (466504K) : Executing rule M5Fil.c
2026-03-19 18:17:22 +0100: Memory Usage (466504K) : Executing rule M5Fil.a2
2026-03-19 18:17:22 +0100: Memory Usage (466504K) : Starting 5.19. Via1 table
2026-03-19 18:17:22 +0100: Memory Usage (466504K) : Starting 5.19. Via1 table derivations
2026-03-19 18:17:22 +0100: Memory Usage (466504K) : Executing rule V1.a
2026-03-19 18:17:22 +0100: Memory Usage (466504K) : Executing rule V1.b
2026-03-19 18:17:22 +0100: Memory Usage (466504K) : Executing rule V1.c
2026-03-19 18:17:22 +0100: Memory Usage (466504K) : Starting 5.20. Vian table
2026-03-19 18:17:22 +0100: Memory Usage (466504K) : Executing rule V2.a
2026-03-19 18:17:22 +0100: Memory Usage (466504K) : Executing rule V2.b
2026-03-19 18:17:22 +0100: Memory Usage (466504K) : Executing rule V2.c
2026-03-19 18:17:22 +0100: Memory Usage (466504K) : Executing rule V3.a
2026-03-19 18:17:22 +0100: Memory Usage (466504K) : Executing rule V3.b
2026-03-19 18:17:22 +0100: Memory Usage (466504K) : Executing rule V3.c
2026-03-19 18:17:22 +0100: Memory Usage (466504K) : Executing rule V4.a
2026-03-19 18:17:22 +0100: Memory Usage (466504K) : Executing rule V4.b
2026-03-19 18:17:22 +0100: Memory Usage (466504K) : Executing rule V4.c
2026-03-19 18:17:22 +0100: Memory Usage (466504K) : Starting 5.21. TopVia1 table
2026-03-19 18:17:22 +0100: Memory Usage (466504K) : Executing rule TV1.a
2026-03-19 18:17:22 +0100: Memory Usage (466504K) : Executing rule TV1.b
2026-03-19 18:17:22 +0100: Memory Usage (466504K) : Executing rule TV1.c
2026-03-19 18:17:22 +0100: Memory Usage (466504K) : Executing rule TV1.d
2026-03-19 18:17:22 +0100: Memory Usage (466504K) : Starting 5.22. TopMetal1 table
2026-03-19 18:17:22 +0100: Memory Usage (466504K) : Executing rule TM1.a
2026-03-19 18:17:22 +0100: Memory Usage (466504K) : Executing rule TM1.b
2026-03-19 18:17:22 +0100: Memory Usage (466504K) : Starting 5.23 TopMetal1:filler table
2026-03-19 18:17:22 +0100: Memory Usage (466504K) : Executing rule TM1Fil.c
2026-03-19 18:17:22 +0100: Memory Usage (466504K) : Executing rule TM1Fil.a1
2026-03-19 18:17:22 +0100: Memory Usage (466504K) : Starting 5.24. TopVia2 table
2026-03-19 18:17:22 +0100: Memory Usage (466504K) : Executing rule TV2.a
2026-03-19 18:17:22 +0100: Memory Usage (466504K) : Executing rule TV2.b
2026-03-19 18:17:22 +0100: Memory Usage (466504K) : Executing rule TV2.c
2026-03-19 18:17:22 +0100: Memory Usage (466504K) : Executing rule TV2.d
2026-03-19 18:17:22 +0100: Memory Usage (466504K) : Starting 5.25. TopMetal2 table
2026-03-19 18:17:22 +0100: Memory Usage (466504K) : Executing rule TM2.a
2026-03-19 18:17:22 +0100: Memory Usage (466504K) : Executing rule TM2.b
2026-03-19 18:17:22 +0100: Memory Usage (466504K) : Executing rule TM2.bR
2026-03-19 18:17:22 +0100: Memory Usage (466504K) : Starting 5.26 TopMetal2:filler table
2026-03-19 18:17:22 +0100: Memory Usage (466504K) : Executing rule TM2Fil.c
2026-03-19 18:17:22 +0100: Memory Usage (466504K) : Executing rule TM2Fil.a1
2026-03-19 18:17:22 +0100: Memory Usage (466504K) : Starting 5.27. Passiv table
2026-03-19 18:17:22 +0100: Memory Usage (466504K) : Executing rule Pas.a
2026-03-19 18:17:22 +0100: Memory Usage (466504K) : Executing rule Pas.b
2026-03-19 18:17:22 +0100: Memory Usage (466504K) : Executing rule Pas.c
2026-03-19 18:17:22 +0100: Memory Usage (466504K) : Starting 6.9.2 Copper Pillar table
2026-03-19 18:17:22 +0100: Memory Usage (466504K) : Executing rule Padc.a
2026-03-19 18:17:22 +0100: Memory Usage (466504K) : Executing rule Padc.b
2026-03-19 18:17:22 +0100: Memory Usage (466504K) : Executing rule Padc.c
2026-03-19 18:17:22 +0100: Memory Usage (466504K) : Executing rule Padb.f
2026-03-19 18:17:22 +0100: Memory Usage (466504K) : Starting 6.9 Pad table
2026-03-19 18:17:22 +0100: Memory Usage (466504K) : Executing rule Pad.m
2026-03-19 18:17:22 +0100: Memory Usage (466504K) : Executing rule Pad.fR_M1
2026-03-19 18:17:22 +0100: Memory Usage (466504K) : Executing rule Pad.fR_M2
2026-03-19 18:17:22 +0100: Memory Usage (466504K) : Executing rule Pad.fR_M3
2026-03-19 18:17:22 +0100: Memory Usage (466504K) : Executing rule Pad.fR_M4
2026-03-19 18:17:22 +0100: Memory Usage (466504K) : Executing rule Pad.fR_M5
2026-03-19 18:17:22 +0100: Memory Usage (466504K) : Executing rule Pad.fR_TM1
2026-03-19 18:17:22 +0100: Memory Usage (466504K) : Executing rule Pad.fR_TM2
2026-03-19 18:17:22 +0100: Memory Usage (466504K) : Executing rule Pad.i
2026-03-19 18:17:22 +0100: Memory Usage (466504K) : Starting 6.9.1 Solder Bump
2026-03-19 18:17:22 +0100: Memory Usage (466504K) : Executing rule Padb.a
2026-03-19 18:17:22 +0100: Memory Usage (466504K) : Executing rule Padb.b
2026-03-19 18:17:22 +0100: Memory Usage (466504K) : Executing rule Padb.c
2026-03-19 18:17:22 +0100: Memory Usage (466504K) : Executing rule Padb.f
2026-03-19 18:17:22 +0100: Memory Usage (466504K) : Executing rule Padb.d
2026-03-19 18:17:22 +0100: Memory Usage (466504K) : Starting 6.10 Sealring table
2026-03-19 18:17:22 +0100: Memory Usage (466504K) : Executing rule Seal.l
2026-03-19 18:17:22 +0100: Memory Usage (466504K) : Executing rule Seal.n
2026-03-19 18:17:22 +0100: Memory Usage (466504K) : Executing rule seal.b_metal1
2026-03-19 18:17:22 +0100: Memory Usage (466504K) : Executing rule seal.b_metal2
2026-03-19 18:17:22 +0100: Memory Usage (466504K) : Executing rule seal.b_metal3
2026-03-19 18:17:22 +0100: Memory Usage (466504K) : Executing rule seal.b_metal4
2026-03-19 18:17:22 +0100: Memory Usage (466504K) : Executing rule seal.b_metal5
2026-03-19 18:17:22 +0100: Memory Usage (466504K) : Executing rule seal.b_topmetal1
2026-03-19 18:17:22 +0100: Memory Usage (466504K) : Executing rule seal.b_topmetal2
2026-03-19 18:17:22 +0100: Memory Usage (466504K) : Executing rule seal.b_activ
2026-03-19 18:17:22 +0100: Memory Usage (466504K) : Executing rule seal.b_psd
2026-03-19 18:17:22 +0100: Memory Usage (466504K) : Executing rule Seal.k
2026-03-19 18:17:22 +0100: Memory Usage (466504K) : Executing rule Seal.m
2026-03-19 18:17:22 +0100: Memory Usage (466504K) : Starting 6.11 MIM table
2026-03-19 18:17:22 +0100: Memory Usage (466504K) : Executing rule MIM.c
2026-03-19 18:17:22 +0100: Memory Usage (466504K) : Executing rule MIM.d
2026-03-19 18:17:22 +0100: Memory Usage (466504K) : Executing rule MIM.gR
2026-03-19 18:17:22 +0100: Memory Usage (466504K) : Starting 7.3 Metal Slits table
2026-03-19 18:17:22 +0100: Memory Usage (466504K) : Executing rule Slt.e1_M1
2026-03-19 18:17:22 +0100: Memory Usage (466504K) : Executing rule Slt.e1_M2
2026-03-19 18:17:22 +0100: Memory Usage (466504K) : Executing rule Slt.e1_M3
2026-03-19 18:17:22 +0100: Memory Usage (466504K) : Executing rule Slt.e1_M4
2026-03-19 18:17:22 +0100: Memory Usage (466504K) : Executing rule Slt.e1_M5
2026-03-19 18:17:22 +0100: Memory Usage (466504K) : Executing rule Slt.e1_TM1
2026-03-19 18:17:22 +0100: Memory Usage (466504K) : Executing rule Slt.e1_TM2
2026-03-19 18:17:22 +0100: Memory Usage (466504K) : Starting 9.1. LBE table
2026-03-19 18:17:22 +0100: Memory Usage (466504K) : Executing rule LBE.a
2026-03-19 18:17:22 +0100: Memory Usage (466504K) : Executing rule LBE.b
2026-03-19 18:17:22 +0100: Memory Usage (466504K) : Executing rule LBE.b1
2026-03-19 18:17:22 +0100: Memory Usage (466504K) : Executing rule LBE.c
2026-03-19 18:17:22 +0100: Memory Usage (466504K) : Executing rule LBE.d
2026-03-19 18:17:22 +0100: Memory Usage (466504K) : Executing rule LBE.h
2026-03-19 18:17:22 +0100: Memory Usage (466504K) : Starting 7.4. PIN table
2026-03-19 18:17:22 +0100: Memory Usage (466504K) : Executing rule Pin.a
2026-03-19 18:17:22 +0100: Memory Usage (466504K) : Executing rule Pin.b
2026-03-19 18:17:22 +0100: Memory Usage (466504K) : Executing rule Pin.e
2026-03-19 18:17:22 +0100: Memory Usage (466504K) : Executing rule Pin.f_M2
2026-03-19 18:17:22 +0100: Memory Usage (466504K) : Executing rule Pin.f_M3
2026-03-19 18:17:22 +0100: Memory Usage (466504K) : Executing rule Pin.f_M4
2026-03-19 18:17:22 +0100: Memory Usage (466504K) : Executing rule Pin.f_M5
2026-03-19 18:17:22 +0100: Memory Usage (466504K) : Executing rule Pin.g
2026-03-19 18:17:22 +0100: Memory Usage (466504K) : Executing rule Pin.h
2026-03-19 18:17:22 +0100: Memory Usage (466504K) : Starting 3.2. FORBIDDEN table
2026-03-19 18:17:22 +0100: Memory Usage (466504K) : Executing rule forbidden.biwind
2026-03-19 18:17:22 +0100: Memory Usage (466504K) : Executing rule forbidden.pemwind
2026-03-19 18:17:22 +0100: Memory Usage (466504K) : Executing rule forbidden.baspoly
2026-03-19 18:17:22 +0100: Memory Usage (466504K) : Executing rule forbidden.deepco
2026-03-19 18:17:22 +0100: Memory Usage (466504K) : Executing rule forbidden.pempoly
2026-03-19 18:17:22 +0100: Memory Usage (466504K) : Executing rule forbidden.empoly
2026-03-19 18:17:22 +0100: Memory Usage (466504K) : Executing rule forbidden.ldmos
2026-03-19 18:17:22 +0100: Memory Usage (466504K) : Executing rule forbidden.pbiwind
2026-03-19 18:17:22 +0100: Memory Usage (466504K) : Executing rule forbidden.nodrc
2026-03-19 18:17:22 +0100: Memory Usage (466504K) : Executing rule forbidden.flash
2026-03-19 18:17:22 +0100: Memory Usage (466504K) : Executing rule forbidden.colwind
2026-03-19 18:17:22 +0100: Memory Usage (466504K) : KLayout DRC run for tables 'main' completed in 1.07 seconds
