# Logfile created on 2026-03-16 18:08:33 +0100 by logger.rb/v1.5.3
2026-03-16 18:08:33 +0100: Memory Usage (436448K) : Starting running IHP-SG13G2 KLayout DRC runset on /foss/designs/adex_neuron/ttihp26a-adex-neuron-ncs/gds/tt_um_adex_neuron_ncs.gds
2026-03-16 18:08:33 +0100: Memory Usage (436448K) : Ruby Version for klayout: 3.2.3
2026-03-16 18:08:33 +0100: Memory Usage (437728K) : Loading database to memory is complete.
2026-03-16 18:08:33 +0100: Memory Usage (437728K) : IHP-SG13G2 KLayout DRC runset output at: /foss/designs/adex_neuron/ttihp26a-adex-neuron-ncs/klayout/drc_run_tt_um_adex_neuron_ncs/tt_um_adex_neuron_ncs_tt_um_adex_neuron_ncs_main.lyrdb
2026-03-16 18:08:33 +0100: Memory Usage (437984K) : Evaluate switches.
2026-03-16 18:08:33 +0100: Memory Usage (437984K) : tables selected: main
2026-03-16 18:08:33 +0100: Memory Usage (437984K) : KLayout will use 1 thread(s) in tiling mode.
2026-03-16 18:08:33 +0100: Memory Usage (437984K) : deep mode is enabled.
2026-03-16 18:08:33 +0100: Memory Usage (437984K) : FEOL enabled: true
2026-03-16 18:08:33 +0100: Memory Usage (437984K) : BEOL enabled: true
2026-03-16 18:08:33 +0100: Memory Usage (437984K) : OFFGRID enabled: true
2026-03-16 18:08:33 +0100: Memory Usage (437984K) : PIN enabled: true
2026-03-16 18:08:33 +0100: Memory Usage (437984K) : FORBIDDEN enabled: true
2026-03-16 18:08:33 +0100: Memory Usage (437984K) : RECOMMENDED enabled: true
2026-03-16 18:08:33 +0100: Memory Usage (437984K) : PreCheck DRC enabled: false
2026-03-16 18:08:33 +0100: Memory Usage (437984K) : CONNECTIVITY_RULES enabled: true.
2026-03-16 18:08:33 +0100: Memory Usage (437984K) : Read in polygons from layers.
2026-03-16 18:08:33 +0100: Memory Usage (439264K) : activ_drw has 432 polygons
2026-03-16 18:08:33 +0100: Memory Usage (439264K) : activ_pin has 0 polygons
2026-03-16 18:08:33 +0100: Memory Usage (439264K) : activ_mask has 0 polygons
2026-03-16 18:08:33 +0100: Memory Usage (439264K) : activ_filler has 0 polygons
2026-03-16 18:08:33 +0100: Memory Usage (439264K) : activ_nofill has 0 polygons
2026-03-16 18:08:33 +0100: Memory Usage (439264K) : activ_opc has 0 polygons
2026-03-16 18:08:33 +0100: Memory Usage (439264K) : activ_iopc has 0 polygons
2026-03-16 18:08:33 +0100: Memory Usage (439264K) : activ_noqrc has 0 polygons
2026-03-16 18:08:33 +0100: Memory Usage (439264K) : biwind_drw has 0 polygons
2026-03-16 18:08:33 +0100: Memory Usage (439264K) : biwind_opc has 0 polygons
2026-03-16 18:08:33 +0100: Memory Usage (439264K) : pemwind_drw has 0 polygons
2026-03-16 18:08:33 +0100: Memory Usage (439264K) : gatpoly_drw has 284 polygons
2026-03-16 18:08:33 +0100: Memory Usage (439264K) : gatpoly_pin has 40 polygons
2026-03-16 18:08:33 +0100: Memory Usage (439264K) : gatpoly_filler has 0 polygons
2026-03-16 18:08:33 +0100: Memory Usage (439264K) : gatpoly_nofill has 0 polygons
2026-03-16 18:08:33 +0100: Memory Usage (439264K) : gatpoly_opc has 0 polygons
2026-03-16 18:08:33 +0100: Memory Usage (439264K) : gatpoly_iopc has 0 polygons
2026-03-16 18:08:33 +0100: Memory Usage (439264K) : gatpoly_noqrc has 0 polygons
2026-03-16 18:08:33 +0100: Memory Usage (439264K) : cont_drw has 1456 polygons
2026-03-16 18:08:33 +0100: Memory Usage (439264K) : cont_opc has 0 polygons
2026-03-16 18:08:33 +0100: Memory Usage (439264K) : nsd_drw has 0 polygons
2026-03-16 18:08:33 +0100: Memory Usage (439264K) : nsd_block has 0 polygons
2026-03-16 18:08:33 +0100: Memory Usage (439520K) : metal1_drw has 1022 polygons
2026-03-16 18:08:33 +0100: Memory Usage (440032K) : metal1_pin has 86 polygons
2026-03-16 18:08:33 +0100: Memory Usage (440032K) : metal1_mask has 0 polygons
2026-03-16 18:08:33 +0100: Memory Usage (440032K) : metal1_filler has 0 polygons
2026-03-16 18:08:33 +0100: Memory Usage (440032K) : metal1_nofill has 0 polygons
2026-03-16 18:08:33 +0100: Memory Usage (440032K) : metal1_slit has 0 polygons
2026-03-16 18:08:33 +0100: Memory Usage (440032K) : metal1_text has 0 polygons
2026-03-16 18:08:33 +0100: Memory Usage (440032K) : metal1_opc has 0 polygons
2026-03-16 18:08:33 +0100: Memory Usage (440032K) : metal1_noqrc has 0 polygons
2026-03-16 18:08:33 +0100: Memory Usage (440288K) : metal1_res has 0 polygons
2026-03-16 18:08:33 +0100: Memory Usage (440288K) : metal1_iprobe has 0 polygons
2026-03-16 18:08:33 +0100: Memory Usage (440288K) : metal1_diffprb has 0 polygons
2026-03-16 18:08:33 +0100: Memory Usage (440288K) : passiv_drw has 0 polygons
2026-03-16 18:08:33 +0100: Memory Usage (440288K) : passiv_pin has 0 polygons
2026-03-16 18:08:33 +0100: Memory Usage (440544K) : passiv_sbump has 0 polygons
2026-03-16 18:08:33 +0100: Memory Usage (440544K) : passiv_pillar has 0 polygons
2026-03-16 18:08:33 +0100: Memory Usage (440544K) : passiv_pdl has 0 polygons
2026-03-16 18:08:33 +0100: Memory Usage (440544K) : metal2_drw has 571 polygons
2026-03-16 18:08:33 +0100: Memory Usage (440544K) : metal2_pin has 3 polygons
2026-03-16 18:08:33 +0100: Memory Usage (440800K) : metal2_mask has 0 polygons
2026-03-16 18:08:33 +0100: Memory Usage (440800K) : metal2_filler has 0 polygons
2026-03-16 18:08:33 +0100: Memory Usage (440800K) : metal2_nofill has 0 polygons
2026-03-16 18:08:33 +0100: Memory Usage (440800K) : metal2_slit has 0 polygons
2026-03-16 18:08:33 +0100: Memory Usage (441056K) : metal2_text has 3 polygons
2026-03-16 18:08:33 +0100: Memory Usage (441056K) : metal2_opc has 0 polygons
2026-03-16 18:08:33 +0100: Memory Usage (441056K) : metal2_noqrc has 0 polygons
2026-03-16 18:08:33 +0100: Memory Usage (441056K) : metal2_res has 0 polygons
2026-03-16 18:08:33 +0100: Memory Usage (441312K) : metal2_iprobe has 0 polygons
2026-03-16 18:08:33 +0100: Memory Usage (441312K) : metal2_diffprb has 0 polygons
2026-03-16 18:08:33 +0100: Memory Usage (441312K) : baspoly_drw has 0 polygons
2026-03-16 18:08:33 +0100: Memory Usage (441312K) : baspoly_pin has 0 polygons
2026-03-16 18:08:33 +0100: Memory Usage (441568K) : psd_drw has 41 polygons
2026-03-16 18:08:33 +0100: Memory Usage (441568K) : nldb_drw has 0 polygons
2026-03-16 18:08:33 +0100: Memory Usage (441568K) : digibnd_drw has 0 polygons
2026-03-16 18:08:33 +0100: Memory Usage (441568K) : via1_drw has 470 polygons
2026-03-16 18:08:33 +0100: Memory Usage (441568K) : backmetal1_drw has 0 polygons
2026-03-16 18:08:33 +0100: Memory Usage (441824K) : backmetal1_pin has 0 polygons
2026-03-16 18:08:33 +0100: Memory Usage (441824K) : backmetal1_mask has 0 polygons
2026-03-16 18:08:33 +0100: Memory Usage (441824K) : backmetal1_filler has 0 polygons
2026-03-16 18:08:33 +0100: Memory Usage (441824K) : backmetal1_nofill has 0 polygons
2026-03-16 18:08:33 +0100: Memory Usage (442080K) : backmetal1_slit has 0 polygons
2026-03-16 18:08:33 +0100: Memory Usage (442080K) : backmetal1_text has 0 polygons
2026-03-16 18:08:33 +0100: Memory Usage (442080K) : backmetal1_opc has 0 polygons
2026-03-16 18:08:33 +0100: Memory Usage (442080K) : backmetal1_noqrc has 0 polygons
2026-03-16 18:08:33 +0100: Memory Usage (442080K) : backmetal1_res has 0 polygons
2026-03-16 18:08:33 +0100: Memory Usage (442336K) : backmetal1_iprobe has 0 polygons
2026-03-16 18:08:33 +0100: Memory Usage (442336K) : backmetal1_diffprb has 0 polygons
2026-03-16 18:08:33 +0100: Memory Usage (442336K) : backpassiv_drw has 0 polygons
2026-03-16 18:08:33 +0100: Memory Usage (442336K) : res_drw has 0 polygons
2026-03-16 18:08:33 +0100: Memory Usage (442336K) : sram_drw has 0 polygons
2026-03-16 18:08:33 +0100: Memory Usage (442592K) : trans_drw has 0 polygons
2026-03-16 18:08:33 +0100: Memory Usage (442592K) : ind_drw has 0 polygons
2026-03-16 18:08:33 +0100: Memory Usage (442592K) : ind_pin has 0 polygons
2026-03-16 18:08:33 +0100: Memory Usage (442848K) : ind_text has 0 polygons
2026-03-16 18:08:33 +0100: Memory Usage (442848K) : salblock_drw has 0 polygons
2026-03-16 18:08:33 +0100: Memory Usage (442848K) : via2_drw has 134 polygons
2026-03-16 18:08:33 +0100: Memory Usage (442848K) : metal3_drw has 83 polygons
2026-03-16 18:08:33 +0100: Memory Usage (443104K) : metal3_pin has 6 polygons
2026-03-16 18:08:33 +0100: Memory Usage (443104K) : metal3_mask has 0 polygons
2026-03-16 18:08:33 +0100: Memory Usage (443104K) : metal3_filler has 0 polygons
2026-03-16 18:08:33 +0100: Memory Usage (443104K) : metal3_nofill has 0 polygons
2026-03-16 18:08:33 +0100: Memory Usage (443360K) : metal3_slit has 0 polygons
2026-03-16 18:08:33 +0100: Memory Usage (443360K) : metal3_text has 6 polygons
2026-03-16 18:08:33 +0100: Memory Usage (443360K) : metal3_opc has 0 polygons
2026-03-16 18:08:33 +0100: Memory Usage (443360K) : metal3_noqrc has 0 polygons
2026-03-16 18:08:33 +0100: Memory Usage (443360K) : metal3_res has 0 polygons
2026-03-16 18:08:33 +0100: Memory Usage (443616K) : metal3_iprobe has 0 polygons
2026-03-16 18:08:33 +0100: Memory Usage (443616K) : metal3_diffprb has 0 polygons
2026-03-16 18:08:33 +0100: Memory Usage (443616K) : nwell_drw has 35 polygons
2026-03-16 18:08:33 +0100: Memory Usage (443616K) : nwell_pin has 3 polygons
2026-03-16 18:08:33 +0100: Memory Usage (443872K) : nbulay_drw has 6 polygons
2026-03-16 18:08:33 +0100: Memory Usage (443872K) : nbulay_pin has 0 polygons
2026-03-16 18:08:33 +0100: Memory Usage (443872K) : nbulay_block has 0 polygons
2026-03-16 18:08:33 +0100: Memory Usage (443872K) : emwind_drw has 0 polygons
2026-03-16 18:08:33 +0100: Memory Usage (444128K) : emwind_opc has 0 polygons
2026-03-16 18:08:33 +0100: Memory Usage (444128K) : deepco_drw has 0 polygons
2026-03-16 18:08:33 +0100: Memory Usage (444128K) : deepco_drw has 0 polygons
2026-03-16 18:08:33 +0100: Memory Usage (444128K) : mim_drw has 0 polygons
2026-03-16 18:08:33 +0100: Memory Usage (444384K) : edgeseal_drw has 0 polygons
2026-03-16 18:08:33 +0100: Memory Usage (444384K) : edgeseal_bound has 0 polygons
2026-03-16 18:08:33 +0100: Memory Usage (444384K) : substrate_drw has 33 polygons
2026-03-16 18:08:33 +0100: Memory Usage (444640K) : substrate_text has 0 polygons
2026-03-16 18:08:33 +0100: Memory Usage (444640K) : dfpad_drw has 0 polygons
2026-03-16 18:08:33 +0100: Memory Usage (444640K) : dfpad_pillar has 0 polygons
2026-03-16 18:08:33 +0100: Memory Usage (444640K) : dfpad_sbump has 0 polygons
2026-03-16 18:08:33 +0100: Memory Usage (444640K) : thickgateox_drw has 41 polygons
2026-03-16 18:08:33 +0100: Memory Usage (444896K) : pldb_drw has 0 polygons
2026-03-16 18:08:33 +0100: Memory Usage (444896K) : pwell_drw has 2 polygons
2026-03-16 18:08:33 +0100: Memory Usage (444896K) : pwell_pin has 0 polygons
2026-03-16 18:08:33 +0100: Memory Usage (444896K) : pwell_block has 0 polygons
2026-03-16 18:08:33 +0100: Memory Usage (445152K) : ic_drw has 0 polygons
2026-03-16 18:08:33 +0100: Memory Usage (445152K) : via3_drw has 8 polygons
2026-03-16 18:08:33 +0100: Memory Usage (445152K) : metal4_drw has 46 polygons
2026-03-16 18:08:33 +0100: Memory Usage (445152K) : metal4_pin has 44 polygons
2026-03-16 18:08:33 +0100: Memory Usage (445408K) : metal4_mask has 0 polygons
2026-03-16 18:08:33 +0100: Memory Usage (445408K) : metal4_filler has 0 polygons
2026-03-16 18:08:33 +0100: Memory Usage (445408K) : metal4_nofill has 0 polygons
2026-03-16 18:08:33 +0100: Memory Usage (445408K) : metal4_slit has 0 polygons
2026-03-16 18:08:33 +0100: Memory Usage (445664K) : metal4_text has 44 polygons
2026-03-16 18:08:33 +0100: Memory Usage (445664K) : metal4_opc has 0 polygons
2026-03-16 18:08:33 +0100: Memory Usage (445664K) : metal4_noqrc has 0 polygons
2026-03-16 18:08:33 +0100: Memory Usage (445664K) : metal4_res has 0 polygons
2026-03-16 18:08:33 +0100: Memory Usage (445664K) : metal4_iprobe has 0 polygons
2026-03-16 18:08:33 +0100: Memory Usage (445920K) : metal4_diffprb has 0 polygons
2026-03-16 18:08:33 +0100: Memory Usage (445920K) : heattrans_drw has 0 polygons
2026-03-16 18:08:33 +0100: Memory Usage (445920K) : heatres_drw has 0 polygons
2026-03-16 18:08:33 +0100: Memory Usage (445920K) : pempoly_drw has 0 polygons
2026-03-16 18:08:33 +0100: Memory Usage (446176K) : fbe_drw has 0 polygons
2026-03-16 18:08:33 +0100: Memory Usage (446176K) : empoly_drw has 0 polygons
2026-03-16 18:08:33 +0100: Memory Usage (446176K) : ldmos_drw has 0 polygons
2026-03-16 18:08:33 +0100: Memory Usage (446432K) : pbiwind_drw has 0 polygons
2026-03-16 18:08:33 +0100: Memory Usage (446432K) : digisub_drw has 0 polygons
2026-03-16 18:08:33 +0100: Memory Usage (446432K) : nodrc_drw has 0 polygons
2026-03-16 18:08:33 +0100: Memory Usage (446432K) : text_drw has 44 polygons
2026-03-16 18:08:33 +0100: Memory Usage (446432K) : via4_drw has 0 polygons
2026-03-16 18:08:33 +0100: Memory Usage (446688K) : metal5_drw has 13 polygons
2026-03-16 18:08:33 +0100: Memory Usage (446688K) : metal5_pin has 0 polygons
2026-03-16 18:08:33 +0100: Memory Usage (446688K) : metal5_mask has 0 polygons
2026-03-16 18:08:33 +0100: Memory Usage (446688K) : metal5_filler has 0 polygons
2026-03-16 18:08:33 +0100: Memory Usage (446944K) : metal5_nofill has 0 polygons
2026-03-16 18:08:33 +0100: Memory Usage (446944K) : metal5_slit has 0 polygons
2026-03-16 18:08:33 +0100: Memory Usage (446944K) : metal5_text has 0 polygons
2026-03-16 18:08:33 +0100: Memory Usage (446944K) : metal5_opc has 0 polygons
2026-03-16 18:08:33 +0100: Memory Usage (446944K) : metal5_noqrc has 0 polygons
2026-03-16 18:08:33 +0100: Memory Usage (447200K) : metal5_res has 0 polygons
2026-03-16 18:08:33 +0100: Memory Usage (447200K) : metal5_iprobe has 0 polygons
2026-03-16 18:08:33 +0100: Memory Usage (447200K) : metal5_diffprb has 0 polygons
2026-03-16 18:08:33 +0100: Memory Usage (447200K) : radhard_drw has 0 polygons
2026-03-16 18:08:33 +0100: Memory Usage (447456K) : memcap_drw has 0 polygons
2026-03-16 18:08:33 +0100: Memory Usage (447456K) : varicap_drw has 0 polygons
2026-03-16 18:08:33 +0100: Memory Usage (447456K) : flash_drw has 0 polygons
2026-03-16 18:08:33 +0100: Memory Usage (447712K) : intbondvia_drw has 0 polygons
2026-03-16 18:08:34 +0100: Memory Usage (447712K) : intbondmet_drw has 0 polygons
2026-03-16 18:08:34 +0100: Memory Usage (447712K) : devbondvia_drw has 0 polygons
2026-03-16 18:08:34 +0100: Memory Usage (447712K) : devbondmet_drw has 0 polygons
2026-03-16 18:08:34 +0100: Memory Usage (447712K) : devtrench_drw has 0 polygons
2026-03-16 18:08:34 +0100: Memory Usage (447968K) : redist_drw has 0 polygons
2026-03-16 18:08:34 +0100: Memory Usage (447968K) : graphbot_drw has 0 polygons
2026-03-16 18:08:34 +0100: Memory Usage (447968K) : graphtop_drw has 0 polygons
2026-03-16 18:08:34 +0100: Memory Usage (447968K) : antvia1_drw has 0 polygons
2026-03-16 18:08:34 +0100: Memory Usage (447968K) : antmetal2_drw has 0 polygons
2026-03-16 18:08:34 +0100: Memory Usage (448224K) : graphcont_drw has 0 polygons
2026-03-16 18:08:34 +0100: Memory Usage (448224K) : siwg_drw has 0 polygons
2026-03-16 18:08:34 +0100: Memory Usage (448224K) : siwg_filler has 0 polygons
2026-03-16 18:08:34 +0100: Memory Usage (448224K) : siwg_nofill has 0 polygons
2026-03-16 18:08:34 +0100: Memory Usage (448480K) : sigrating_drw has 0 polygons
2026-03-16 18:08:34 +0100: Memory Usage (448480K) : singrating_drw has 0 polygons
2026-03-16 18:08:34 +0100: Memory Usage (448480K) : graphpas_drw has 0 polygons
2026-03-16 18:08:34 +0100: Memory Usage (448480K) : emwind3_drw has 0 polygons
2026-03-16 18:08:34 +0100: Memory Usage (448736K) : emwihv3_drw has 0 polygons
2026-03-16 18:08:34 +0100: Memory Usage (448736K) : redbulay_drw has 0 polygons
2026-03-16 18:08:34 +0100: Memory Usage (448736K) : smos_drw has 0 polygons
2026-03-16 18:08:34 +0100: Memory Usage (448736K) : graphpad_drw has 0 polygons
2026-03-16 18:08:34 +0100: Memory Usage (448992K) : polimide_drw has 0 polygons
2026-03-16 18:08:34 +0100: Memory Usage (448992K) : polimide_pin has 0 polygons
2026-03-16 18:08:34 +0100: Memory Usage (448992K) : recog_drw has 0 polygons
2026-03-16 18:08:34 +0100: Memory Usage (448992K) : recog_pin has 0 polygons
2026-03-16 18:08:34 +0100: Memory Usage (449248K) : recog_esd has 0 polygons
2026-03-16 18:08:34 +0100: Memory Usage (449248K) : recog_diode has 0 polygons
2026-03-16 18:08:34 +0100: Memory Usage (449248K) : recog_tsv has 0 polygons
2026-03-16 18:08:34 +0100: Memory Usage (449248K) : recog_iprobe has 0 polygons
2026-03-16 18:08:34 +0100: Memory Usage (449504K) : recog_diffprb has 0 polygons
2026-03-16 18:08:34 +0100: Memory Usage (449504K) : recog_pillar has 0 polygons
2026-03-16 18:08:34 +0100: Memory Usage (449504K) : recog_sbump has 0 polygons
2026-03-16 18:08:34 +0100: Memory Usage (449504K) : recog_otp has 0 polygons
2026-03-16 18:08:34 +0100: Memory Usage (449504K) : recog_pdiode has 0 polygons
2026-03-16 18:08:34 +0100: Memory Usage (449760K) : recog_mom has 0 polygons
2026-03-16 18:08:34 +0100: Memory Usage (449760K) : recog_pcm has 0 polygons
2026-03-16 18:08:34 +0100: Memory Usage (449760K) : colopen_drw has 0 polygons
2026-03-16 18:08:34 +0100: Memory Usage (449760K) : graphmetal1_drw has 0 polygons
2026-03-16 18:08:34 +0100: Memory Usage (449760K) : graphmetal1_filler has 0 polygons
2026-03-16 18:08:34 +0100: Memory Usage (449760K) : graphmetal1_nofill has 0 polygons
2026-03-16 18:08:34 +0100: Memory Usage (449760K) : graphmetal1_slit has 0 polygons
2026-03-16 18:08:34 +0100: Memory Usage (450016K) : graphmetal1_opc has 0 polygons
2026-03-16 18:08:34 +0100: Memory Usage (450016K) : graphmet1l_drw has 0 polygons
2026-03-16 18:08:34 +0100: Memory Usage (450016K) : graphmet1l_filler has 0 polygons
2026-03-16 18:08:34 +0100: Memory Usage (450016K) : graphmet1l_nofill has 0 polygons
2026-03-16 18:08:34 +0100: Memory Usage (450016K) : graphmet1l_slit has 0 polygons
2026-03-16 18:08:34 +0100: Memory Usage (450016K) : graphmet1l_opc has 0 polygons
2026-03-16 18:08:34 +0100: Memory Usage (450272K) : extblock_drw has 0 polygons
2026-03-16 18:08:34 +0100: Memory Usage (450272K) : nldd_drw has 0 polygons
2026-03-16 18:08:34 +0100: Memory Usage (450272K) : pldd_drw has 0 polygons
2026-03-16 18:08:34 +0100: Memory Usage (450272K) : next_drw has 0 polygons
2026-03-16 18:08:34 +0100: Memory Usage (450272K) : pext_drw has 0 polygons
2026-03-16 18:08:34 +0100: Memory Usage (450272K) : nexthv_drw has 0 polygons
2026-03-16 18:08:34 +0100: Memory Usage (450528K) : pexthv_drw has 0 polygons
2026-03-16 18:08:34 +0100: Memory Usage (450528K) : graphgate_drw has 0 polygons
2026-03-16 18:08:34 +0100: Memory Usage (450528K) : sinwg_drw has 0 polygons
2026-03-16 18:08:34 +0100: Memory Usage (450528K) : sinwg_filler has 0 polygons
2026-03-16 18:08:34 +0100: Memory Usage (450528K) : sinwg_nofill has 0 polygons
2026-03-16 18:08:34 +0100: Memory Usage (450784K) : mempad_drw has 0 polygons
2026-03-16 18:08:34 +0100: Memory Usage (450784K) : topvia1_drw has 6 polygons
2026-03-16 18:08:34 +0100: Memory Usage (450784K) : topmetal1_drw has 11 polygons
2026-03-16 18:08:34 +0100: Memory Usage (450784K) : topmetal1_pin has 10 polygons
2026-03-16 18:08:34 +0100: Memory Usage (451040K) : topmetal1_mask has 0 polygons
2026-03-16 18:08:34 +0100: Memory Usage (451040K) : topmetal1_filler has 0 polygons
2026-03-16 18:08:34 +0100: Memory Usage (451040K) : topmetal1_nofill has 0 polygons
2026-03-16 18:08:34 +0100: Memory Usage (451040K) : topmetal1_slit has 0 polygons
2026-03-16 18:08:34 +0100: Memory Usage (451040K) : topmetal1_text has 10 polygons
2026-03-16 18:08:34 +0100: Memory Usage (451040K) : topmetal1_noqrc has 0 polygons
2026-03-16 18:08:34 +0100: Memory Usage (451040K) : topmetal1_res has 0 polygons
2026-03-16 18:08:34 +0100: Memory Usage (451296K) : topmetal1_iprobe has 0 polygons
2026-03-16 18:08:34 +0100: Memory Usage (451296K) : topmetal1_diffprb has 0 polygons
2026-03-16 18:08:34 +0100: Memory Usage (451296K) : inldpwl_drw has 0 polygons
2026-03-16 18:08:34 +0100: Memory Usage (451296K) : polyres_drw has 0 polygons
2026-03-16 18:08:34 +0100: Memory Usage (451296K) : polyres_pin has 0 polygons
2026-03-16 18:08:34 +0100: Memory Usage (451296K) : vmim_drw has 0 polygons
2026-03-16 18:08:34 +0100: Memory Usage (451552K) : nbulaycut_drw has 0 polygons
2026-03-16 18:08:34 +0100: Memory Usage (451552K) : antmetal1_drw has 0 polygons
2026-03-16 18:08:34 +0100: Memory Usage (451552K) : topvia2_drw has 0 polygons
2026-03-16 18:08:34 +0100: Memory Usage (451552K) : topmetal2_drw has 0 polygons
2026-03-16 18:08:34 +0100: Memory Usage (451552K) : topmetal2_pin has 0 polygons
2026-03-16 18:08:34 +0100: Memory Usage (451808K) : topmetal2_mask has 0 polygons
2026-03-16 18:08:34 +0100: Memory Usage (451808K) : topmetal2_filler has 0 polygons
2026-03-16 18:08:34 +0100: Memory Usage (451808K) : topmetal2_nofill has 0 polygons
2026-03-16 18:08:34 +0100: Memory Usage (451808K) : topmetal2_slit has 0 polygons
2026-03-16 18:08:34 +0100: Memory Usage (452064K) : topmetal2_text has 0 polygons
2026-03-16 18:08:34 +0100: Memory Usage (452064K) : topmetal2_noqrc has 0 polygons
2026-03-16 18:08:34 +0100: Memory Usage (452064K) : topmetal2_res has 0 polygons
2026-03-16 18:08:34 +0100: Memory Usage (452064K) : topmetal2_iprobe has 0 polygons
2026-03-16 18:08:34 +0100: Memory Usage (452064K) : topmetal2_diffprb has 0 polygons
2026-03-16 18:08:34 +0100: Memory Usage (452320K) : snsring_drw has 0 polygons
2026-03-16 18:08:34 +0100: Memory Usage (452320K) : sensor_drw has 0 polygons
2026-03-16 18:08:34 +0100: Memory Usage (452320K) : snsarms_drw has 0 polygons
2026-03-16 18:08:34 +0100: Memory Usage (452320K) : snscmosvia_drw has 0 polygons
2026-03-16 18:08:34 +0100: Memory Usage (452320K) : colwind_drw has 0 polygons
2026-03-16 18:08:34 +0100: Memory Usage (452576K) : flm_drw has 0 polygons
2026-03-16 18:08:34 +0100: Memory Usage (452576K) : hafniumox_drw has 0 polygons
2026-03-16 18:08:34 +0100: Memory Usage (452576K) : memvia_drw has 0 polygons
2026-03-16 18:08:34 +0100: Memory Usage (452576K) : thinfilmres_drw has 0 polygons
2026-03-16 18:08:34 +0100: Memory Usage (452576K) : rfmem_drw has 0 polygons
2026-03-16 18:08:34 +0100: Memory Usage (452832K) : norcx_drw has 0 polygons
2026-03-16 18:08:34 +0100: Memory Usage (452832K) : norcx_m2m3 has 0 polygons
2026-03-16 18:08:34 +0100: Memory Usage (452832K) : norcx_m2m4 has 0 polygons
2026-03-16 18:08:34 +0100: Memory Usage (452832K) : norcx_m2m5 has 0 polygons
2026-03-16 18:08:34 +0100: Memory Usage (453088K) : norcx_m2tm1 has 0 polygons
2026-03-16 18:08:34 +0100: Memory Usage (453088K) : norcx_m2tm2 has 0 polygons
2026-03-16 18:08:34 +0100: Memory Usage (453088K) : norcx_m3m4 has 0 polygons
2026-03-16 18:08:34 +0100: Memory Usage (453088K) : norcx_m3m5 has 0 polygons
2026-03-16 18:08:34 +0100: Memory Usage (453088K) : norcx_m3tm1 has 0 polygons
2026-03-16 18:08:34 +0100: Memory Usage (453344K) : norcx_m3tm2 has 0 polygons
2026-03-16 18:08:34 +0100: Memory Usage (453344K) : norcx_m4m5 has 0 polygons
2026-03-16 18:08:34 +0100: Memory Usage (453344K) : norcx_m4tm1 has 0 polygons
2026-03-16 18:08:34 +0100: Memory Usage (453344K) : norcx_m4tm2 has 0 polygons
2026-03-16 18:08:34 +0100: Memory Usage (453344K) : norcx_m5tm1 has 0 polygons
2026-03-16 18:08:34 +0100: Memory Usage (453344K) : norcx_m5tm2 has 0 polygons
2026-03-16 18:08:34 +0100: Memory Usage (453344K) : norcx_tm1tm2 has 0 polygons
2026-03-16 18:08:34 +0100: Memory Usage (453600K) : norcx_m1sub has 0 polygons
2026-03-16 18:08:34 +0100: Memory Usage (453600K) : norcx_m2sub has 0 polygons
2026-03-16 18:08:34 +0100: Memory Usage (453600K) : norcx_m3sub has 0 polygons
2026-03-16 18:08:34 +0100: Memory Usage (453600K) : norcx_m4sub has 0 polygons
2026-03-16 18:08:34 +0100: Memory Usage (453600K) : norcx_m5sub has 0 polygons
2026-03-16 18:08:34 +0100: Memory Usage (453600K) : norcx_tm1sub has 0 polygons
2026-03-16 18:08:34 +0100: Memory Usage (453600K) : norcx_tm2sub has 0 polygons
2026-03-16 18:08:34 +0100: Memory Usage (453856K) : snsbotvia_drw has 0 polygons
2026-03-16 18:08:34 +0100: Memory Usage (453856K) : snstopvia_drw has 0 polygons
2026-03-16 18:08:34 +0100: Memory Usage (453856K) : deepvia_drw has 0 polygons
2026-03-16 18:08:34 +0100: Memory Usage (453856K) : fgetch_drw has 0 polygons
2026-03-16 18:08:34 +0100: Memory Usage (453856K) : ctrgat_drw has 0 polygons
2026-03-16 18:08:34 +0100: Memory Usage (453856K) : fgimp_drw has 0 polygons
2026-03-16 18:08:34 +0100: Memory Usage (453856K) : emwihv_drw has 0 polygons
2026-03-16 18:08:34 +0100: Memory Usage (454112K) : lbe_drw has 0 polygons
2026-03-16 18:08:34 +0100: Memory Usage (454112K) : alcustop_drw has 0 polygons
2026-03-16 18:08:34 +0100: Memory Usage (454112K) : nometfiller_drw has 0 polygons
2026-03-16 18:08:34 +0100: Memory Usage (454112K) : prboundary_drw has 0 polygons
2026-03-16 18:08:34 +0100: Memory Usage (454112K) : exchange0_drw has 0 polygons
2026-03-16 18:08:34 +0100: Memory Usage (454112K) : exchange0_pin has 0 polygons
2026-03-16 18:08:34 +0100: Memory Usage (454112K) : exchange0_text has 0 polygons
2026-03-16 18:08:34 +0100: Memory Usage (454368K) : exchange1_drw has 0 polygons
2026-03-16 18:08:34 +0100: Memory Usage (454368K) : exchange1_pin has 0 polygons
2026-03-16 18:08:34 +0100: Memory Usage (454368K) : exchange1_text has 0 polygons
2026-03-16 18:08:34 +0100: Memory Usage (454368K) : exchange2_drw has 0 polygons
2026-03-16 18:08:34 +0100: Memory Usage (454368K) : exchange2_pin has 0 polygons
2026-03-16 18:08:34 +0100: Memory Usage (454368K) : exchange2_text has 0 polygons
2026-03-16 18:08:34 +0100: Memory Usage (454624K) : exchange3_drw has 0 polygons
2026-03-16 18:08:34 +0100: Memory Usage (454624K) : exchange3_pin has 0 polygons
2026-03-16 18:08:34 +0100: Memory Usage (454624K) : exchange3_text has 0 polygons
2026-03-16 18:08:34 +0100: Memory Usage (454624K) : exchange4_drw has 0 polygons
2026-03-16 18:08:34 +0100: Memory Usage (454624K) : exchange4_pin has 0 polygons
2026-03-16 18:08:34 +0100: Memory Usage (454624K) : exchange4_text has 0 polygons
2026-03-16 18:08:34 +0100: Memory Usage (454880K) : isonwell_drw has 0 polygons
2026-03-16 18:08:34 +0100: Memory Usage (454880K) : Total no. of polygons in the design is 4993
2026-03-16 18:08:34 +0100: Memory Usage (454880K) : Loaded TECH DRC rules values from /foss/pdks/ihp-sg13g2/libs.tech/klayout/python/sg13g2_pycell_lib/sg13g2_tech_mod.json
2026-03-16 18:08:34 +0100: Memory Usage (454880K) : Loaded default DRC rules values from /foss/pdks/ihp-sg13g2/libs.tech/klayout/tech/drc/rule_decks/sg13g2_tech_default.json
2026-03-16 18:08:34 +0100: Memory Usage (454880K) : The following rules values were missing in tech json and default values were used:
2026-03-16 18:08:34 +0100: Memory Usage (454880K) :   - Cnt_c_digibnd
2026-03-16 18:08:34 +0100: Memory Usage (455904K) : Total area of the design is 131620.2048 um^2.
2026-03-16 18:08:34 +0100: Memory Usage (455904K) : The design dimensions are 419.52 µm * 313.74 µm.
2026-03-16 18:08:34 +0100: Memory Usage (455904K) : Starting general IHP-SG13G2 derivations.
2026-03-16 18:08:34 +0100: Memory Usage (455904K) : Starting Pwell derivations
2026-03-16 18:08:34 +0100: Memory Usage (457440K) : Starting n-Activ derivations
2026-03-16 18:08:34 +0100: Memory Usage (457952K) : Starting p-Activ derivations
2026-03-16 18:08:34 +0100: Memory Usage (457952K) : Starting ptap derivations
2026-03-16 18:08:34 +0100: Memory Usage (457952K) : Starting ntap derivations
2026-03-16 18:08:34 +0100: Memory Usage (457952K) : Starting pact FET derivations
2026-03-16 18:08:34 +0100: Memory Usage (458208K) : Starting nact FET derivations
2026-03-16 18:08:34 +0100: Memory Usage (458208K) : Starting Gate derivations
2026-03-16 18:08:34 +0100: Memory Usage (458208K) : Starting cont/contbar general derivations
2026-03-16 18:08:34 +0100: Memory Usage (458976K) : Starting pad general derivations
2026-03-16 18:08:34 +0100: Memory Usage (458976K) : Starting IHP-SG13G2 DRC connectivity related derivations.
2026-03-16 18:08:34 +0100: Memory Usage (459744K) : Starting IHP-SG13G2 DRC connectivity setup
2026-03-16 18:08:34 +0100: Memory Usage (460768K) : Starting IHP-SG13G2 DRC rules.
2026-03-16 18:08:34 +0100: Memory Usage (460768K) : Running all FEOL rules
2026-03-16 18:08:34 +0100: Memory Usage (460768K) : Running all BEOL rules
2026-03-16 18:08:34 +0100: Memory Usage (460768K) : Running all PIN rules
2026-03-16 18:08:34 +0100: Memory Usage (460768K) : Running all FORBIDDEN rules
2026-03-16 18:08:34 +0100: Memory Usage (460768K) : Starting 5.1 NWell table
2026-03-16 18:08:34 +0100: Memory Usage (460768K) : Executing rule NW.b
2026-03-16 18:08:34 +0100: Memory Usage (461536K) : Executing rule NW.b1
2026-03-16 18:08:34 +0100: Memory Usage (461536K) : Starting 5.2 PWell:block
2026-03-16 18:08:34 +0100: Memory Usage (461536K) : Executing rule PWB.e
2026-03-16 18:08:34 +0100: Memory Usage (461536K) : Executing rule PWB.e1
2026-03-16 18:08:34 +0100: Memory Usage (461792K) : Executing rule PWB.f
2026-03-16 18:08:34 +0100: Memory Usage (461792K) : Executing rule PWB.f1
2026-03-16 18:08:34 +0100: Memory Usage (462304K) : Starting 5.3 nBuLay table
2026-03-16 18:08:34 +0100: Memory Usage (462560K) : Executing rule NBL.b
2026-03-16 18:08:34 +0100: Memory Usage (462560K) : Executing rule NBL.c
2026-03-16 18:08:34 +0100: Memory Usage (462560K) : Executing rule NBL.d
2026-03-16 18:08:34 +0100: Memory Usage (462560K) : Executing rule NBL.e
2026-03-16 18:08:34 +0100: Memory Usage (462560K) : Executing rule NBL.f
2026-03-16 18:08:34 +0100: Memory Usage (462560K) : Starting 5.5. Activ table
2026-03-16 18:08:34 +0100: Memory Usage (462560K) : Executing rule Act.a
2026-03-16 18:08:34 +0100: Memory Usage (462560K) : Executing rule Act.b
2026-03-16 18:08:34 +0100: Memory Usage (462560K) : Starting 5.6 Activ:filler table
2026-03-16 18:08:34 +0100: Memory Usage (462560K) : Executing rule AFil.c1
2026-03-16 18:08:34 +0100: Memory Usage (462560K) : Executing rule AFil.c
2026-03-16 18:08:34 +0100: Memory Usage (462560K) : Executing rule AFil.d
2026-03-16 18:08:34 +0100: Memory Usage (462560K) : Executing rule AFil.e
2026-03-16 18:08:34 +0100: Memory Usage (462560K) : Executing rule AFil.j
2026-03-16 18:08:34 +0100: Memory Usage (462560K) : Starting 5.7. ThickGateOx table
2026-03-16 18:08:34 +0100: Memory Usage (462560K) : Executing rule TGO.f
2026-03-16 18:08:34 +0100: Memory Usage (462560K) : Starting 5.8. GatPoly table
2026-03-16 18:08:34 +0100: Memory Usage (462560K) : Executing rule Gat.a
2026-03-16 18:08:34 +0100: Memory Usage (462560K) : Executing rule Gat.b
2026-03-16 18:08:34 +0100: Memory Usage (462560K) : Executing rule Gat.d
2026-03-16 18:08:34 +0100: Memory Usage (462560K) : Executing rule Gat.a1
2026-03-16 18:08:34 +0100: Memory Usage (463072K) : Executing rule Gat.a2
2026-03-16 18:08:34 +0100: Memory Usage (463072K) : Executing rule Gat.g
2026-03-16 18:08:34 +0100: Memory Usage (463072K) : Starting 5.9 GatPoly:filler
2026-03-16 18:08:34 +0100: Memory Usage (463072K) : Executing rule GFil.d
2026-03-16 18:08:34 +0100: Memory Usage (463072K) : Executing rule GFil.e
2026-03-16 18:08:34 +0100: Memory Usage (463072K) : Executing rule GFil.i
2026-03-16 18:08:34 +0100: Memory Usage (463072K) : Starting 5.10 pSD table
2026-03-16 18:08:34 +0100: Memory Usage (463072K) : Executing rule pSD.c1
2026-03-16 18:08:34 +0100: Memory Usage (463072K) : Starting 5.14. Cont table
2026-03-16 18:08:34 +0100: Memory Usage (463072K) : Executing rule Cnt.a
2026-03-16 18:08:34 +0100: Memory Usage (463328K) : Executing rule Cnt.b
2026-03-16 18:08:34 +0100: Memory Usage (463328K) : Executing rule Cnt.c
2026-03-16 18:08:34 +0100: Memory Usage (463328K) : Executing rule Cnt.c
2026-03-16 18:08:34 +0100: Memory Usage (463328K) : Executing rule Cnt.d
2026-03-16 18:08:34 +0100: Memory Usage (463328K) : Executing rule Cnt.e
2026-03-16 18:08:34 +0100: Memory Usage (463328K) : Executing rule Cnt.g1
2026-03-16 18:08:34 +0100: Memory Usage (463328K) : Executing rule Cnt.g2
2026-03-16 18:08:34 +0100: Memory Usage (463328K) : Starting 5.15. ContBar table
2026-03-16 18:08:34 +0100: Memory Usage (463328K) : Executing rule CntB.b1
2026-03-16 18:08:34 +0100: Memory Usage (463328K) : Executing rule CntB.h1
2026-03-16 18:08:34 +0100: Memory Usage (463328K) : Starting 6.1.3 NPN Substrate-Tie table
2026-03-16 18:08:34 +0100: Memory Usage (463328K) : Executing rule npn13G2.bR 
2026-03-16 18:08:34 +0100: Memory Usage (463328K) : Executing rule npn13G2L.cR 
2026-03-16 18:08:34 +0100: Memory Usage (463328K) : Executing rule npn13G2V.cR 
2026-03-16 18:08:34 +0100: Memory Usage (463328K) : Starting 6.7 Schottky diode table
2026-03-16 18:08:34 +0100: Memory Usage (463328K) : Executing rule Sdiod.d
2026-03-16 18:08:34 +0100: Memory Usage (463328K) : Executing rule Sdiod.e
2026-03-16 18:08:34 +0100: Memory Usage (463328K) : Starting 7.2 Latch-up table
2026-03-16 18:08:34 +0100: Memory Usage (463328K) : Executing rule LU.b
2026-03-16 18:08:34 +0100: Memory Usage (463328K) : Starting 5.16. Metal1 table
2026-03-16 18:08:34 +0100: Memory Usage (463328K) : Executing rule M1.a
2026-03-16 18:08:34 +0100: Memory Usage (463328K) : Executing rule M1.b
2026-03-16 18:08:34 +0100: Memory Usage (463328K) : Executing rule M1.e
2026-03-16 18:08:34 +0100: Memory Usage (463328K) : Executing rule M1.f
2026-03-16 18:08:34 +0100: Memory Usage (463328K) : Executing rule M1.g
2026-03-16 18:08:34 +0100: Memory Usage (463328K) : Executing rule M1.i
2026-03-16 18:08:34 +0100: Memory Usage (463584K) : Starting 5.17 Metaln table
2026-03-16 18:08:34 +0100: Memory Usage (463584K) : Executing rule M2.a
2026-03-16 18:08:34 +0100: Memory Usage (463584K) : Executing rule M2.b
2026-03-16 18:08:34 +0100: Memory Usage (463840K) : Executing rule M2.e
2026-03-16 18:08:34 +0100: Memory Usage (464096K) : Executing rule M2.f
2026-03-16 18:08:34 +0100: Memory Usage (464352K) : Executing rule M2.g
2026-03-16 18:08:34 +0100: Memory Usage (464608K) : Executing rule M2.i
2026-03-16 18:08:34 +0100: Memory Usage (464864K) : Executing rule M3.a
2026-03-16 18:08:34 +0100: Memory Usage (465120K) : Executing rule M3.b
2026-03-16 18:08:34 +0100: Memory Usage (465120K) : Executing rule M3.e
2026-03-16 18:08:34 +0100: Memory Usage (465376K) : Executing rule M3.f
2026-03-16 18:08:34 +0100: Memory Usage (465632K) : Executing rule M3.g
2026-03-16 18:08:34 +0100: Memory Usage (465888K) : Executing rule M3.i
2026-03-16 18:08:34 +0100: Memory Usage (466400K) : Executing rule M4.a
2026-03-16 18:08:34 +0100: Memory Usage (466400K) : Executing rule M4.b
2026-03-16 18:08:34 +0100: Memory Usage (466656K) : Executing rule M4.e
2026-03-16 18:08:34 +0100: Memory Usage (466912K) : Executing rule M4.f
2026-03-16 18:08:34 +0100: Memory Usage (467168K) : Executing rule M4.g
2026-03-16 18:08:34 +0100: Memory Usage (467424K) : Executing rule M4.i
2026-03-16 18:08:34 +0100: Memory Usage (467680K) : Executing rule M5.a
2026-03-16 18:08:34 +0100: Memory Usage (467936K) : Executing rule M5.b
2026-03-16 18:08:34 +0100: Memory Usage (468192K) : Executing rule M5.e
2026-03-16 18:08:34 +0100: Memory Usage (468448K) : Executing rule M5.f
2026-03-16 18:08:34 +0100: Memory Usage (468704K) : Executing rule M5.g
2026-03-16 18:08:34 +0100: Memory Usage (468960K) : Executing rule M5.i
2026-03-16 18:08:34 +0100: Memory Usage (469216K) : Starting 5.18 Metaln:filler table
2026-03-16 18:08:34 +0100: Memory Usage (469216K) : Executing rule M1Fil.c
2026-03-16 18:08:34 +0100: Memory Usage (469472K) : Executing rule M1Fil.a2
2026-03-16 18:08:34 +0100: Memory Usage (469728K) : Executing rule M2Fil.c
2026-03-16 18:08:34 +0100: Memory Usage (469728K) : Executing rule M2Fil.a2
2026-03-16 18:08:34 +0100: Memory Usage (469728K) : Executing rule M3Fil.c
2026-03-16 18:08:34 +0100: Memory Usage (469728K) : Executing rule M3Fil.a2
2026-03-16 18:08:34 +0100: Memory Usage (469728K) : Executing rule M4Fil.c
2026-03-16 18:08:34 +0100: Memory Usage (469728K) : Executing rule M4Fil.a2
2026-03-16 18:08:34 +0100: Memory Usage (469728K) : Executing rule M5Fil.c
2026-03-16 18:08:34 +0100: Memory Usage (469728K) : Executing rule M5Fil.a2
2026-03-16 18:08:34 +0100: Memory Usage (469728K) : Starting 5.19. Via1 table
2026-03-16 18:08:34 +0100: Memory Usage (469728K) : Starting 5.19. Via1 table derivations
2026-03-16 18:08:34 +0100: Memory Usage (469728K) : Executing rule V1.a
2026-03-16 18:08:34 +0100: Memory Usage (469728K) : Executing rule V1.b
2026-03-16 18:08:34 +0100: Memory Usage (469728K) : Executing rule V1.c
2026-03-16 18:08:34 +0100: Memory Usage (469728K) : Starting 5.20. Vian table
2026-03-16 18:08:34 +0100: Memory Usage (469728K) : Executing rule V2.a
2026-03-16 18:08:34 +0100: Memory Usage (469728K) : Executing rule V2.b
2026-03-16 18:08:34 +0100: Memory Usage (469728K) : Executing rule V2.c
2026-03-16 18:08:34 +0100: Memory Usage (469728K) : Executing rule V3.a
2026-03-16 18:08:34 +0100: Memory Usage (469728K) : Executing rule V3.b
2026-03-16 18:08:34 +0100: Memory Usage (469728K) : Executing rule V3.c
2026-03-16 18:08:34 +0100: Memory Usage (469728K) : Executing rule V4.a
2026-03-16 18:08:34 +0100: Memory Usage (469728K) : Executing rule V4.b
2026-03-16 18:08:34 +0100: Memory Usage (469728K) : Executing rule V4.c
2026-03-16 18:08:34 +0100: Memory Usage (469728K) : Starting 5.21. TopVia1 table
2026-03-16 18:08:34 +0100: Memory Usage (469728K) : Executing rule TV1.a
2026-03-16 18:08:34 +0100: Memory Usage (469728K) : Executing rule TV1.b
2026-03-16 18:08:34 +0100: Memory Usage (469728K) : Executing rule TV1.c
2026-03-16 18:08:34 +0100: Memory Usage (469728K) : Executing rule TV1.d
2026-03-16 18:08:34 +0100: Memory Usage (469728K) : Starting 5.22. TopMetal1 table
2026-03-16 18:08:34 +0100: Memory Usage (469728K) : Executing rule TM1.a
2026-03-16 18:08:34 +0100: Memory Usage (469728K) : Executing rule TM1.b
2026-03-16 18:08:34 +0100: Memory Usage (469728K) : Starting 5.23 TopMetal1:filler table
2026-03-16 18:08:34 +0100: Memory Usage (469728K) : Executing rule TM1Fil.c
2026-03-16 18:08:34 +0100: Memory Usage (469728K) : Executing rule TM1Fil.a1
2026-03-16 18:08:34 +0100: Memory Usage (469728K) : Starting 5.24. TopVia2 table
2026-03-16 18:08:34 +0100: Memory Usage (469728K) : Executing rule TV2.a
2026-03-16 18:08:34 +0100: Memory Usage (469728K) : Executing rule TV2.b
2026-03-16 18:08:34 +0100: Memory Usage (469728K) : Executing rule TV2.c
2026-03-16 18:08:34 +0100: Memory Usage (469728K) : Executing rule TV2.d
2026-03-16 18:08:34 +0100: Memory Usage (469728K) : Starting 5.25. TopMetal2 table
2026-03-16 18:08:34 +0100: Memory Usage (469728K) : Executing rule TM2.a
2026-03-16 18:08:34 +0100: Memory Usage (469728K) : Executing rule TM2.b
2026-03-16 18:08:34 +0100: Memory Usage (469728K) : Executing rule TM2.bR
2026-03-16 18:08:34 +0100: Memory Usage (469728K) : Starting 5.26 TopMetal2:filler table
2026-03-16 18:08:34 +0100: Memory Usage (469728K) : Executing rule TM2Fil.c
2026-03-16 18:08:34 +0100: Memory Usage (469728K) : Executing rule TM2Fil.a1
2026-03-16 18:08:34 +0100: Memory Usage (469728K) : Starting 5.27. Passiv table
2026-03-16 18:08:34 +0100: Memory Usage (469728K) : Executing rule Pas.a
2026-03-16 18:08:34 +0100: Memory Usage (469728K) : Executing rule Pas.b
2026-03-16 18:08:34 +0100: Memory Usage (469728K) : Executing rule Pas.c
2026-03-16 18:08:34 +0100: Memory Usage (469728K) : Starting 6.9.2 Copper Pillar table
2026-03-16 18:08:34 +0100: Memory Usage (469728K) : Executing rule Padc.a
2026-03-16 18:08:34 +0100: Memory Usage (469728K) : Executing rule Padc.b
2026-03-16 18:08:34 +0100: Memory Usage (469728K) : Executing rule Padc.c
2026-03-16 18:08:34 +0100: Memory Usage (469728K) : Executing rule Padb.f
2026-03-16 18:08:34 +0100: Memory Usage (469728K) : Starting 6.9 Pad table
2026-03-16 18:08:34 +0100: Memory Usage (469728K) : Executing rule Pad.m
2026-03-16 18:08:34 +0100: Memory Usage (469728K) : Executing rule Pad.fR_M1
2026-03-16 18:08:34 +0100: Memory Usage (469728K) : Executing rule Pad.fR_M2
2026-03-16 18:08:34 +0100: Memory Usage (469728K) : Executing rule Pad.fR_M3
2026-03-16 18:08:34 +0100: Memory Usage (469728K) : Executing rule Pad.fR_M4
2026-03-16 18:08:34 +0100: Memory Usage (469728K) : Executing rule Pad.fR_M5
2026-03-16 18:08:34 +0100: Memory Usage (469728K) : Executing rule Pad.fR_TM1
2026-03-16 18:08:34 +0100: Memory Usage (469728K) : Executing rule Pad.fR_TM2
2026-03-16 18:08:34 +0100: Memory Usage (469728K) : Executing rule Pad.i
2026-03-16 18:08:34 +0100: Memory Usage (469728K) : Starting 6.9.1 Solder Bump
2026-03-16 18:08:34 +0100: Memory Usage (469728K) : Executing rule Padb.a
2026-03-16 18:08:34 +0100: Memory Usage (469728K) : Executing rule Padb.b
2026-03-16 18:08:34 +0100: Memory Usage (469728K) : Executing rule Padb.c
2026-03-16 18:08:34 +0100: Memory Usage (469728K) : Executing rule Padb.f
2026-03-16 18:08:34 +0100: Memory Usage (469728K) : Executing rule Padb.d
2026-03-16 18:08:34 +0100: Memory Usage (469728K) : Starting 6.10 Sealring table
2026-03-16 18:08:34 +0100: Memory Usage (469728K) : Executing rule Seal.l
2026-03-16 18:08:34 +0100: Memory Usage (469728K) : Executing rule Seal.n
2026-03-16 18:08:34 +0100: Memory Usage (469728K) : Executing rule seal.b_metal1
2026-03-16 18:08:34 +0100: Memory Usage (469728K) : Executing rule seal.b_metal2
2026-03-16 18:08:34 +0100: Memory Usage (469728K) : Executing rule seal.b_metal3
2026-03-16 18:08:34 +0100: Memory Usage (469728K) : Executing rule seal.b_metal4
2026-03-16 18:08:34 +0100: Memory Usage (469728K) : Executing rule seal.b_metal5
2026-03-16 18:08:34 +0100: Memory Usage (469728K) : Executing rule seal.b_topmetal1
2026-03-16 18:08:34 +0100: Memory Usage (469728K) : Executing rule seal.b_topmetal2
2026-03-16 18:08:34 +0100: Memory Usage (469728K) : Executing rule seal.b_activ
2026-03-16 18:08:34 +0100: Memory Usage (469728K) : Executing rule seal.b_psd
2026-03-16 18:08:34 +0100: Memory Usage (469728K) : Executing rule Seal.k
2026-03-16 18:08:34 +0100: Memory Usage (469728K) : Executing rule Seal.m
2026-03-16 18:08:34 +0100: Memory Usage (469728K) : Starting 6.11 MIM table
2026-03-16 18:08:34 +0100: Memory Usage (469728K) : Executing rule MIM.c
2026-03-16 18:08:34 +0100: Memory Usage (469728K) : Executing rule MIM.d
2026-03-16 18:08:34 +0100: Memory Usage (469728K) : Executing rule MIM.gR
2026-03-16 18:08:34 +0100: Memory Usage (469728K) : Starting 7.3 Metal Slits table
2026-03-16 18:08:34 +0100: Memory Usage (469728K) : Executing rule Slt.e1_M1
2026-03-16 18:08:34 +0100: Memory Usage (469728K) : Executing rule Slt.e1_M2
2026-03-16 18:08:34 +0100: Memory Usage (469728K) : Executing rule Slt.e1_M3
2026-03-16 18:08:34 +0100: Memory Usage (469728K) : Executing rule Slt.e1_M4
2026-03-16 18:08:34 +0100: Memory Usage (469728K) : Executing rule Slt.e1_M5
2026-03-16 18:08:34 +0100: Memory Usage (469728K) : Executing rule Slt.e1_TM1
2026-03-16 18:08:34 +0100: Memory Usage (469728K) : Executing rule Slt.e1_TM2
2026-03-16 18:08:34 +0100: Memory Usage (469728K) : Starting 9.1. LBE table
2026-03-16 18:08:34 +0100: Memory Usage (469728K) : Executing rule LBE.a
2026-03-16 18:08:34 +0100: Memory Usage (469728K) : Executing rule LBE.b
2026-03-16 18:08:34 +0100: Memory Usage (469728K) : Executing rule LBE.b1
2026-03-16 18:08:34 +0100: Memory Usage (469728K) : Executing rule LBE.c
2026-03-16 18:08:34 +0100: Memory Usage (469728K) : Executing rule LBE.d
2026-03-16 18:08:34 +0100: Memory Usage (469728K) : Executing rule LBE.h
2026-03-16 18:08:34 +0100: Memory Usage (469728K) : Starting 7.4. PIN table
2026-03-16 18:08:34 +0100: Memory Usage (469728K) : Executing rule Pin.a
2026-03-16 18:08:34 +0100: Memory Usage (469728K) : Executing rule Pin.b
2026-03-16 18:08:34 +0100: Memory Usage (469728K) : Executing rule Pin.e
2026-03-16 18:08:34 +0100: Memory Usage (469728K) : Executing rule Pin.f_M2
2026-03-16 18:08:34 +0100: Memory Usage (469728K) : Executing rule Pin.f_M3
2026-03-16 18:08:34 +0100: Memory Usage (469728K) : Executing rule Pin.f_M4
2026-03-16 18:08:34 +0100: Memory Usage (469728K) : Executing rule Pin.f_M5
2026-03-16 18:08:34 +0100: Memory Usage (469728K) : Executing rule Pin.g
2026-03-16 18:08:34 +0100: Memory Usage (469728K) : Executing rule Pin.h
2026-03-16 18:08:34 +0100: Memory Usage (469728K) : Starting 3.2. FORBIDDEN table
2026-03-16 18:08:34 +0100: Memory Usage (469728K) : Executing rule forbidden.biwind
2026-03-16 18:08:34 +0100: Memory Usage (469728K) : Executing rule forbidden.pemwind
2026-03-16 18:08:34 +0100: Memory Usage (469728K) : Executing rule forbidden.baspoly
2026-03-16 18:08:34 +0100: Memory Usage (469728K) : Executing rule forbidden.deepco
2026-03-16 18:08:34 +0100: Memory Usage (469728K) : Executing rule forbidden.pempoly
2026-03-16 18:08:34 +0100: Memory Usage (469728K) : Executing rule forbidden.empoly
2026-03-16 18:08:34 +0100: Memory Usage (469728K) : Executing rule forbidden.ldmos
2026-03-16 18:08:34 +0100: Memory Usage (469728K) : Executing rule forbidden.pbiwind
2026-03-16 18:08:34 +0100: Memory Usage (469728K) : Executing rule forbidden.nodrc
2026-03-16 18:08:34 +0100: Memory Usage (469728K) : Executing rule forbidden.flash
2026-03-16 18:08:34 +0100: Memory Usage (469728K) : Executing rule forbidden.colwind
2026-03-16 18:08:34 +0100: Memory Usage (469728K) : KLayout DRC run for tables 'main' completed in 0.65 seconds
